<?xml version="1.0" encoding="utf-8"?>
<TestRun id="1ab4f1ae-8838-41dd-b10b-4d0f5a967ce6" name="@0fc890f1414e 2025-09-27 18:51:20" xmlns="http://microsoft.com/schemas/VisualStudio/TeamTest/2010">
  <Times creation="2025-09-27T18:51:20.0255474+00:00" queuing="2025-09-27T18:51:20.0255474+00:00" start="2025-09-27T18:51:18.2577770+00:00" finish="2025-09-27T18:51:22.9018173+00:00" />
  <TestSettings name="default" id="464edf16-6d93-4bed-91e0-b0390d0ccb60">
    <Deployment runDeploymentRoot="_0fc890f1414e_2025-09-27_18_51_20" />
  </TestSettings>
  <Results>
    <UnitTestResult executionId="1f5b3689-9df2-4624-a059-8c6906545f80" testId="55c7a3e5-1f51-623b-af41-92add2b6ff9b" testName="UnitTestsBiblioMate.Services.Loans.ReservationServiceTest.DeleteAsync_ShouldReturnFalse_WhenNotExists" computerName="0fc890f1414e" duration="00:00:00.0058852" startTime="2025-09-27T18:51:20.7940029+00:00" endTime="2025-09-27T18:51:20.7940030+00:00" testType="13cdc9d9-ddb5-4fa4-a97d-d965ccfc6d4b" outcome="Passed" testListId="8c84fa94-04c1-424b-9868-57a2d4851a1d" relativeResultsDirectory="1f5b3689-9df2-4624-a059-8c6906545f80" />
    <UnitTestResult executionId="4acee2af-f79c-4918-b508-aae653aa7372" testId="f4d0ebdb-56cb-84c8-1a9f-53cf588610e1" testName="UnitTestsBiblioMate.Helpers.TokenHelperTests.TryGetUserId_NullPrincipal_Throws" computerName="0fc890f1414e" duration="00:00:00.0001294" startTime="2025-09-27T18:51:20.1305550+00:00" endTime="2025-09-27T18:51:20.1305550+00:00" testType="13cdc9d9-ddb5-4fa4-a97d-d965ccfc6d4b" outcome="Passed" testListId="8c84fa94-04c1-424b-9868-57a2d4851a1d" relativeResultsDirectory="4acee2af-f79c-4918-b508-aae653aa7372" />
    <UnitTestResult executionId="2faa0bb2-3192-44ca-be3a-945e1d84ccf2" testId="fda2b82f-a89c-5b6f-e3c0-4a742ec8ca83" testName="UnitTestsBiblioMate.Controllers.EditorsControllerTest.SearchEditors_ShouldReturnOkWithResults" computerName="0fc890f1414e" duration="00:00:00.0024255" startTime="2025-09-27T18:51:20.0270667+00:00" endTime="2025-09-27T18:51:20.0270668+00:00" testType="13cdc9d9-ddb5-4fa4-a97d-d965ccfc6d4b" outcome="Passed" testListId="8c84fa94-04c1-424b-9868-57a2d4851a1d" relativeResultsDirectory="2faa0bb2-3192-44ca-be3a-945e1d84ccf2" />
    <UnitTestResult executionId="3f4849c9-2aa7-4039-9b3f-d6bbab288b58" testId="6e65aad1-c30c-7e02-9dc8-9e26f745388c" testName="UnitTestsBiblioMate.Controllers.EditorsControllerTest.GetEditors_ShouldReturnOkWithEditors" computerName="0fc890f1414e" duration="00:00:00.0022085" startTime="2025-09-27T18:51:20.0344247+00:00" endTime="2025-09-27T18:51:20.0344248+00:00" testType="13cdc9d9-ddb5-4fa4-a97d-d965ccfc6d4b" outcome="Passed" testListId="8c84fa94-04c1-424b-9868-57a2d4851a1d" relativeResultsDirectory="3f4849c9-2aa7-4039-9b3f-d6bbab288b58" />
    <UnitTestResult executionId="bd794b40-044a-4b9d-a0de-1e7f604b9a58" testId="dfab44d7-5fee-7a8b-a351-768e20dad56a" testName="UnitTestsBiblioMate.Services.Catalog.LocationServiceTest.GetFloorsAsync_ReturnsDistinctSortedFloors" computerName="0fc890f1414e" duration="00:00:00.0119347" startTime="2025-09-27T18:51:20.8084333+00:00" endTime="2025-09-27T18:51:20.8084334+00:00" testType="13cdc9d9-ddb5-4fa4-a97d-d965ccfc6d4b" outcome="Passed" testListId="8c84fa94-04c1-424b-9868-57a2d4851a1d" relativeResultsDirectory="bd794b40-044a-4b9d-a0de-1e7f604b9a58" />
    <UnitTestResult executionId="58efff76-6240-48a8-bebf-48d3c5e6cc67" testId="665b2538-f512-7223-e24a-e5a6f2ab9bd1" testName="UnitTestsBiblioMate.Services.Loans.LoanServiceTests.GetAllAsync_ShouldReturnAllLoans" computerName="0fc890f1414e" duration="00:00:00.0043105" startTime="2025-09-27T18:51:21.0607573+00:00" endTime="2025-09-27T18:51:21.0607574+00:00" testType="13cdc9d9-ddb5-4fa4-a97d-d965ccfc6d4b" outcome="Passed" testListId="8c84fa94-04c1-424b-9868-57a2d4851a1d" relativeResultsDirectory="58efff76-6240-48a8-bebf-48d3c5e6cc67" />
    <UnitTestResult executionId="f4143b0f-bd6f-4449-86d1-5828965b4eaf" testId="4cd59f32-f665-3967-3d2b-5ec65c03cc78" testName="UnitTestsBiblioMate.Middlewares.ExceptionHandlingMiddlewareTests.InvokeAsync_ValidationException_Produces400Json" computerName="0fc890f1414e" duration="00:00:00.0014716" startTime="2025-09-27T18:51:21.0316665+00:00" endTime="2025-09-27T18:51:21.0316666+00:00" testType="13cdc9d9-ddb5-4fa4-a97d-d965ccfc6d4b" outcome="Passed" testListId="8c84fa94-04c1-424b-9868-57a2d4851a1d" relativeResultsDirectory="f4143b0f-bd6f-4449-86d1-5828965b4eaf" />
    <UnitTestResult executionId="441d1d44-17e8-4003-9f71-f6c9095b1829" testId="a4f2787b-79d9-dedb-1a43-6acdb53bb197" testName="UnitTestsBiblioMate.Services.Catalog.StockServiceTest.AdjustQuantity_ShouldChangeQuantityAndReflectAvailability(initialQty: 5, adjustment: 3, expectedQty: 8, expectedAvailable: True)" computerName="0fc890f1414e" duration="00:00:00.0001878" startTime="2025-09-27T18:51:20.7183105+00:00" endTime="2025-09-27T18:51:20.7183105+00:00" testType="13cdc9d9-ddb5-4fa4-a97d-d965ccfc6d4b" outcome="Passed" testListId="8c84fa94-04c1-424b-9868-57a2d4851a1d" relativeResultsDirectory="441d1d44-17e8-4003-9f71-f6c9095b1829" />
    <UnitTestResult executionId="6f2e758f-bede-4f0a-b3f9-632d5bac4ef4" testId="8f96e113-5807-df8e-7328-2aa0ccfcc9cc" testName="UnitTestsBiblioMate.Controllers.TagsControllerTest.Ensure_AlreadyExists_ReturnsOk" computerName="0fc890f1414e" duration="00:00:00.0013085" startTime="2025-09-27T18:51:20.0251845+00:00" endTime="2025-09-27T18:51:20.0251845+00:00" testType="13cdc9d9-ddb5-4fa4-a97d-d965ccfc6d4b" outcome="Passed" testListId="8c84fa94-04c1-424b-9868-57a2d4851a1d" relativeResultsDirectory="6f2e758f-bede-4f0a-b3f9-632d5bac4ef4" />
    <UnitTestResult executionId="1af1fad0-934e-4b3c-9288-07f64441c15d" testId="30906e2c-be75-76d5-66fd-787a454695df" testName="UnitTestsBiblioMate.Services.Reports.ReportServiceTest.DeleteAsync_ShouldReturnFalse_WhenNotExists" computerName="0fc890f1414e" duration="00:00:00.6046231" startTime="2025-09-27T18:51:20.6941074+00:00" endTime="2025-09-27T18:51:20.6941074+00:00" testType="13cdc9d9-ddb5-4fa4-a97d-d965ccfc6d4b" outcome="Passed" testListId="8c84fa94-04c1-424b-9868-57a2d4851a1d" relativeResultsDirectory="1af1fad0-934e-4b3c-9288-07f64441c15d" />
    <UnitTestResult executionId="e3666235-99ff-45a2-8b90-04af18fec8dd" testId="1c6dfb33-eb78-60c6-1655-63611c345bb4" testName="UnitTestsBiblioMate.Helpers.PagedResultTests.Create_NegativeTotalCount_Throws" computerName="0fc890f1414e" duration="00:00:00.0001685" startTime="2025-09-27T18:51:20.1296148+00:00" endTime="2025-09-27T18:51:20.1296148+00:00" testType="13cdc9d9-ddb5-4fa4-a97d-d965ccfc6d4b" outcome="Passed" testListId="8c84fa94-04c1-424b-9868-57a2d4851a1d" relativeResultsDirectory="e3666235-99ff-45a2-8b90-04af18fec8dd" />
    <UnitTestResult executionId="92c39d61-04d7-4e83-bdd9-ca1b08e917fc" testId="860ce2f8-eb95-cef3-001f-f9f4126887a3" testName="UnitTestsBiblioMate.Controllers.ReportsControllerTest.CreateReport_ReturnsCreated" computerName="0fc890f1414e" duration="00:00:00.0117023" startTime="2025-09-27T18:51:20.9119343+00:00" endTime="2025-09-27T18:51:20.9119344+00:00" testType="13cdc9d9-ddb5-4fa4-a97d-d965ccfc6d4b" outcome="Passed" testListId="8c84fa94-04c1-424b-9868-57a2d4851a1d" relativeResultsDirectory="92c39d61-04d7-4e83-bdd9-ca1b08e917fc" />
    <UnitTestResult executionId="2ed47ca0-4f6e-48a2-aa6c-9bb67508c878" testId="689e7c7f-9884-6be4-7611-d14dac08646e" testName="UnitTestsBiblioMate.Controllers.AuthsControllerTest.Register_ShouldReturnBadRequestOnFailure" computerName="0fc890f1414e" duration="00:00:00.0027657" startTime="2025-09-27T18:51:20.9902428+00:00" endTime="2025-09-27T18:51:20.9902429+00:00" testType="13cdc9d9-ddb5-4fa4-a97d-d965ccfc6d4b" outcome="Passed" testListId="8c84fa94-04c1-424b-9868-57a2d4851a1d" relativeResultsDirectory="2ed47ca0-4f6e-48a2-aa6c-9bb67508c878" />
    <UnitTestResult executionId="2befbc9c-1534-4a27-9df6-5043536e227e" testId="bc927ed2-34ec-8ffe-3a85-e76d86ae5062" testName="UnitTestsBiblioMate.Controllers.AuthorsControllerTest.GetAuthors_ShouldReturnOkWithAuthors" computerName="0fc890f1414e" duration="00:00:00.0078622" startTime="2025-09-27T18:51:20.0206047+00:00" endTime="2025-09-27T18:51:20.0206047+00:00" testType="13cdc9d9-ddb5-4fa4-a97d-d965ccfc6d4b" outcome="Passed" testListId="8c84fa94-04c1-424b-9868-57a2d4851a1d" relativeResultsDirectory="2befbc9c-1534-4a27-9df6-5043536e227e" />
    <UnitTestResult executionId="e30364e9-df6a-42b9-be76-2f3fa16f4602" testId="28fc8ccc-11bf-2b8c-2c13-b92e1c105021" testName="UnitTestsBiblioMate.Services.Reports.ReportServiceTest.GetAllAsync_ShouldReturnAllReports" computerName="0fc890f1414e" duration="00:00:00.0306642" startTime="2025-09-27T18:51:20.9488872+00:00" endTime="2025-09-27T18:51:20.9488872+00:00" testType="13cdc9d9-ddb5-4fa4-a97d-d965ccfc6d4b" outcome="Passed" testListId="8c84fa94-04c1-424b-9868-57a2d4851a1d" relativeResultsDirectory="e30364e9-df6a-42b9-be76-2f3fa16f4602" />
    <UnitTestResult executionId="f49d0bbc-e9f7-451d-b0d5-7f0e20c62173" testId="d1d9dc3d-a6fc-954a-809b-66f4774e8450" testName="UnitTestsBiblioMate.Services.Catalog.ShelfServiceTests.GetByIdAsync_ShouldReturnNull_WhenNotExists" computerName="0fc890f1414e" duration="00:00:00.0026651" startTime="2025-09-27T18:51:20.7653124+00:00" endTime="2025-09-27T18:51:20.7653125+00:00" testType="13cdc9d9-ddb5-4fa4-a97d-d965ccfc6d4b" outcome="Passed" testListId="8c84fa94-04c1-424b-9868-57a2d4851a1d" relativeResultsDirectory="f49d0bbc-e9f7-451d-b0d5-7f0e20c62173" />
    <UnitTestResult executionId="b4db90ce-4ad1-458f-a9e8-8ba9c429008f" testId="08724b36-dd09-5fae-89c4-915819f7d78a" testName="UnitTestsBiblioMate.Controllers.ReservationsControllerTest.GetReservation_Admin_ReturnsOk" computerName="0fc890f1414e" duration="00:00:00.0035241" startTime="2025-09-27T18:51:20.0180990+00:00" endTime="2025-09-27T18:51:20.0180991+00:00" testType="13cdc9d9-ddb5-4fa4-a97d-d965ccfc6d4b" outcome="Passed" testListId="8c84fa94-04c1-424b-9868-57a2d4851a1d" relativeResultsDirectory="b4db90ce-4ad1-458f-a9e8-8ba9c429008f" />
    <UnitTestResult executionId="147f9f35-c5e4-40e9-b30b-ecebaf4322f9" testId="2770969b-ddb0-5265-6269-f79cea634ef2" testName="UnitTestsBiblioMate.Controllers.ShelvesControllerTest.DeleteShelf_NotFound_Returns404" computerName="0fc890f1414e" duration="00:00:00.0014536" startTime="2025-09-27T18:51:20.8329879+00:00" endTime="2025-09-27T18:51:20.8329880+00:00" testType="13cdc9d9-ddb5-4fa4-a97d-d965ccfc6d4b" outcome="Passed" testListId="8c84fa94-04c1-424b-9868-57a2d4851a1d" relativeResultsDirectory="147f9f35-c5e4-40e9-b30b-ecebaf4322f9" />
    <UnitTestResult executionId="a1c99c7b-6b61-41d9-85c3-30cba7521b3b" testId="045b3016-eb7b-6e8c-ee8e-f85dc5391457" testName="UnitTestsBiblioMate.Services.Catalog.AuthorServiceTest.GetByIdAsync_ShouldReturnError_WhenNotExists" computerName="0fc890f1414e" duration="00:00:00.0413602" startTime="2025-09-27T18:51:21.0379726+00:00" endTime="2025-09-27T18:51:21.0379726+00:00" testType="13cdc9d9-ddb5-4fa4-a97d-d965ccfc6d4b" outcome="Passed" testListId="8c84fa94-04c1-424b-9868-57a2d4851a1d" relativeResultsDirectory="a1c99c7b-6b61-41d9-85c3-30cba7521b3b" />
    <UnitTestResult executionId="ba94ea5f-5abf-4b97-98c8-0c9327c8fd0e" testId="fcf5a9fb-30ef-3069-4d04-687745715fdd" testName="UnitTestsBiblioMate.Controllers.UsersControllerTest.UpdateUserRole_NotFound_Returns404" computerName="0fc890f1414e" duration="00:00:00.0024736" startTime="2025-09-27T18:51:21.0334394+00:00" endTime="2025-09-27T18:51:21.0334395+00:00" testType="13cdc9d9-ddb5-4fa4-a97d-d965ccfc6d4b" outcome="Passed" testListId="8c84fa94-04c1-424b-9868-57a2d4851a1d" relativeResultsDirectory="ba94ea5f-5abf-4b97-98c8-0c9327c8fd0e" />
    <UnitTestResult executionId="91da1d28-e253-4738-aae8-60e453a08af8" testId="eda17e24-102a-58ae-09e8-06099a6b822d" testName="UnitTestsBiblioMate.Controllers.BooksControllerTest.UpdateBook_ShouldReturnExpectedResult(serviceResult: False, expected: typeof(Microsoft.AspNetCore.Mvc.NotFoundResult))" computerName="0fc890f1414e" duration="00:00:00.0040268" startTime="2025-09-27T18:51:20.0663565+00:00" endTime="2025-09-27T18:51:20.0663565+00:00" testType="13cdc9d9-ddb5-4fa4-a97d-d965ccfc6d4b" outcome="Passed" testListId="8c84fa94-04c1-424b-9868-57a2d4851a1d" relativeResultsDirectory="91da1d28-e253-4738-aae8-60e453a08af8" />
    <UnitTestResult executionId="abdffbd8-c574-40e7-b2c2-50037e883eec" testId="160b4cfa-810f-ab96-3781-1bf56c839b2c" testName="UnitTestsBiblioMate.Controllers.LocationsControllerTest.GetAisles_ShouldReturnOk_WhenFound" computerName="0fc890f1414e" duration="00:00:00.0141520" startTime="2025-09-27T18:51:20.0497248+00:00" endTime="2025-09-27T18:51:20.0497249+00:00" testType="13cdc9d9-ddb5-4fa4-a97d-d965ccfc6d4b" outcome="Passed" testListId="8c84fa94-04c1-424b-9868-57a2d4851a1d" relativeResultsDirectory="abdffbd8-c574-40e7-b2c2-50037e883eec" />
    <UnitTestResult executionId="760dfbf1-a571-460a-a3e0-5823d3abb924" testId="77525c09-42b0-99dc-8fb2-0338adeccfdf" testName="UnitTestsBiblioMate.Services.Catalog.StockServiceTest.UpdateAvailability_ShouldReflectComputedIsAvailable(quantity: 1, expectedAvailable: True)" computerName="0fc890f1414e" duration="00:00:00.0052210" startTime="2025-09-27T18:51:20.7053960+00:00" endTime="2025-09-27T18:51:20.7053960+00:00" testType="13cdc9d9-ddb5-4fa4-a97d-d965ccfc6d4b" outcome="Passed" testListId="8c84fa94-04c1-424b-9868-57a2d4851a1d" relativeResultsDirectory="760dfbf1-a571-460a-a3e0-5823d3abb924" />
    <UnitTestResult executionId="6e4be02a-99ec-4cae-b094-2b205b7dd0a0" testId="e0875a3d-2c1a-657f-6cff-045bd0c211a1" testName="UnitTestsBiblioMate.Services.Catalog.EditorServiceTest.UpdateAsync_ShouldReturnFalse_WhenNotExists" computerName="0fc890f1414e" duration="00:00:00.0010897" startTime="2025-09-27T18:51:20.9496700+00:00" endTime="2025-09-27T18:51:20.9496701+00:00" testType="13cdc9d9-ddb5-4fa4-a97d-d965ccfc6d4b" outcome="Passed" testListId="8c84fa94-04c1-424b-9868-57a2d4851a1d" relativeResultsDirectory="6e4be02a-99ec-4cae-b094-2b205b7dd0a0" />
    <UnitTestResult executionId="34601d5d-1429-44ad-b0be-e7f377fe5d26" testId="092ca597-da17-0582-a92f-593c52facb3b" testName="UnitTestsBiblioMate.Controllers.GenresControllerTest.GetGenres_ShouldReturnOkWithGenres" computerName="0fc890f1414e" duration="00:00:00.0044618" startTime="2025-09-27T18:51:20.0569724+00:00" endTime="2025-09-27T18:51:20.0569724+00:00" testType="13cdc9d9-ddb5-4fa4-a97d-d965ccfc6d4b" outcome="Passed" testListId="8c84fa94-04c1-424b-9868-57a2d4851a1d" relativeResultsDirectory="34601d5d-1429-44ad-b0be-e7f377fe5d26" />
    <UnitTestResult executionId="98b8881d-5a6c-4738-a88b-abe53b04b91a" testId="1eeef9f8-087f-54b1-3b03-3b73e606b132" testName="UnitTestsBiblioMate.Services.Catalog.StockServiceTest.UpdateAvailability_ShouldReflectComputedIsAvailable(quantity: 5, expectedAvailable: True)" computerName="0fc890f1414e" duration="00:00:00.0001169" startTime="2025-09-27T18:51:20.7073376+00:00" endTime="2025-09-27T18:51:20.7073376+00:00" testType="13cdc9d9-ddb5-4fa4-a97d-d965ccfc6d4b" outcome="Passed" testListId="8c84fa94-04c1-424b-9868-57a2d4851a1d" relativeResultsDirectory="98b8881d-5a6c-4738-a88b-abe53b04b91a" />
    <UnitTestResult executionId="a28922b1-110e-4601-a683-9927a5c88261" testId="afa822be-913c-714e-b947-eb47a0054e8c" testName="UnitTestsBiblioMate.Services.Infrastructure.Security.EncryptionServiceTest.Encrypt_ShouldReturnEmpty_ForNullOrEmpty(input: null)" computerName="0fc890f1414e" duration="00:00:00.0002790" startTime="2025-09-27T18:51:20.8377694+00:00" endTime="2025-09-27T18:51:20.8377694+00:00" testType="13cdc9d9-ddb5-4fa4-a97d-d965ccfc6d4b" outcome="Passed" testListId="8c84fa94-04c1-424b-9868-57a2d4851a1d" relativeResultsDirectory="a28922b1-110e-4601-a683-9927a5c88261" />
    <UnitTestResult executionId="1f473906-b404-47af-9213-0be7bea3b8d8" testId="d276a244-99e4-a3da-e964-b96a932201dc" testName="UnitTestsBiblioMate.Controllers.ReportsControllerTest.DeleteReport_OwnerFailure_ReturnsNotFound" computerName="0fc890f1414e" duration="00:00:00.0021283" startTime="2025-09-27T18:51:20.9311965+00:00" endTime="2025-09-27T18:51:20.9311966+00:00" testType="13cdc9d9-ddb5-4fa4-a97d-d965ccfc6d4b" outcome="Passed" testListId="8c84fa94-04c1-424b-9868-57a2d4851a1d" relativeResultsDirectory="1f473906-b404-47af-9213-0be7bea3b8d8" />
    <UnitTestResult executionId="b7f6126f-5b32-44c3-91e8-832c95446df5" testId="0347d3e5-ef16-a390-3cd5-cc0d1102e942" testName="UnitTestsBiblioMate.Controllers.NotificationsControllerTest.UpdateNotification_IdMismatch_ReturnsBadRequest" computerName="0fc890f1414e" duration="00:00:00.0027672" startTime="2025-09-27T18:51:20.9346696+00:00" endTime="2025-09-27T18:51:20.9346696+00:00" testType="13cdc9d9-ddb5-4fa4-a97d-d965ccfc6d4b" outcome="Passed" testListId="8c84fa94-04c1-424b-9868-57a2d4851a1d" relativeResultsDirectory="b7f6126f-5b32-44c3-91e8-832c95446df5" />
    <UnitTestResult executionId="db347331-b951-4535-89bf-1c926a487969" testId="7df56062-67fd-326c-c254-69fe685d5b44" testName="UnitTestsBiblioMate.Helpers.TokenHelperTests.TryGetUserId_ValidClaim_ReturnsTrue" computerName="0fc890f1414e" duration="00:00:00.0003115" startTime="2025-09-27T18:51:20.1315458+00:00" endTime="2025-09-27T18:51:20.1315459+00:00" testType="13cdc9d9-ddb5-4fa4-a97d-d965ccfc6d4b" outcome="Passed" testListId="8c84fa94-04c1-424b-9868-57a2d4851a1d" relativeResultsDirectory="db347331-b951-4535-89bf-1c926a487969" />
    <UnitTestResult executionId="516afd36-ce92-4820-9b52-67e6e8e67ecc" testId="b2454350-cc80-411b-25b8-3c792505ce4e" testName="UnitTestsBiblioMate.Services.Catalog.ShelfLevelServiceTest.CreateAsync_ShouldAddShelfLevel" computerName="0fc890f1414e" duration="00:00:00.0140388" startTime="2025-09-27T18:51:20.8237580+00:00" endTime="2025-09-27T18:51:20.8237580+00:00" testType="13cdc9d9-ddb5-4fa4-a97d-d965ccfc6d4b" outcome="Passed" testListId="8c84fa94-04c1-424b-9868-57a2d4851a1d" relativeResultsDirectory="516afd36-ce92-4820-9b52-67e6e8e67ecc" />
    <UnitTestResult executionId="4a50a0b2-2e86-4c9b-b576-986a2dc0e691" testId="dd8476f8-ab78-3d27-3362-303b9cccb2b2" testName="UnitTestsBiblioMate.Controllers.ShelfLevelsControllerTest.DeleteShelfLevel_NotFound_Returns404" computerName="0fc890f1414e" duration="00:00:00.0036660" startTime="2025-09-27T18:51:20.7548598+00:00" endTime="2025-09-27T18:51:20.7548599+00:00" testType="13cdc9d9-ddb5-4fa4-a97d-d965ccfc6d4b" outcome="Passed" testListId="8c84fa94-04c1-424b-9868-57a2d4851a1d" relativeResultsDirectory="4a50a0b2-2e86-4c9b-b576-986a2dc0e691" />
    <UnitTestResult executionId="c5f096c7-bc96-4568-868e-e2d1bd0500b4" testId="3e25cc29-e0fe-04a0-37d6-4995de9cdbbe" testName="UnitTestsBiblioMate.Controllers.StocksControllerTest.UpdateStock_IdMismatch_Returns400" computerName="0fc890f1414e" duration="00:00:00.0044931" startTime="2025-09-27T18:51:20.6802773+00:00" endTime="2025-09-27T18:51:20.6802774+00:00" testType="13cdc9d9-ddb5-4fa4-a97d-d965ccfc6d4b" outcome="Passed" testListId="8c84fa94-04c1-424b-9868-57a2d4851a1d" relativeResultsDirectory="c5f096c7-bc96-4568-868e-e2d1bd0500b4" />
    <UnitTestResult executionId="83a5224a-806b-43b2-89dd-79dd21edce10" testId="213a721f-8a18-f5e6-b562-2dfdd1161cf1" testName="UnitTestsBiblioMate.Controllers.StocksControllerTest.AdjustStockQuantity_NotFound_Returns404" computerName="0fc890f1414e" duration="00:00:00.0134117" startTime="2025-09-27T18:51:20.6938032+00:00" endTime="2025-09-27T18:51:20.6938032+00:00" testType="13cdc9d9-ddb5-4fa4-a97d-d965ccfc6d4b" outcome="Passed" testListId="8c84fa94-04c1-424b-9868-57a2d4851a1d" relativeResultsDirectory="83a5224a-806b-43b2-89dd-79dd21edce10" />
    <UnitTestResult executionId="de7ce90a-3a7e-4ec4-aed2-95f324bfa5c7" testId="3311d254-7574-3631-497f-37568232f2f3" testName="UnitTestsBiblioMate.Controllers.TagsControllerTest.Search_ReturnsOkWithFilteredList" computerName="0fc890f1414e" duration="00:00:00.0023072" startTime="2025-09-27T18:51:20.0263162+00:00" endTime="2025-09-27T18:51:20.0263163+00:00" testType="13cdc9d9-ddb5-4fa4-a97d-d965ccfc6d4b" outcome="Passed" testListId="8c84fa94-04c1-424b-9868-57a2d4851a1d" relativeResultsDirectory="de7ce90a-3a7e-4ec4-aed2-95f324bfa5c7" />
    <UnitTestResult executionId="a6aa5622-a457-4442-a1d0-732a48507661" testId="f759576a-a5e2-cc09-1a2f-32c8520c196e" testName="UnitTestsBiblioMate.Services.Users.AuthServiceTests.ConfirmEmailAsync_ShouldConfirmEmail_WhenTokenIsValid" computerName="0fc890f1414e" duration="00:00:00.0072395" startTime="2025-09-27T18:51:22.1642724+00:00" endTime="2025-09-27T18:51:22.1642724+00:00" testType="13cdc9d9-ddb5-4fa4-a97d-d965ccfc6d4b" outcome="Passed" testListId="8c84fa94-04c1-424b-9868-57a2d4851a1d" relativeResultsDirectory="a6aa5622-a457-4442-a1d0-732a48507661" />
    <UnitTestResult executionId="5081ece6-83b6-48d5-858b-0e76fa442125" testId="2b2ec8be-e9e2-9194-df6b-b1c4a2309182" testName="UnitTestsBiblioMate.Controllers.HistoriesControllerTest.GetUserHistory_Unauthorized_ShouldReturnForbid" computerName="0fc890f1414e" duration="00:00:00.0008459" startTime="2025-09-27T18:51:20.7956438+00:00" endTime="2025-09-27T18:51:20.7956438+00:00" testType="13cdc9d9-ddb5-4fa4-a97d-d965ccfc6d4b" outcome="Passed" testListId="8c84fa94-04c1-424b-9868-57a2d4851a1d" relativeResultsDirectory="5081ece6-83b6-48d5-858b-0e76fa442125" />
    <UnitTestResult executionId="5e1e72c1-f593-4261-8f6a-bfded11a1110" testId="cdf225f6-ff91-0abc-5755-8d17f39ccf47" testName="UnitTestsBiblioMate.Controllers.NotificationsControllerTest.UpdateNotification_NotFound_Returns404" computerName="0fc890f1414e" duration="00:00:00.0029416" startTime="2025-09-27T18:51:20.9631581+00:00" endTime="2025-09-27T18:51:20.9631581+00:00" testType="13cdc9d9-ddb5-4fa4-a97d-d965ccfc6d4b" outcome="Passed" testListId="8c84fa94-04c1-424b-9868-57a2d4851a1d" relativeResultsDirectory="5e1e72c1-f593-4261-8f6a-bfded11a1110" />
    <UnitTestResult executionId="3aa22977-c3d5-478b-ad99-4bd10de63ece" testId="5f9caa6a-7600-83c3-66ac-77b00ca44e92" testName="UnitTestsBiblioMate.Controllers.StocksControllerTest.UpdateStock_Success_ReturnsNoContent" computerName="0fc890f1414e" duration="00:00:00.0026619" startTime="2025-09-27T18:51:20.7500238+00:00" endTime="2025-09-27T18:51:20.7500239+00:00" testType="13cdc9d9-ddb5-4fa4-a97d-d965ccfc6d4b" outcome="Passed" testListId="8c84fa94-04c1-424b-9868-57a2d4851a1d" relativeResultsDirectory="3aa22977-c3d5-478b-ad99-4bd10de63ece" />
    <UnitTestResult executionId="84a3291c-4b46-4467-a72e-6c5a9e36139d" testId="8da4778b-30f9-77d1-9625-d911c04101c3" testName="UnitTestsBiblioMate.Controllers.ZonesControllerTest.UpdateZone_Success_ReturnsNoContent" computerName="0fc890f1414e" duration="00:00:00.0037088" startTime="2025-09-27T18:51:20.8430373+00:00" endTime="2025-09-27T18:51:20.8430373+00:00" testType="13cdc9d9-ddb5-4fa4-a97d-d965ccfc6d4b" outcome="Passed" testListId="8c84fa94-04c1-424b-9868-57a2d4851a1d" relativeResultsDirectory="84a3291c-4b46-4467-a72e-6c5a9e36139d" />
    <UnitTestResult executionId="d1eaaba5-2a2a-4305-a66e-4ae28c4c73a8" testId="bec87d69-4e03-29bb-e3b6-a45728962ce1" testName="UnitTestsBiblioMate.Services.Loans.LoanServiceTests.ReturnAsync_ShouldFail_WhenAlreadyReturned" computerName="0fc890f1414e" duration="00:00:00.0014630" startTime="2025-09-27T18:51:21.0622822+00:00" endTime="2025-09-27T18:51:21.0622822+00:00" testType="13cdc9d9-ddb5-4fa4-a97d-d965ccfc6d4b" outcome="Passed" testListId="8c84fa94-04c1-424b-9868-57a2d4851a1d" relativeResultsDirectory="d1eaaba5-2a2a-4305-a66e-4ae28c4c73a8" />
    <UnitTestResult executionId="7069f47d-545e-4d6d-9de8-96df958e2fca" testId="f06fd372-5e95-afd9-0ea0-aa431b4dd16f" testName="UnitTestsBiblioMate.Controllers.StocksControllerTest.DeleteStock_Success_ReturnsNoContent" computerName="0fc890f1414e" duration="00:00:00.0045389" startTime="2025-09-27T18:51:20.7646850+00:00" endTime="2025-09-27T18:51:20.7646850+00:00" testType="13cdc9d9-ddb5-4fa4-a97d-d965ccfc6d4b" outcome="Passed" testListId="8c84fa94-04c1-424b-9868-57a2d4851a1d" relativeResultsDirectory="7069f47d-545e-4d6d-9de8-96df958e2fca" />
    <UnitTestResult executionId="69d5c9f8-d760-4b52-9567-b08136a50aa6" testId="436c5e0a-d280-00d0-994f-b8c0314801fe" testName="UnitTestsBiblioMate.Controllers.TagsControllerTest.UpdateTag_Success_ReturnsNoContent" computerName="0fc890f1414e" duration="00:00:00.0017812" startTime="2025-09-27T18:51:20.0283870+00:00" endTime="2025-09-27T18:51:20.0283870+00:00" testType="13cdc9d9-ddb5-4fa4-a97d-d965ccfc6d4b" outcome="Passed" testListId="8c84fa94-04c1-424b-9868-57a2d4851a1d" relativeResultsDirectory="69d5c9f8-d760-4b52-9567-b08136a50aa6" />
    <UnitTestResult executionId="03a905cb-106d-4442-8f40-91bcbd4b9252" testId="956af03d-fa8e-07d1-68d9-66c3500a6307" testName="UnitTestsBiblioMate.Services.Catalog.StockServiceTest.Decrease_WithContext_DecrementsAndPersists" computerName="0fc890f1414e" duration="00:00:00.0010218" startTime="2025-09-27T18:51:20.7153731+00:00" endTime="2025-09-27T18:51:20.7153732+00:00" testType="13cdc9d9-ddb5-4fa4-a97d-d965ccfc6d4b" outcome="Passed" testListId="8c84fa94-04c1-424b-9868-57a2d4851a1d" relativeResultsDirectory="03a905cb-106d-4442-8f40-91bcbd4b9252" />
    <UnitTestResult executionId="48e89466-c284-48f2-a3b7-864ee4720600" testId="f48fe870-a997-ebee-017f-67138bc4cf91" testName="UnitTestsBiblioMate.Services.Catalog.AuthorServiceTest.GetAllAsync_ShouldReturnAllAuthors" computerName="0fc890f1414e" duration="00:00:00.0170223" startTime="2025-09-27T18:51:20.9908463+00:00" endTime="2025-09-27T18:51:20.9908464+00:00" testType="13cdc9d9-ddb5-4fa4-a97d-d965ccfc6d4b" outcome="Passed" testListId="8c84fa94-04c1-424b-9868-57a2d4851a1d" relativeResultsDirectory="48e89466-c284-48f2-a3b7-864ee4720600" />
    <UnitTestResult executionId="8cf5eec0-d77c-4957-b87f-409c54ac342b" testId="3854d9d0-a2b2-f7c7-c1b2-ed47843787e5" testName="UnitTestsBiblioMate.Controllers.GenresControllerTest.CreateGenre_ShouldReturnServiceResult" computerName="0fc890f1414e" duration="00:00:00.0044242" startTime="2025-09-27T18:51:20.0722305+00:00" endTime="2025-09-27T18:51:20.0722305+00:00" testType="13cdc9d9-ddb5-4fa4-a97d-d965ccfc6d4b" outcome="Passed" testListId="8c84fa94-04c1-424b-9868-57a2d4851a1d" relativeResultsDirectory="8cf5eec0-d77c-4957-b87f-409c54ac342b" />
    <UnitTestResult executionId="89fdc891-768f-4c31-b2a6-7ef429975477" testId="e1eb5431-eca9-54da-f36a-04751842eeb8" testName="UnitTestsBiblioMate.Controllers.UsersControllerTest.PostUser_AsAdmin_ReturnsCreatedAndLogs" computerName="0fc890f1414e" duration="00:00:00.0045221" startTime="2025-09-27T18:51:21.0383581+00:00" endTime="2025-09-27T18:51:21.0383581+00:00" testType="13cdc9d9-ddb5-4fa4-a97d-d965ccfc6d4b" outcome="Passed" testListId="8c84fa94-04c1-424b-9868-57a2d4851a1d" relativeResultsDirectory="89fdc891-768f-4c31-b2a6-7ef429975477" />
    <UnitTestResult executionId="0360a3a5-ca2d-4003-b2ab-513897179aed" testId="6600797e-824b-04e8-0096-83674ad4612c" testName="UnitTestsBiblioMate.Services.Users.UserServiceTests.DeleteAsync_ShouldReturnFalse_WhenNotExists" computerName="0fc890f1414e" duration="00:00:00.0010965" startTime="2025-09-27T18:51:21.2556791+00:00" endTime="2025-09-27T18:51:21.2556791+00:00" testType="13cdc9d9-ddb5-4fa4-a97d-d965ccfc6d4b" outcome="Passed" testListId="8c84fa94-04c1-424b-9868-57a2d4851a1d" relativeResultsDirectory="0360a3a5-ca2d-4003-b2ab-513897179aed">
      <Output>
        <StdOut>=== DeleteAsync (fail): START ===
Success: False
=== DeleteAsync (fail): END ===</StdOut>
      </Output>
    </UnitTestResult>
    <UnitTestResult executionId="ba76fc14-41b3-4ae1-9323-792207c2dbe9" testId="13489c39-cbb3-aeff-60cc-b06b8fbb1546" testName="UnitTestsBiblioMate.Services.Catalog.ZonesServiceTests.GetAllAsync_ShouldReturnAllZones_Paginated" computerName="0fc890f1414e" duration="00:00:00.0197498" startTime="2025-09-27T18:51:20.7666079+00:00" endTime="2025-09-27T18:51:20.7666080+00:00" testType="13cdc9d9-ddb5-4fa4-a97d-d965ccfc6d4b" outcome="Passed" testListId="8c84fa94-04c1-424b-9868-57a2d4851a1d" relativeResultsDirectory="ba76fc14-41b3-4ae1-9323-792207c2dbe9">
      <Output>
        <StdOut>=== GetAllAsync: START ===
Found Zones Count: 2
=== GetAllAsync: END ===</StdOut>
      </Output>
    </UnitTestResult>
    <UnitTestResult executionId="2db26e69-e8b3-491d-8688-8c1afae27104" testId="a1c0e6c0-31f5-80a2-27b5-5ad13777f66a" testName="UnitTestsBiblioMate.Controllers.NotificationsControllerTest.GetNotifications_AsLibrarian_ReturnsAll" computerName="0fc890f1414e" duration="00:00:00.0238341" startTime="2025-09-27T18:51:20.9904686+00:00" endTime="2025-09-27T18:51:20.9904686+00:00" testType="13cdc9d9-ddb5-4fa4-a97d-d965ccfc6d4b" outcome="Passed" testListId="8c84fa94-04c1-424b-9868-57a2d4851a1d" relativeResultsDirectory="2db26e69-e8b3-491d-8688-8c1afae27104" />
    <UnitTestResult executionId="7a837634-245e-40f4-b76f-f4af99c123ae" testId="a6d9487f-9732-f9e7-674c-29f4897a8383" testName="UnitTestsBiblioMate.Services.Infrastructure.Logging.MongoLogServiceTest.GetByIdAsync_ValidId_ReturnsDocument" computerName="0fc890f1414e" duration="00:00:00.0072091" startTime="2025-09-27T18:51:20.0634737+00:00" endTime="2025-09-27T18:51:20.0634738+00:00" testType="13cdc9d9-ddb5-4fa4-a97d-d965ccfc6d4b" outcome="Passed" testListId="8c84fa94-04c1-424b-9868-57a2d4851a1d" relativeResultsDirectory="7a837634-245e-40f4-b76f-f4af99c123ae" />
    <UnitTestResult executionId="220481ca-fff0-4f92-9874-a76bfd12ccf4" testId="8a327e1f-5c71-a8f0-8e0f-ac4967bd19dd" testName="UnitTestsBiblioMate.Controllers.UsersControllerTest.UpdateUser_AsAdmin_ReturnsNoContentAndLogs" computerName="0fc890f1414e" duration="00:00:00.0171186" startTime="2025-09-27T18:51:20.8490377+00:00" endTime="2025-09-27T18:51:20.8490378+00:00" testType="13cdc9d9-ddb5-4fa4-a97d-d965ccfc6d4b" outcome="Passed" testListId="8c84fa94-04c1-424b-9868-57a2d4851a1d" relativeResultsDirectory="220481ca-fff0-4f92-9874-a76bfd12ccf4" />
    <UnitTestResult executionId="95d8b56f-eac3-4379-9f62-aec1852b9dd9" testId="b433873b-858d-53f6-fc41-a10063eaa76f" testName="UnitTestsBiblioMate.Services.Users.HistoryServiceTest.LogEventAsync_ShouldPersistHistoryRecord" computerName="0fc890f1414e" duration="00:00:00.0279535" startTime="2025-09-27T18:51:20.7633719+00:00" endTime="2025-09-27T18:51:20.7633719+00:00" testType="13cdc9d9-ddb5-4fa4-a97d-d965ccfc6d4b" outcome="Passed" testListId="8c84fa94-04c1-424b-9868-57a2d4851a1d" relativeResultsDirectory="95d8b56f-eac3-4379-9f62-aec1852b9dd9">
      <Output>
        <StdOut>Logged event at 2025-09-27T18:51:20.7368799Z</StdOut>
      </Output>
    </UnitTestResult>
    <UnitTestResult executionId="9e2dfd26-e2be-4131-92a3-03c87a0d1d06" testId="093b3192-cb40-98ba-b808-350cc3941bcd" testName="UnitTestsBiblioMate.Services.Catalog.TagServiceTests.GetByIdAsync_ShouldReturnTag_WhenExists" computerName="0fc890f1414e" duration="00:00:00.0108197" startTime="2025-09-27T18:51:20.8115273+00:00" endTime="2025-09-27T18:51:20.8115274+00:00" testType="13cdc9d9-ddb5-4fa4-a97d-d965ccfc6d4b" outcome="Passed" testListId="8c84fa94-04c1-424b-9868-57a2d4851a1d" relativeResultsDirectory="9e2dfd26-e2be-4131-92a3-03c87a0d1d06" />
    <UnitTestResult executionId="5288ef0e-8ea9-45bf-8f7c-5a775f66e0eb" testId="e8a91137-eeb4-74a9-84a3-9ce6803682e3" testName="UnitTestsBiblioMate.Services.Loans.ReservationServiceTest.GetByIdAsync_ShouldReturnDto_WhenExists" computerName="0fc890f1414e" duration="00:00:00.0370095" startTime="2025-09-27T18:51:20.9255028+00:00" endTime="2025-09-27T18:51:20.9255029+00:00" testType="13cdc9d9-ddb5-4fa4-a97d-d965ccfc6d4b" outcome="Passed" testListId="8c84fa94-04c1-424b-9868-57a2d4851a1d" relativeResultsDirectory="5288ef0e-8ea9-45bf-8f7c-5a775f66e0eb" />
    <UnitTestResult executionId="0bdc866c-42c4-4c41-8a7d-439c564f6e13" testId="f67ae3d1-0cdb-acc7-0938-902634e0ce87" testName="UnitTestsBiblioMate.Services.Catalog.ZonesServiceTests.DeleteAsync_ShouldReturnFalse_WhenNotExists" computerName="0fc890f1414e" duration="00:00:00.0024430" startTime="2025-09-27T18:51:20.7475293+00:00" endTime="2025-09-27T18:51:20.7475293+00:00" testType="13cdc9d9-ddb5-4fa4-a97d-d965ccfc6d4b" outcome="Passed" testListId="8c84fa94-04c1-424b-9868-57a2d4851a1d" relativeResultsDirectory="0bdc866c-42c4-4c41-8a7d-439c564f6e13">
      <Output>
        <StdOut>=== DeleteAsync (fail): START ===
Success: False
=== DeleteAsync (fail): END ===</StdOut>
      </Output>
    </UnitTestResult>
    <UnitTestResult executionId="d26ea66b-e914-4c77-b1d8-fed6236d7c8a" testId="fe73573e-b508-a88a-6bef-d23ec01ac542" testName="UnitTestsBiblioMate.Controllers.ReportsControllerTest.UpdateReport_OwnerSuccess_ReturnsNoContent" computerName="0fc890f1414e" duration="00:00:00.0025035" startTime="2025-09-27T18:51:20.9247914+00:00" endTime="2025-09-27T18:51:20.9247914+00:00" testType="13cdc9d9-ddb5-4fa4-a97d-d965ccfc6d4b" outcome="Passed" testListId="8c84fa94-04c1-424b-9868-57a2d4851a1d" relativeResultsDirectory="d26ea66b-e914-4c77-b1d8-fed6236d7c8a" />
    <UnitTestResult executionId="c30a3c8d-87d1-4a86-b57b-2b5badaff63a" testId="23e0a976-ad27-7b14-1cc3-3ff0b2e3e976" testName="UnitTestsBiblioMate.Controllers.UsersControllerTest.GetUser_Exists_ReturnsOk" computerName="0fc890f1414e" duration="00:00:00.0007104" startTime="2025-09-27T18:51:21.0450735+00:00" endTime="2025-09-27T18:51:21.0450735+00:00" testType="13cdc9d9-ddb5-4fa4-a97d-d965ccfc6d4b" outcome="Passed" testListId="8c84fa94-04c1-424b-9868-57a2d4851a1d" relativeResultsDirectory="c30a3c8d-87d1-4a86-b57b-2b5badaff63a" />
    <UnitTestResult executionId="3ac2d93a-9914-44ec-9e08-2076a22f3d14" testId="b26f47a3-dde7-4d3a-3c86-9644b275c7e9" testName="UnitTestsBiblioMate.Services.Recommendations.RecommendationServiceTest.GetRecommendationsForUserAsync_ShouldReturnMatchingBooks" computerName="0fc890f1414e" duration="00:00:00.0104640" startTime="2025-09-27T18:51:20.7678783+00:00" endTime="2025-09-27T18:51:20.7678784+00:00" testType="13cdc9d9-ddb5-4fa4-a97d-d965ccfc6d4b" outcome="Passed" testListId="8c84fa94-04c1-424b-9868-57a2d4851a1d" relativeResultsDirectory="3ac2d93a-9914-44ec-9e08-2076a22f3d14">
      <Output>
        <StdOut>=== GetRecommendationsForUserAsync (matching) ===</StdOut>
      </Output>
    </UnitTestResult>
    <UnitTestResult executionId="d49108ae-64fc-45b3-b359-99331fd182b9" testId="e95fabff-fa56-5d18-763d-d345c9da6d1d" testName="UnitTestsBiblioMate.Controllers.NotificationsControllerTest.DeleteNotification_WhenExists_ReturnsNoContent" computerName="0fc890f1414e" duration="00:00:00.0043358" startTime="2025-09-27T18:51:20.9672389+00:00" endTime="2025-09-27T18:51:20.9672389+00:00" testType="13cdc9d9-ddb5-4fa4-a97d-d965ccfc6d4b" outcome="Passed" testListId="8c84fa94-04c1-424b-9868-57a2d4851a1d" relativeResultsDirectory="d49108ae-64fc-45b3-b359-99331fd182b9" />
    <UnitTestResult executionId="caf7cbcc-af85-49d7-b9fc-942cdc37fae3" testId="cbb755c6-4bf2-4aa6-5eae-760cbc594db1" testName="UnitTestsBiblioMate.Services.Catalog.EditorServiceTest.CreateAsync_ShouldAddEditor" computerName="0fc890f1414e" duration="00:00:00.0059100" startTime="2025-09-27T18:51:20.9557816+00:00" endTime="2025-09-27T18:51:20.9557816+00:00" testType="13cdc9d9-ddb5-4fa4-a97d-d965ccfc6d4b" outcome="Passed" testListId="8c84fa94-04c1-424b-9868-57a2d4851a1d" relativeResultsDirectory="caf7cbcc-af85-49d7-b9fc-942cdc37fae3" />
    <UnitTestResult executionId="a348972e-3c35-4905-91af-cec683264e2a" testId="90946cea-cf3c-3aeb-d04f-853ea2fdcee6" testName="UnitTestsBiblioMate.Services.Loans.ReservationServiceTest.GetAllAsync_ShouldReturnAll" computerName="0fc890f1414e" duration="00:00:00.6836459" startTime="2025-09-27T18:51:20.7581539+00:00" endTime="2025-09-27T18:51:20.7581540+00:00" testType="13cdc9d9-ddb5-4fa4-a97d-d965ccfc6d4b" outcome="Passed" testListId="8c84fa94-04c1-424b-9868-57a2d4851a1d" relativeResultsDirectory="a348972e-3c35-4905-91af-cec683264e2a" />
    <UnitTestResult executionId="3b17f2cc-11e9-42bf-81e1-ac9c06d516a6" testId="151b931b-a3fc-4d74-1f14-ac398dab4731" testName="UnitTestsBiblioMate.Services.Catalog.GenreServiceTest.GetAllAsync_ShouldReturnAllGenres" computerName="0fc890f1414e" duration="00:00:00.0177142" startTime="2025-09-27T18:51:20.9637477+00:00" endTime="2025-09-27T18:51:20.9637477+00:00" testType="13cdc9d9-ddb5-4fa4-a97d-d965ccfc6d4b" outcome="Passed" testListId="8c84fa94-04c1-424b-9868-57a2d4851a1d" relativeResultsDirectory="3b17f2cc-11e9-42bf-81e1-ac9c06d516a6" />
    <UnitTestResult executionId="11bb96c4-52a8-4d7f-80fc-75b816ca5c52" testId="caa3d046-7097-1055-0910-1708111ac16d" testName="UnitTestsBiblioMate.Services.Loans.ReservationServiceTest.GetPendingForBookAsync_ShouldReturnOnlyPending" computerName="0fc890f1414e" duration="00:00:00.0307678" startTime="2025-09-27T18:51:21.0227225+00:00" endTime="2025-09-27T18:51:21.0227225+00:00" testType="13cdc9d9-ddb5-4fa4-a97d-d965ccfc6d4b" outcome="Passed" testListId="8c84fa94-04c1-424b-9868-57a2d4851a1d" relativeResultsDirectory="11bb96c4-52a8-4d7f-80fc-75b816ca5c52" />
    <UnitTestResult executionId="60a90c41-5448-4eb6-8abb-b584b05a9afe" testId="7b50df33-f9ea-df0e-5baa-1efa4191fff0" testName="UnitTestsBiblioMate.Controllers.ReportsControllerTest.GetReport_NotFound_Returns404" computerName="0fc890f1414e" duration="00:00:00.0041039" startTime="2025-09-27T18:51:20.8552746+00:00" endTime="2025-09-27T18:51:20.8552746+00:00" testType="13cdc9d9-ddb5-4fa4-a97d-d965ccfc6d4b" outcome="Passed" testListId="8c84fa94-04c1-424b-9868-57a2d4851a1d" relativeResultsDirectory="60a90c41-5448-4eb6-8abb-b584b05a9afe" />
    <UnitTestResult executionId="61dd6d61-96ae-4bcd-a3e9-46d95f249174" testId="ed19ca08-583d-e8d4-bb66-5b9b2642f021" testName="UnitTestsBiblioMate.Controllers.UsersControllerTest.DeleteUser_Self_ReturnsBadRequest" computerName="0fc890f1414e" duration="00:00:00.0003382" startTime="2025-09-27T18:51:21.0596367+00:00" endTime="2025-09-27T18:51:21.0596368+00:00" testType="13cdc9d9-ddb5-4fa4-a97d-d965ccfc6d4b" outcome="Passed" testListId="8c84fa94-04c1-424b-9868-57a2d4851a1d" relativeResultsDirectory="61dd6d61-96ae-4bcd-a3e9-46d95f249174" />
    <UnitTestResult executionId="58b64bc9-9333-420c-8b9b-7ecaf38ae514" testId="be39a583-ded4-ffd9-9535-135a91598c2f" testName="UnitTestsBiblioMate.Controllers.ReservationsControllerTest.DeleteReservation_NotFound_Returns404" computerName="0fc890f1414e" duration="00:00:00.0027751" startTime="2025-09-27T18:51:20.0124011+00:00" endTime="2025-09-27T18:51:20.0124011+00:00" testType="13cdc9d9-ddb5-4fa4-a97d-d965ccfc6d4b" outcome="Passed" testListId="8c84fa94-04c1-424b-9868-57a2d4851a1d" relativeResultsDirectory="58b64bc9-9333-420c-8b9b-7ecaf38ae514" />
    <UnitTestResult executionId="79899afb-dbe4-432f-a0e8-9787d93c56c3" testId="3a3971d1-7e0b-55ff-6ff8-e671e9ab7f8f" testName="UnitTestsBiblioMate.Services.Catalog.StockServiceTest.Decrease_ShouldSubtractOneAndReflectAvailability(initialQty: 2, expectedQty: 1, expectedAvailable: True)" computerName="0fc890f1414e" duration="00:00:00.0003981" startTime="2025-09-27T18:51:20.7210513+00:00" endTime="2025-09-27T18:51:20.7210514+00:00" testType="13cdc9d9-ddb5-4fa4-a97d-d965ccfc6d4b" outcome="Passed" testListId="8c84fa94-04c1-424b-9868-57a2d4851a1d" relativeResultsDirectory="79899afb-dbe4-432f-a0e8-9787d93c56c3" />
    <UnitTestResult executionId="8b3fbe16-0dd5-4a75-8be9-589adb91b6fc" testId="54ae1cd7-2a39-488b-5e9c-935107680a0a" testName="UnitTestsBiblioMate.Controllers.AuthorsControllerTest.CreateAuthor_ShouldReturnCreatedAtAction" computerName="0fc890f1414e" duration="00:00:00.0027662" startTime="2025-09-27T18:51:20.0354133+00:00" endTime="2025-09-27T18:51:20.0354133+00:00" testType="13cdc9d9-ddb5-4fa4-a97d-d965ccfc6d4b" outcome="Passed" testListId="8c84fa94-04c1-424b-9868-57a2d4851a1d" relativeResultsDirectory="8b3fbe16-0dd5-4a75-8be9-589adb91b6fc" />
    <UnitTestResult executionId="f118d4cd-df50-47e7-b4c7-3246d8b6219e" testId="11690713-c1d8-f9dd-76cd-e0d1e2453c92" testName="UnitTestsBiblioMate.Services.Catalog.EditorServiceTest.GetAllAsync_ShouldReturnAllEditors" computerName="0fc890f1414e" duration="00:00:00.0131200" startTime="2025-09-27T18:51:20.9688697+00:00" endTime="2025-09-27T18:51:20.9688697+00:00" testType="13cdc9d9-ddb5-4fa4-a97d-d965ccfc6d4b" outcome="Passed" testListId="8c84fa94-04c1-424b-9868-57a2d4851a1d" relativeResultsDirectory="f118d4cd-df50-47e7-b4c7-3246d8b6219e" />
    <UnitTestResult executionId="24c0239c-830b-40ae-8b59-f1cae0453976" testId="6374c99b-f386-9a5d-71dc-b90c9c29c39d" testName="UnitTestsBiblioMate.Controllers.TagsControllerTest.GetTag_NotFound_Returns404" computerName="0fc890f1414e" duration="00:00:00.0010688" startTime="2025-09-27T18:51:20.0217706+00:00" endTime="2025-09-27T18:51:20.0217707+00:00" testType="13cdc9d9-ddb5-4fa4-a97d-d965ccfc6d4b" outcome="Passed" testListId="8c84fa94-04c1-424b-9868-57a2d4851a1d" relativeResultsDirectory="24c0239c-830b-40ae-8b59-f1cae0453976" />
    <UnitTestResult executionId="8731e339-7a32-4aa6-ba01-550d6e63b371" testId="377c00f5-f981-f137-384d-91fc47de7c4e" testName="UnitTestsBiblioMate.Services.Users.HistoryServiceTest.GetHistoryForUserAsync_ShouldReturnEmptyList_WhenNoRecords" computerName="0fc890f1414e" duration="00:00:00.6045621" startTime="2025-09-27T18:51:20.6897735+00:00" endTime="2025-09-27T18:51:20.6897736+00:00" testType="13cdc9d9-ddb5-4fa4-a97d-d965ccfc6d4b" outcome="Passed" testListId="8c84fa94-04c1-424b-9868-57a2d4851a1d" relativeResultsDirectory="8731e339-7a32-4aa6-ba01-550d6e63b371" />
    <UnitTestResult executionId="405f2d1d-a98d-40c7-b9cc-f02b9b6799ed" testId="ea86374e-5138-b4e2-1e50-e21dbab79100" testName="UnitTestsBiblioMate.Services.Users.AuthServiceTests.RequestPasswordResetAsync_ShouldSendEmail_WhenUserExists" computerName="0fc890f1414e" duration="00:00:00.0020158" startTime="2025-09-27T18:51:22.1723105+00:00" endTime="2025-09-27T18:51:22.1723106+00:00" testType="13cdc9d9-ddb5-4fa4-a97d-d965ccfc6d4b" outcome="Passed" testListId="8c84fa94-04c1-424b-9868-57a2d4851a1d" relativeResultsDirectory="405f2d1d-a98d-40c7-b9cc-f02b9b6799ed" />
    <UnitTestResult executionId="7e05a9ad-75de-48b6-be8c-8ee64d3c01be" testId="426eacad-6124-ca68-d6ba-7e3221fa3111" testName="UnitTestsBiblioMate.Services.Reports.SearchActivityLogServiceTests.LogAsync_NullDoc_Throws" computerName="0fc890f1414e" duration="00:00:00.1588575" startTime="2025-09-27T18:51:20.0821650+00:00" endTime="2025-09-27T18:51:20.0821650+00:00" testType="13cdc9d9-ddb5-4fa4-a97d-d965ccfc6d4b" outcome="Passed" testListId="8c84fa94-04c1-424b-9868-57a2d4851a1d" relativeResultsDirectory="7e05a9ad-75de-48b6-be8c-8ee64d3c01be" />
    <UnitTestResult executionId="a41ba71a-2f4e-4bdc-bffc-e31b6b45d80a" testId="bb20653e-f3d7-0986-9285-4d173256b8db" testName="UnitTestsBiblioMate.Controllers.ShelfLevelsControllerTest.GetShelfLevels_ReturnsOkWithList" computerName="0fc890f1414e" duration="00:00:00.0043266" startTime="2025-09-27T18:51:20.7511187+00:00" endTime="2025-09-27T18:51:20.7511188+00:00" testType="13cdc9d9-ddb5-4fa4-a97d-d965ccfc6d4b" outcome="Passed" testListId="8c84fa94-04c1-424b-9868-57a2d4851a1d" relativeResultsDirectory="a41ba71a-2f4e-4bdc-bffc-e31b6b45d80a" />
    <UnitTestResult executionId="a5712cae-f795-4a23-9d37-ba2e51bfbbe9" testId="6ff54358-193d-9e59-831c-c5747f10b357" testName="UnitTestsBiblioMate.Services.Catalog.ShelfServiceTests.UpdateAsync_ShouldModifyShelf_WhenExists" computerName="0fc890f1414e" duration="00:00:00.6368566" startTime="2025-09-27T18:51:20.7135266+00:00" endTime="2025-09-27T18:51:20.7135267+00:00" testType="13cdc9d9-ddb5-4fa4-a97d-d965ccfc6d4b" outcome="Passed" testListId="8c84fa94-04c1-424b-9868-57a2d4851a1d" relativeResultsDirectory="a5712cae-f795-4a23-9d37-ba2e51bfbbe9" />
    <UnitTestResult executionId="39f3373d-de4b-478f-a163-f50342250c97" testId="6a298063-1a44-3628-3c48-d4e21ce2e456" testName="UnitTestsBiblioMate.Services.Loans.LoanServiceTests.DeleteAsync_ShouldDeleteLoan_WhenValid" computerName="0fc890f1414e" duration="00:00:00.0057911" startTime="2025-09-27T18:51:21.0437318+00:00" endTime="2025-09-27T18:51:21.0437319+00:00" testType="13cdc9d9-ddb5-4fa4-a97d-d965ccfc6d4b" outcome="Passed" testListId="8c84fa94-04c1-424b-9868-57a2d4851a1d" relativeResultsDirectory="39f3373d-de4b-478f-a163-f50342250c97" />
    <UnitTestResult executionId="6f1e280c-35c9-4148-bf26-f236d07c2d88" testId="664669c9-b47d-adaa-f0ba-aeb8c3feef9c" testName="UnitTestsBiblioMate.Controllers.GenresControllerTest.Search_ShouldReturnOkWithResults" computerName="0fc890f1414e" duration="00:00:00.0026583" startTime="2025-09-27T18:51:20.0650290+00:00" endTime="2025-09-27T18:51:20.0650291+00:00" testType="13cdc9d9-ddb5-4fa4-a97d-d965ccfc6d4b" outcome="Passed" testListId="8c84fa94-04c1-424b-9868-57a2d4851a1d" relativeResultsDirectory="6f1e280c-35c9-4148-bf26-f236d07c2d88" />
    <UnitTestResult executionId="6f882c8d-4397-4fc7-8492-3fdb09007c07" testId="3ebd0df3-af0a-c340-0bac-b19a7a8a5ada" testName="UnitTestsBiblioMate.Controllers.AuthorsControllerTest.UpdateAuthor_ShouldReturnNotFoundWhenNotExists" computerName="0fc890f1414e" duration="00:00:00.0023887" startTime="2025-09-27T18:51:20.0267176+00:00" endTime="2025-09-27T18:51:20.0267177+00:00" testType="13cdc9d9-ddb5-4fa4-a97d-d965ccfc6d4b" outcome="Passed" testListId="8c84fa94-04c1-424b-9868-57a2d4851a1d" relativeResultsDirectory="6f882c8d-4397-4fc7-8492-3fdb09007c07" />
    <UnitTestResult executionId="e7b06228-9bbf-407b-a3d7-061c0d8b2686" testId="98c9c640-4cb0-d43b-859f-cc7c09ff25a4" testName="UnitTestsBiblioMate.Helpers.PagedResultTests.ToPagedResultAsync_ReturnsCorrectSlice" computerName="0fc890f1414e" duration="00:00:00.0165359" startTime="2025-09-27T18:51:20.1155188+00:00" endTime="2025-09-27T18:51:20.1155189+00:00" testType="13cdc9d9-ddb5-4fa4-a97d-d965ccfc6d4b" outcome="Passed" testListId="8c84fa94-04c1-424b-9868-57a2d4851a1d" relativeResultsDirectory="e7b06228-9bbf-407b-a3d7-061c0d8b2686" />
    <UnitTestResult executionId="71849b7d-8b3d-40c7-a66c-4ac6ae47cda1" testId="54ccfb17-7395-5757-63db-974eb3826298" testName="UnitTestsBiblioMate.Controllers.AuthsControllerTest.RequestPasswordReset_ShouldReturnOkOnSuccess" computerName="0fc890f1414e" duration="00:00:00.0036107" startTime="2025-09-27T18:51:20.9703043+00:00" endTime="2025-09-27T18:51:20.9703044+00:00" testType="13cdc9d9-ddb5-4fa4-a97d-d965ccfc6d4b" outcome="Passed" testListId="8c84fa94-04c1-424b-9868-57a2d4851a1d" relativeResultsDirectory="71849b7d-8b3d-40c7-a66c-4ac6ae47cda1" />
    <UnitTestResult executionId="3d8f7a0f-8f06-4c4d-bf2b-cb69bb3e1d63" testId="e616e76c-51c0-bae8-b169-6c37c8046f88" testName="UnitTestsBiblioMate.Controllers.EditorsControllerTest.EnsureEditor_ShouldReturnOkWhenExists" computerName="0fc890f1414e" duration="00:00:00.0017106" startTime="2025-09-27T18:51:20.0289627+00:00" endTime="2025-09-27T18:51:20.0289628+00:00" testType="13cdc9d9-ddb5-4fa4-a97d-d965ccfc6d4b" outcome="Passed" testListId="8c84fa94-04c1-424b-9868-57a2d4851a1d" relativeResultsDirectory="3d8f7a0f-8f06-4c4d-bf2b-cb69bb3e1d63" />
    <UnitTestResult executionId="2ad9a880-2acc-4919-99e6-e8fca15024fd" testId="7538d070-e4f6-0f07-da98-995ad7ad5f7b" testName="UnitTestsBiblioMate.Controllers.ShelvesControllerTest.CreateShelf_ReturnsCreated" computerName="0fc890f1414e" duration="00:00:00.0028763" startTime="2025-09-27T18:51:20.8260895+00:00" endTime="2025-09-27T18:51:20.8260896+00:00" testType="13cdc9d9-ddb5-4fa4-a97d-d965ccfc6d4b" outcome="Passed" testListId="8c84fa94-04c1-424b-9868-57a2d4851a1d" relativeResultsDirectory="2ad9a880-2acc-4919-99e6-e8fca15024fd" />
    <UnitTestResult executionId="9978ce4e-3076-45fb-a766-68d9b3dff3c4" testId="911da651-8ecc-8713-f317-65525d88efc8" testName="UnitTestsBiblioMate.Controllers.EditorsControllerTest.DeleteEditor_ShouldReturnNotFoundWhenNotExists" computerName="0fc890f1414e" duration="00:00:00.0012125" startTime="2025-09-27T18:51:20.0257340+00:00" endTime="2025-09-27T18:51:20.0257340+00:00" testType="13cdc9d9-ddb5-4fa4-a97d-d965ccfc6d4b" outcome="Passed" testListId="8c84fa94-04c1-424b-9868-57a2d4851a1d" relativeResultsDirectory="9978ce4e-3076-45fb-a766-68d9b3dff3c4" />
    <UnitTestResult executionId="70687b37-c896-45bf-a634-5d587658bbf2" testId="592ff86c-fef5-108c-d091-426056e0fdbf" testName="UnitTestsBiblioMate.Services.Catalog.StockServiceTest.AdjustQuantity_WithContext_DoesNotGoBelowZero" computerName="0fc890f1414e" duration="00:00:00.0076451" startTime="2025-09-27T18:51:20.7142879+00:00" endTime="2025-09-27T18:51:20.7142879+00:00" testType="13cdc9d9-ddb5-4fa4-a97d-d965ccfc6d4b" outcome="Passed" testListId="8c84fa94-04c1-424b-9868-57a2d4851a1d" relativeResultsDirectory="70687b37-c896-45bf-a634-5d587658bbf2" />
    <UnitTestResult executionId="97ae683d-e5f1-423d-8281-fa10d15aedb0" testId="94fed4b4-7cf8-8ad5-03b4-bf40edc82cdc" testName="UnitTestsBiblioMate.Controllers.AuditsControllerTest.GetUserActivityLogs_ReturnsOk_WithLogs" computerName="0fc890f1414e" duration="00:00:00.0015985" startTime="2025-09-27T18:51:20.8033390+00:00" endTime="2025-09-27T18:51:20.8033391+00:00" testType="13cdc9d9-ddb5-4fa4-a97d-d965ccfc6d4b" outcome="Passed" testListId="8c84fa94-04c1-424b-9868-57a2d4851a1d" relativeResultsDirectory="97ae683d-e5f1-423d-8281-fa10d15aedb0" />
    <UnitTestResult executionId="71840a86-3686-401d-adff-4b102ff6b0df" testId="3ef662cc-6884-eaf7-fa76-83655ae1f53b" testName="UnitTestsBiblioMate.Services.Catalog.ShelfServiceTests.GetByIdAsync_ShouldReturnShelf_WhenExists" computerName="0fc890f1414e" duration="00:00:00.0281570" startTime="2025-09-27T18:51:20.7551190+00:00" endTime="2025-09-27T18:51:20.7551190+00:00" testType="13cdc9d9-ddb5-4fa4-a97d-d965ccfc6d4b" outcome="Passed" testListId="8c84fa94-04c1-424b-9868-57a2d4851a1d" relativeResultsDirectory="71840a86-3686-401d-adff-4b102ff6b0df" />
    <UnitTestResult executionId="4052ad11-a347-4077-830a-2f8dac4360b8" testId="35db66ad-a91c-ea88-37ff-c0f36f8fe1c7" testName="UnitTestsBiblioMate.Services.Loans.ReservationServiceTest.CreateAsync_ShouldCreate_WhenNoStockRowExists" computerName="0fc890f1414e" duration="00:00:00.0040003" startTime="2025-09-27T18:51:20.9417515+00:00" endTime="2025-09-27T18:51:20.9417515+00:00" testType="13cdc9d9-ddb5-4fa4-a97d-d965ccfc6d4b" outcome="Passed" testListId="8c84fa94-04c1-424b-9868-57a2d4851a1d" relativeResultsDirectory="4052ad11-a347-4077-830a-2f8dac4360b8" />
    <UnitTestResult executionId="4ad553d5-eefa-4476-8abd-e437f389272a" testId="8686141b-83b8-b1d5-e9eb-bb2972b4b749" testName="UnitTestsBiblioMate.Controllers.ReportsControllerTest.GetReports_AsPrivileged_ReturnsOk(role: &quot;Admin&quot;)" computerName="0fc890f1414e" duration="00:00:00.0020607" startTime="2025-09-27T18:51:20.9189987+00:00" endTime="2025-09-27T18:51:20.9189987+00:00" testType="13cdc9d9-ddb5-4fa4-a97d-d965ccfc6d4b" outcome="Passed" testListId="8c84fa94-04c1-424b-9868-57a2d4851a1d" relativeResultsDirectory="4ad553d5-eefa-4476-8abd-e437f389272a" />
    <UnitTestResult executionId="0a7bfeb4-8446-401c-a4c4-8699f16e98e0" testId="7d33d7b2-e277-cb8c-0cbc-ab4b64acd555" testName="UnitTestsBiblioMate.Controllers.TagsControllerTest.UpdateTag_IdMismatch_ReturnsBadRequest" computerName="0fc890f1414e" duration="00:00:00.0050374" startTime="2025-09-27T18:51:20.0321399+00:00" endTime="2025-09-27T18:51:20.0321399+00:00" testType="13cdc9d9-ddb5-4fa4-a97d-d965ccfc6d4b" outcome="Passed" testListId="8c84fa94-04c1-424b-9868-57a2d4851a1d" relativeResultsDirectory="0a7bfeb4-8446-401c-a4c4-8699f16e98e0" />
    <UnitTestResult executionId="8d2df514-1b40-4100-915e-d2073f106a84" testId="9d3a3f72-fc74-2b09-77ae-e37fe9cd6d7e" testName="UnitTestsBiblioMate.Helpers.TokenHelperTests.GetUserId_NoClaim_Throws" computerName="0fc890f1414e" duration="00:00:00.0001965" startTime="2025-09-27T18:51:20.1309901+00:00" endTime="2025-09-27T18:51:20.1309901+00:00" testType="13cdc9d9-ddb5-4fa4-a97d-d965ccfc6d4b" outcome="Passed" testListId="8c84fa94-04c1-424b-9868-57a2d4851a1d" relativeResultsDirectory="8d2df514-1b40-4100-915e-d2073f106a84" />
    <UnitTestResult executionId="b238102f-5700-470e-8658-4cca0dca87d4" testId="29708004-f38b-d04c-cedd-0c33e757ab66" testName="UnitTestsBiblioMate.Services.Infrastructure.Security.EncryptionServiceTest.Decrypt_ShouldReturnEmpty_ForNullOrEmpty(input: null)" computerName="0fc890f1414e" duration="00:00:00.0004248" startTime="2025-09-27T18:51:20.8361749+00:00" endTime="2025-09-27T18:51:20.8361750+00:00" testType="13cdc9d9-ddb5-4fa4-a97d-d965ccfc6d4b" outcome="Passed" testListId="8c84fa94-04c1-424b-9868-57a2d4851a1d" relativeResultsDirectory="b238102f-5700-470e-8658-4cca0dca87d4" />
    <UnitTestResult executionId="29a4eb52-d503-46a5-9512-79a2e6f1ad87" testId="f02370c8-eacc-3a43-f8e7-4d1422a861d5" testName="UnitTestsBiblioMate.Services.Catalog.AuthorServiceTest.CreateAsync_ShouldAddAuthor" computerName="0fc890f1414e" duration="00:00:00.0056213" startTime="2025-09-27T18:51:20.9966544+00:00" endTime="2025-09-27T18:51:20.9966544+00:00" testType="13cdc9d9-ddb5-4fa4-a97d-d965ccfc6d4b" outcome="Passed" testListId="8c84fa94-04c1-424b-9868-57a2d4851a1d" relativeResultsDirectory="29a4eb52-d503-46a5-9512-79a2e6f1ad87" />
    <UnitTestResult executionId="07174536-226e-49e5-b9aa-f28336ef2f82" testId="c122ad88-a978-5760-d739-4929394d155f" testName="UnitTestsBiblioMate.Controllers.ShelfLevelsControllerTest.GetShelfLevel_Exists_ReturnsOk" computerName="0fc890f1414e" duration="00:00:00.0019118" startTime="2025-09-27T18:51:20.7334414+00:00" endTime="2025-09-27T18:51:20.7334415+00:00" testType="13cdc9d9-ddb5-4fa4-a97d-d965ccfc6d4b" outcome="Passed" testListId="8c84fa94-04c1-424b-9868-57a2d4851a1d" relativeResultsDirectory="07174536-226e-49e5-b9aa-f28336ef2f82" />
    <UnitTestResult executionId="5da7e5af-9ca7-4c1c-a554-3e413872e0b4" testId="447e17de-f3a2-6db7-2e72-a4d5623a203d" testName="UnitTestsBiblioMate.Controllers.NotificationsControllerTest.GetNotifications_AsNormalUser_ReturnsOnlyOwn" computerName="0fc890f1414e" duration="00:00:00.0312403" startTime="2025-09-27T18:51:20.9210515+00:00" endTime="2025-09-27T18:51:20.9210515+00:00" testType="13cdc9d9-ddb5-4fa4-a97d-d965ccfc6d4b" outcome="Passed" testListId="8c84fa94-04c1-424b-9868-57a2d4851a1d" relativeResultsDirectory="5da7e5af-9ca7-4c1c-a554-3e413872e0b4" />
    <UnitTestResult executionId="1a2cc167-65bf-4114-b322-cd16c3a6a953" testId="b906ce26-ed25-c8de-9f87-8b53d336e55d" testName="UnitTestsBiblioMate.Controllers.StocksControllerTest.GetStocks_DefaultPagination_ReturnsAllMapped" computerName="0fc890f1414e" duration="00:00:00.0323016" startTime="2025-09-27T18:51:20.8003872+00:00" endTime="2025-09-27T18:51:20.8003872+00:00" testType="13cdc9d9-ddb5-4fa4-a97d-d965ccfc6d4b" outcome="Passed" testListId="8c84fa94-04c1-424b-9868-57a2d4851a1d" relativeResultsDirectory="1a2cc167-65bf-4114-b322-cd16c3a6a953" />
    <UnitTestResult executionId="e1fc6d44-80d0-4e31-bc97-c84f3b517217" testId="14eaf407-5879-a13a-b90b-8a3983a823a7" testName="UnitTestsBiblioMate.Controllers.ShelfLevelsControllerTest.GetShelfLevel_NotFound_Returns404" computerName="0fc890f1414e" duration="00:00:00.0074074" startTime="2025-09-27T18:51:20.7283956+00:00" endTime="2025-09-27T18:51:20.7283957+00:00" testType="13cdc9d9-ddb5-4fa4-a97d-d965ccfc6d4b" outcome="Passed" testListId="8c84fa94-04c1-424b-9868-57a2d4851a1d" relativeResultsDirectory="e1fc6d44-80d0-4e31-bc97-c84f3b517217" />
    <UnitTestResult executionId="19af39a4-62ed-4907-82ea-6d2d64c6bcad" testId="3259dd0b-0136-4100-5684-d26e7d815d92" testName="UnitTestsBiblioMate.Controllers.GenresControllerTest.GetGenre_ShouldReturnOkWhenFound" computerName="0fc890f1414e" duration="00:00:00.0014826" startTime="2025-09-27T18:51:20.0524404+00:00" endTime="2025-09-27T18:51:20.0524405+00:00" testType="13cdc9d9-ddb5-4fa4-a97d-d965ccfc6d4b" outcome="Passed" testListId="8c84fa94-04c1-424b-9868-57a2d4851a1d" relativeResultsDirectory="19af39a4-62ed-4907-82ea-6d2d64c6bcad" />
    <UnitTestResult executionId="67ab4ca2-c08a-42a6-8d54-01457620ed66" testId="a2ad81b9-a89f-cd70-ac3c-1023b056d86e" testName="UnitTestsBiblioMate.Controllers.ReportsControllerTest.GetReport_Owner_ReturnsOk" computerName="0fc890f1414e" duration="00:00:00.0009133" startTime="2025-09-27T18:51:20.9342409+00:00" endTime="2025-09-27T18:51:20.9342409+00:00" testType="13cdc9d9-ddb5-4fa4-a97d-d965ccfc6d4b" outcome="Passed" testListId="8c84fa94-04c1-424b-9868-57a2d4851a1d" relativeResultsDirectory="67ab4ca2-c08a-42a6-8d54-01457620ed66" />
    <UnitTestResult executionId="b564edf5-bc28-4633-81fc-1a0ba258aa3f" testId="f04e9a90-88b2-ced5-7d69-5c4ba9eb7168" testName="UnitTestsBiblioMate.Controllers.ReportsControllerTest.UpdateReport_IdMismatch_ReturnsBadRequest" computerName="0fc890f1414e" duration="00:00:00.0012393" startTime="2025-09-27T18:51:20.9260503+00:00" endTime="2025-09-27T18:51:20.9260504+00:00" testType="13cdc9d9-ddb5-4fa4-a97d-d965ccfc6d4b" outcome="Passed" testListId="8c84fa94-04c1-424b-9868-57a2d4851a1d" relativeResultsDirectory="b564edf5-bc28-4633-81fc-1a0ba258aa3f" />
    <UnitTestResult executionId="6c31ff01-8763-49c8-8920-7f17a4f17006" testId="caa634ff-905f-8e0f-9839-72cce6759d12" testName="UnitTestsBiblioMate.Services.Catalog.GenreServiceTest.GetByIdAsync_ShouldReturnError_WhenNotExists" computerName="0fc890f1414e" duration="00:00:00.0046900" startTime="2025-09-27T18:51:20.9314712+00:00" endTime="2025-09-27T18:51:20.9314712+00:00" testType="13cdc9d9-ddb5-4fa4-a97d-d965ccfc6d4b" outcome="Passed" testListId="8c84fa94-04c1-424b-9868-57a2d4851a1d" relativeResultsDirectory="6c31ff01-8763-49c8-8920-7f17a4f17006" />
    <UnitTestResult executionId="04ec20b9-d79c-4450-b922-acdd20d8c549" testId="2378a6e5-a656-6660-d63c-8f6e33871649" testName="UnitTestsBiblioMate.Helpers.PagedResultTests.TotalPages_ComputedCorrectly" computerName="0fc890f1414e" duration="00:00:00.0000618" startTime="2025-09-27T18:51:20.1319937+00:00" endTime="2025-09-27T18:51:20.1319937+00:00" testType="13cdc9d9-ddb5-4fa4-a97d-d965ccfc6d4b" outcome="Passed" testListId="8c84fa94-04c1-424b-9868-57a2d4851a1d" relativeResultsDirectory="04ec20b9-d79c-4450-b922-acdd20d8c549" />
    <UnitTestResult executionId="2804a09f-53c8-4927-aba2-bad21713da8c" testId="6e476339-5cb5-3322-a9ed-c2fe4bdbd5a9" testName="UnitTestsBiblioMate.Services.Reports.ReportServiceTest.DeleteAsync_ShouldRemoveReport_WhenExists" computerName="0fc890f1414e" duration="00:00:00.0046711" startTime="2025-09-27T18:51:20.9537643+00:00" endTime="2025-09-27T18:51:20.9537644+00:00" testType="13cdc9d9-ddb5-4fa4-a97d-d965ccfc6d4b" outcome="Passed" testListId="8c84fa94-04c1-424b-9868-57a2d4851a1d" relativeResultsDirectory="2804a09f-53c8-4927-aba2-bad21713da8c" />
    <UnitTestResult executionId="699f3100-c735-409e-99f3-8d268cb009b5" testId="fe498020-9c82-9155-348d-c021ada3b94e" testName="UnitTestsBiblioMate.Services.Catalog.GenreServiceTest.DeleteAsync_ShouldRemoveGenre_WhenExists" computerName="0fc890f1414e" duration="00:00:00.0064867" startTime="2025-09-27T18:51:20.9462947+00:00" endTime="2025-09-27T18:51:20.9462947+00:00" testType="13cdc9d9-ddb5-4fa4-a97d-d965ccfc6d4b" outcome="Passed" testListId="8c84fa94-04c1-424b-9868-57a2d4851a1d" relativeResultsDirectory="699f3100-c735-409e-99f3-8d268cb009b5" />
    <UnitTestResult executionId="e4129cab-3ad1-44bd-aff8-2a058937d9f9" testId="09835a22-8289-18e2-506c-c22239cd6174" testName="UnitTestsBiblioMate.Controllers.ReportsControllerTest.GetReports_AsPrivileged_ReturnsOk(role: &quot;Librarian&quot;)" computerName="0fc890f1414e" duration="00:00:00.0047646" startTime="2025-09-27T18:51:20.9169966+00:00" endTime="2025-09-27T18:51:20.9169966+00:00" testType="13cdc9d9-ddb5-4fa4-a97d-d965ccfc6d4b" outcome="Passed" testListId="8c84fa94-04c1-424b-9868-57a2d4851a1d" relativeResultsDirectory="e4129cab-3ad1-44bd-aff8-2a058937d9f9" />
    <UnitTestResult executionId="3b44f897-aa4c-4eb4-bea0-89e40a93486d" testId="048862e4-5e07-466a-78b6-adc4e0ad6b96" testName="UnitTestsBiblioMate.Services.Users.AuthServiceTests.ResendConfirmationAsync_UserNotFound_ShouldReturnGenericOk_NoEmailSent" computerName="0fc890f1414e" duration="00:00:00.0011853" startTime="2025-09-27T18:51:22.1702268+00:00" endTime="2025-09-27T18:51:22.1702269+00:00" testType="13cdc9d9-ddb5-4fa4-a97d-d965ccfc6d4b" outcome="Passed" testListId="8c84fa94-04c1-424b-9868-57a2d4851a1d" relativeResultsDirectory="3b44f897-aa4c-4eb4-bea0-89e40a93486d" />
    <UnitTestResult executionId="178c9057-ae3c-48be-8c99-ca2df8eacc27" testId="64493132-5583-6d62-3163-8d076c22b4fb" testName="UnitTestsBiblioMate.Services.Loans.LoanServiceTests.CreateAsync_ShouldFail_WhenMaxActiveLoansReached" computerName="0fc890f1414e" duration="00:00:00.0055085" startTime="2025-09-27T18:51:20.9569256+00:00" endTime="2025-09-27T18:51:20.9569257+00:00" testType="13cdc9d9-ddb5-4fa4-a97d-d965ccfc6d4b" outcome="Passed" testListId="8c84fa94-04c1-424b-9868-57a2d4851a1d" relativeResultsDirectory="178c9057-ae3c-48be-8c99-ca2df8eacc27" />
    <UnitTestResult executionId="04a46889-d0c8-4bcb-9a5c-2055140e13f9" testId="d9325be5-57f6-60b3-d4c6-1efcb193d1ff" testName="UnitTestsBiblioMate.Controllers.NotificationsControllerTest.CreateNotification_AsLibrarian_CreatesAndDispatches" computerName="0fc890f1414e" duration="00:00:00.0131095" startTime="2025-09-27T18:51:20.9607305+00:00" endTime="2025-09-27T18:51:20.9607306+00:00" testType="13cdc9d9-ddb5-4fa4-a97d-d965ccfc6d4b" outcome="Passed" testListId="8c84fa94-04c1-424b-9868-57a2d4851a1d" relativeResultsDirectory="04a46889-d0c8-4bcb-9a5c-2055140e13f9" />
    <UnitTestResult executionId="f4815b9c-94f8-4892-bc9c-78b76bce9e08" testId="6ed484fd-23b0-8de3-93f4-2994e69a8356" testName="UnitTestsBiblioMate.Controllers.UsersControllerTest.DeleteCurrentUser_NotFound_Returns404" computerName="0fc890f1414e" duration="00:00:00.0033010" startTime="2025-09-27T18:51:20.8538443+00:00" endTime="2025-09-27T18:51:20.8538443+00:00" testType="13cdc9d9-ddb5-4fa4-a97d-d965ccfc6d4b" outcome="Passed" testListId="8c84fa94-04c1-424b-9868-57a2d4851a1d" relativeResultsDirectory="f4815b9c-94f8-4892-bc9c-78b76bce9e08" />
    <UnitTestResult executionId="ba76ac98-8645-48db-ae0e-e7a78497f6e2" testId="b47cdc3e-049c-cd5c-c2c7-31cde378a497" testName="UnitTestsBiblioMate.Controllers.GenresControllerTest.UpdateGenre_ShouldReturnNoContentWhenSuccess" computerName="0fc890f1414e" duration="00:00:00.0036417" startTime="2025-09-27T18:51:20.0606799+00:00" endTime="2025-09-27T18:51:20.0606799+00:00" testType="13cdc9d9-ddb5-4fa4-a97d-d965ccfc6d4b" outcome="Passed" testListId="8c84fa94-04c1-424b-9868-57a2d4851a1d" relativeResultsDirectory="ba76ac98-8645-48db-ae0e-e7a78497f6e2" />
    <UnitTestResult executionId="10e6886d-d636-4788-8374-6365736cf093" testId="85107d46-fb2b-2d25-08f4-1bb1728036b3" testName="UnitTestsBiblioMate.Helpers.PagedResultTests.Create_NullItems_TreatsAsEmpty" computerName="0fc890f1414e" duration="00:00:00.0008227" startTime="2025-09-27T18:51:20.1317782+00:00" endTime="2025-09-27T18:51:20.1317782+00:00" testType="13cdc9d9-ddb5-4fa4-a97d-d965ccfc6d4b" outcome="Passed" testListId="8c84fa94-04c1-424b-9868-57a2d4851a1d" relativeResultsDirectory="10e6886d-d636-4788-8374-6365736cf093" />
    <UnitTestResult executionId="d29b9e72-f773-4181-a092-1e559148c437" testId="39f048c9-7e2d-efec-b9d9-d75c385753c3" testName="UnitTestsBiblioMate.Controllers.AuthsControllerTest.Login_ShouldReturnOkOnSuccess" computerName="0fc890f1414e" duration="00:00:00.0034149" startTime="2025-09-27T18:51:20.9545891+00:00" endTime="2025-09-27T18:51:20.9545892+00:00" testType="13cdc9d9-ddb5-4fa4-a97d-d965ccfc6d4b" outcome="Passed" testListId="8c84fa94-04c1-424b-9868-57a2d4851a1d" relativeResultsDirectory="d29b9e72-f773-4181-a092-1e559148c437" />
    <UnitTestResult executionId="cfe867c5-4122-4666-b154-a0cf6e2ba7f5" testId="63bd5a7d-f0f5-655e-dada-410c7c4e4210" testName="UnitTestsBiblioMate.Services.Catalog.ZonesServiceTests.GetByIdAsync_ShouldReturnZone_WhenExists" computerName="0fc890f1414e" duration="00:00:00.0020514" startTime="2025-09-27T18:51:20.7423765+00:00" endTime="2025-09-27T18:51:20.7423766+00:00" testType="13cdc9d9-ddb5-4fa4-a97d-d965ccfc6d4b" outcome="Passed" testListId="8c84fa94-04c1-424b-9868-57a2d4851a1d" relativeResultsDirectory="cfe867c5-4122-4666-b154-a0cf6e2ba7f5">
      <Output>
        <StdOut>=== GetByIdAsync (exists): START ===
Found Zone: 1 - Sciences
=== GetByIdAsync (exists): END ===</StdOut>
      </Output>
    </UnitTestResult>
    <UnitTestResult executionId="8d93ccd0-2f67-4152-9591-778d59849467" testId="f583ac8a-6e80-7543-3848-0d8e129c0466" testName="UnitTestsBiblioMate.Controllers.StocksControllerTest.GetStock_Exists_ReturnsOk" computerName="0fc890f1414e" duration="00:00:00.0320914" startTime="2025-09-27T18:51:20.7468346+00:00" endTime="2025-09-27T18:51:20.7468347+00:00" testType="13cdc9d9-ddb5-4fa4-a97d-d965ccfc6d4b" outcome="Passed" testListId="8c84fa94-04c1-424b-9868-57a2d4851a1d" relativeResultsDirectory="8d93ccd0-2f67-4152-9591-778d59849467" />
    <UnitTestResult executionId="98d391a4-ec79-4f86-abf3-b25a55e2a4d6" testId="ad556fa6-be3b-2fd9-3842-247407f62908" testName="UnitTestsBiblioMate.Controllers.EditorsControllerTest.CreateEditor_ShouldReturnServiceResult" computerName="0fc890f1414e" duration="00:00:00.0048382" startTime="2025-09-27T18:51:20.0323601+00:00" endTime="2025-09-27T18:51:20.0323601+00:00" testType="13cdc9d9-ddb5-4fa4-a97d-d965ccfc6d4b" outcome="Passed" testListId="8c84fa94-04c1-424b-9868-57a2d4851a1d" relativeResultsDirectory="98d391a4-ec79-4f86-abf3-b25a55e2a4d6" />
    <UnitTestResult executionId="97eecbbf-2f9b-4a79-959e-cbcf033d225f" testId="3b76c26d-19fa-be9a-0838-d59a98851d60" testName="UnitTestsBiblioMate.Services.Loans.ReservationServiceTest.GetByIdAsync_ShouldReturnNull_WhenNotFound" computerName="0fc890f1414e" duration="00:00:00.0022263" startTime="2025-09-27T18:51:20.9918834+00:00" endTime="2025-09-27T18:51:20.9918835+00:00" testType="13cdc9d9-ddb5-4fa4-a97d-d965ccfc6d4b" outcome="Passed" testListId="8c84fa94-04c1-424b-9868-57a2d4851a1d" relativeResultsDirectory="97eecbbf-2f9b-4a79-959e-cbcf033d225f" />
    <UnitTestResult executionId="ea3820f9-c974-4361-9145-4a8e714c1589" testId="596d67de-32af-58f6-0a72-83002f11cdb3" testName="UnitTestsBiblioMate.Controllers.UsersControllerTest.UpdateUserRole_Success_ReturnsOkAndLogs" computerName="0fc890f1414e" duration="00:00:00.0044973" startTime="2025-09-27T18:51:21.0545526+00:00" endTime="2025-09-27T18:51:21.0545527+00:00" testType="13cdc9d9-ddb5-4fa4-a97d-d965ccfc6d4b" outcome="Passed" testListId="8c84fa94-04c1-424b-9868-57a2d4851a1d" relativeResultsDirectory="ea3820f9-c974-4361-9145-4a8e714c1589" />
    <UnitTestResult executionId="021cb771-d682-497c-af3f-ea28e31e9fa6" testId="c7d8863a-c917-0288-6c73-44b79198ed9f" testName="UnitTestsBiblioMate.Controllers.AuthsControllerTest.ConfirmEmail_ShouldReturnOkOnSuccess" computerName="0fc890f1414e" duration="00:00:00.0094461" startTime="2025-09-27T18:51:20.9421192+00:00" endTime="2025-09-27T18:51:20.9421193+00:00" testType="13cdc9d9-ddb5-4fa4-a97d-d965ccfc6d4b" outcome="Passed" testListId="8c84fa94-04c1-424b-9868-57a2d4851a1d" relativeResultsDirectory="021cb771-d682-497c-af3f-ea28e31e9fa6" />
    <UnitTestResult executionId="5a6d32b9-319b-49ef-b9e7-e4db341f4368" testId="09004056-0c9e-e768-3adc-f191843269f6" testName="UnitTestsBiblioMate.Services.Loans.ReservationServiceTest.UpdateAsync_ShouldReturnTrue_WhenExists" computerName="0fc890f1414e" duration="00:00:00.0131217" startTime="2025-09-27T18:51:20.9378660+00:00" endTime="2025-09-27T18:51:20.9378660+00:00" testType="13cdc9d9-ddb5-4fa4-a97d-d965ccfc6d4b" outcome="Passed" testListId="8c84fa94-04c1-424b-9868-57a2d4851a1d" relativeResultsDirectory="5a6d32b9-319b-49ef-b9e7-e4db341f4368" />
    <UnitTestResult executionId="e8e51f86-baec-4eef-99ad-bac76d28b804" testId="f6d666f0-08e6-159e-e716-2cef9bc86a91" testName="UnitTestsBiblioMate.Services.Catalog.EditorServiceTest.DeleteAsync_ShouldReturnFalse_WhenNotExists" computerName="0fc890f1414e" duration="00:00:00.0011317" startTime="2025-09-27T18:51:20.9459227+00:00" endTime="2025-09-27T18:51:20.9459228+00:00" testType="13cdc9d9-ddb5-4fa4-a97d-d965ccfc6d4b" outcome="Passed" testListId="8c84fa94-04c1-424b-9868-57a2d4851a1d" relativeResultsDirectory="e8e51f86-baec-4eef-99ad-bac76d28b804" />
    <UnitTestResult executionId="805ecb1c-7831-4764-a02e-35f84f4ca19d" testId="17da5238-4eaa-170d-4240-4070670f5890" testName="UnitTestsBiblioMate.Controllers.StocksControllerTest.AdjustStockQuantity_Success_ReturnsOk" computerName="0fc890f1414e" duration="00:00:00.7687191" startTime="2025-09-27T18:51:20.6756773+00:00" endTime="2025-09-27T18:51:20.6756773+00:00" testType="13cdc9d9-ddb5-4fa4-a97d-d965ccfc6d4b" outcome="Passed" testListId="8c84fa94-04c1-424b-9868-57a2d4851a1d" relativeResultsDirectory="805ecb1c-7831-4764-a02e-35f84f4ca19d" />
    <UnitTestResult executionId="d63df9ce-fef9-4aa6-823a-546b8ab243f1" testId="d7b96586-8779-d2ec-9ac9-b94ab77205d6" testName="UnitTestsBiblioMate.Services.Catalog.ZonesServiceTests.CreateAsync_ShouldAddZone" computerName="0fc890f1414e" duration="00:00:00.5571448" startTime="2025-09-27T18:51:20.6879885+00:00" endTime="2025-09-27T18:51:20.6879886+00:00" testType="13cdc9d9-ddb5-4fa4-a97d-d965ccfc6d4b" outcome="Passed" testListId="8c84fa94-04c1-424b-9868-57a2d4851a1d" relativeResultsDirectory="d63df9ce-fef9-4aa6-823a-546b8ab243f1">
      <Output>
        <StdOut>=== CreateAsync: START ===
Created Zone: 1 - Zone A
=== CreateAsync: END ===</StdOut>
      </Output>
    </UnitTestResult>
    <UnitTestResult executionId="886b4669-855b-420d-8784-7c7b35c053d5" testId="0f41d15f-dee9-6d9d-a89a-fade550c7f45" testName="UnitTestsBiblioMate.Controllers.LoansControllerTest.GetAll_ShouldReturnBadRequestWhenError" computerName="0fc890f1414e" duration="00:00:00.0042837" startTime="2025-09-27T18:51:20.8606906+00:00" endTime="2025-09-27T18:51:20.8606907+00:00" testType="13cdc9d9-ddb5-4fa4-a97d-d965ccfc6d4b" outcome="Passed" testListId="8c84fa94-04c1-424b-9868-57a2d4851a1d" relativeResultsDirectory="886b4669-855b-420d-8784-7c7b35c053d5" />
    <UnitTestResult executionId="0a540009-14a0-4438-96ae-9ae5c4cf86a1" testId="fed6e063-ef18-7960-eaa5-1623b9431779" testName="UnitTestsBiblioMate.Controllers.ShelvesControllerTest.GetShelf_Exists_ReturnsOk" computerName="0fc890f1414e" duration="00:00:00.0014991" startTime="2025-09-27T18:51:20.8232168+00:00" endTime="2025-09-27T18:51:20.8232168+00:00" testType="13cdc9d9-ddb5-4fa4-a97d-d965ccfc6d4b" outcome="Passed" testListId="8c84fa94-04c1-424b-9868-57a2d4851a1d" relativeResultsDirectory="0a540009-14a0-4438-96ae-9ae5c4cf86a1" />
    <UnitTestResult executionId="a376f741-5cb3-4164-a532-4a73bbfef975" testId="8daf6457-39cc-3ade-27fa-797e779e918f" testName="UnitTestsBiblioMate.Controllers.ReservationsControllerTest.UpdateReservation_Success_ReturnsNoContent" computerName="0fc890f1414e" duration="00:00:00.0013551" startTime="2025-09-27T18:51:20.1142816+00:00" endTime="2025-09-27T18:51:20.1142816+00:00" testType="13cdc9d9-ddb5-4fa4-a97d-d965ccfc6d4b" outcome="Passed" testListId="8c84fa94-04c1-424b-9868-57a2d4851a1d" relativeResultsDirectory="a376f741-5cb3-4164-a532-4a73bbfef975" />
    <UnitTestResult executionId="dc370494-4344-43ea-bec9-465742640bec" testId="5358c26d-0580-68de-5bd7-9823ce192502" testName="UnitTestsBiblioMate.Controllers.ShelfLevelsControllerTest.DeleteShelfLevel_Success_ReturnsNoContent" computerName="0fc890f1414e" duration="00:00:00.0039085" startTime="2025-09-27T18:51:20.7374217+00:00" endTime="2025-09-27T18:51:20.7374218+00:00" testType="13cdc9d9-ddb5-4fa4-a97d-d965ccfc6d4b" outcome="Passed" testListId="8c84fa94-04c1-424b-9868-57a2d4851a1d" relativeResultsDirectory="dc370494-4344-43ea-bec9-465742640bec" />
    <UnitTestResult executionId="3a087f04-bdd0-4517-abbb-a88d912d8b26" testId="7cce3fce-70cd-4a79-a1f0-c7205c454c6a" testName="UnitTestsBiblioMate.Services.Catalog.ZonesServiceTests.UpdateAsync_ShouldModifyZone_WhenExists" computerName="0fc890f1414e" duration="00:00:00.0018689" startTime="2025-09-27T18:51:20.7484926+00:00" endTime="2025-09-27T18:51:20.7484926+00:00" testType="13cdc9d9-ddb5-4fa4-a97d-d965ccfc6d4b" outcome="Passed" testListId="8c84fa94-04c1-424b-9868-57a2d4851a1d" relativeResultsDirectory="3a087f04-bdd0-4517-abbb-a88d912d8b26">
      <Output>
        <StdOut>=== UpdateAsync (success): START ===
Success: True, Updated: Zone E - Updated - New description
=== UpdateAsync (success): END ===</StdOut>
      </Output>
    </UnitTestResult>
    <UnitTestResult executionId="6dae1612-975d-4472-bf73-254cacffc72d" testId="2ac1d93a-842c-4c94-de53-449a41f91da2" testName="UnitTestsBiblioMate.Services.Catalog.ZonesServiceTests.DeleteAsync_ShouldRemoveZone_WhenExists" computerName="0fc890f1414e" duration="00:00:00.0279260" startTime="2025-09-27T18:51:20.7158763+00:00" endTime="2025-09-27T18:51:20.7158763+00:00" testType="13cdc9d9-ddb5-4fa4-a97d-d965ccfc6d4b" outcome="Passed" testListId="8c84fa94-04c1-424b-9868-57a2d4851a1d" relativeResultsDirectory="6dae1612-975d-4472-bf73-254cacffc72d">
      <Output>
        <StdOut>=== DeleteAsync (success): START ===
Success: True
=== DeleteAsync (success): END ===</StdOut>
      </Output>
    </UnitTestResult>
    <UnitTestResult executionId="2198b7ed-db24-48f8-9811-fac269800fc5" testId="a5545432-3c78-0651-1f2d-d21157061201" testName="UnitTestsBiblioMate.Controllers.AuthsControllerTest.RequestPasswordReset_ShouldReturnNotFoundOnFailure" computerName="0fc890f1414e" duration="00:00:00.0024373" startTime="2025-09-27T18:51:20.9869594+00:00" endTime="2025-09-27T18:51:20.9869595+00:00" testType="13cdc9d9-ddb5-4fa4-a97d-d965ccfc6d4b" outcome="Passed" testListId="8c84fa94-04c1-424b-9868-57a2d4851a1d" relativeResultsDirectory="2198b7ed-db24-48f8-9811-fac269800fc5" />
    <UnitTestResult executionId="9e126517-3a5f-4a78-98c8-e2ae2a33b865" testId="471c3d96-55e9-af24-cd4f-1556eb9e816f" testName="UnitTestsBiblioMate.Controllers.LocationsControllerTest.GetLevels_ShouldReturnOk_WhenFound" computerName="0fc890f1414e" duration="00:00:00.0045411" startTime="2025-09-27T18:51:20.0690079+00:00" endTime="2025-09-27T18:51:20.0690079+00:00" testType="13cdc9d9-ddb5-4fa4-a97d-d965ccfc6d4b" outcome="Passed" testListId="8c84fa94-04c1-424b-9868-57a2d4851a1d" relativeResultsDirectory="9e126517-3a5f-4a78-98c8-e2ae2a33b865" />
    <UnitTestResult executionId="9f13c3e6-3c13-4b59-aed4-ac84c60fe2b8" testId="bb61efaa-3a9e-0e85-e6f2-eec9388f1cbe" testName="UnitTestsBiblioMate.Services.Infrastructure.External.GoogleBooksServiceTest.SearchAsync_InvalidTerm_ThrowsArgumentException(term: &quot;   &quot;)" computerName="0fc890f1414e" duration="00:00:00.0000955" startTime="2025-09-27T18:51:21.0145140+00:00" endTime="2025-09-27T18:51:21.0145141+00:00" testType="13cdc9d9-ddb5-4fa4-a97d-d965ccfc6d4b" outcome="Passed" testListId="8c84fa94-04c1-424b-9868-57a2d4851a1d" relativeResultsDirectory="9f13c3e6-3c13-4b59-aed4-ac84c60fe2b8" />
    <UnitTestResult executionId="a6e27ad1-3a86-408f-8bf8-ddea3b8172e1" testId="ad69ce10-824a-af09-c8b0-ddacbb84000b" testName="UnitTestsBiblioMate.Controllers.LocationsControllerTest.GetLevels_ShouldReturnNotFound_WhenEmpty" computerName="0fc890f1414e" duration="00:00:00.0021081" startTime="2025-09-27T18:51:20.0765063+00:00" endTime="2025-09-27T18:51:20.0765063+00:00" testType="13cdc9d9-ddb5-4fa4-a97d-d965ccfc6d4b" outcome="Passed" testListId="8c84fa94-04c1-424b-9868-57a2d4851a1d" relativeResultsDirectory="a6e27ad1-3a86-408f-8bf8-ddea3b8172e1" />
    <UnitTestResult executionId="d4e646d7-ec18-472c-9fa9-748137299777" testId="175b396a-128f-02f6-c512-d3f8aaeb922e" testName="UnitTestsBiblioMate.Services.Loans.LoanServiceTests.DeleteAsync_ShouldFail_WhenNotFound" computerName="0fc890f1414e" duration="00:00:00.0141750" startTime="2025-09-27T18:51:20.9710832+00:00" endTime="2025-09-27T18:51:20.9710832+00:00" testType="13cdc9d9-ddb5-4fa4-a97d-d965ccfc6d4b" outcome="Passed" testListId="8c84fa94-04c1-424b-9868-57a2d4851a1d" relativeResultsDirectory="d4e646d7-ec18-472c-9fa9-748137299777" />
    <UnitTestResult executionId="d5843bcb-0664-45f7-ae95-798b43a7db4b" testId="6576e265-8a26-5f2f-8e48-bbdea7ff7295" testName="UnitTestsBiblioMate.Controllers.AuthsControllerTest.Login_ShouldReturnUnauthorizedOnFailure" computerName="0fc890f1414e" duration="00:00:00.0041802" startTime="2025-09-27T18:51:20.9612748+00:00" endTime="2025-09-27T18:51:20.9612749+00:00" testType="13cdc9d9-ddb5-4fa4-a97d-d965ccfc6d4b" outcome="Passed" testListId="8c84fa94-04c1-424b-9868-57a2d4851a1d" relativeResultsDirectory="d5843bcb-0664-45f7-ae95-798b43a7db4b" />
    <UnitTestResult executionId="cb1f52c3-5211-4875-94a2-8c0afe78295e" testId="16a70cd6-81c3-fbf5-757d-c43c45bf7cf0" testName="UnitTestsBiblioMate.Controllers.TagsControllerTest.GetTag_Exists_ReturnsOk" computerName="0fc890f1414e" duration="00:00:00.0056943" startTime="2025-09-27T18:51:20.0127826+00:00" endTime="2025-09-27T18:51:20.0127826+00:00" testType="13cdc9d9-ddb5-4fa4-a97d-d965ccfc6d4b" outcome="Passed" testListId="8c84fa94-04c1-424b-9868-57a2d4851a1d" relativeResultsDirectory="cb1f52c3-5211-4875-94a2-8c0afe78295e" />
    <UnitTestResult executionId="d4155ace-92dd-4be6-99a7-829a895a6091" testId="026b2b80-fab9-3afb-dabb-09e9ae4db8e2" testName="UnitTestsBiblioMate.Services.Users.UserServiceTests.UpdateAsync_ShouldModifyUser_WhenExists" computerName="0fc890f1414e" duration="00:00:00.0013542" startTime="2025-09-27T18:51:21.2538910+00:00" endTime="2025-09-27T18:51:21.2538910+00:00" testType="13cdc9d9-ddb5-4fa4-a97d-d965ccfc6d4b" outcome="Passed" testListId="8c84fa94-04c1-424b-9868-57a2d4851a1d" relativeResultsDirectory="d4155ace-92dd-4be6-99a7-829a895a6091">
      <Output>
        <StdOut>=== UpdateAsync (success): START ===
Success: True
=== UpdateAsync (success): END ===</StdOut>
      </Output>
    </UnitTestResult>
    <UnitTestResult executionId="4a6218cd-93fa-429a-a238-7ac663323fea" testId="1544607d-f5b5-63ff-02eb-d47b3c99bca8" testName="UnitTestsBiblioMate.Controllers.UsersControllerTest.GetUser_NotFound_Returns404" computerName="0fc890f1414e" duration="00:00:00.0013803" startTime="2025-09-27T18:51:21.0395865+00:00" endTime="2025-09-27T18:51:21.0395865+00:00" testType="13cdc9d9-ddb5-4fa4-a97d-d965ccfc6d4b" outcome="Passed" testListId="8c84fa94-04c1-424b-9868-57a2d4851a1d" relativeResultsDirectory="4a6218cd-93fa-429a-a238-7ac663323fea" />
    <UnitTestResult executionId="350e1374-97cc-46dc-976d-39b8b4f1a173" testId="c9698918-aeaf-7890-1ae0-9dd3b2019262" testName="UnitTestsBiblioMate.Controllers.BooksControllerTest.GetBook_ShouldReturnOkWhenFound" computerName="0fc890f1414e" duration="00:00:00.0020508" startTime="2025-09-27T18:51:20.0854895+00:00" endTime="2025-09-27T18:51:20.0854895+00:00" testType="13cdc9d9-ddb5-4fa4-a97d-d965ccfc6d4b" outcome="Passed" testListId="8c84fa94-04c1-424b-9868-57a2d4851a1d" relativeResultsDirectory="350e1374-97cc-46dc-976d-39b8b4f1a173" />
    <UnitTestResult executionId="2dfe9ce4-3b7a-4ecb-ab18-63e46f637a3c" testId="aa3ab553-6858-d8b8-516a-d515f3b67ec7" testName="UnitTestsBiblioMate.Services.Loans.LoanServiceTests.ReturnAsync_ShouldFail_WhenLoanNotFound" computerName="0fc890f1414e" duration="00:00:00.0010428" startTime="2025-09-27T18:51:21.0485259+00:00" endTime="2025-09-27T18:51:21.0485259+00:00" testType="13cdc9d9-ddb5-4fa4-a97d-d965ccfc6d4b" outcome="Passed" testListId="8c84fa94-04c1-424b-9868-57a2d4851a1d" relativeResultsDirectory="2dfe9ce4-3b7a-4ecb-ab18-63e46f637a3c" />
    <UnitTestResult executionId="de45bd69-ded3-4c4b-a620-e18653d3a6e6" testId="25294366-57d5-e232-01fe-9df6f0b2e71c" testName="UnitTestsBiblioMate.Services.Loans.ReservationServiceTest.CreateAsync_ShouldThrowUnauthorized_WhenUserMismatch" computerName="0fc890f1414e" duration="00:00:00.0058722" startTime="2025-09-27T18:51:20.7640529+00:00" endTime="2025-09-27T18:51:20.7640529+00:00" testType="13cdc9d9-ddb5-4fa4-a97d-d965ccfc6d4b" outcome="Passed" testListId="8c84fa94-04c1-424b-9868-57a2d4851a1d" relativeResultsDirectory="de45bd69-ded3-4c4b-a620-e18653d3a6e6" />
    <UnitTestResult executionId="9ab7b735-0a00-475a-914d-df61ba99fd18" testId="8116bcf2-1195-6e70-b1b2-01d6da93a638" testName="UnitTestsBiblioMate.Services.Infrastructure.External.GoogleBooksServiceTest.SearchAsync_ValidJson_MapsToDto" computerName="0fc890f1414e" duration="00:00:00.0045379" startTime="2025-09-27T18:51:21.0187203+00:00" endTime="2025-09-27T18:51:21.0187203+00:00" testType="13cdc9d9-ddb5-4fa4-a97d-d965ccfc6d4b" outcome="Passed" testListId="8c84fa94-04c1-424b-9868-57a2d4851a1d" relativeResultsDirectory="9ab7b735-0a00-475a-914d-df61ba99fd18" />
    <UnitTestResult executionId="5a13f278-193b-4f86-8304-c38c02eec04b" testId="482df463-526b-a11d-cda8-68edc19ddbf2" testName="UnitTestsBiblioMate.Controllers.UsersControllerTest.GetCurrentUser_ReturnsOk" computerName="0fc890f1414e" duration="00:00:00.0007986" startTime="2025-09-27T18:51:21.0477386+00:00" endTime="2025-09-27T18:51:21.0477386+00:00" testType="13cdc9d9-ddb5-4fa4-a97d-d965ccfc6d4b" outcome="Passed" testListId="8c84fa94-04c1-424b-9868-57a2d4851a1d" relativeResultsDirectory="5a13f278-193b-4f86-8304-c38c02eec04b" />
    <UnitTestResult executionId="bb192e02-eb90-4fcf-8325-d3deef8499c5" testId="1bd7296b-b1ff-29bb-53fd-3cf03b28a772" testName="UnitTestsBiblioMate.Services.Catalog.TagServiceTests.GetAllAsync_ShouldReturnAllTags" computerName="0fc890f1414e" duration="00:00:00.0096180" startTime="2025-09-27T18:51:20.9079160+00:00" endTime="2025-09-27T18:51:20.9079161+00:00" testType="13cdc9d9-ddb5-4fa4-a97d-d965ccfc6d4b" outcome="Passed" testListId="8c84fa94-04c1-424b-9868-57a2d4851a1d" relativeResultsDirectory="bb192e02-eb90-4fcf-8325-d3deef8499c5" />
    <UnitTestResult executionId="1606c947-f654-44f7-9577-b0a31812ed8f" testId="79207d79-bdf3-6096-3119-e45cf7966a71" testName="UnitTestsBiblioMate.Services.Catalog.AuthorServiceTest.UpdateAsync_ShouldModifyAuthor_WhenExists" computerName="0fc890f1414e" duration="00:00:00.0046397" startTime="2025-09-27T18:51:20.9741545+00:00" endTime="2025-09-27T18:51:20.9741546+00:00" testType="13cdc9d9-ddb5-4fa4-a97d-d965ccfc6d4b" outcome="Passed" testListId="8c84fa94-04c1-424b-9868-57a2d4851a1d" relativeResultsDirectory="1606c947-f654-44f7-9577-b0a31812ed8f" />
    <UnitTestResult executionId="2c88598d-14c5-4160-8d36-cdfd29376f19" testId="42a2ae64-325f-b6be-261e-2a5079b0f1f8" testName="UnitTestsBiblioMate.Controllers.ZonesControllerTest.UpdateZone_IdMismatch_ReturnsBadRequest" computerName="0fc890f1414e" duration="00:00:00.0021310" startTime="2025-09-27T18:51:20.8346750+00:00" endTime="2025-09-27T18:51:20.8346750+00:00" testType="13cdc9d9-ddb5-4fa4-a97d-d965ccfc6d4b" outcome="Passed" testListId="8c84fa94-04c1-424b-9868-57a2d4851a1d" relativeResultsDirectory="2c88598d-14c5-4160-8d36-cdfd29376f19" />
    <UnitTestResult executionId="f62c3b0e-1ca4-451f-b118-f2a5515fa8c1" testId="9868c1e9-4e2a-fbbb-43db-481272245b79" testName="UnitTestsBiblioMate.Services.Loans.LoanServiceTests.CreateAsync_ShouldFail_WhenStockUnavailable" computerName="0fc890f1414e" duration="00:00:00.0014043" startTime="2025-09-27T18:51:21.0453762+00:00" endTime="2025-09-27T18:51:21.0453762+00:00" testType="13cdc9d9-ddb5-4fa4-a97d-d965ccfc6d4b" outcome="Passed" testListId="8c84fa94-04c1-424b-9868-57a2d4851a1d" relativeResultsDirectory="f62c3b0e-1ca4-451f-b118-f2a5515fa8c1" />
    <UnitTestResult executionId="69de264a-2eea-4557-8fe8-7bd2d0e2ad9c" testId="73a39717-431a-847b-8ebc-7fc7ada6d3bc" testName="UnitTestsBiblioMate.Controllers.ReservationsControllerTest.UpdateReservation_IdMismatch_ReturnsBadRequest" computerName="0fc890f1414e" duration="00:00:00.0984346" startTime="2025-09-27T18:51:20.0120212+00:00" endTime="2025-09-27T18:51:20.0120213+00:00" testType="13cdc9d9-ddb5-4fa4-a97d-d965ccfc6d4b" outcome="Passed" testListId="8c84fa94-04c1-424b-9868-57a2d4851a1d" relativeResultsDirectory="69de264a-2eea-4557-8fe8-7bd2d0e2ad9c" />
    <UnitTestResult executionId="0c5c6ea3-468d-4420-96b2-b7c59acecc49" testId="e7d09179-032e-df4a-40ce-3a62078c6262" testName="UnitTestsBiblioMate.Services.Catalog.TagServiceTests.EnsureAsync_ReturnsExisting_WhenAlreadyPresent" computerName="0fc890f1414e" duration="00:00:00.0234899" startTime="2025-09-27T18:51:20.7906744+00:00" endTime="2025-09-27T18:51:20.7906744+00:00" testType="13cdc9d9-ddb5-4fa4-a97d-d965ccfc6d4b" outcome="Passed" testListId="8c84fa94-04c1-424b-9868-57a2d4851a1d" relativeResultsDirectory="0c5c6ea3-468d-4420-96b2-b7c59acecc49" />
    <UnitTestResult executionId="040354ba-1a14-41bc-9ce0-13ce50a82c8c" testId="28978c49-1ccb-3d87-e051-771916154ffc" testName="UnitTestsBiblioMate.Controllers.NotificationsControllerTest.UpdateNotification_WhenExists_ReturnsNoContent" computerName="0fc890f1414e" duration="00:00:00.0113767" startTime="2025-09-27T18:51:20.9455473+00:00" endTime="2025-09-27T18:51:20.9455473+00:00" testType="13cdc9d9-ddb5-4fa4-a97d-d965ccfc6d4b" outcome="Passed" testListId="8c84fa94-04c1-424b-9868-57a2d4851a1d" relativeResultsDirectory="040354ba-1a14-41bc-9ce0-13ce50a82c8c" />
    <UnitTestResult executionId="531a3703-a55f-4005-ac22-30f76d280e8c" testId="1d06ff54-515f-750d-6fdc-1719f0268543" testName="UnitTestsBiblioMate.Controllers.LocationsControllerTest.GetShelves_ShouldReturnNotFound_WhenEmpty" computerName="0fc890f1414e" duration="00:00:00.0036117" startTime="2025-09-27T18:51:20.0538825+00:00" endTime="2025-09-27T18:51:20.0538825+00:00" testType="13cdc9d9-ddb5-4fa4-a97d-d965ccfc6d4b" outcome="Passed" testListId="8c84fa94-04c1-424b-9868-57a2d4851a1d" relativeResultsDirectory="531a3703-a55f-4005-ac22-30f76d280e8c" />
    <UnitTestResult executionId="e05de9ec-fc18-45b8-9256-501226b25b9e" testId="f993e51c-0e45-fec1-9415-43a4371880aa" testName="UnitTestsBiblioMate.Services.Catalog.AuthorServiceTest.DeleteAsync_ShouldReturnFalse_WhenNotExists" computerName="0fc890f1414e" duration="00:00:00.0014017" startTime="2025-09-27T18:51:21.0403422+00:00" endTime="2025-09-27T18:51:21.0403423+00:00" testType="13cdc9d9-ddb5-4fa4-a97d-d965ccfc6d4b" outcome="Passed" testListId="8c84fa94-04c1-424b-9868-57a2d4851a1d" relativeResultsDirectory="e05de9ec-fc18-45b8-9256-501226b25b9e" />
    <UnitTestResult executionId="b9408e31-1d80-43b7-bc6f-41a17893c922" testId="5536734d-a539-44fc-91cc-f04d6a436074" testName="UnitTestsBiblioMate.Controllers.AuthorsControllerTest.DeleteAuthor_ShouldReturnNotFoundWhenNotExists" computerName="0fc890f1414e" duration="00:00:00.0920099" startTime="2025-09-27T18:51:20.0002479+00:00" endTime="2025-09-27T18:51:20.0002480+00:00" testType="13cdc9d9-ddb5-4fa4-a97d-d965ccfc6d4b" outcome="Passed" testListId="8c84fa94-04c1-424b-9868-57a2d4851a1d" relativeResultsDirectory="b9408e31-1d80-43b7-bc6f-41a17893c922" />
    <UnitTestResult executionId="c44f952e-43a5-491a-bab9-c35106220672" testId="2466378d-bc51-8ab5-3ca8-7f1973cca127" testName="UnitTestsBiblioMate.Controllers.ReportsControllerTest.UpdateReport_NotFound_Returns404" computerName="0fc890f1414e" duration="00:00:00.0008173" startTime="2025-09-27T18:51:20.9334753+00:00" endTime="2025-09-27T18:51:20.9334754+00:00" testType="13cdc9d9-ddb5-4fa4-a97d-d965ccfc6d4b" outcome="Passed" testListId="8c84fa94-04c1-424b-9868-57a2d4851a1d" relativeResultsDirectory="c44f952e-43a5-491a-bab9-c35106220672" />
    <UnitTestResult executionId="24bec307-7b2d-47fb-bd14-70a7c2dcd646" testId="6b731fec-ade7-0ac8-ca12-36e28c69ebd0" testName="UnitTestsBiblioMate.Services.Infrastructure.Security.EncryptionServiceTest.Decrypt_WithTamperedCipher_ShouldThrowCryptographicException" computerName="0fc890f1414e" duration="00:00:00.0006007" startTime="2025-09-27T18:51:20.8396392+00:00" endTime="2025-09-27T18:51:20.8396393+00:00" testType="13cdc9d9-ddb5-4fa4-a97d-d965ccfc6d4b" outcome="Passed" testListId="8c84fa94-04c1-424b-9868-57a2d4851a1d" relativeResultsDirectory="24bec307-7b2d-47fb-bd14-70a7c2dcd646" />
    <UnitTestResult executionId="140b17a2-4053-420b-bea3-2c8017bc618a" testId="7bcb1def-3ef0-5767-0316-7d9c28a4f651" testName="UnitTestsBiblioMate.Controllers.TagsControllerTest.Ensure_Created_ReturnsCreatedAt" computerName="0fc890f1414e" duration="00:00:00.0035553" startTime="2025-09-27T18:51:20.0202265+00:00" endTime="2025-09-27T18:51:20.0202266+00:00" testType="13cdc9d9-ddb5-4fa4-a97d-d965ccfc6d4b" outcome="Passed" testListId="8c84fa94-04c1-424b-9868-57a2d4851a1d" relativeResultsDirectory="140b17a2-4053-420b-bea3-2c8017bc618a" />
    <UnitTestResult executionId="b2693a76-9f43-4ec3-9520-7ae3f6800b76" testId="31823d1a-6c4f-a08b-44cb-030cd445946e" testName="UnitTestsBiblioMate.Controllers.ShelfLevelsControllerTest.UpdateShelfLevel_IdMismatch_ReturnsBadRequest" computerName="0fc890f1414e" duration="00:00:00.0029760" startTime="2025-09-27T18:51:20.7314665+00:00" endTime="2025-09-27T18:51:20.7314666+00:00" testType="13cdc9d9-ddb5-4fa4-a97d-d965ccfc6d4b" outcome="Passed" testListId="8c84fa94-04c1-424b-9868-57a2d4851a1d" relativeResultsDirectory="b2693a76-9f43-4ec3-9520-7ae3f6800b76" />
    <UnitTestResult executionId="6172d682-2544-479b-9004-f83155e75425" testId="c1c4c265-2b17-52e4-67cd-c3bbc4031a5d" testName="UnitTestsBiblioMate.Services.Reports.ReportServiceTest.UpdateAsync_ShouldModifyReport_WhenExists" computerName="0fc890f1414e" duration="00:00:00.0042272" startTime="2025-09-27T18:51:20.9600799+00:00" endTime="2025-09-27T18:51:20.9600799+00:00" testType="13cdc9d9-ddb5-4fa4-a97d-d965ccfc6d4b" outcome="Passed" testListId="8c84fa94-04c1-424b-9868-57a2d4851a1d" relativeResultsDirectory="6172d682-2544-479b-9004-f83155e75425" />
    <UnitTestResult executionId="0dbdc49e-9d69-4a95-97f7-2475748d11dc" testId="86338d3a-21b3-b740-6d48-65dc83cf1336" testName="UnitTestsBiblioMate.Services.Notifications.NotificationLogServiceTest.GetByUserAsync_ShouldReturnLogsInDescendingOrder" computerName="0fc890f1414e" duration="00:00:00.0097013" startTime="2025-09-27T18:51:20.1733370+00:00" endTime="2025-09-27T18:51:20.1733370+00:00" testType="13cdc9d9-ddb5-4fa4-a97d-d965ccfc6d4b" outcome="Passed" testListId="8c84fa94-04c1-424b-9868-57a2d4851a1d" relativeResultsDirectory="0dbdc49e-9d69-4a95-97f7-2475748d11dc" />
    <UnitTestResult executionId="02ce842c-30e0-43c9-80f6-20bdfe71ebbb" testId="96a57f62-cb31-fe28-d1d6-07662a13be9c" testName="UnitTestsBiblioMate.Controllers.BooksControllerTest.GetBook_ShouldReturnNotFoundWhenNotExists" computerName="0fc890f1414e" duration="00:00:00.0008623" startTime="2025-09-27T18:51:20.0864246+00:00" endTime="2025-09-27T18:51:20.0864247+00:00" testType="13cdc9d9-ddb5-4fa4-a97d-d965ccfc6d4b" outcome="Passed" testListId="8c84fa94-04c1-424b-9868-57a2d4851a1d" relativeResultsDirectory="02ce842c-30e0-43c9-80f6-20bdfe71ebbb" />
    <UnitTestResult executionId="f257d26a-49f6-4cbf-9946-400c54ae2a4d" testId="d4197eb6-3f2a-5968-f3d0-2ee798e8ea5a" testName="UnitTestsBiblioMate.Controllers.BooksControllerTest.UpdateBook_ShouldReturnExpectedResult(serviceResult: True, expected: typeof(Microsoft.AspNetCore.Mvc.NoContentResult))" computerName="0fc890f1414e" duration="00:00:00.0013569" startTime="2025-09-27T18:51:20.0680609+00:00" endTime="2025-09-27T18:51:20.0680609+00:00" testType="13cdc9d9-ddb5-4fa4-a97d-d965ccfc6d4b" outcome="Passed" testListId="8c84fa94-04c1-424b-9868-57a2d4851a1d" relativeResultsDirectory="f257d26a-49f6-4cbf-9946-400c54ae2a4d" />
    <UnitTestResult executionId="fa4fabfe-7f1a-4ff4-ae4a-63a34f919ee4" testId="36609032-ed9c-708a-12a6-daad8748a0b0" testName="UnitTestsBiblioMate.Helpers.PagedResultTests.Create_InvalidPageSize_Throws" computerName="0fc890f1414e" duration="00:00:00.0002352" startTime="2025-09-27T18:51:20.1169132+00:00" endTime="2025-09-27T18:51:20.1169132+00:00" testType="13cdc9d9-ddb5-4fa4-a97d-d965ccfc6d4b" outcome="Passed" testListId="8c84fa94-04c1-424b-9868-57a2d4851a1d" relativeResultsDirectory="fa4fabfe-7f1a-4ff4-ae4a-63a34f919ee4" />
    <UnitTestResult executionId="d1c13f97-4fba-4eee-8b8a-0f0bfb29ddfd" testId="bd2acd27-36b1-2702-3bd6-a32956f1f1aa" testName="UnitTestsBiblioMate.Controllers.TagsControllerTest.DeleteTag_Success_ReturnsNoContent" computerName="0fc890f1414e" duration="00:00:00.0016648" startTime="2025-09-27T18:51:20.0115947+00:00" endTime="2025-09-27T18:51:20.0115947+00:00" testType="13cdc9d9-ddb5-4fa4-a97d-d965ccfc6d4b" outcome="Passed" testListId="8c84fa94-04c1-424b-9868-57a2d4851a1d" relativeResultsDirectory="d1c13f97-4fba-4eee-8b8a-0f0bfb29ddfd" />
    <UnitTestResult executionId="db070f30-9454-4b4c-981f-bd30c9fce4fa" testId="da56d109-0a49-b6f1-deb0-36bd28e8e654" testName="UnitTestsBiblioMate.Controllers.GenresControllerTest.GetGenre_ShouldReturnNotFoundWhenNotExists" computerName="0fc890f1414e" duration="00:00:00.0029818" startTime="2025-09-27T18:51:20.0509158+00:00" endTime="2025-09-27T18:51:20.0509159+00:00" testType="13cdc9d9-ddb5-4fa4-a97d-d965ccfc6d4b" outcome="Passed" testListId="8c84fa94-04c1-424b-9868-57a2d4851a1d" relativeResultsDirectory="db070f30-9454-4b4c-981f-bd30c9fce4fa" />
    <UnitTestResult executionId="c953f94d-afed-4886-84ba-d5541cd128e9" testId="0055b807-349c-f5e1-67db-a1b0ab9c4f61" testName="UnitTestsBiblioMate.Services.Catalog.BookServiceTest.CreateAsync_WithLocation_UsesLocationServiceToResolveShelfLevel" computerName="0fc890f1414e" duration="00:00:00.0073112" startTime="2025-09-27T18:51:20.9300547+00:00" endTime="2025-09-27T18:51:20.9300548+00:00" testType="13cdc9d9-ddb5-4fa4-a97d-d965ccfc6d4b" outcome="Passed" testListId="8c84fa94-04c1-424b-9868-57a2d4851a1d" relativeResultsDirectory="c953f94d-afed-4886-84ba-d5541cd128e9" />
    <UnitTestResult executionId="2cd7243b-6f8e-4ab8-93be-39b7d848089b" testId="a0de8d69-5950-bfda-abde-1cf2e409e02f" testName="UnitTestsBiblioMate.Controllers.ReservationsControllerTest.GetReservations_AsPrivileged_ReturnsOk(role: &quot;Admin&quot;)" computerName="0fc890f1414e" duration="00:00:00.0007178" startTime="2025-09-27T18:51:20.1084868+00:00" endTime="2025-09-27T18:51:20.1084869+00:00" testType="13cdc9d9-ddb5-4fa4-a97d-d965ccfc6d4b" outcome="Passed" testListId="8c84fa94-04c1-424b-9868-57a2d4851a1d" relativeResultsDirectory="2cd7243b-6f8e-4ab8-93be-39b7d848089b" />
    <UnitTestResult executionId="99f21bff-3197-43c2-ad27-55f3c47331f8" testId="16741afe-e8a7-22b1-043d-d1fb6504d52b" testName="UnitTestsBiblioMate.Services.Loans.LoanServiceTests.GetByIdAsync_ShouldReturnLoan_WhenFound" computerName="0fc890f1414e" duration="00:00:00.0025512" startTime="2025-09-27T18:51:20.9411450+00:00" endTime="2025-09-27T18:51:20.9411451+00:00" testType="13cdc9d9-ddb5-4fa4-a97d-d965ccfc6d4b" outcome="Passed" testListId="8c84fa94-04c1-424b-9868-57a2d4851a1d" relativeResultsDirectory="99f21bff-3197-43c2-ad27-55f3c47331f8" />
    <UnitTestResult executionId="e00858e6-9228-4975-bd69-4403df9480e0" testId="2c604a14-0913-4aef-c24e-765248a2deaf" testName="UnitTestsBiblioMate.Services.Catalog.EditorServiceTest.GetByIdAsync_ShouldReturnError_WhenNotExists" computerName="0fc890f1414e" duration="00:00:00.0103294" startTime="2025-09-27T18:51:20.9451789+00:00" endTime="2025-09-27T18:51:20.9451790+00:00" testType="13cdc9d9-ddb5-4fa4-a97d-d965ccfc6d4b" outcome="Passed" testListId="8c84fa94-04c1-424b-9868-57a2d4851a1d" relativeResultsDirectory="e00858e6-9228-4975-bd69-4403df9480e0" />
    <UnitTestResult executionId="3e1e010e-314f-48ce-9d92-e10044b4b106" testId="32813ac7-3f96-9dab-9053-1499573e3764" testName="UnitTestsBiblioMate.Services.Loans.ReservationServiceTest.CreateAsync_ShouldCreateAndReturnDto_WhenNoCopiesAvailable" computerName="0fc890f1414e" duration="00:00:00.0934642" startTime="2025-09-27T18:51:20.8898831+00:00" endTime="2025-09-27T18:51:20.8898831+00:00" testType="13cdc9d9-ddb5-4fa4-a97d-d965ccfc6d4b" outcome="Passed" testListId="8c84fa94-04c1-424b-9868-57a2d4851a1d" relativeResultsDirectory="3e1e010e-314f-48ce-9d92-e10044b4b106" />
    <UnitTestResult executionId="ea14811d-654e-44cf-b0a8-102bfc4d4959" testId="88e167b3-106d-6bb3-b58b-7a4577ba15e2" testName="UnitTestsBiblioMate.Controllers.NotificationsControllerTest.DeleteNotification_NotFound_Returns404" computerName="0fc890f1414e" duration="00:00:00.0090608" startTime="2025-09-27T18:51:20.9308262+00:00" endTime="2025-09-27T18:51:20.9308263+00:00" testType="13cdc9d9-ddb5-4fa4-a97d-d965ccfc6d4b" outcome="Passed" testListId="8c84fa94-04c1-424b-9868-57a2d4851a1d" relativeResultsDirectory="ea14811d-654e-44cf-b0a8-102bfc4d4959" />
    <UnitTestResult executionId="4bf1f6c9-c9e1-46eb-afa3-6101e0d40699" testId="45fa6ab0-0def-827a-8ff7-09a60fbaf759" testName="UnitTestsBiblioMate.Services.Users.AuthServiceTests.ResendConfirmationAsync_UnconfirmedUser_ShouldSendEmail_AndGenerateTokenIfMissing" computerName="0fc890f1414e" duration="00:00:00.0432664" startTime="2025-09-27T18:51:20.8922458+00:00" endTime="2025-09-27T18:51:20.8922459+00:00" testType="13cdc9d9-ddb5-4fa4-a97d-d965ccfc6d4b" outcome="Passed" testListId="8c84fa94-04c1-424b-9868-57a2d4851a1d" relativeResultsDirectory="4bf1f6c9-c9e1-46eb-afa3-6101e0d40699" />
    <UnitTestResult executionId="694de61b-4ce5-4005-859f-8e511822605d" testId="d5511e1d-1a15-abc8-03f9-36e36a13935b" testName="UnitTestsBiblioMate.Controllers.ReservationsControllerTest.DeleteReservation_NonOwnerNonAdmin_ReturnsForbid" computerName="0fc890f1414e" duration="00:00:00.0008440" startTime="2025-09-27T18:51:20.1048029+00:00" endTime="2025-09-27T18:51:20.1048030+00:00" testType="13cdc9d9-ddb5-4fa4-a97d-d965ccfc6d4b" outcome="Passed" testListId="8c84fa94-04c1-424b-9868-57a2d4851a1d" relativeResultsDirectory="694de61b-4ce5-4005-859f-8e511822605d" />
    <UnitTestResult executionId="61a8d524-2927-4654-bc5b-a947a78a306d" testId="8bb51434-7ac3-0446-b4d6-f57eda9d3fa9" testName="UnitTestsBiblioMate.Controllers.ShelvesControllerTest.UpdateShelf_Success_ReturnsNoContent" computerName="0fc890f1414e" duration="00:00:00.0135551" startTime="2025-09-27T18:51:20.8093843+00:00" endTime="2025-09-27T18:51:20.8093843+00:00" testType="13cdc9d9-ddb5-4fa4-a97d-d965ccfc6d4b" outcome="Passed" testListId="8c84fa94-04c1-424b-9868-57a2d4851a1d" relativeResultsDirectory="61a8d524-2927-4654-bc5b-a947a78a306d" />
    <UnitTestResult executionId="26ad3777-57dd-4473-8830-37ddaec23537" testId="bab8418d-76a3-f97e-07fa-552348be1861" testName="UnitTestsBiblioMate.Services.Catalog.ShelfServiceTests.DeleteAsync_ShouldReturnFalse_WhenNotExists" computerName="0fc890f1414e" duration="00:00:00.0028620" startTime="2025-09-27T18:51:20.7268504+00:00" endTime="2025-09-27T18:51:20.7268505+00:00" testType="13cdc9d9-ddb5-4fa4-a97d-d965ccfc6d4b" outcome="Passed" testListId="8c84fa94-04c1-424b-9868-57a2d4851a1d" relativeResultsDirectory="26ad3777-57dd-4473-8830-37ddaec23537" />
    <UnitTestResult executionId="900fbcfd-fc56-497c-83fb-c22b09ff8666" testId="a0bc616e-6be4-c331-549e-6074f34cc4e3" testName="UnitTestsBiblioMate.Controllers.ReservationsControllerTest.GetReservation_Owner_ReturnsOk" computerName="0fc890f1414e" duration="00:00:00.0016771" startTime="2025-09-27T18:51:20.0299684+00:00" endTime="2025-09-27T18:51:20.0299684+00:00" testType="13cdc9d9-ddb5-4fa4-a97d-d965ccfc6d4b" outcome="Passed" testListId="8c84fa94-04c1-424b-9868-57a2d4851a1d" relativeResultsDirectory="900fbcfd-fc56-497c-83fb-c22b09ff8666" />
    <UnitTestResult executionId="5a82f377-f1c4-4736-9c57-49e182836a81" testId="a57f8fdd-3dd2-e2ca-b019-fec10cd76bf1" testName="UnitTestsBiblioMate.Controllers.ZonesControllerTest.GetZones_ReturnsOkWithList" computerName="0fc890f1414e" duration="00:00:00.0032232" startTime="2025-09-27T18:51:20.8249416+00:00" endTime="2025-09-27T18:51:20.8249416+00:00" testType="13cdc9d9-ddb5-4fa4-a97d-d965ccfc6d4b" outcome="Passed" testListId="8c84fa94-04c1-424b-9868-57a2d4851a1d" relativeResultsDirectory="5a82f377-f1c4-4736-9c57-49e182836a81" />
    <UnitTestResult executionId="0c169cdb-98c4-4da8-a6c1-42790d768181" testId="28d82dd6-6a0d-8f78-d697-4cf7bb03aa92" testName="UnitTestsBiblioMate.Controllers.ReportsControllerTest.GetReports_AsUser_ReturnsOk" computerName="0fc890f1414e" duration="00:00:00.0043156" startTime="2025-09-27T18:51:20.8598725+00:00" endTime="2025-09-27T18:51:20.8598726+00:00" testType="13cdc9d9-ddb5-4fa4-a97d-d965ccfc6d4b" outcome="Passed" testListId="8c84fa94-04c1-424b-9868-57a2d4851a1d" relativeResultsDirectory="0c169cdb-98c4-4da8-a6c1-42790d768181" />
    <UnitTestResult executionId="5a4437be-2041-41aa-b64e-257454f04a8a" testId="a6a5d601-ff64-4f7b-131b-012677348bb7" testName="UnitTestsBiblioMate.Helpers.TokenHelperTests.GetUserId_Valid_ReturnsInt" computerName="0fc890f1414e" duration="00:00:00.0001336" startTime="2025-09-27T18:51:20.1165103+00:00" endTime="2025-09-27T18:51:20.1165103+00:00" testType="13cdc9d9-ddb5-4fa4-a97d-d965ccfc6d4b" outcome="Passed" testListId="8c84fa94-04c1-424b-9868-57a2d4851a1d" relativeResultsDirectory="5a4437be-2041-41aa-b64e-257454f04a8a" />
    <UnitTestResult executionId="b0b29569-d170-4e9d-a584-2c79b361e7f8" testId="8e41b35a-3ec8-ae0c-d290-6ca9761bbcff" testName="UnitTestsBiblioMate.Controllers.LocationsControllerTest.GetFloors_ShouldReturnOkWithFloors" computerName="0fc890f1414e" duration="00:00:00.0041237" startTime="2025-09-27T18:51:20.0743126+00:00" endTime="2025-09-27T18:51:20.0743127+00:00" testType="13cdc9d9-ddb5-4fa4-a97d-d965ccfc6d4b" outcome="Passed" testListId="8c84fa94-04c1-424b-9868-57a2d4851a1d" relativeResultsDirectory="b0b29569-d170-4e9d-a584-2c79b361e7f8" />
    <UnitTestResult executionId="b9be8726-f757-4c58-9242-7646a6e3ebcb" testId="7fc148eb-c442-b9c0-5627-bd4c2df9d151" testName="UnitTestsBiblioMate.Services.Catalog.BookServiceTest.DeleteAsync_RemovesBook_Tags_AndStock" computerName="0fc890f1414e" duration="00:00:00.6514831" startTime="2025-09-27T18:51:20.7839172+00:00" endTime="2025-09-27T18:51:20.7839172+00:00" testType="13cdc9d9-ddb5-4fa4-a97d-d965ccfc6d4b" outcome="Passed" testListId="8c84fa94-04c1-424b-9868-57a2d4851a1d" relativeResultsDirectory="b9be8726-f757-4c58-9242-7646a6e3ebcb" />
    <UnitTestResult executionId="304a4ee4-7859-4512-82b4-008821ada68e" testId="3959040a-558e-1fb1-4b62-db78200eeb19" testName="UnitTestsBiblioMate.Controllers.LoansControllerTest.CreateLoan_ShouldReturnBadRequestWhenError" computerName="0fc890f1414e" duration="00:00:00.0340006" startTime="2025-09-27T18:51:20.8937457+00:00" endTime="2025-09-27T18:51:20.8937457+00:00" testType="13cdc9d9-ddb5-4fa4-a97d-d965ccfc6d4b" outcome="Passed" testListId="8c84fa94-04c1-424b-9868-57a2d4851a1d" relativeResultsDirectory="304a4ee4-7859-4512-82b4-008821ada68e" />
    <UnitTestResult executionId="3b9b57f0-e5af-4b16-837b-7c742bfd6d3e" testId="b74f3c13-839c-1de3-f4f8-8e0257b211dc" testName="UnitTestsBiblioMate.Controllers.ShelvesControllerTest.GetShelves_ReturnsOkWithList" computerName="0fc890f1414e" duration="00:00:00.0049987" startTime="2025-09-27T18:51:20.8215743+00:00" endTime="2025-09-27T18:51:20.8215744+00:00" testType="13cdc9d9-ddb5-4fa4-a97d-d965ccfc6d4b" outcome="Passed" testListId="8c84fa94-04c1-424b-9868-57a2d4851a1d" relativeResultsDirectory="3b9b57f0-e5af-4b16-837b-7c742bfd6d3e" />
    <UnitTestResult executionId="a8aa086a-333a-4bc7-b81e-f65c4949b84b" testId="cbded241-c44d-6ce4-8caa-2590df7456b7" testName="UnitTestsBiblioMate.Services.Catalog.StockServiceTest.AdjustQuantity_ShouldChangeQuantityAndReflectAvailability(initialQty: 1, adjustment: -1, expectedQty: 0, expectedAvailable: False)" computerName="0fc890f1414e" duration="00:00:00.0001055" startTime="2025-09-27T18:51:20.7194992+00:00" endTime="2025-09-27T18:51:20.7194992+00:00" testType="13cdc9d9-ddb5-4fa4-a97d-d965ccfc6d4b" outcome="Passed" testListId="8c84fa94-04c1-424b-9868-57a2d4851a1d" relativeResultsDirectory="a8aa086a-333a-4bc7-b81e-f65c4949b84b" />
    <UnitTestResult executionId="7ee4e11c-6121-499e-b63f-2a64eceac055" testId="e01a47ba-3d64-5bf9-0048-2ad722af0114" testName="UnitTestsBiblioMate.Services.Reports.ReportServiceTest.GetByIdAsync_ShouldReturnReport_WhenExists" computerName="0fc890f1414e" duration="00:00:00.0031863" startTime="2025-09-27T18:51:20.9550625+00:00" endTime="2025-09-27T18:51:20.9550625+00:00" testType="13cdc9d9-ddb5-4fa4-a97d-d965ccfc6d4b" outcome="Passed" testListId="8c84fa94-04c1-424b-9868-57a2d4851a1d" relativeResultsDirectory="7ee4e11c-6121-499e-b63f-2a64eceac055" />
    <UnitTestResult executionId="5008bb5c-1f41-4064-ada9-46d4bc542b62" testId="bc4dc118-6145-d9b6-bbb7-59c85b5fd5cb" testName="UnitTestsBiblioMate.Services.Catalog.ShelfLevelServiceTest.GetByIdAsync_ShouldReturnShelfLevel_WhenExists" computerName="0fc890f1414e" duration="00:00:00.0338347" startTime="2025-09-27T18:51:20.7964709+00:00" endTime="2025-09-27T18:51:20.7964710+00:00" testType="13cdc9d9-ddb5-4fa4-a97d-d965ccfc6d4b" outcome="Passed" testListId="8c84fa94-04c1-424b-9868-57a2d4851a1d" relativeResultsDirectory="5008bb5c-1f41-4064-ada9-46d4bc542b62" />
    <UnitTestResult executionId="ff477e20-9724-4e74-9398-21b0798d763f" testId="a1d3f3fb-e34c-6ba9-0281-06cc60374178" testName="UnitTestsBiblioMate.Services.Catalog.ShelfLevelServiceTest.UpdateAsync_ShouldModifyShelfLevel_WhenExists" computerName="0fc890f1414e" duration="00:00:00.0030434" startTime="2025-09-27T18:51:20.8098538+00:00" endTime="2025-09-27T18:51:20.8098538+00:00" testType="13cdc9d9-ddb5-4fa4-a97d-d965ccfc6d4b" outcome="Passed" testListId="8c84fa94-04c1-424b-9868-57a2d4851a1d" relativeResultsDirectory="ff477e20-9724-4e74-9398-21b0798d763f" />
    <UnitTestResult executionId="50055f0f-75be-4e17-aaca-edaf016bc396" testId="8e6994e3-9911-9f34-5be6-a4edb38761ab" testName="UnitTestsBiblioMate.Controllers.AuthsControllerTest.ResendConfirmation_ShouldReturnOkOnSuccess" computerName="0fc890f1414e" duration="00:00:00.0033307" startTime="2025-09-27T18:51:20.9772756+00:00" endTime="2025-09-27T18:51:20.9772756+00:00" testType="13cdc9d9-ddb5-4fa4-a97d-d965ccfc6d4b" outcome="Passed" testListId="8c84fa94-04c1-424b-9868-57a2d4851a1d" relativeResultsDirectory="50055f0f-75be-4e17-aaca-edaf016bc396" />
    <UnitTestResult executionId="ca7efe94-7499-4216-adaf-39e739b86769" testId="d0892791-eee6-1e4a-9b66-135b14f505e6" testName="UnitTestsBiblioMate.Controllers.UsersControllerTest.DebugToken_ReturnsOkWithClaims" computerName="0fc890f1414e" duration="00:00:00.1751372" startTime="2025-09-27T18:51:21.0308951+00:00" endTime="2025-09-27T18:51:21.0308952+00:00" testType="13cdc9d9-ddb5-4fa4-a97d-d965ccfc6d4b" outcome="Passed" testListId="8c84fa94-04c1-424b-9868-57a2d4851a1d" relativeResultsDirectory="ca7efe94-7499-4216-adaf-39e739b86769" />
    <UnitTestResult executionId="50749e07-5bcb-423c-b5c3-6079cb3e4511" testId="25e80a42-1b3f-6af8-9f04-b9b23e967286" testName="UnitTestsBiblioMate.Controllers.ReservationsControllerTest.GetUserReservations_Self_ReturnsOk" computerName="0fc890f1414e" duration="00:00:00.0016313" startTime="2025-09-27T18:51:20.1119993+00:00" endTime="2025-09-27T18:51:20.1119994+00:00" testType="13cdc9d9-ddb5-4fa4-a97d-d965ccfc6d4b" outcome="Passed" testListId="8c84fa94-04c1-424b-9868-57a2d4851a1d" relativeResultsDirectory="50749e07-5bcb-423c-b5c3-6079cb3e4511" />
    <UnitTestResult executionId="32ab7232-05b1-4af8-9d16-5ef7f285b3e3" testId="79a09cb6-5867-35db-8756-9e5f1755526a" testName="UnitTestsBiblioMate.Services.Loans.LoanServiceTests.UpdateAsync_ShouldFail_WhenNotFound" computerName="0fc890f1414e" duration="00:00:00.0015558" startTime="2025-09-27T18:51:21.0464358+00:00" endTime="2025-09-27T18:51:21.0464358+00:00" testType="13cdc9d9-ddb5-4fa4-a97d-d965ccfc6d4b" outcome="Passed" testListId="8c84fa94-04c1-424b-9868-57a2d4851a1d" relativeResultsDirectory="32ab7232-05b1-4af8-9d16-5ef7f285b3e3" />
    <UnitTestResult executionId="fa9e0224-28be-4583-9dbc-812fd2d97fa3" testId="696cf3ca-1e0e-cfe7-4f39-0392a31de63d" testName="UnitTestsBiblioMate.Controllers.StocksControllerTest.AdjustStockQuantity_ZeroAdjustment_Returns400" computerName="0fc890f1414e" duration="00:00:00.0019476" startTime="2025-09-27T18:51:20.6958778+00:00" endTime="2025-09-27T18:51:20.6958778+00:00" testType="13cdc9d9-ddb5-4fa4-a97d-d965ccfc6d4b" outcome="Passed" testListId="8c84fa94-04c1-424b-9868-57a2d4851a1d" relativeResultsDirectory="fa9e0224-28be-4583-9dbc-812fd2d97fa3" />
    <UnitTestResult executionId="bbd82354-8b6a-43e4-9696-bdb39f90e2f4" testId="e957d115-7eca-b8a4-35c1-0ebe87f830be" testName="UnitTestsBiblioMate.Controllers.AuthsControllerTest.ApproveUser_ShouldReturnOkOnSuccess" computerName="0fc890f1414e" duration="00:00:00.0006956" startTime="2025-09-27T18:51:20.9504592+00:00" endTime="2025-09-27T18:51:20.9504593+00:00" testType="13cdc9d9-ddb5-4fa4-a97d-d965ccfc6d4b" outcome="Passed" testListId="8c84fa94-04c1-424b-9868-57a2d4851a1d" relativeResultsDirectory="bbd82354-8b6a-43e4-9696-bdb39f90e2f4" />
    <UnitTestResult executionId="8a01d06b-837d-48df-abdf-c0b1cfef9581" testId="8902c355-0bd4-d89b-9ff5-0a8aa307abe7" testName="UnitTestsBiblioMate.Services.Catalog.LocationServiceTest.GetAislesAsync_FiltersByFloor_AndReturnsDistinctSorted" computerName="0fc890f1414e" duration="00:00:00.0250953" startTime="2025-09-27T18:51:20.7318829+00:00" endTime="2025-09-27T18:51:20.7318829+00:00" testType="13cdc9d9-ddb5-4fa4-a97d-d965ccfc6d4b" outcome="Passed" testListId="8c84fa94-04c1-424b-9868-57a2d4851a1d" relativeResultsDirectory="8a01d06b-837d-48df-abdf-c0b1cfef9581" />
    <UnitTestResult executionId="e92150d3-acb0-415c-9a3a-3c9add911960" testId="224058e6-254f-6bc7-9fa7-083097cda0df" testName="UnitTestsBiblioMate.Services.Infrastructure.External.GoogleBooksServiceTest.SearchAsync_InvalidTerm_ThrowsArgumentException(term: &quot;&quot;)" computerName="0fc890f1414e" duration="00:00:00.0002111" startTime="2025-09-27T18:51:21.0141086+00:00" endTime="2025-09-27T18:51:21.0141086+00:00" testType="13cdc9d9-ddb5-4fa4-a97d-d965ccfc6d4b" outcome="Passed" testListId="8c84fa94-04c1-424b-9868-57a2d4851a1d" relativeResultsDirectory="e92150d3-acb0-415c-9a3a-3c9add911960" />
    <UnitTestResult executionId="4edf8dc1-9d1b-4cf2-ae96-2c6ef7038d39" testId="c01aeb4c-364a-335c-825f-7ecf96ee3642" testName="UnitTestsBiblioMate.Controllers.LocationsControllerTest.Ensure_ShouldReturnOk_WhenDtoValid" computerName="0fc890f1414e" duration="00:00:00.0077344" startTime="2025-09-27T18:51:20.0614673+00:00" endTime="2025-09-27T18:51:20.0614673+00:00" testType="13cdc9d9-ddb5-4fa4-a97d-d965ccfc6d4b" outcome="Passed" testListId="8c84fa94-04c1-424b-9868-57a2d4851a1d" relativeResultsDirectory="4edf8dc1-9d1b-4cf2-ae96-2c6ef7038d39" />
    <UnitTestResult executionId="54f2a3d5-0bc1-4ab1-baa9-1f947d9a5caf" testId="71646e2f-f827-b40f-0fc9-5ea3a32c89e6" testName="UnitTestsBiblioMate.Services.Catalog.TagServiceTests.CreateAsync_ShouldAddTag" computerName="0fc890f1414e" duration="00:00:00.0337207" startTime="2025-09-27T18:51:20.8951212+00:00" endTime="2025-09-27T18:51:20.8951213+00:00" testType="13cdc9d9-ddb5-4fa4-a97d-d965ccfc6d4b" outcome="Passed" testListId="8c84fa94-04c1-424b-9868-57a2d4851a1d" relativeResultsDirectory="54f2a3d5-0bc1-4ab1-baa9-1f947d9a5caf" />
    <UnitTestResult executionId="3bda503a-562b-4ba4-9709-c8ca0250bb87" testId="5c06aeee-7728-e8f0-5616-f5cbe24431af" testName="UnitTestsBiblioMate.Controllers.UsersControllerTest.GetCurrentUser_NotFound_Returns404" computerName="0fc890f1414e" duration="00:00:00.0013726" startTime="2025-09-27T18:51:21.0444767+00:00" endTime="2025-09-27T18:51:21.0444768+00:00" testType="13cdc9d9-ddb5-4fa4-a97d-d965ccfc6d4b" outcome="Passed" testListId="8c84fa94-04c1-424b-9868-57a2d4851a1d" relativeResultsDirectory="3bda503a-562b-4ba4-9709-c8ca0250bb87" />
    <UnitTestResult executionId="c24b2970-ee1c-40ae-be36-873d3c427034" testId="bd23ea2d-c446-2dee-4a8f-ecf6f98852de" testName="UnitTestsBiblioMate.Controllers.EditorsControllerTest.UpdateEditor_ShouldReturnNotFoundWhenNotExists" computerName="0fc890f1414e" duration="00:00:00.0036368" startTime="2025-09-27T18:51:20.0194808+00:00" endTime="2025-09-27T18:51:20.0194809+00:00" testType="13cdc9d9-ddb5-4fa4-a97d-d965ccfc6d4b" outcome="Passed" testListId="8c84fa94-04c1-424b-9868-57a2d4851a1d" relativeResultsDirectory="c24b2970-ee1c-40ae-be36-873d3c427034" />
    <UnitTestResult executionId="9b8d94d3-9187-4ba7-bfe2-fbee0591f235" testId="54d19a12-fa8f-d905-6c3f-15218139ae67" testName="UnitTestsBiblioMate.Controllers.ShelvesControllerTest.UpdateShelf_IdMismatch_ReturnsBadRequest" computerName="0fc890f1414e" duration="00:00:00.0044347" startTime="2025-09-27T18:51:20.8306043+00:00" endTime="2025-09-27T18:51:20.8306043+00:00" testType="13cdc9d9-ddb5-4fa4-a97d-d965ccfc6d4b" outcome="Passed" testListId="8c84fa94-04c1-424b-9868-57a2d4851a1d" relativeResultsDirectory="9b8d94d3-9187-4ba7-bfe2-fbee0591f235" />
    <UnitTestResult executionId="b9fbb4ec-99df-4dc1-b921-45b1e58ff04a" testId="eda0f3f4-fcbf-bcdd-5b6a-b5f8df70f781" testName="UnitTestsBiblioMate.Controllers.BooksControllerTest.SearchBooks_ShouldReturnOkWithResults" computerName="0fc890f1414e" duration="00:00:00.0154776" startTime="2025-09-27T18:51:20.0500665+00:00" endTime="2025-09-27T18:51:20.0500666+00:00" testType="13cdc9d9-ddb5-4fa4-a97d-d965ccfc6d4b" outcome="Passed" testListId="8c84fa94-04c1-424b-9868-57a2d4851a1d" relativeResultsDirectory="b9fbb4ec-99df-4dc1-b921-45b1e58ff04a" />
    <UnitTestResult executionId="8a2e2adb-1ac5-4ae7-9ee2-45f837c75f8d" testId="8df42748-a4fa-e2be-576d-09b7ed282ffd" testName="UnitTestsBiblioMate.Services.Infrastructure.Security.EncryptionServiceTest.EncryptDecrypt_ShouldRoundtripSuccessfully" computerName="0fc890f1414e" duration="00:00:00.0003247" startTime="2025-09-27T18:51:20.8370168+00:00" endTime="2025-09-27T18:51:20.8370169+00:00" testType="13cdc9d9-ddb5-4fa4-a97d-d965ccfc6d4b" outcome="Passed" testListId="8c84fa94-04c1-424b-9868-57a2d4851a1d" relativeResultsDirectory="8a2e2adb-1ac5-4ae7-9ee2-45f837c75f8d" />
    <UnitTestResult executionId="e7abe691-3cea-418e-bde5-fefecd1785be" testId="74336762-0c75-7f90-90f7-b0aa0d540297" testName="UnitTestsBiblioMate.Controllers.ReportsControllerTest.GetReport_Admin_ReturnsOk" computerName="0fc890f1414e" duration="00:00:00.0008061" startTime="2025-09-27T18:51:20.9304466+00:00" endTime="2025-09-27T18:51:20.9304467+00:00" testType="13cdc9d9-ddb5-4fa4-a97d-d965ccfc6d4b" outcome="Passed" testListId="8c84fa94-04c1-424b-9868-57a2d4851a1d" relativeResultsDirectory="e7abe691-3cea-418e-bde5-fefecd1785be" />
    <UnitTestResult executionId="6e666d57-e1ae-4c4a-864f-3b81ac586077" testId="cf6e2181-a90e-9e00-cf3a-86524b7f2b19" testName="UnitTestsBiblioMate.Controllers.ReportsControllerTest.UpdateReport_OwnerFailure_ReturnsNotFound" computerName="0fc890f1414e" duration="00:00:00.0026122" startTime="2025-09-27T18:51:20.9216982+00:00" endTime="2025-09-27T18:51:20.9216982+00:00" testType="13cdc9d9-ddb5-4fa4-a97d-d965ccfc6d4b" outcome="Passed" testListId="8c84fa94-04c1-424b-9868-57a2d4851a1d" relativeResultsDirectory="6e666d57-e1ae-4c4a-864f-3b81ac586077" />
    <UnitTestResult executionId="715f6f94-0a08-408f-ad94-a821b60dfee3" testId="a642237a-545d-4d4b-f2a8-58611c667e2e" testName="UnitTestsBiblioMate.Services.Infrastructure.External.GoogleBooksServiceTest.SearchAsync_InvalidTerm_ThrowsArgumentException(term: null)" computerName="0fc890f1414e" duration="00:00:00.0011264" startTime="2025-09-27T18:51:21.0137170+00:00" endTime="2025-09-27T18:51:21.0137170+00:00" testType="13cdc9d9-ddb5-4fa4-a97d-d965ccfc6d4b" outcome="Passed" testListId="8c84fa94-04c1-424b-9868-57a2d4851a1d" relativeResultsDirectory="715f6f94-0a08-408f-ad94-a821b60dfee3" />
    <UnitTestResult executionId="bdc63a63-5145-43a6-8695-c81804928d6a" testId="63159009-ce85-97e5-2e35-37e8db0cab9d" testName="UnitTestsBiblioMate.Controllers.ReportsControllerTest.DeleteReport_NonOwnerNonAdmin_ReturnsForbid" computerName="0fc890f1414e" duration="00:00:00.0311502" startTime="2025-09-27T18:51:20.8918821+00:00" endTime="2025-09-27T18:51:20.8918822+00:00" testType="13cdc9d9-ddb5-4fa4-a97d-d965ccfc6d4b" outcome="Passed" testListId="8c84fa94-04c1-424b-9868-57a2d4851a1d" relativeResultsDirectory="bdc63a63-5145-43a6-8695-c81804928d6a" />
    <UnitTestResult executionId="12fddf0c-930a-405f-9956-07fc5ded706e" testId="0052a6bb-d12a-206f-8b5a-f2ae9964093b" testName="UnitTestsBiblioMate.Controllers.RecommendationsControllerTest.GetRecommendations_AdminRequestsOtherUser_ReturnsOk" computerName="0fc890f1414e" duration="00:00:00.1025108" startTime="2025-09-27T18:51:20.0131826+00:00" endTime="2025-09-27T18:51:20.0131826+00:00" testType="13cdc9d9-ddb5-4fa4-a97d-d965ccfc6d4b" outcome="Passed" testListId="8c84fa94-04c1-424b-9868-57a2d4851a1d" relativeResultsDirectory="12fddf0c-930a-405f-9956-07fc5ded706e" />
    <UnitTestResult executionId="7224ba0b-4d2f-4899-a5ea-601fabf79271" testId="d9953a55-fd45-32eb-24b5-3a8863ba74e1" testName="UnitTestsBiblioMate.Services.Infrastructure.Logging.MongoLogServiceTest.Constructor_NullCollection_ThrowsArgumentNullException" computerName="0fc890f1414e" duration="00:00:00.0001743" startTime="2025-09-27T18:51:20.0833489+00:00" endTime="2025-09-27T18:51:20.0833489+00:00" testType="13cdc9d9-ddb5-4fa4-a97d-d965ccfc6d4b" outcome="Passed" testListId="8c84fa94-04c1-424b-9868-57a2d4851a1d" relativeResultsDirectory="7224ba0b-4d2f-4899-a5ea-601fabf79271" />
    <UnitTestResult executionId="bd9ebe06-1d2c-4a28-908b-742bb9d39d92" testId="23415afc-7f6d-975b-5632-f098a4cac009" testName="UnitTestsBiblioMate.Controllers.StocksControllerTest.DeleteStock_NotFound_Returns404" computerName="0fc890f1414e" duration="00:00:00.0063768" startTime="2025-09-27T18:51:20.7127023+00:00" endTime="2025-09-27T18:51:20.7127023+00:00" testType="13cdc9d9-ddb5-4fa4-a97d-d965ccfc6d4b" outcome="Passed" testListId="8c84fa94-04c1-424b-9868-57a2d4851a1d" relativeResultsDirectory="bd9ebe06-1d2c-4a28-908b-742bb9d39d92" />
    <UnitTestResult executionId="4187c259-ba59-459a-8d94-c43157cc076a" testId="aa7cc8cf-d777-2355-e392-ea65774c3d14" testName="UnitTestsBiblioMate.Services.Catalog.EditorServiceTest.GetByIdAsync_ShouldReturnEditor_WhenExists" computerName="0fc890f1414e" duration="00:00:00.0013910" startTime="2025-09-27T18:51:20.9472102+00:00" endTime="2025-09-27T18:51:20.9472103+00:00" testType="13cdc9d9-ddb5-4fa4-a97d-d965ccfc6d4b" outcome="Passed" testListId="8c84fa94-04c1-424b-9868-57a2d4851a1d" relativeResultsDirectory="4187c259-ba59-459a-8d94-c43157cc076a" />
    <UnitTestResult executionId="2d29ba37-79e3-42a2-9d67-1f2ab963761e" testId="1dfeebe7-8691-bf15-e3af-2b610e6264b2" testName="UnitTestsBiblioMate.Services.Catalog.ShelfLevelServiceTest.GetByIdAsync_ShouldReturnNull_WhenNotExists" computerName="0fc890f1414e" duration="00:00:00.0011424" startTime="2025-09-27T18:51:20.8064509+00:00" endTime="2025-09-27T18:51:20.8064509+00:00" testType="13cdc9d9-ddb5-4fa4-a97d-d965ccfc6d4b" outcome="Passed" testListId="8c84fa94-04c1-424b-9868-57a2d4851a1d" relativeResultsDirectory="2d29ba37-79e3-42a2-9d67-1f2ab963761e" />
    <UnitTestResult executionId="a6ea09a0-09e8-49df-bc96-72e51ad5bef6" testId="4fde8d4f-eb2d-5b9f-6e2a-8e0b3c3ed1ed" testName="UnitTestsBiblioMate.Services.Users.AuthServiceTests.LoginAsync_ShouldFail_WhenNotApproved" computerName="0fc890f1414e" duration="00:00:00.6749179" startTime="2025-09-27T18:51:21.5660811+00:00" endTime="2025-09-27T18:51:21.5660813+00:00" testType="13cdc9d9-ddb5-4fa4-a97d-d965ccfc6d4b" outcome="Passed" testListId="8c84fa94-04c1-424b-9868-57a2d4851a1d" relativeResultsDirectory="a6ea09a0-09e8-49df-bc96-72e51ad5bef6" />
    <UnitTestResult executionId="5d9ca76d-42da-4b3e-99ab-bbc13d3252cb" testId="0937e7b8-cff3-4ed8-5b3e-0d1c82a8f834" testName="UnitTestsBiblioMate.Services.Catalog.StockServiceTest.Increase_ShouldAddOneAndReflectAvailability(initialQty: 5, expectedQty: 6, expectedAvailable: True)" computerName="0fc890f1414e" duration="00:00:00.0003045" startTime="2025-09-27T18:51:20.7202214+00:00" endTime="2025-09-27T18:51:20.7202215+00:00" testType="13cdc9d9-ddb5-4fa4-a97d-d965ccfc6d4b" outcome="Passed" testListId="8c84fa94-04c1-424b-9868-57a2d4851a1d" relativeResultsDirectory="5d9ca76d-42da-4b3e-99ab-bbc13d3252cb" />
    <UnitTestResult executionId="32279e2a-97e5-4f39-af6c-ed8600a9a689" testId="9905d683-52b9-0716-1304-d7029775ecb5" testName="UnitTestsBiblioMate.Services.Infrastructure.Logging.MongoLogServiceTest.AddAsync_NullLog_ThrowsArgumentNullException" computerName="0fc890f1414e" duration="00:00:00.0028885" startTime="2025-09-27T18:51:20.0556492+00:00" endTime="2025-09-27T18:51:20.0556492+00:00" testType="13cdc9d9-ddb5-4fa4-a97d-d965ccfc6d4b" outcome="Passed" testListId="8c84fa94-04c1-424b-9868-57a2d4851a1d" relativeResultsDirectory="32279e2a-97e5-4f39-af6c-ed8600a9a689" />
    <UnitTestResult executionId="3ca08d0e-258e-49de-9592-81095241a6c4" testId="3565a929-4ae0-6fac-5d39-df418e416cca" testName="UnitTestsBiblioMate.Services.Infrastructure.Logging.MongoLogServiceTest.Constructor_NullLogger_ThrowsArgumentNullException" computerName="0fc890f1414e" duration="00:00:00.0002738" startTime="2025-09-27T18:51:20.0638632+00:00" endTime="2025-09-27T18:51:20.0638632+00:00" testType="13cdc9d9-ddb5-4fa4-a97d-d965ccfc6d4b" outcome="Passed" testListId="8c84fa94-04c1-424b-9868-57a2d4851a1d" relativeResultsDirectory="3ca08d0e-258e-49de-9592-81095241a6c4" />
    <UnitTestResult executionId="1a1e388c-e5f7-4f97-ba0e-5e55cdbafd70" testId="5c9ba572-b6f5-cd64-d0ed-9a6e28c02978" testName="UnitTestsBiblioMate.Controllers.ShelfLevelsControllerTest.CreateShelfLevel_ReturnsCreated" computerName="0fc890f1414e" duration="00:00:00.0068836" startTime="2025-09-27T18:51:20.7463788+00:00" endTime="2025-09-27T18:51:20.7463789+00:00" testType="13cdc9d9-ddb5-4fa4-a97d-d965ccfc6d4b" outcome="Passed" testListId="8c84fa94-04c1-424b-9868-57a2d4851a1d" relativeResultsDirectory="1a1e388c-e5f7-4f97-ba0e-5e55cdbafd70" />
    <UnitTestResult executionId="23da95b2-5792-4a4b-a097-af11d4b0f075" testId="deeb48d6-4ff6-51f9-31b8-046638a0d0e3" testName="UnitTestsBiblioMate.Controllers.GenresControllerTest.Ensure_ShouldReturnCreatedWhenNew" computerName="0fc890f1414e" duration="00:00:00.0026918" startTime="2025-09-27T18:51:20.0677260+00:00" endTime="2025-09-27T18:51:20.0677261+00:00" testType="13cdc9d9-ddb5-4fa4-a97d-d965ccfc6d4b" outcome="Passed" testListId="8c84fa94-04c1-424b-9868-57a2d4851a1d" relativeResultsDirectory="23da95b2-5792-4a4b-a097-af11d4b0f075" />
    <UnitTestResult executionId="702f533b-88cd-4791-885d-35807eeb3747" testId="7027f3cc-3718-fd31-0b84-aca079eec10d" testName="UnitTestsBiblioMate.Helpers.TokenHelperTests.TryGetUserId_NoClaim_ReturnsFalse" computerName="0fc890f1414e" duration="00:00:00.0002694" startTime="2025-09-27T18:51:20.1152925+00:00" endTime="2025-09-27T18:51:20.1152925+00:00" testType="13cdc9d9-ddb5-4fa4-a97d-d965ccfc6d4b" outcome="Passed" testListId="8c84fa94-04c1-424b-9868-57a2d4851a1d" relativeResultsDirectory="702f533b-88cd-4791-885d-35807eeb3747" />
    <UnitTestResult executionId="06f07472-81ea-4b54-9fcc-ed978eefe9e7" testId="6f003654-0850-63d6-e1de-79c309aa9fd0" testName="UnitTestsBiblioMate.Services.Catalog.StockServiceTest.AdjustQuantity_ShouldChangeQuantityAndReflectAvailability(initialQty: 5, adjustment: -3, expectedQty: 2, expectedAvailable: True)" computerName="0fc890f1414e" duration="00:00:00.0006859" startTime="2025-09-27T18:51:20.7187401+00:00" endTime="2025-09-27T18:51:20.7187401+00:00" testType="13cdc9d9-ddb5-4fa4-a97d-d965ccfc6d4b" outcome="Passed" testListId="8c84fa94-04c1-424b-9868-57a2d4851a1d" relativeResultsDirectory="06f07472-81ea-4b54-9fcc-ed978eefe9e7" />
    <UnitTestResult executionId="d37a8b3f-2950-4f16-ab8c-b77be422c952" testId="b6bbd876-9e59-c336-8016-4e7a3f5f20fb" testName="UnitTestsBiblioMate.Services.Catalog.BookServiceTest.CreateAsync_WithShelfLevelId_AddsBook_MapsProjection" computerName="0fc890f1414e" duration="00:00:00.1518940" startTime="2025-09-27T18:51:20.9201887+00:00" endTime="2025-09-27T18:51:20.9201887+00:00" testType="13cdc9d9-ddb5-4fa4-a97d-d965ccfc6d4b" outcome="Passed" testListId="8c84fa94-04c1-424b-9868-57a2d4851a1d" relativeResultsDirectory="d37a8b3f-2950-4f16-ab8c-b77be422c952" />
    <UnitTestResult executionId="e409eabf-b9e0-48b0-b7be-544d8c241c2e" testId="4b4c7f4d-ca3b-32b7-9914-97589f78deb6" testName="UnitTestsBiblioMate.Controllers.NotificationsControllerTest.GetNotification_ForbiddenForNormalUser_WhenOtherUser" computerName="0fc890f1414e" duration="00:00:00.0850416" startTime="2025-09-27T18:51:20.8915452+00:00" endTime="2025-09-27T18:51:20.8915452+00:00" testType="13cdc9d9-ddb5-4fa4-a97d-d965ccfc6d4b" outcome="Passed" testListId="8c84fa94-04c1-424b-9868-57a2d4851a1d" relativeResultsDirectory="e409eabf-b9e0-48b0-b7be-544d8c241c2e" />
    <UnitTestResult executionId="f65cd9d4-adf9-4d7b-a24e-dbb6fc49de69" testId="9b78c9b9-80c8-a39b-d363-88174dec18c9" testName="UnitTestsBiblioMate.Controllers.AuthorsControllerTest.GetAuthor_ShouldReturnNotFoundWhenNotExists" computerName="0fc890f1414e" duration="00:00:00.0026267" startTime="2025-09-27T18:51:20.0237482+00:00" endTime="2025-09-27T18:51:20.0237483+00:00" testType="13cdc9d9-ddb5-4fa4-a97d-d965ccfc6d4b" outcome="Passed" testListId="8c84fa94-04c1-424b-9868-57a2d4851a1d" relativeResultsDirectory="f65cd9d4-adf9-4d7b-a24e-dbb6fc49de69" />
    <UnitTestResult executionId="b0246d8a-dd87-4ca6-a0a6-6adce6ad35b2" testId="09a5ccab-d765-6747-ff70-72a4e8ec5a85" testName="UnitTestsBiblioMate.Controllers.NotificationsLogsControllerTest.Create_ShouldReturnCreatedWithDocument" computerName="0fc890f1414e" duration="00:00:00.0037045" startTime="2025-09-27T18:51:20.7853161+00:00" endTime="2025-09-27T18:51:20.7853161+00:00" testType="13cdc9d9-ddb5-4fa4-a97d-d965ccfc6d4b" outcome="Passed" testListId="8c84fa94-04c1-424b-9868-57a2d4851a1d" relativeResultsDirectory="b0246d8a-dd87-4ca6-a0a6-6adce6ad35b2" />
    <UnitTestResult executionId="03ef7efa-17ae-4b9d-a71d-24b3dbd043cf" testId="99abcbed-c980-7857-7e97-988c5ffdb5bd" testName="UnitTestsBiblioMate.Services.Catalog.ShelfServiceTests.DeleteAsync_ShouldRemoveShelf_WhenExists" computerName="0fc890f1414e" duration="00:00:00.0072870" startTime="2025-09-27T18:51:20.7622329+00:00" endTime="2025-09-27T18:51:20.7622329+00:00" testType="13cdc9d9-ddb5-4fa4-a97d-d965ccfc6d4b" outcome="Passed" testListId="8c84fa94-04c1-424b-9868-57a2d4851a1d" relativeResultsDirectory="03ef7efa-17ae-4b9d-a71d-24b3dbd043cf" />
    <UnitTestResult executionId="9befaafc-bbf8-4fa9-9945-1a9fa6406797" testId="a66001a0-c4ec-36c0-5d06-83a92efd5b40" testName="UnitTestsBiblioMate.Controllers.ReservationsControllerTest.CreateReservation_Self_ReturnsCreated" computerName="0fc890f1414e" duration="00:00:00.0031213" startTime="2025-09-27T18:51:20.0331031+00:00" endTime="2025-09-27T18:51:20.0331032+00:00" testType="13cdc9d9-ddb5-4fa4-a97d-d965ccfc6d4b" outcome="Passed" testListId="8c84fa94-04c1-424b-9868-57a2d4851a1d" relativeResultsDirectory="9befaafc-bbf8-4fa9-9945-1a9fa6406797" />
    <UnitTestResult executionId="9a56f987-27f1-4bc8-9321-73706af181a5" testId="c286ab53-bfd4-d10c-c922-e82b8ccd857f" testName="UnitTestsBiblioMate.Services.Catalog.BookServiceTest.CreateAsync_WithoutShelfLevelIdAndWithoutLocation_ThrowsValidationException" computerName="0fc890f1414e" duration="00:00:00.0012685" startTime="2025-09-27T18:51:21.0787406+00:00" endTime="2025-09-27T18:51:21.0787406+00:00" testType="13cdc9d9-ddb5-4fa4-a97d-d965ccfc6d4b" outcome="Passed" testListId="8c84fa94-04c1-424b-9868-57a2d4851a1d" relativeResultsDirectory="9a56f987-27f1-4bc8-9321-73706af181a5" />
    <UnitTestResult executionId="d3cd78e4-6030-436a-98d3-a8f977b9eaa7" testId="9046d5d2-261d-b816-f1e7-b0c8e14bb9e6" testName="UnitTestsBiblioMate.Controllers.UsersControllerTest.UpdateCurrentUser_NotFound_Returns404" computerName="0fc890f1414e" duration="00:00:00.0020466" startTime="2025-09-27T18:51:21.0499956+00:00" endTime="2025-09-27T18:51:21.0499957+00:00" testType="13cdc9d9-ddb5-4fa4-a97d-d965ccfc6d4b" outcome="Passed" testListId="8c84fa94-04c1-424b-9868-57a2d4851a1d" relativeResultsDirectory="d3cd78e4-6030-436a-98d3-a8f977b9eaa7" />
    <UnitTestResult executionId="28813542-b5dd-4a24-a81b-14b6b5a4378b" testId="51506895-cad2-6f85-2389-060f067f14b7" testName="UnitTestsBiblioMate.Services.Catalog.EditorServiceTest.DeleteAsync_ShouldRemoveEditor_WhenExists" computerName="0fc890f1414e" duration="00:00:00.0092431" startTime="2025-09-27T18:51:20.9350570+00:00" endTime="2025-09-27T18:51:20.9350570+00:00" testType="13cdc9d9-ddb5-4fa4-a97d-d965ccfc6d4b" outcome="Passed" testListId="8c84fa94-04c1-424b-9868-57a2d4851a1d" relativeResultsDirectory="28813542-b5dd-4a24-a81b-14b6b5a4378b" />
    <UnitTestResult executionId="dd957bad-9cb4-4119-b7e2-c1f98e5cc623" testId="df7cb914-5000-b32b-c6f0-7fcef6a462b5" testName="UnitTestsBiblioMate.Services.Catalog.LocationServiceTest.EnsureAsync_CreatesZoneShelfLevel_WhenMissing" computerName="0fc890f1414e" duration="00:00:00.0420851" startTime="2025-09-27T18:51:20.7960752+00:00" endTime="2025-09-27T18:51:20.7960753+00:00" testType="13cdc9d9-ddb5-4fa4-a97d-d965ccfc6d4b" outcome="Passed" testListId="8c84fa94-04c1-424b-9868-57a2d4851a1d" relativeResultsDirectory="dd957bad-9cb4-4119-b7e2-c1f98e5cc623" />
    <UnitTestResult executionId="eed92071-6d3b-4be8-b339-9f8ebcfcb5e4" testId="4270611d-23fc-a93c-5dd8-fb997a9a0681" testName="UnitTestsBiblioMate.Services.Catalog.ZonesServiceTests.GetByIdAsync_ShouldReturnNull_WhenNotExists" computerName="0fc890f1414e" duration="00:00:00.0138035" startTime="2025-09-27T18:51:20.7402614+00:00" endTime="2025-09-27T18:51:20.7402615+00:00" testType="13cdc9d9-ddb5-4fa4-a97d-d965ccfc6d4b" outcome="Passed" testListId="8c84fa94-04c1-424b-9868-57a2d4851a1d" relativeResultsDirectory="eed92071-6d3b-4be8-b339-9f8ebcfcb5e4">
      <Output>
        <StdOut>=== GetByIdAsync (not exists): START ===
Result: null
=== GetByIdAsync (not exists): END ===</StdOut>
      </Output>
    </UnitTestResult>
    <UnitTestResult executionId="c95c941c-bcd2-472f-8e6d-1a9e184a88f5" testId="84e1a9f9-0710-15eb-e46f-b26a5a5269ed" testName="UnitTestsBiblioMate.Controllers.BooksControllerTest.CreateBook_ShouldReturnCreatedAtAction" computerName="0fc890f1414e" duration="00:00:00.0051954" startTime="2025-09-27T18:51:20.0624735+00:00" endTime="2025-09-27T18:51:20.0624736+00:00" testType="13cdc9d9-ddb5-4fa4-a97d-d965ccfc6d4b" outcome="Passed" testListId="8c84fa94-04c1-424b-9868-57a2d4851a1d" relativeResultsDirectory="c95c941c-bcd2-472f-8e6d-1a9e184a88f5" />
    <UnitTestResult executionId="fd2800c3-56e1-4da7-bea0-e1cb9364b4b8" testId="5e7d3db5-a62c-11c0-2c77-38a9a07fea69" testName="UnitTestsBiblioMate.Controllers.EditorsControllerTest.EnsureEditor_ShouldReturnCreatedWhenNew" computerName="0fc890f1414e" duration="00:00:00.0119421" startTime="2025-09-27T18:51:20.0173132+00:00" endTime="2025-09-27T18:51:20.0173132+00:00" testType="13cdc9d9-ddb5-4fa4-a97d-d965ccfc6d4b" outcome="Passed" testListId="8c84fa94-04c1-424b-9868-57a2d4851a1d" relativeResultsDirectory="fd2800c3-56e1-4da7-bea0-e1cb9364b4b8" />
    <UnitTestResult executionId="94a05263-4589-4122-9a82-37bcc18d0896" testId="a8c3529d-2b12-ce2c-2f3e-5ae63394092e" testName="UnitTestsBiblioMate.Services.Infrastructure.Logging.MongoLogServiceTest.AddAsync_ValidLog_CallsInsertOneAsyncOnce" computerName="0fc890f1414e" duration="00:00:00.0140519" startTime="2025-09-27T18:51:20.0809953+00:00" endTime="2025-09-27T18:51:20.0809954+00:00" testType="13cdc9d9-ddb5-4fa4-a97d-d965ccfc6d4b" outcome="Passed" testListId="8c84fa94-04c1-424b-9868-57a2d4851a1d" relativeResultsDirectory="94a05263-4589-4122-9a82-37bcc18d0896" />
    <UnitTestResult executionId="ca0c5fad-a696-4285-a925-85024886f390" testId="44d87701-f998-2d61-4362-b3997aee69a2" testName="UnitTestsBiblioMate.Services.Users.UserServiceTests.GetAllAsync_ShouldReturnAllUsers" computerName="0fc890f1414e" duration="00:00:00.0085102" startTime="2025-09-27T18:51:21.2642808+00:00" endTime="2025-09-27T18:51:21.2642809+00:00" testType="13cdc9d9-ddb5-4fa4-a97d-d965ccfc6d4b" outcome="Passed" testListId="8c84fa94-04c1-424b-9868-57a2d4851a1d" relativeResultsDirectory="ca0c5fad-a696-4285-a925-85024886f390">
      <Output>
        <StdOut>=== GetAllAsync: START ===
Found Users Count: 2
=== GetAllAsync: END ===</StdOut>
      </Output>
    </UnitTestResult>
    <UnitTestResult executionId="c5b6d651-5759-4b9c-9fc8-f8580e55ac42" testId="bdf7f953-e824-c6c3-1c8c-c8b8f27bcf97" testName="UnitTestsBiblioMate.Helpers.PagedResultTests.Create_InvalidPageNumber_Throws" computerName="0fc890f1414e" duration="00:00:00.0001129" startTime="2025-09-27T18:51:20.1302988+00:00" endTime="2025-09-27T18:51:20.1302989+00:00" testType="13cdc9d9-ddb5-4fa4-a97d-d965ccfc6d4b" outcome="Passed" testListId="8c84fa94-04c1-424b-9868-57a2d4851a1d" relativeResultsDirectory="c5b6d651-5759-4b9c-9fc8-f8580e55ac42" />
    <UnitTestResult executionId="dcb7c727-a228-4bd7-8ec2-f05c968f403b" testId="880e8343-327e-786b-fef8-556cbd81b07b" testName="UnitTestsBiblioMate.Controllers.GenresControllerTest.DeleteGenre_ShouldReturnNotFoundWhenNotExists" computerName="0fc890f1414e" duration="00:00:00.0026013" startTime="2025-09-27T18:51:20.0478469+00:00" endTime="2025-09-27T18:51:20.0478470+00:00" testType="13cdc9d9-ddb5-4fa4-a97d-d965ccfc6d4b" outcome="Passed" testListId="8c84fa94-04c1-424b-9868-57a2d4851a1d" relativeResultsDirectory="dcb7c727-a228-4bd7-8ec2-f05c968f403b" />
    <UnitTestResult executionId="f6298004-3975-47d5-9d6a-4b2d9a9af469" testId="2b9787ff-9053-0408-af66-9af4d931f0dc" testName="UnitTestsBiblioMate.Services.Catalog.LocationServiceTest.GetLevelsAsync_ReturnsOrderedLevelsForShelf" computerName="0fc890f1414e" duration="00:00:00.8000978" startTime="2025-09-27T18:51:20.7069162+00:00" endTime="2025-09-27T18:51:20.7069163+00:00" testType="13cdc9d9-ddb5-4fa4-a97d-d965ccfc6d4b" outcome="Passed" testListId="8c84fa94-04c1-424b-9868-57a2d4851a1d" relativeResultsDirectory="f6298004-3975-47d5-9d6a-4b2d9a9af469" />
    <UnitTestResult executionId="ed739361-4d3a-480b-a41b-8d10e69c62d2" testId="b93f54c9-6701-f021-0a4a-5c4c45e54e96" testName="UnitTestsBiblioMate.Controllers.RecommendationsControllerTest.GetRecommendations_UserRequestsOwn_ReturnsOk" computerName="0fc890f1414e" duration="00:00:00.0021925" startTime="2025-09-27T18:51:20.0177308+00:00" endTime="2025-09-27T18:51:20.0177309+00:00" testType="13cdc9d9-ddb5-4fa4-a97d-d965ccfc6d4b" outcome="Passed" testListId="8c84fa94-04c1-424b-9868-57a2d4851a1d" relativeResultsDirectory="ed739361-4d3a-480b-a41b-8d10e69c62d2" />
    <UnitTestResult executionId="e9f6886a-0432-4c0b-899f-1b8e7f514f70" testId="2c2b927c-6d94-9439-71a6-6212f811ddb5" testName="UnitTestsBiblioMate.Services.Users.UserServiceTests.CreateAsync_ShouldAddUser" computerName="0fc890f1414e" duration="00:00:00.5065699" startTime="2025-09-27T18:51:21.2376919+00:00" endTime="2025-09-27T18:51:21.2376920+00:00" testType="13cdc9d9-ddb5-4fa4-a97d-d965ccfc6d4b" outcome="Passed" testListId="8c84fa94-04c1-424b-9868-57a2d4851a1d" relativeResultsDirectory="e9f6886a-0432-4c0b-899f-1b8e7f514f70">
      <Output>
        <StdOut>=== CreateAsync: START ===
Created UserId: 1, Email: jean.dupont@example.com, Role: User
=== CreateAsync: END ===</StdOut>
      </Output>
    </UnitTestResult>
    <UnitTestResult executionId="15e2e2bc-c2bf-4000-ad38-8eff034d16ad" testId="54d1533e-47d1-ed7a-c7ca-794e8cdd73e0" testName="UnitTestsBiblioMate.Services.Catalog.AuthorServiceTest.UpdateAsync_ShouldReturnFalse_WhenNotExists" computerName="0fc890f1414e" duration="00:00:00.0008543" startTime="2025-09-27T18:51:21.0391744+00:00" endTime="2025-09-27T18:51:21.0391745+00:00" testType="13cdc9d9-ddb5-4fa4-a97d-d965ccfc6d4b" outcome="Passed" testListId="8c84fa94-04c1-424b-9868-57a2d4851a1d" relativeResultsDirectory="15e2e2bc-c2bf-4000-ad38-8eff034d16ad" />
    <UnitTestResult executionId="8d310b52-7e59-4e94-a4eb-c025ee560ebe" testId="045e8e83-e293-b622-5e26-dc42500edf07" testName="UnitTestsBiblioMate.Controllers.NotificationsControllerTest.GetNotification_AsLibrarian_Returns200" computerName="0fc890f1414e" duration="00:00:00.0018176" startTime="2025-09-27T18:51:20.9923514+00:00" endTime="2025-09-27T18:51:20.9923515+00:00" testType="13cdc9d9-ddb5-4fa4-a97d-d965ccfc6d4b" outcome="Passed" testListId="8c84fa94-04c1-424b-9868-57a2d4851a1d" relativeResultsDirectory="8d310b52-7e59-4e94-a4eb-c025ee560ebe" />
    <UnitTestResult executionId="2995445b-eafb-44fc-a08b-d7b2697af7ea" testId="973dec3c-5715-da06-dccb-e79e882a0775" testName="UnitTestsBiblioMate.Controllers.AuthsControllerTest.ConfirmEmail_ShouldReturnBadRequestOnFailure" computerName="0fc890f1414e" duration="00:00:00.0008364" startTime="2025-09-27T18:51:20.9623980+00:00" endTime="2025-09-27T18:51:20.9623981+00:00" testType="13cdc9d9-ddb5-4fa4-a97d-d965ccfc6d4b" outcome="Passed" testListId="8c84fa94-04c1-424b-9868-57a2d4851a1d" relativeResultsDirectory="2995445b-eafb-44fc-a08b-d7b2697af7ea" />
    <UnitTestResult executionId="67527f30-6120-4a93-a747-e0d3e6aa43dc" testId="cee97a5a-7d64-4587-4a47-734e4afdf1bc" testName="UnitTestsBiblioMate.Controllers.UsersControllerTest.UpdateUserRole_Invalid_Returns400" computerName="0fc890f1414e" duration="00:00:00.0012036" startTime="2025-09-27T18:51:21.0558062+00:00" endTime="2025-09-27T18:51:21.0558062+00:00" testType="13cdc9d9-ddb5-4fa4-a97d-d965ccfc6d4b" outcome="Passed" testListId="8c84fa94-04c1-424b-9868-57a2d4851a1d" relativeResultsDirectory="67527f30-6120-4a93-a747-e0d3e6aa43dc" />
    <UnitTestResult executionId="0eefbbbe-d863-4c3c-a6e6-40548706e32a" testId="e6719ca7-28b5-fd81-12a8-76eb1858c875" testName="UnitTestsBiblioMate.Services.Catalog.BookServiceTest.UpdateAsync_ModifiesFields_AndUpdatesTagsAndStock_WhenProvided" computerName="0fc890f1414e" duration="00:00:00.0104999" startTime="2025-09-27T18:51:21.0930691+00:00" endTime="2025-09-27T18:51:21.0930692+00:00" testType="13cdc9d9-ddb5-4fa4-a97d-d965ccfc6d4b" outcome="Passed" testListId="8c84fa94-04c1-424b-9868-57a2d4851a1d" relativeResultsDirectory="0eefbbbe-d863-4c3c-a6e6-40548706e32a" />
    <UnitTestResult executionId="08b0c8a7-a8f3-41f1-9342-e5fc67fc95f2" testId="56b0fcd3-b153-3675-ebe9-c10bd54b246d" testName="UnitTestsBiblioMate.Controllers.ReportsControllerTest.UpdateReport_NonOwnerNonAdmin_ReturnsForbid" computerName="0fc890f1414e" duration="00:00:00.0125431" startTime="2025-09-27T18:51:20.8511282+00:00" endTime="2025-09-27T18:51:20.8511283+00:00" testType="13cdc9d9-ddb5-4fa4-a97d-d965ccfc6d4b" outcome="Passed" testListId="8c84fa94-04c1-424b-9868-57a2d4851a1d" relativeResultsDirectory="08b0c8a7-a8f3-41f1-9342-e5fc67fc95f2" />
    <UnitTestResult executionId="d3a37bc9-a05a-4570-8313-5872bcd869d6" testId="51c7f220-59cc-1ee8-dabb-23ebb97b87bc" testName="UnitTestsBiblioMate.Services.Catalog.AuthorServiceTest.DeleteAsync_ShouldRemoveAuthor_WhenExists" computerName="0fc890f1414e" duration="00:00:00.0029158" startTime="2025-09-27T18:51:21.0433264+00:00" endTime="2025-09-27T18:51:21.0433264+00:00" testType="13cdc9d9-ddb5-4fa4-a97d-d965ccfc6d4b" outcome="Passed" testListId="8c84fa94-04c1-424b-9868-57a2d4851a1d" relativeResultsDirectory="d3a37bc9-a05a-4570-8313-5872bcd869d6" />
    <UnitTestResult executionId="0294485f-8173-4379-a88c-a50791dc7fcc" testId="714ffb3d-59bf-e39e-9870-baf6a782f56f" testName="UnitTestsBiblioMate.Services.Catalog.TagServiceTests.SearchAsync_ClampsTakeToMax100" computerName="0fc890f1414e" duration="00:00:00.0134703" startTime="2025-09-27T18:51:20.8466786+00:00" endTime="2025-09-27T18:51:20.8466787+00:00" testType="13cdc9d9-ddb5-4fa4-a97d-d965ccfc6d4b" outcome="Passed" testListId="8c84fa94-04c1-424b-9868-57a2d4851a1d" relativeResultsDirectory="0294485f-8173-4379-a88c-a50791dc7fcc" />
    <UnitTestResult executionId="faefa5c4-30f6-401c-b0a7-bd2278b7b91b" testId="bd7febd5-c5c4-3da6-86d0-2e3da6a31e25" testName="UnitTestsBiblioMate.Services.Recommendations.RecommendationServiceTest.GetRecommendationsForUserAsync_ShouldLimitTo10Items" computerName="0fc890f1414e" duration="00:00:00.0262976" startTime="2025-09-27T18:51:20.7572855+00:00" endTime="2025-09-27T18:51:20.7572855+00:00" testType="13cdc9d9-ddb5-4fa4-a97d-d965ccfc6d4b" outcome="Passed" testListId="8c84fa94-04c1-424b-9868-57a2d4851a1d" relativeResultsDirectory="faefa5c4-30f6-401c-b0a7-bd2278b7b91b">
      <Output>
        <StdOut>=== GetRecommendationsForUserAsync (limit 10) ===</StdOut>
      </Output>
    </UnitTestResult>
    <UnitTestResult executionId="e061c60d-cc3b-4cb0-97f2-b3b5e2e7e2fe" testId="cec9a231-4875-d6f1-d412-c9d4c70af147" testName="UnitTestsBiblioMate.Controllers.ZonesControllerTest.UpdateZone_NotFound_Returns404" computerName="0fc890f1414e" duration="00:00:00.0040536" startTime="2025-09-27T18:51:20.8284467+00:00" endTime="2025-09-27T18:51:20.8284467+00:00" testType="13cdc9d9-ddb5-4fa4-a97d-d965ccfc6d4b" outcome="Passed" testListId="8c84fa94-04c1-424b-9868-57a2d4851a1d" relativeResultsDirectory="e061c60d-cc3b-4cb0-97f2-b3b5e2e7e2fe" />
    <UnitTestResult executionId="67bc9842-fed6-468b-9dbe-93ae2f36247c" testId="b010f81e-2735-c3fe-c696-2574cc0024f2" testName="UnitTestsBiblioMate.Controllers.AuthorsControllerTest.EnsureAuthor_ShouldReturnOkWhenExists" computerName="0fc890f1414e" duration="00:00:00.0017083" startTime="2025-09-27T18:51:20.0255471+00:00" endTime="2025-09-27T18:51:20.0255472+00:00" testType="13cdc9d9-ddb5-4fa4-a97d-d965ccfc6d4b" outcome="Passed" testListId="8c84fa94-04c1-424b-9868-57a2d4851a1d" relativeResultsDirectory="67bc9842-fed6-468b-9dbe-93ae2f36247c" />
    <UnitTestResult executionId="fff8b529-656a-4296-97aa-7f1407686259" testId="0af5de94-5596-e87f-4379-f25538a09122" testName="UnitTestsBiblioMate.Services.Catalog.TagServiceTests.EnsureAsync_Creates_WhenMissing" computerName="0fc890f1414e" duration="00:00:00.0069614" startTime="2025-09-27T18:51:20.8188669+00:00" endTime="2025-09-27T18:51:20.8188670+00:00" testType="13cdc9d9-ddb5-4fa4-a97d-d965ccfc6d4b" outcome="Passed" testListId="8c84fa94-04c1-424b-9868-57a2d4851a1d" relativeResultsDirectory="fff8b529-656a-4296-97aa-7f1407686259" />
    <UnitTestResult executionId="c6ebcd52-386d-4a09-b461-4c692a638613" testId="a8ade29d-ea61-7298-cc5d-6f7333715882" testName="UnitTestsBiblioMate.Services.Loans.LoanServiceTests.UpdateAsync_ShouldUpdateDueDate_WhenValid" computerName="0fc890f1414e" duration="00:00:00.0010815" startTime="2025-09-27T18:51:21.0563627+00:00" endTime="2025-09-27T18:51:21.0563628+00:00" testType="13cdc9d9-ddb5-4fa4-a97d-d965ccfc6d4b" outcome="Passed" testListId="8c84fa94-04c1-424b-9868-57a2d4851a1d" relativeResultsDirectory="c6ebcd52-386d-4a09-b461-4c692a638613" />
    <UnitTestResult executionId="bcbb9a15-66d8-4e94-81ac-f9f64b995d91" testId="39a5efdb-aea4-b275-af6d-66cb4607fd3f" testName="UnitTestsBiblioMate.Controllers.StocksControllerTest.GetStock_NotFound_Returns404" computerName="0fc890f1414e" duration="00:00:00.0020274" startTime="2025-09-27T18:51:20.7505495+00:00" endTime="2025-09-27T18:51:20.7505496+00:00" testType="13cdc9d9-ddb5-4fa4-a97d-d965ccfc6d4b" outcome="Passed" testListId="8c84fa94-04c1-424b-9868-57a2d4851a1d" relativeResultsDirectory="bcbb9a15-66d8-4e94-81ac-f9f64b995d91" />
    <UnitTestResult executionId="bb115db5-5d31-47e8-8fed-0b58b6078f51" testId="630e4a80-884f-dc37-4d7c-498e61bd0a60" testName="UnitTestsBiblioMate.Services.Catalog.TagServiceTests.UpdateAsync_ShouldModifyTag_WhenExists" computerName="0fc890f1414e" duration="00:00:00.0100591" startTime="2025-09-27T18:51:20.8011010+00:00" endTime="2025-09-27T18:51:20.8011011+00:00" testType="13cdc9d9-ddb5-4fa4-a97d-d965ccfc6d4b" outcome="Passed" testListId="8c84fa94-04c1-424b-9868-57a2d4851a1d" relativeResultsDirectory="bb115db5-5d31-47e8-8fed-0b58b6078f51" />
    <UnitTestResult executionId="9966162e-e0e8-4d0a-989d-f7c5413c0313" testId="1ae3ac0d-4fa8-776c-562b-3a411691f5ef" testName="UnitTestsBiblioMate.Services.Reports.SearchActivityLogServiceTests.Ctor_NullOptions_Throws" computerName="0fc890f1414e" duration="00:00:00.0004309" startTime="2025-09-27T18:51:20.0825659+00:00" endTime="2025-09-27T18:51:20.0825660+00:00" testType="13cdc9d9-ddb5-4fa4-a97d-d965ccfc6d4b" outcome="Passed" testListId="8c84fa94-04c1-424b-9868-57a2d4851a1d" relativeResultsDirectory="9966162e-e0e8-4d0a-989d-f7c5413c0313" />
    <UnitTestResult executionId="5a7f456f-be62-494a-9324-c753ded83092" testId="120c794c-8657-c6ce-e7e5-982a9fe0d1a1" testName="UnitTestsBiblioMate.Services.Loans.LoanServiceTests.ReturnAsync_LateLoan_SetsFineCorrectly" computerName="0fc890f1414e" duration="00:00:00.0145404" startTime="2025-09-27T18:51:21.0375442+00:00" endTime="2025-09-27T18:51:21.0375443+00:00" testType="13cdc9d9-ddb5-4fa4-a97d-d965ccfc6d4b" outcome="Passed" testListId="8c84fa94-04c1-424b-9868-57a2d4851a1d" relativeResultsDirectory="5a7f456f-be62-494a-9324-c753ded83092" />
    <UnitTestResult executionId="f81f5bb8-09d9-4bb3-a76d-f2017918468a" testId="7abce175-04c2-7b58-df54-bb764fbcb581" testName="UnitTestsBiblioMate.Controllers.AuthsControllerTest.ResetPassword_ShouldReturnOkOnSuccess" computerName="0fc890f1414e" duration="00:00:00.0036572" startTime="2025-09-27T18:51:20.9747218+00:00" endTime="2025-09-27T18:51:20.9747219+00:00" testType="13cdc9d9-ddb5-4fa4-a97d-d965ccfc6d4b" outcome="Passed" testListId="8c84fa94-04c1-424b-9868-57a2d4851a1d" relativeResultsDirectory="f81f5bb8-09d9-4bb3-a76d-f2017918468a" />
    <UnitTestResult executionId="e4f31fba-2fce-4563-9b4f-44badd46f95b" testId="0b14d8df-4c33-479b-4b63-209db963451d" testName="UnitTestsBiblioMate.Middlewares.ExceptionHandlingMiddlewareTests.InvokeAsync_GenericException_Produces500Json" computerName="0fc890f1414e" duration="00:00:00.0009072" startTime="2025-09-27T18:51:21.0301303+00:00" endTime="2025-09-27T18:51:21.0301304+00:00" testType="13cdc9d9-ddb5-4fa4-a97d-d965ccfc6d4b" outcome="Passed" testListId="8c84fa94-04c1-424b-9868-57a2d4851a1d" relativeResultsDirectory="e4f31fba-2fce-4563-9b4f-44badd46f95b" />
    <UnitTestResult executionId="9646da40-aae3-4fab-92fa-3cd2a1cfec29" testId="6cf064c2-9aff-ca54-4253-9a4d7047fc18" testName="UnitTestsBiblioMate.Services.Catalog.ZonesServiceTests.UpdateAsync_ShouldReturnFalse_WhenNotExists" computerName="0fc890f1414e" duration="00:00:00.0105386" startTime="2025-09-27T18:51:20.7264013+00:00" endTime="2025-09-27T18:51:20.7264014+00:00" testType="13cdc9d9-ddb5-4fa4-a97d-d965ccfc6d4b" outcome="Passed" testListId="8c84fa94-04c1-424b-9868-57a2d4851a1d" relativeResultsDirectory="9646da40-aae3-4fab-92fa-3cd2a1cfec29">
      <Output>
        <StdOut>=== UpdateAsync (fail): START ===
Success: False
=== UpdateAsync (fail): END ===</StdOut>
      </Output>
    </UnitTestResult>
    <UnitTestResult executionId="95c000ea-60c2-445c-a1a3-f88c8d082195" testId="66a00ecb-b6c8-3b63-457f-0d99b0414157" testName="UnitTestsBiblioMate.Controllers.BooksControllerTest.GetBooks_ShouldReturnOkWithPageAndEtag" computerName="0fc890f1414e" duration="00:00:00.0132956" startTime="2025-09-27T18:51:20.0818086+00:00" endTime="2025-09-27T18:51:20.0818086+00:00" testType="13cdc9d9-ddb5-4fa4-a97d-d965ccfc6d4b" outcome="Passed" testListId="8c84fa94-04c1-424b-9868-57a2d4851a1d" relativeResultsDirectory="95c000ea-60c2-445c-a1a3-f88c8d082195" />
    <UnitTestResult executionId="9bd3cbef-5d3b-471e-820b-350bb1694ef9" testId="1bf17e0b-e180-e3f1-a7eb-78eebb0e23a0" testName="UnitTestsBiblioMate.Controllers.ReservationsControllerTest.GetReservations_AsPrivileged_ReturnsOk(role: &quot;Librarian&quot;)" computerName="0fc890f1414e" duration="00:00:00.0026592" startTime="2025-09-27T18:51:20.1075234+00:00" endTime="2025-09-27T18:51:20.1075235+00:00" testType="13cdc9d9-ddb5-4fa4-a97d-d965ccfc6d4b" outcome="Passed" testListId="8c84fa94-04c1-424b-9868-57a2d4851a1d" relativeResultsDirectory="9bd3cbef-5d3b-471e-820b-350bb1694ef9" />
    <UnitTestResult executionId="547918a9-b0d2-4e8a-b839-d15f4d3dc47b" testId="ab9085d4-e2c4-e5e8-6975-f7fa2f7419f5" testName="UnitTestsBiblioMate.Services.Recommendations.RecommendationServiceTest.GetRecommendationsForUserAsync_ShouldReturnEmpty_WhenNoPreferences" computerName="0fc890f1414e" duration="00:00:00.8236083" startTime="2025-09-27T18:51:20.7300952+00:00" endTime="2025-09-27T18:51:20.7300953+00:00" testType="13cdc9d9-ddb5-4fa4-a97d-d965ccfc6d4b" outcome="Passed" testListId="8c84fa94-04c1-424b-9868-57a2d4851a1d" relativeResultsDirectory="547918a9-b0d2-4e8a-b839-d15f4d3dc47b">
      <Output>
        <StdOut>=== GetRecommendationsForUserAsync (no prefs) ===</StdOut>
      </Output>
    </UnitTestResult>
    <UnitTestResult executionId="e3a34af2-2945-462f-8fee-22351441a37b" testId="f0626e85-f199-8572-b818-688b91db41d6" testName="UnitTestsBiblioMate.Services.Loans.LoanServiceTests.ReturnAsync_ShouldReturnLoanWithoutNotification_WhenNoReservation" computerName="0fc890f1414e" duration="00:00:00.0518935" startTime="2025-09-27T18:51:21.0229694+00:00" endTime="2025-09-27T18:51:21.0229695+00:00" testType="13cdc9d9-ddb5-4fa4-a97d-d965ccfc6d4b" outcome="Passed" testListId="8c84fa94-04c1-424b-9868-57a2d4851a1d" relativeResultsDirectory="e3a34af2-2945-462f-8fee-22351441a37b" />
    <UnitTestResult executionId="de8ee21c-b5a8-4415-87a9-e6707999519a" testId="5d9e7611-b1a5-6306-ac29-fef0b775ceb2" testName="UnitTestsBiblioMate.Services.Users.UserServiceTests.GetByIdAsync_ShouldReturnUser_WhenExists" computerName="0fc890f1414e" duration="00:00:00.0129921" startTime="2025-09-27T18:51:21.2507858+00:00" endTime="2025-09-27T18:51:21.2507858+00:00" testType="13cdc9d9-ddb5-4fa4-a97d-d965ccfc6d4b" outcome="Passed" testListId="8c84fa94-04c1-424b-9868-57a2d4851a1d" relativeResultsDirectory="de8ee21c-b5a8-4415-87a9-e6707999519a">
      <Output>
        <StdOut>=== GetByIdAsync (exists): START ===
Found User: specific@example.com
=== GetByIdAsync (exists): END ===</StdOut>
      </Output>
    </UnitTestResult>
    <UnitTestResult executionId="8440f8db-a771-4ac7-89f1-4d836615ee23" testId="8e495007-73fd-7131-f361-7188df43de74" testName="UnitTestsBiblioMate.Services.Catalog.AuthorServiceTest.GetByIdAsync_ShouldReturnAuthor_WhenExists" computerName="0fc890f1414e" duration="00:00:00.0010523" startTime="2025-09-27T18:51:21.0448434+00:00" endTime="2025-09-27T18:51:21.0448434+00:00" testType="13cdc9d9-ddb5-4fa4-a97d-d965ccfc6d4b" outcome="Passed" testListId="8c84fa94-04c1-424b-9868-57a2d4851a1d" relativeResultsDirectory="8440f8db-a771-4ac7-89f1-4d836615ee23" />
    <UnitTestResult executionId="4d78cec7-2169-4f7f-8b43-742dbf0fb5db" testId="5b5cc0b8-8e9f-d55f-e571-59ae36ba2f13" testName="UnitTestsBiblioMate.Services.Loans.LoanServiceTests.CreateAsync_ShouldFail_WhenUserNotFound" computerName="0fc890f1414e" duration="00:00:00.0099499" startTime="2025-09-27T18:51:20.9511578+00:00" endTime="2025-09-27T18:51:20.9511578+00:00" testType="13cdc9d9-ddb5-4fa4-a97d-d965ccfc6d4b" outcome="Passed" testListId="8c84fa94-04c1-424b-9868-57a2d4851a1d" relativeResultsDirectory="4d78cec7-2169-4f7f-8b43-742dbf0fb5db" />
    <UnitTestResult executionId="fe76409a-1144-4339-b26a-559ae8e8ef9c" testId="5d2aec3d-99ab-3fcd-f21d-093108de1f24" testName="UnitTestsBiblioMate.Services.Catalog.BookServiceTest.SearchAsync_FiltersByTitle_Author_Genre_Publisher_Isbn_Range_Tags_Description_Exclude" computerName="0fc890f1414e" duration="00:00:00.0695762" startTime="2025-09-27T18:51:21.1638010+00:00" endTime="2025-09-27T18:51:21.1638011+00:00" testType="13cdc9d9-ddb5-4fa4-a97d-d965ccfc6d4b" outcome="Passed" testListId="8c84fa94-04c1-424b-9868-57a2d4851a1d" relativeResultsDirectory="fe76409a-1144-4339-b26a-559ae8e8ef9c" />
    <UnitTestResult executionId="eabd8997-d869-408f-a4b7-0b8b5e9644b0" testId="89f2a897-7c1d-507f-3452-53ebf9f27921" testName="UnitTestsBiblioMate.Controllers.TagsControllerTest.UpdateTag_NotFound_Returns404" computerName="0fc890f1414e" duration="00:00:00.0920594" startTime="2025-09-27T18:51:19.9998488+00:00" endTime="2025-09-27T18:51:19.9998489+00:00" testType="13cdc9d9-ddb5-4fa4-a97d-d965ccfc6d4b" outcome="Passed" testListId="8c84fa94-04c1-424b-9868-57a2d4851a1d" relativeResultsDirectory="eabd8997-d869-408f-a4b7-0b8b5e9644b0" />
    <UnitTestResult executionId="e5d0a5fa-6145-45d0-8b4e-73a1b6a0a15a" testId="24f5b551-577d-e958-5067-2a44e6087f7a" testName="UnitTestsBiblioMate.Services.Users.AuthServiceTests.RegisterAsync_ShouldConflict_WhenEmailExists" computerName="0fc890f1414e" duration="00:00:00.0045770" startTime="2025-09-27T18:51:22.1689687+00:00" endTime="2025-09-27T18:51:22.1689689+00:00" testType="13cdc9d9-ddb5-4fa4-a97d-d965ccfc6d4b" outcome="Passed" testListId="8c84fa94-04c1-424b-9868-57a2d4851a1d" relativeResultsDirectory="e5d0a5fa-6145-45d0-8b4e-73a1b6a0a15a" />
    <UnitTestResult executionId="738c1923-ceba-409e-bc74-b9bf2f985599" testId="6926821c-ff3c-0ae6-679a-aebb638724fb" testName="UnitTestsBiblioMate.Services.Reports.ReportServiceTest.CreateAsync_ShouldGenerateAndSaveReport" computerName="0fc890f1414e" duration="00:00:00.1974435" startTime="2025-09-27T18:51:20.8926719+00:00" endTime="2025-09-27T18:51:20.8926719+00:00" testType="13cdc9d9-ddb5-4fa4-a97d-d965ccfc6d4b" outcome="Passed" testListId="8c84fa94-04c1-424b-9868-57a2d4851a1d" relativeResultsDirectory="738c1923-ceba-409e-bc74-b9bf2f985599" />
    <UnitTestResult executionId="c188889e-be98-4814-8976-d6f48080ac3b" testId="afaeea04-d99a-74d1-e610-b497175f5f28" testName="UnitTestsBiblioMate.Services.Catalog.ShelfLevelServiceTest.UpdateAsync_ShouldReturnFalse_WhenNotExists" computerName="0fc890f1414e" duration="00:00:00.0087530" startTime="2025-09-27T18:51:20.8052024+00:00" endTime="2025-09-27T18:51:20.8052025+00:00" testType="13cdc9d9-ddb5-4fa4-a97d-d965ccfc6d4b" outcome="Passed" testListId="8c84fa94-04c1-424b-9868-57a2d4851a1d" relativeResultsDirectory="c188889e-be98-4814-8976-d6f48080ac3b" />
    <UnitTestResult executionId="9792378b-fb8f-40b6-837e-3fd666babbba" testId="606be9ea-7461-24c0-b6ec-6dc7d3d50e2d" testName="UnitTestsBiblioMate.Controllers.LoansControllerTest.DeleteLoan_ShouldReturnOkWhenSuccess" computerName="0fc890f1414e" duration="00:00:00.0034864" startTime="2025-09-27T18:51:20.8559481+00:00" endTime="2025-09-27T18:51:20.8559482+00:00" testType="13cdc9d9-ddb5-4fa4-a97d-d965ccfc6d4b" outcome="Passed" testListId="8c84fa94-04c1-424b-9868-57a2d4851a1d" relativeResultsDirectory="9792378b-fb8f-40b6-837e-3fd666babbba" />
    <UnitTestResult executionId="b8200945-80ad-49d2-852e-633057929998" testId="81168e57-e9e5-0a01-16d3-a55c0c406890" testName="UnitTestsBiblioMate.Controllers.EditorsControllerTest.DeleteEditor_ShouldReturnNoContentWhenSuccess" computerName="0fc890f1414e" duration="00:00:00.0919478" startTime="2025-09-27T18:51:19.9986034+00:00" endTime="2025-09-27T18:51:19.9986035+00:00" testType="13cdc9d9-ddb5-4fa4-a97d-d965ccfc6d4b" outcome="Passed" testListId="8c84fa94-04c1-424b-9868-57a2d4851a1d" relativeResultsDirectory="b8200945-80ad-49d2-852e-633057929998" />
    <UnitTestResult executionId="54490681-0761-461a-9cb1-cdef4d52cff1" testId="5492b8f7-5c8e-98d2-4a53-92c918e0b6fa" testName="UnitTestsBiblioMate.Helpers.TokenHelperTests.TryGetUserId_InvalidNumber_ReturnsFalse" computerName="0fc890f1414e" duration="00:00:00.0000790" startTime="2025-09-27T18:51:20.1307791+00:00" endTime="2025-09-27T18:51:20.1307791+00:00" testType="13cdc9d9-ddb5-4fa4-a97d-d965ccfc6d4b" outcome="Passed" testListId="8c84fa94-04c1-424b-9868-57a2d4851a1d" relativeResultsDirectory="54490681-0761-461a-9cb1-cdef4d52cff1" />
    <UnitTestResult executionId="7f8c22c3-e840-41bd-98ac-c1c910e90370" testId="153d5bc0-e636-6392-9ca7-1391460806fd" testName="UnitTestsBiblioMate.Controllers.ReservationsControllerTest.GetReservation_NotFound_Returns404" computerName="0fc890f1414e" duration="00:00:00.0007536" startTime="2025-09-27T18:51:20.1128311+00:00" endTime="2025-09-27T18:51:20.1128311+00:00" testType="13cdc9d9-ddb5-4fa4-a97d-d965ccfc6d4b" outcome="Passed" testListId="8c84fa94-04c1-424b-9868-57a2d4851a1d" relativeResultsDirectory="7f8c22c3-e840-41bd-98ac-c1c910e90370" />
    <UnitTestResult executionId="73e82195-a31a-4ffe-8c31-c73543b26c89" testId="923b171d-50f0-df3b-fd80-513110c820c5" testName="UnitTestsBiblioMate.Services.Notifications.NotificationServiceTests.NotifyUser_UserExists_SendsHubAndEmail" computerName="0fc890f1414e" duration="00:00:00.0218299" startTime="2025-09-27T18:51:20.7309153+00:00" endTime="2025-09-27T18:51:20.7309154+00:00" testType="13cdc9d9-ddb5-4fa4-a97d-d965ccfc6d4b" outcome="Passed" testListId="8c84fa94-04c1-424b-9868-57a2d4851a1d" relativeResultsDirectory="73e82195-a31a-4ffe-8c31-c73543b26c89" />
    <UnitTestResult executionId="b57db0e8-42e4-40c7-8fe1-ef8d9870569b" testId="6677857a-2c9f-6045-d67c-678556e745ad" testName="UnitTestsBiblioMate.Services.Loans.ReservationServiceTest.UpdateAsync_ShouldReturnFalse_WhenNotExists" computerName="0fc890f1414e" duration="00:00:00.0015109" startTime="2025-09-27T18:51:20.9434835+00:00" endTime="2025-09-27T18:51:20.9434836+00:00" testType="13cdc9d9-ddb5-4fa4-a97d-d965ccfc6d4b" outcome="Passed" testListId="8c84fa94-04c1-424b-9868-57a2d4851a1d" relativeResultsDirectory="b57db0e8-42e4-40c7-8fe1-ef8d9870569b" />
    <UnitTestResult executionId="ac3952a4-c32f-47ce-a8f8-c8d604504a08" testId="87674813-5dc3-fe17-dbb1-e61f0be2a1a5" testName="UnitTestsBiblioMate.Services.Catalog.BookServiceTest.DeleteAsync_ReturnsFalse_WhenBookMissing" computerName="0fc890f1414e" duration="00:00:00.0008193" startTime="2025-09-27T18:51:21.0764551+00:00" endTime="2025-09-27T18:51:21.0764551+00:00" testType="13cdc9d9-ddb5-4fa4-a97d-d965ccfc6d4b" outcome="Passed" testListId="8c84fa94-04c1-424b-9868-57a2d4851a1d" relativeResultsDirectory="ac3952a4-c32f-47ce-a8f8-c8d604504a08" />
    <UnitTestResult executionId="5e8cd236-fffc-41a9-bd96-8aa45d23492b" testId="55248e31-0634-d8c8-338c-d24ff0e0d420" testName="UnitTestsBiblioMate.Helpers.TokenHelperTests.GetUserId_BadFormat_Throws" computerName="0fc890f1414e" duration="00:00:00.0004399" startTime="2025-09-27T18:51:20.1148797+00:00" endTime="2025-09-27T18:51:20.1148798+00:00" testType="13cdc9d9-ddb5-4fa4-a97d-d965ccfc6d4b" outcome="Passed" testListId="8c84fa94-04c1-424b-9868-57a2d4851a1d" relativeResultsDirectory="5e8cd236-fffc-41a9-bd96-8aa45d23492b" />
    <UnitTestResult executionId="c5fd32c2-c9f4-4ad0-9521-308e4cf9f5ba" testId="500c9707-8cd0-7304-ca5a-9858698a3b99" testName="UnitTestsBiblioMate.Services.Users.AuthServiceTests.LoginAsync_ShouldFail_WhenNotConfirmed" computerName="0fc890f1414e" duration="00:00:00.2295045" startTime="2025-09-27T18:51:21.9154615+00:00" endTime="2025-09-27T18:51:21.9154616+00:00" testType="13cdc9d9-ddb5-4fa4-a97d-d965ccfc6d4b" outcome="Passed" testListId="8c84fa94-04c1-424b-9868-57a2d4851a1d" relativeResultsDirectory="c5fd32c2-c9f4-4ad0-9521-308e4cf9f5ba" />
    <UnitTestResult executionId="bbf69fb4-7b61-485e-8d35-2c811b50db4b" testId="e91a41b5-b42e-63a4-72f2-4263ad7f697c" testName="UnitTestsBiblioMate.Services.Catalog.ShelfLevelServiceTest.DeleteAsync_ShouldRemoveShelfLevel_WhenExists" computerName="0fc890f1414e" duration="00:00:00.0059375" startTime="2025-09-27T18:51:20.8573960+00:00" endTime="2025-09-27T18:51:20.8573961+00:00" testType="13cdc9d9-ddb5-4fa4-a97d-d965ccfc6d4b" outcome="Passed" testListId="8c84fa94-04c1-424b-9868-57a2d4851a1d" relativeResultsDirectory="bbf69fb4-7b61-485e-8d35-2c811b50db4b" />
    <UnitTestResult executionId="3c8ace84-2a84-4b52-bcdd-8c2bc1d6a72d" testId="14453490-bb14-5f23-f9ac-29e7a5a7381f" testName="UnitTestsBiblioMate.Controllers.TagsControllerTest.CreateTag_ReturnsCreated" computerName="0fc890f1414e" duration="00:00:00.0050338" startTime="2025-09-27T18:51:20.0187242+00:00" endTime="2025-09-27T18:51:20.0187242+00:00" testType="13cdc9d9-ddb5-4fa4-a97d-d965ccfc6d4b" outcome="Passed" testListId="8c84fa94-04c1-424b-9868-57a2d4851a1d" relativeResultsDirectory="3c8ace84-2a84-4b52-bcdd-8c2bc1d6a72d" />
    <UnitTestResult executionId="83b16712-3241-44bf-a704-ff027865f6a7" testId="72aa14a9-3c40-78ff-aabb-ec700163073a" testName="UnitTestsBiblioMate.Controllers.BooksControllerTest.DeleteBook_ShouldReturnExpectedResult(serviceResult: False, expected: typeof(Microsoft.AspNetCore.Mvc.NotFoundResult))" computerName="0fc890f1414e" duration="00:00:00.0025241" startTime="2025-09-27T18:51:20.0527286+00:00" endTime="2025-09-27T18:51:20.0527286+00:00" testType="13cdc9d9-ddb5-4fa4-a97d-d965ccfc6d4b" outcome="Passed" testListId="8c84fa94-04c1-424b-9868-57a2d4851a1d" relativeResultsDirectory="83b16712-3241-44bf-a704-ff027865f6a7" />
    <UnitTestResult executionId="9362238f-d87d-45bb-ab0d-aeeeebfcf99d" testId="e365cd53-02b3-e5f3-2786-f2ac323598b2" testName="UnitTestsBiblioMate.Controllers.GenresControllerTest.Ensure_ShouldReturnOkWhenExists" computerName="0fc890f1414e" duration="00:00:00.0126164" startTime="2025-09-27T18:51:20.0451398+00:00" endTime="2025-09-27T18:51:20.0451399+00:00" testType="13cdc9d9-ddb5-4fa4-a97d-d965ccfc6d4b" outcome="Passed" testListId="8c84fa94-04c1-424b-9868-57a2d4851a1d" relativeResultsDirectory="9362238f-d87d-45bb-ab0d-aeeeebfcf99d" />
    <UnitTestResult executionId="0fae1217-4f7e-44d2-a641-c6a42aa8ffbe" testId="43f4d59c-2352-c426-02fb-2f6c5cfabec6" testName="UnitTestsBiblioMate.Controllers.ReportsControllerTest.GetReport_NonOwnerNonAdmin_ReturnsForbid" computerName="0fc890f1414e" duration="00:00:00.0018578" startTime="2025-09-27T18:51:20.9296073+00:00" endTime="2025-09-27T18:51:20.9296073+00:00" testType="13cdc9d9-ddb5-4fa4-a97d-d965ccfc6d4b" outcome="Passed" testListId="8c84fa94-04c1-424b-9868-57a2d4851a1d" relativeResultsDirectory="0fae1217-4f7e-44d2-a641-c6a42aa8ffbe" />
    <UnitTestResult executionId="d5a072d6-d646-4582-ad18-dbfe1c9b6e2e" testId="0d1cc918-a1d4-b750-6336-f851404d5d5f" testName="UnitTestsBiblioMate.Services.Catalog.GenreServiceTest.CreateAsync_ShouldAddGenre" computerName="0fc890f1414e" duration="00:00:00.0077881" startTime="2025-09-27T18:51:20.9723894+00:00" endTime="2025-09-27T18:51:20.9723894+00:00" testType="13cdc9d9-ddb5-4fa4-a97d-d965ccfc6d4b" outcome="Passed" testListId="8c84fa94-04c1-424b-9868-57a2d4851a1d" relativeResultsDirectory="d5a072d6-d646-4582-ad18-dbfe1c9b6e2e" />
    <UnitTestResult executionId="b2e56984-c706-4f5e-9a50-5ef841187966" testId="72120d5f-3485-95f9-15bf-e646ddb5a462" testName="UnitTestsBiblioMate.Services.Loans.LoanServiceTests.CreateAsync_ShouldCreateLoan_WhenDataIsValid" computerName="0fc890f1414e" duration="00:00:00.0819179" startTime="2025-09-27T18:51:20.9398194+00:00" endTime="2025-09-27T18:51:20.9398195+00:00" testType="13cdc9d9-ddb5-4fa4-a97d-d965ccfc6d4b" outcome="Passed" testListId="8c84fa94-04c1-424b-9868-57a2d4851a1d" relativeResultsDirectory="b2e56984-c706-4f5e-9a50-5ef841187966" />
    <UnitTestResult executionId="8e9dfd72-7491-4149-82e5-c245b01f698e" testId="4bea2948-4695-7869-b70d-a9b4600eb7ea" testName="UnitTestsBiblioMate.Services.Catalog.BookServiceTest.GetByIdAsync_WhenNotExists_ReturnsNull" computerName="0fc890f1414e" duration="00:00:00.0008857" startTime="2025-09-27T18:51:21.0773926+00:00" endTime="2025-09-27T18:51:21.0773926+00:00" testType="13cdc9d9-ddb5-4fa4-a97d-d965ccfc6d4b" outcome="Passed" testListId="8c84fa94-04c1-424b-9868-57a2d4851a1d" relativeResultsDirectory="8e9dfd72-7491-4149-82e5-c245b01f698e" />
    <UnitTestResult executionId="b1f9cd2d-808f-4eeb-a990-152249afc158" testId="b33bfbca-005f-a796-3ec1-f34e6cc92417" testName="UnitTestsBiblioMate.Controllers.AuthorsControllerTest.EnsureAuthor_ShouldReturnCreatedWhenNew" computerName="0fc890f1414e" duration="00:00:00.0111647" startTime="2025-09-27T18:51:20.0135524+00:00" endTime="2025-09-27T18:51:20.0135524+00:00" testType="13cdc9d9-ddb5-4fa4-a97d-d965ccfc6d4b" outcome="Passed" testListId="8c84fa94-04c1-424b-9868-57a2d4851a1d" relativeResultsDirectory="b1f9cd2d-808f-4eeb-a990-152249afc158" />
    <UnitTestResult executionId="e006dd18-1326-4f82-a765-739cfc820469" testId="b8832dfa-b4f0-9464-db9a-b4504d326b53" testName="UnitTestsBiblioMate.Controllers.GenresControllerTest.DeleteGenre_ShouldReturnNoContentWhenSuccess" computerName="0fc890f1414e" duration="00:00:00.0012435" startTime="2025-09-27T18:51:20.0735426+00:00" endTime="2025-09-27T18:51:20.0735427+00:00" testType="13cdc9d9-ddb5-4fa4-a97d-d965ccfc6d4b" outcome="Passed" testListId="8c84fa94-04c1-424b-9868-57a2d4851a1d" relativeResultsDirectory="e006dd18-1326-4f82-a765-739cfc820469" />
    <UnitTestResult executionId="4029e620-f912-4c32-8fc4-b59b58076972" testId="623790ef-aa3b-00ba-e706-8efb6929e602" testName="UnitTestsBiblioMate.Services.Reports.ReportServiceTest.UpdateAsync_ShouldReturnFalse_WhenNotExists" computerName="0fc890f1414e" duration="00:00:00.0023265" startTime="2025-09-27T18:51:20.9617963+00:00" endTime="2025-09-27T18:51:20.9617964+00:00" testType="13cdc9d9-ddb5-4fa4-a97d-d965ccfc6d4b" outcome="Passed" testListId="8c84fa94-04c1-424b-9868-57a2d4851a1d" relativeResultsDirectory="4029e620-f912-4c32-8fc4-b59b58076972" />
    <UnitTestResult executionId="b6ceaa9e-4e73-4631-ae3d-36d3d5444a0b" testId="43a9a439-4235-e8d0-9434-2f57b3d5c59d" testName="UnitTestsBiblioMate.Services.Infrastructure.Security.EncryptionServiceTest.Constructor_ShouldThrow_WhenKeyInvalidBase64" computerName="0fc890f1414e" duration="00:00:00.0032382" startTime="2025-09-27T18:51:20.8354959+00:00" endTime="2025-09-27T18:51:20.8354959+00:00" testType="13cdc9d9-ddb5-4fa4-a97d-d965ccfc6d4b" outcome="Passed" testListId="8c84fa94-04c1-424b-9868-57a2d4851a1d" relativeResultsDirectory="b6ceaa9e-4e73-4631-ae3d-36d3d5444a0b" />
    <UnitTestResult executionId="2b1bbfbf-e5da-4eaa-a9b7-8adb2c2d901f" testId="9df218cd-7642-54cf-3b16-5f44ce71139e" testName="UnitTestsBiblioMate.Services.Catalog.TagServiceTests.GetByIdAsync_ShouldReturnNull_WhenNotExists" computerName="0fc890f1414e" duration="00:00:00.0009637" startTime="2025-09-27T18:51:20.8557282+00:00" endTime="2025-09-27T18:51:20.8557282+00:00" testType="13cdc9d9-ddb5-4fa4-a97d-d965ccfc6d4b" outcome="Passed" testListId="8c84fa94-04c1-424b-9868-57a2d4851a1d" relativeResultsDirectory="2b1bbfbf-e5da-4eaa-a9b7-8adb2c2d901f" />
    <UnitTestResult executionId="3e749714-4e89-4641-9a16-10b916cde2c1" testId="cc19d276-e8cd-8331-501a-30857e4d2ded" testName="UnitTestsBiblioMate.Services.Reports.ReportServiceTest.GetByIdAsync_ShouldReturnNull_WhenNotExists" computerName="0fc890f1414e" duration="00:00:00.0246495" startTime="2025-09-27T18:51:20.9160339+00:00" endTime="2025-09-27T18:51:20.9160340+00:00" testType="13cdc9d9-ddb5-4fa4-a97d-d965ccfc6d4b" outcome="Passed" testListId="8c84fa94-04c1-424b-9868-57a2d4851a1d" relativeResultsDirectory="3e749714-4e89-4641-9a16-10b916cde2c1" />
    <UnitTestResult executionId="406d120c-47fb-4a99-9578-ce9bb6c9c62b" testId="f336ca43-da20-8ecd-1bee-2bd2a708c2fd" testName="UnitTestsBiblioMate.Services.Users.UserServiceTests.GetByIdAsync_ShouldReturnNull_WhenNotExists" computerName="0fc890f1414e" duration="00:00:00.0006487" startTime="2025-09-27T18:51:21.2545574+00:00" endTime="2025-09-27T18:51:21.2545575+00:00" testType="13cdc9d9-ddb5-4fa4-a97d-d965ccfc6d4b" outcome="Passed" testListId="8c84fa94-04c1-424b-9868-57a2d4851a1d" relativeResultsDirectory="406d120c-47fb-4a99-9578-ce9bb6c9c62b">
      <Output>
        <StdOut>=== GetByIdAsync (not exists): START ===
Result: 
=== GetByIdAsync (not exists): END ===</StdOut>
      </Output>
    </UnitTestResult>
    <UnitTestResult executionId="0b3cf28e-d692-491d-a960-557b278a97f4" testId="8acfa112-9129-6273-4be8-681adbbc7216" testName="UnitTestsBiblioMate.Services.Catalog.GenreServiceTest.UpdateAsync_ShouldReturnFalse_WhenNotExists" computerName="0fc890f1414e" duration="00:00:00.0007607" startTime="2025-09-27T18:51:20.9466428+00:00" endTime="2025-09-27T18:51:20.9466428+00:00" testType="13cdc9d9-ddb5-4fa4-a97d-d965ccfc6d4b" outcome="Passed" testListId="8c84fa94-04c1-424b-9868-57a2d4851a1d" relativeResultsDirectory="0b3cf28e-d692-491d-a960-557b278a97f4" />
    <UnitTestResult executionId="603c29c5-a154-4bef-8cec-0103e7189757" testId="2d0f2c2d-67a2-9ebf-f7c7-b17e2c930ce8" testName="UnitTestsBiblioMate.Services.Catalog.StockServiceTest.Increase_WithContext_IncrementsAndPersists" computerName="0fc890f1414e" duration="00:00:00.0008134" startTime="2025-09-27T18:51:20.7178736+00:00" endTime="2025-09-27T18:51:20.7178737+00:00" testType="13cdc9d9-ddb5-4fa4-a97d-d965ccfc6d4b" outcome="Passed" testListId="8c84fa94-04c1-424b-9868-57a2d4851a1d" relativeResultsDirectory="603c29c5-a154-4bef-8cec-0103e7189757" />
    <UnitTestResult executionId="d38f0d2a-43f6-4c19-9244-c173235d339c" testId="f5991be7-997c-0c58-1fcb-244c748a599d" testName="UnitTestsBiblioMate.Controllers.ZonesControllerTest.DeleteZone_NotFound_Returns404" computerName="0fc890f1414e" duration="00:00:00.0045052" startTime="2025-09-27T18:51:20.8409868+00:00" endTime="2025-09-27T18:51:20.8409869+00:00" testType="13cdc9d9-ddb5-4fa4-a97d-d965ccfc6d4b" outcome="Passed" testListId="8c84fa94-04c1-424b-9868-57a2d4851a1d" relativeResultsDirectory="d38f0d2a-43f6-4c19-9244-c173235d339c" />
    <UnitTestResult executionId="7f111b97-9c9e-4d3f-82a5-75b4154bc385" testId="3e15049f-11bf-69f1-40ee-0e4ba6de69c3" testName="UnitTestsBiblioMate.Controllers.ZonesControllerTest.CreateZone_ReturnsCreated" computerName="0fc890f1414e" duration="00:00:00.0039746" startTime="2025-09-27T18:51:20.8335375+00:00" endTime="2025-09-27T18:51:20.8335375+00:00" testType="13cdc9d9-ddb5-4fa4-a97d-d965ccfc6d4b" outcome="Passed" testListId="8c84fa94-04c1-424b-9868-57a2d4851a1d" relativeResultsDirectory="7f111b97-9c9e-4d3f-82a5-75b4154bc385" />
    <UnitTestResult executionId="0d5d3ff2-fab9-48b7-850c-9a046cee3ffe" testId="1c63b2dd-bf02-f6d0-4094-3dd0022b1948" testName="UnitTestsBiblioMate.Controllers.EditorsControllerTest.GetEditor_ShouldReturnNotFoundWhenNotExists" computerName="0fc890f1414e" duration="00:00:00.0039712" startTime="2025-09-27T18:51:20.0213937+00:00" endTime="2025-09-27T18:51:20.0213937+00:00" testType="13cdc9d9-ddb5-4fa4-a97d-d965ccfc6d4b" outcome="Passed" testListId="8c84fa94-04c1-424b-9868-57a2d4851a1d" relativeResultsDirectory="0d5d3ff2-fab9-48b7-850c-9a046cee3ffe" />
    <UnitTestResult executionId="f6c45ba9-3ace-4862-8643-42ad7c0dbe6c" testId="b3512a68-ca79-0664-cf66-babca336ba18" testName="UnitTestsBiblioMate.Services.Users.UserServiceTests.DeleteAsync_ShouldRemoveUser_WhenExists" computerName="0fc890f1414e" duration="00:00:00.0037025" startTime="2025-09-27T18:51:21.2680439+00:00" endTime="2025-09-27T18:51:21.2680440+00:00" testType="13cdc9d9-ddb5-4fa4-a97d-d965ccfc6d4b" outcome="Passed" testListId="8c84fa94-04c1-424b-9868-57a2d4851a1d" relativeResultsDirectory="f6c45ba9-3ace-4862-8643-42ad7c0dbe6c">
      <Output>
        <StdOut>=== DeleteAsync (success): START ===
Success: True
=== DeleteAsync (success): END ===</StdOut>
      </Output>
    </UnitTestResult>
    <UnitTestResult executionId="961a7a12-acb1-4ca4-b0a4-12886b02b8fb" testId="5458d49f-4af0-39c2-10f2-62cf97b0ac65" testName="UnitTestsBiblioMate.Controllers.UsersControllerTest.GetUsers_AsAdmin_ReturnsOk" computerName="0fc890f1414e" duration="00:00:00.0019876" startTime="2025-09-27T18:51:21.0468275+00:00" endTime="2025-09-27T18:51:21.0468275+00:00" testType="13cdc9d9-ddb5-4fa4-a97d-d965ccfc6d4b" outcome="Passed" testListId="8c84fa94-04c1-424b-9868-57a2d4851a1d" relativeResultsDirectory="961a7a12-acb1-4ca4-b0a4-12886b02b8fb" />
    <UnitTestResult executionId="b852f859-2c50-46e0-9a69-861ab966b58f" testId="ae82fee3-b605-0918-81f7-e34d2846c5da" testName="UnitTestsBiblioMate.Middlewares.ExceptionHandlingMiddlewareTests.InvokeAsync_KeyNotFoundException_Produces404Json" computerName="0fc890f1414e" duration="00:00:00.0675888" startTime="2025-09-27T18:51:21.0291429+00:00" endTime="2025-09-27T18:51:21.0291430+00:00" testType="13cdc9d9-ddb5-4fa4-a97d-d965ccfc6d4b" outcome="Passed" testListId="8c84fa94-04c1-424b-9868-57a2d4851a1d" relativeResultsDirectory="b852f859-2c50-46e0-9a69-861ab966b58f" />
    <UnitTestResult executionId="cf05a1ac-c6e2-4606-9136-e94b99c38809" testId="af642250-9548-d717-a4ed-0903d633f956" testName="UnitTestsBiblioMate.Services.Users.HistoryServiceTest.GetHistoryForUserAsync_ShouldReturnOrderedPage" computerName="0fc890f1414e" duration="00:00:00.0465628" startTime="2025-09-27T18:51:20.7343676+00:00" endTime="2025-09-27T18:51:20.7343676+00:00" testType="13cdc9d9-ddb5-4fa4-a97d-d965ccfc6d4b" outcome="Passed" testListId="8c84fa94-04c1-424b-9868-57a2d4851a1d" relativeResultsDirectory="cf05a1ac-c6e2-4606-9136-e94b99c38809" />
    <UnitTestResult executionId="f519cad6-eb80-4734-a677-7762db618455" testId="7b9dc9d3-3c77-bb90-9f5d-19cc444fa20c" testName="UnitTestsBiblioMate.Services.Catalog.GenreServiceTest.DeleteAsync_ShouldReturnFalse_WhenNotExists" computerName="0fc890f1414e" duration="00:00:00.0126129" startTime="2025-09-27T18:51:20.9263753+00:00" endTime="2025-09-27T18:51:20.9263753+00:00" testType="13cdc9d9-ddb5-4fa4-a97d-d965ccfc6d4b" outcome="Passed" testListId="8c84fa94-04c1-424b-9868-57a2d4851a1d" relativeResultsDirectory="f519cad6-eb80-4734-a677-7762db618455" />
    <UnitTestResult executionId="5e5dfae9-b654-4cbf-8807-95717cd0fb89" testId="53b3fadc-4987-f2b0-2f69-b27b3dd84624" testName="UnitTestsBiblioMate.Services.Catalog.BookServiceTest.GetAllGenresAsync_ReturnsAlphabetical" computerName="0fc890f1414e" duration="00:00:00.0036625" startTime="2025-09-27T18:51:21.0824723+00:00" endTime="2025-09-27T18:51:21.0824724+00:00" testType="13cdc9d9-ddb5-4fa4-a97d-d965ccfc6d4b" outcome="Passed" testListId="8c84fa94-04c1-424b-9868-57a2d4851a1d" relativeResultsDirectory="5e5dfae9-b654-4cbf-8807-95717cd0fb89" />
    <UnitTestResult executionId="364ada82-62b7-4b5e-8a30-f79df6a93041" testId="46461ac9-45e6-bd55-f5b7-c4c8b88626ae" testName="UnitTestsBiblioMate.Controllers.ShelvesControllerTest.GetShelf_NotFound_Returns404" computerName="0fc890f1414e" duration="00:00:00.0034915" startTime="2025-09-27T18:51:20.8167380+00:00" endTime="2025-09-27T18:51:20.8167381+00:00" testType="13cdc9d9-ddb5-4fa4-a97d-d965ccfc6d4b" outcome="Passed" testListId="8c84fa94-04c1-424b-9868-57a2d4851a1d" relativeResultsDirectory="364ada82-62b7-4b5e-8a30-f79df6a93041" />
    <UnitTestResult executionId="be6e4579-4990-4ad9-8b42-58d444350297" testId="129a291b-465d-750e-c7fd-a637fb54aeec" testName="UnitTestsBiblioMate.Services.Loans.ReservationServiceTest.CreateAsync_ShouldThrowInvalidOperation_WhenDuplicateActiveReservationExists" computerName="0fc890f1414e" duration="00:00:00.0139073" startTime="2025-09-27T18:51:20.7878980+00:00" endTime="2025-09-27T18:51:20.7878981+00:00" testType="13cdc9d9-ddb5-4fa4-a97d-d965ccfc6d4b" outcome="Passed" testListId="8c84fa94-04c1-424b-9868-57a2d4851a1d" relativeResultsDirectory="be6e4579-4990-4ad9-8b42-58d444350297" />
    <UnitTestResult executionId="43631b4f-5f46-4f68-b9cc-a1c79797c5b5" testId="718575dd-3c49-634b-0b7d-c855ffca3814" testName="UnitTestsBiblioMate.Controllers.ZonesControllerTest.DeleteZone_Success_ReturnsNoContent" computerName="0fc890f1414e" duration="00:00:00.0060596" startTime="2025-09-27T18:51:20.8210254+00:00" endTime="2025-09-27T18:51:20.8210255+00:00" testType="13cdc9d9-ddb5-4fa4-a97d-d965ccfc6d4b" outcome="Passed" testListId="8c84fa94-04c1-424b-9868-57a2d4851a1d" relativeResultsDirectory="43631b4f-5f46-4f68-b9cc-a1c79797c5b5" />
    <UnitTestResult executionId="0fe14914-1c18-49e0-8085-eedaf1813264" testId="920dd7e9-d5ea-f5e8-22ab-5c7908b6e2b1" testName="UnitTestsBiblioMate.Controllers.AuthsControllerTest.Register_ShouldReturnOkOnSuccess" computerName="0fc890f1414e" duration="00:00:00.0045488" startTime="2025-09-27T18:51:20.9675392+00:00" endTime="2025-09-27T18:51:20.9675393+00:00" testType="13cdc9d9-ddb5-4fa4-a97d-d965ccfc6d4b" outcome="Passed" testListId="8c84fa94-04c1-424b-9868-57a2d4851a1d" relativeResultsDirectory="0fe14914-1c18-49e0-8085-eedaf1813264" />
    <UnitTestResult executionId="e7859d4f-9d88-4b43-8b14-29ac635c99b0" testId="14ec89d4-429a-f1fc-2a97-da62ec567ebb" testName="UnitTestsBiblioMate.Controllers.LoansControllerTest.ReturnLoan_ShouldReturnOkWhenSuccess" computerName="0fc890f1414e" duration="00:00:00.0343757" startTime="2025-09-27T18:51:20.8392821+00:00" endTime="2025-09-27T18:51:20.8392822+00:00" testType="13cdc9d9-ddb5-4fa4-a97d-d965ccfc6d4b" outcome="Passed" testListId="8c84fa94-04c1-424b-9868-57a2d4851a1d" relativeResultsDirectory="e7859d4f-9d88-4b43-8b14-29ac635c99b0" />
    <UnitTestResult executionId="ffddc128-bfd7-43d0-b57d-06735f918710" testId="6acaff37-be0c-8419-d7d0-8bb5e83545b6" testName="UnitTestsBiblioMate.Services.Catalog.BookServiceTest.GetByIdAsync_WhenExists_ReturnsProjectedDto" computerName="0fc890f1414e" duration="00:00:00.0737464" startTime="2025-09-27T18:51:21.0013401+00:00" endTime="2025-09-27T18:51:21.0013402+00:00" testType="13cdc9d9-ddb5-4fa4-a97d-d965ccfc6d4b" outcome="Passed" testListId="8c84fa94-04c1-424b-9868-57a2d4851a1d" relativeResultsDirectory="ffddc128-bfd7-43d0-b57d-06735f918710" />
    <UnitTestResult executionId="ca2cad16-ee84-468c-ab55-3c6e673bcb4f" testId="e3cd0309-82d4-eb3a-4c53-c5ab2f6fe421" testName="UnitTestsBiblioMate.Services.Users.AuthServiceTests.ApproveUserAsync_ShouldApprove_WhenUserExists" computerName="0fc890f1414e" duration="00:00:00.0024746" startTime="2025-09-27T18:51:21.9180162+00:00" endTime="2025-09-27T18:51:21.9180163+00:00" testType="13cdc9d9-ddb5-4fa4-a97d-d965ccfc6d4b" outcome="Passed" testListId="8c84fa94-04c1-424b-9868-57a2d4851a1d" relativeResultsDirectory="ca2cad16-ee84-468c-ab55-3c6e673bcb4f" />
    <UnitTestResult executionId="70960513-84f8-4f62-97d8-1346e1282e20" testId="ebc12f3d-2e8b-f318-5ee2-96998f2ed99a" testName="UnitTestsBiblioMate.Services.Catalog.GenreServiceTest.UpdateAsync_ShouldModifyGenre_WhenExists" computerName="0fc890f1414e" duration="00:00:00.0067556" startTime="2025-09-27T18:51:20.9401822+00:00" endTime="2025-09-27T18:51:20.9401822+00:00" testType="13cdc9d9-ddb5-4fa4-a97d-d965ccfc6d4b" outcome="Passed" testListId="8c84fa94-04c1-424b-9868-57a2d4851a1d" relativeResultsDirectory="70960513-84f8-4f62-97d8-1346e1282e20" />
    <UnitTestResult executionId="b7f8407d-15a9-412a-81a6-34250bb26122" testId="c6d27de4-08b0-449b-7052-ac420adfd569" testName="UnitTestsBiblioMate.Controllers.BooksControllerTest.GetBooks_ShouldReturnNotModifiedWhenEtagMatches" computerName="0fc890f1414e" duration="00:00:00.0025038" startTime="2025-09-27T18:51:20.0889902+00:00" endTime="2025-09-27T18:51:20.0889902+00:00" testType="13cdc9d9-ddb5-4fa4-a97d-d965ccfc6d4b" outcome="Passed" testListId="8c84fa94-04c1-424b-9868-57a2d4851a1d" relativeResultsDirectory="b7f8407d-15a9-412a-81a6-34250bb26122" />
    <UnitTestResult executionId="a779e37d-e56a-484e-9798-c9a02b933c7d" testId="dc762c1f-bd5b-4835-280d-32d8169513b1" testName="UnitTestsBiblioMate.Controllers.AuthorsControllerTest.SearchAuthors_ShouldReturnOkWithResults" computerName="0fc890f1414e" duration="00:00:00.0036743" startTime="2025-09-27T18:51:20.0336813+00:00" endTime="2025-09-27T18:51:20.0336813+00:00" testType="13cdc9d9-ddb5-4fa4-a97d-d965ccfc6d4b" outcome="Passed" testListId="8c84fa94-04c1-424b-9868-57a2d4851a1d" relativeResultsDirectory="a779e37d-e56a-484e-9798-c9a02b933c7d" />
    <UnitTestResult executionId="b026869b-e24d-4344-ad41-4b4536cee617" testId="6de24456-08f4-c6fe-1fce-d81ab3cce170" testName="UnitTestsBiblioMate.Services.Catalog.TagServiceTests.DeleteAsync_ShouldRemoveTag_WhenExists" computerName="0fc890f1414e" duration="00:00:00.0075366" startTime="2025-09-27T18:51:20.8543023+00:00" endTime="2025-09-27T18:51:20.8543023+00:00" testType="13cdc9d9-ddb5-4fa4-a97d-d965ccfc6d4b" outcome="Passed" testListId="8c84fa94-04c1-424b-9868-57a2d4851a1d" relativeResultsDirectory="b026869b-e24d-4344-ad41-4b4536cee617" />
    <UnitTestResult executionId="760a721a-fce2-4b7f-8883-36f6ec541478" testId="7f116010-0c34-b7a3-598b-b641d920876b" testName="UnitTestsBiblioMate.Services.Catalog.ShelfServiceTests.GetAllAsync_ShouldReturnAllShelves" computerName="0fc890f1414e" duration="00:00:00.0588662" startTime="2025-09-27T18:51:20.8245421+00:00" endTime="2025-09-27T18:51:20.8245422+00:00" testType="13cdc9d9-ddb5-4fa4-a97d-d965ccfc6d4b" outcome="Passed" testListId="8c84fa94-04c1-424b-9868-57a2d4851a1d" relativeResultsDirectory="760a721a-fce2-4b7f-8883-36f6ec541478" />
    <UnitTestResult executionId="9f27bb9c-fe1e-44dc-9633-eaed3aa5989f" testId="6d550664-614f-b552-2121-2fd45002e80b" testName="UnitTestsBiblioMate.Controllers.TagsControllerTest.DeleteTag_NotFound_Returns404" computerName="0fc890f1414e" duration="00:00:00.0025607" startTime="2025-09-27T18:51:20.0011090+00:00" endTime="2025-09-27T18:51:20.0011090+00:00" testType="13cdc9d9-ddb5-4fa4-a97d-d965ccfc6d4b" outcome="Passed" testListId="8c84fa94-04c1-424b-9868-57a2d4851a1d" relativeResultsDirectory="9f27bb9c-fe1e-44dc-9633-eaed3aa5989f" />
    <UnitTestResult executionId="1c983e16-0681-439e-af72-c3f3c5e6e56b" testId="6299cf0b-90ba-cb08-c4eb-4d113d066223" testName="UnitTestsBiblioMate.Controllers.RecommendationsControllerTest.GetRecommendations_UserRequestsOtherUser_ReturnsForbid" computerName="0fc890f1414e" duration="00:00:00.0009384" startTime="2025-09-27T18:51:20.0185062+00:00" endTime="2025-09-27T18:51:20.0185063+00:00" testType="13cdc9d9-ddb5-4fa4-a97d-d965ccfc6d4b" outcome="Passed" testListId="8c84fa94-04c1-424b-9868-57a2d4851a1d" relativeResultsDirectory="1c983e16-0681-439e-af72-c3f3c5e6e56b" />
    <UnitTestResult executionId="b0233ad3-f9b9-4711-8390-cf047f10d15b" testId="14b85bfd-2089-ff50-f34f-7bd7eb7fb5c6" testName="UnitTestsBiblioMate.Controllers.NotificationsControllerTest.GetNotification_NotFound_Returns404" computerName="0fc890f1414e" duration="00:00:00.0015540" startTime="2025-09-27T18:51:20.9469193+00:00" endTime="2025-09-27T18:51:20.9469194+00:00" testType="13cdc9d9-ddb5-4fa4-a97d-d965ccfc6d4b" outcome="Passed" testListId="8c84fa94-04c1-424b-9868-57a2d4851a1d" relativeResultsDirectory="b0233ad3-f9b9-4711-8390-cf047f10d15b" />
    <UnitTestResult executionId="1392ba4f-5d67-464c-bea2-a24f3d929600" testId="da619934-aff0-7ca9-cb05-15511907c510" testName="UnitTestsBiblioMate.Services.Catalog.TagServiceTests.DeleteAsync_ShouldReturnFalse_WhenNotExists" computerName="0fc890f1414e" duration="00:00:00.0057396" startTime="2025-09-27T18:51:20.8877495+00:00" endTime="2025-09-27T18:51:20.8877495+00:00" testType="13cdc9d9-ddb5-4fa4-a97d-d965ccfc6d4b" outcome="Passed" testListId="8c84fa94-04c1-424b-9868-57a2d4851a1d" relativeResultsDirectory="1392ba4f-5d67-464c-bea2-a24f3d929600" />
    <UnitTestResult executionId="d412c35f-83b0-4eaa-99f0-410cd58557ff" testId="a9d864b1-4657-5024-0fff-54f9da18eb66" testName="UnitTestsBiblioMate.Services.Infrastructure.Security.EncryptionServiceTest.Constructor_ShouldThrow_WhenKeyMissing" computerName="0fc890f1414e" duration="00:00:00.0002426" startTime="2025-09-27T18:51:20.8389372+00:00" endTime="2025-09-27T18:51:20.8389372+00:00" testType="13cdc9d9-ddb5-4fa4-a97d-d965ccfc6d4b" outcome="Passed" testListId="8c84fa94-04c1-424b-9868-57a2d4851a1d" relativeResultsDirectory="d412c35f-83b0-4eaa-99f0-410cd58557ff" />
    <UnitTestResult executionId="be5480a7-b887-4ea7-8cbe-2ed530a2a929" testId="f0fa3579-f461-a413-44a5-5d76889a8be7" testName="UnitTestsBiblioMate.Services.Catalog.StockServiceTest.UpdateAvailability_ShouldReflectComputedIsAvailable(quantity: 0, expectedAvailable: False)" computerName="0fc890f1414e" duration="00:00:00.0009699" startTime="2025-09-27T18:51:20.7065373+00:00" endTime="2025-09-27T18:51:20.7065375+00:00" testType="13cdc9d9-ddb5-4fa4-a97d-d965ccfc6d4b" outcome="Passed" testListId="8c84fa94-04c1-424b-9868-57a2d4851a1d" relativeResultsDirectory="be5480a7-b887-4ea7-8cbe-2ed530a2a929" />
    <UnitTestResult executionId="a9ebd52b-cde6-4615-8238-a614e70bd728" testId="991a84c8-f255-70f2-8fc1-36351edb67d8" testName="UnitTestsBiblioMate.Services.Catalog.TagServiceTests.EnsureAsync_Throws_WhenNameEmpty" computerName="0fc890f1414e" duration="00:00:00.0029862" startTime="2025-09-27T18:51:20.8985912+00:00" endTime="2025-09-27T18:51:20.8985913+00:00" testType="13cdc9d9-ddb5-4fa4-a97d-d965ccfc6d4b" outcome="Passed" testListId="8c84fa94-04c1-424b-9868-57a2d4851a1d" relativeResultsDirectory="a9ebd52b-cde6-4615-8238-a614e70bd728" />
    <UnitTestResult executionId="bd149e07-58d3-479e-83c5-902d7a1bf20d" testId="03b8e700-45ea-85d4-eda9-465ce3013627" testName="UnitTestsBiblioMate.Services.Catalog.ShelfServiceTests.CreateAsync_ShouldAddShelf" computerName="0fc890f1414e" duration="00:00:00.0075490" startTime="2025-09-27T18:51:20.8316339+00:00" endTime="2025-09-27T18:51:20.8316340+00:00" testType="13cdc9d9-ddb5-4fa4-a97d-d965ccfc6d4b" outcome="Passed" testListId="8c84fa94-04c1-424b-9868-57a2d4851a1d" relativeResultsDirectory="bd149e07-58d3-479e-83c5-902d7a1bf20d" />
    <UnitTestResult executionId="bbb2e6a4-26b4-4c40-8623-32aa2f755da0" testId="55a0656b-17ed-7bb3-880e-671e5380bd48" testName="UnitTestsBiblioMate.Services.Catalog.StockServiceTest.UpdateAvailability_WithContext_AutoPersists" computerName="0fc890f1414e" duration="00:00:00.7936593" startTime="2025-09-27T18:51:20.7000715+00:00" endTime="2025-09-27T18:51:20.7000716+00:00" testType="13cdc9d9-ddb5-4fa4-a97d-d965ccfc6d4b" outcome="Passed" testListId="8c84fa94-04c1-424b-9868-57a2d4851a1d" relativeResultsDirectory="bbb2e6a4-26b4-4c40-8623-32aa2f755da0" />
    <UnitTestResult executionId="734216b1-6697-415c-9022-ed3abcabcbf2" testId="8092ef74-e455-4d85-62af-18ee98f7a3af" testName="UnitTestsBiblioMate.Controllers.ReservationsControllerTest.CreateReservation_OtherUser_ReturnsForbid" computerName="0fc890f1414e" duration="00:00:00.0035913" startTime="2025-09-27T18:51:20.0210043+00:00" endTime="2025-09-27T18:51:20.0210043+00:00" testType="13cdc9d9-ddb5-4fa4-a97d-d965ccfc6d4b" outcome="Passed" testListId="8c84fa94-04c1-424b-9868-57a2d4851a1d" relativeResultsDirectory="734216b1-6697-415c-9022-ed3abcabcbf2" />
    <UnitTestResult executionId="458ffaef-1311-4ccc-8e1e-ae86e323b2c1" testId="3cc96931-b930-5043-760c-a9070e9bd0f3" testName="UnitTestsBiblioMate.Services.Reports.SearchActivityLogServiceTests.Ctor_NullClient_Throws" computerName="0fc890f1414e" duration="00:00:00.0073315" startTime="2025-09-27T18:51:19.9466725+00:00" endTime="2025-09-27T18:51:19.9467348+00:00" testType="13cdc9d9-ddb5-4fa4-a97d-d965ccfc6d4b" outcome="Passed" testListId="8c84fa94-04c1-424b-9868-57a2d4851a1d" relativeResultsDirectory="458ffaef-1311-4ccc-8e1e-ae86e323b2c1" />
    <UnitTestResult executionId="3fdffcbb-1824-4a7b-90f3-0c268832507b" testId="7560d0d5-0c32-c836-592d-6842be7e9654" testName="UnitTestsBiblioMate.Services.Loans.LoanServiceTests.ReturnAsync_ShouldReturnLoanAndNotify_WhenReservationExists" computerName="0fc890f1414e" duration="00:00:00.0068722" startTime="2025-09-27T18:51:21.0552223+00:00" endTime="2025-09-27T18:51:21.0552224+00:00" testType="13cdc9d9-ddb5-4fa4-a97d-d965ccfc6d4b" outcome="Passed" testListId="8c84fa94-04c1-424b-9868-57a2d4851a1d" relativeResultsDirectory="3fdffcbb-1824-4a7b-90f3-0c268832507b" />
    <UnitTestResult executionId="53fba16b-aa00-4f38-9407-b9553a302be8" testId="058c9896-adcf-5ff2-8be6-64665775177d" testName="UnitTestsBiblioMate.Controllers.StocksControllerTest.UpdateStock_NotFound_Returns404" computerName="0fc890f1414e" duration="00:00:00.0040286" startTime="2025-09-27T18:51:20.8044026+00:00" endTime="2025-09-27T18:51:20.8044027+00:00" testType="13cdc9d9-ddb5-4fa4-a97d-d965ccfc6d4b" outcome="Passed" testListId="8c84fa94-04c1-424b-9868-57a2d4851a1d" relativeResultsDirectory="53fba16b-aa00-4f38-9407-b9553a302be8" />
    <UnitTestResult executionId="70aa8d67-0fc6-42e5-a4c6-21e90ceb53c8" testId="5fffbd0c-7b88-e2eb-efaf-d16dd896642e" testName="UnitTestsBiblioMate.Controllers.BooksControllerTest.SearchBooks_ShouldReturnOkWithResults_WhenAnonymous" computerName="0fc890f1414e" duration="00:00:00.0022211" startTime="2025-09-27T18:51:20.0836856+00:00" endTime="2025-09-27T18:51:20.0836856+00:00" testType="13cdc9d9-ddb5-4fa4-a97d-d965ccfc6d4b" outcome="Passed" testListId="8c84fa94-04c1-424b-9868-57a2d4851a1d" relativeResultsDirectory="70aa8d67-0fc6-42e5-a4c6-21e90ceb53c8" />
    <UnitTestResult executionId="6e5b90e2-4049-4ddb-acab-eeb9105017d6" testId="6495e8fe-0f9c-11f7-bae9-25cc6d1bc160" testName="UnitTestsBiblioMate.Controllers.ShelvesControllerTest.UpdateShelf_NotFound_Returns404" computerName="0fc890f1414e" duration="00:00:00.0013933" startTime="2025-09-27T18:51:20.8175834+00:00" endTime="2025-09-27T18:51:20.8175835+00:00" testType="13cdc9d9-ddb5-4fa4-a97d-d965ccfc6d4b" outcome="Passed" testListId="8c84fa94-04c1-424b-9868-57a2d4851a1d" relativeResultsDirectory="6e5b90e2-4049-4ddb-acab-eeb9105017d6" />
    <UnitTestResult executionId="1891e0bd-2e97-4052-ae0a-178dac825ab4" testId="9782ed97-3150-f282-0b09-4ea654495e36" testName="UnitTestsBiblioMate.Controllers.NotificationsLogsControllerTest.GetAll_ShouldReturnOkWithLogs" computerName="0fc890f1414e" duration="00:00:00.0097293" startTime="2025-09-27T18:51:20.7842560+00:00" endTime="2025-09-27T18:51:20.7842561+00:00" testType="13cdc9d9-ddb5-4fa4-a97d-d965ccfc6d4b" outcome="Passed" testListId="8c84fa94-04c1-424b-9868-57a2d4851a1d" relativeResultsDirectory="1891e0bd-2e97-4052-ae0a-178dac825ab4" />
    <UnitTestResult executionId="05c8cd93-8d6f-4640-ad71-fb8090f010a2" testId="520757a3-4d69-e8dd-4dd0-5f6323fed1a6" testName="UnitTestsBiblioMate.Helpers.PagedResultTests.ToPagedResultAsync_InvalidArgs_Throws" computerName="0fc890f1414e" duration="00:00:00.0130864" startTime="2025-09-27T18:51:20.1322155+00:00" endTime="2025-09-27T18:51:20.1322156+00:00" testType="13cdc9d9-ddb5-4fa4-a97d-d965ccfc6d4b" outcome="Passed" testListId="8c84fa94-04c1-424b-9868-57a2d4851a1d" relativeResultsDirectory="05c8cd93-8d6f-4640-ad71-fb8090f010a2" />
    <UnitTestResult executionId="9b743c9b-2176-45c8-92bc-331f3642608e" testId="6bf5dc94-1c9e-55f5-9e6a-117cbbeeff0d" testName="UnitTestsBiblioMate.Controllers.TagsControllerTest.GetTags_ReturnsOkWithList" computerName="0fc890f1414e" duration="00:00:00.0030550" startTime="2025-09-27T18:51:20.0241206+00:00" endTime="2025-09-27T18:51:20.0241206+00:00" testType="13cdc9d9-ddb5-4fa4-a97d-d965ccfc6d4b" outcome="Passed" testListId="8c84fa94-04c1-424b-9868-57a2d4851a1d" relativeResultsDirectory="9b743c9b-2176-45c8-92bc-331f3642608e" />
    <UnitTestResult executionId="37861f0b-7d87-4cfe-9e8a-79249800d2dc" testId="ed6cc4ca-e1e5-1490-ecfb-0efac58e164b" testName="UnitTestsBiblioMate.Controllers.ReservationsControllerTest.GetPendingForBook_AsPrivileged_ReturnsOk" computerName="0fc890f1414e" duration="00:00:00.0031205" startTime="2025-09-27T18:51:20.0234463+00:00" endTime="2025-09-27T18:51:20.0234463+00:00" testType="13cdc9d9-ddb5-4fa4-a97d-d965ccfc6d4b" outcome="Passed" testListId="8c84fa94-04c1-424b-9868-57a2d4851a1d" relativeResultsDirectory="37861f0b-7d87-4cfe-9e8a-79249800d2dc" />
    <UnitTestResult executionId="92e6307e-987b-4c8f-b317-579acd392fdc" testId="d56c719a-d9fc-7362-eee2-f0ecb2883b8c" testName="UnitTestsBiblioMate.Services.Catalog.ShelfServiceTests.UpdateAsync_ShouldReturnFalse_WhenNotExists" computerName="0fc890f1414e" duration="00:00:00.0100297" startTime="2025-09-27T18:51:20.7237351+00:00" endTime="2025-09-27T18:51:20.7237352+00:00" testType="13cdc9d9-ddb5-4fa4-a97d-d965ccfc6d4b" outcome="Passed" testListId="8c84fa94-04c1-424b-9868-57a2d4851a1d" relativeResultsDirectory="92e6307e-987b-4c8f-b317-579acd392fdc" />
    <UnitTestResult executionId="b0c692a0-e4a8-419f-bb4c-ee1901a06461" testId="02da84d2-5b27-4e1b-9fa2-b7a58d22d9fa" testName="UnitTestsBiblioMate.Controllers.StocksControllerTest.CreateStock_Conflict_Returns409" computerName="0fc890f1414e" duration="00:00:00.0101146" startTime="2025-09-27T18:51:20.7060840+00:00" endTime="2025-09-27T18:51:20.7060840+00:00" testType="13cdc9d9-ddb5-4fa4-a97d-d965ccfc6d4b" outcome="Passed" testListId="8c84fa94-04c1-424b-9868-57a2d4851a1d" relativeResultsDirectory="b0c692a0-e4a8-419f-bb4c-ee1901a06461" />
    <UnitTestResult executionId="cd7e7b6c-eea2-46b7-a760-ac269766c61f" testId="1066eae5-4d6c-9f8d-a7d4-461ec8dd8766" testName="UnitTestsBiblioMate.Controllers.ShelfLevelsControllerTest.UpdateShelfLevel_NotFound_Returns404" computerName="0fc890f1414e" duration="00:00:00.0023320" startTime="2025-09-27T18:51:20.7480896+00:00" endTime="2025-09-27T18:51:20.7480897+00:00" testType="13cdc9d9-ddb5-4fa4-a97d-d965ccfc6d4b" outcome="Passed" testListId="8c84fa94-04c1-424b-9868-57a2d4851a1d" relativeResultsDirectory="cd7e7b6c-eea2-46b7-a760-ac269766c61f" />
    <UnitTestResult executionId="7bfd69ec-88e1-41e6-b19d-5b0ab43941fd" testId="5bd04e80-61ad-550f-35a7-28efd85a7c13" testName="UnitTestsBiblioMate.Controllers.LoansControllerTest.ReturnLoan_ShouldReturnBadRequestWhenError" computerName="0fc890f1414e" duration="00:00:00.0064043" startTime="2025-09-27T18:51:20.8446852+00:00" endTime="2025-09-27T18:51:20.8446852+00:00" testType="13cdc9d9-ddb5-4fa4-a97d-d965ccfc6d4b" outcome="Passed" testListId="8c84fa94-04c1-424b-9868-57a2d4851a1d" relativeResultsDirectory="7bfd69ec-88e1-41e6-b19d-5b0ab43941fd" />
    <UnitTestResult executionId="bf5ae2be-7602-4505-a893-92b7559ccf6a" testId="92ce3f98-3fa1-fb39-b389-0f31984fe497" testName="UnitTestsBiblioMate.Services.Catalog.LocationServiceTest.EnsureAsync_ReusesExistingEntities_OnSecondCall" computerName="0fc890f1414e" duration="00:00:00.0068101" startTime="2025-09-27T18:51:20.8147077+00:00" endTime="2025-09-27T18:51:20.8147077+00:00" testType="13cdc9d9-ddb5-4fa4-a97d-d965ccfc6d4b" outcome="Passed" testListId="8c84fa94-04c1-424b-9868-57a2d4851a1d" relativeResultsDirectory="bf5ae2be-7602-4505-a893-92b7559ccf6a" />
    <UnitTestResult executionId="8699424f-d614-4da7-81b0-9a570277dfb9" testId="ca387944-1de5-c2fd-62ab-5510dbff29f1" testName="UnitTestsBiblioMate.Services.Reports.SearchActivityLogServiceTests.Ctor_CreatesTtlIndexOnTimestamp" computerName="0fc890f1414e" duration="00:00:00.0083566" startTime="2025-09-27T18:51:20.0983312+00:00" endTime="2025-09-27T18:51:20.0983312+00:00" testType="13cdc9d9-ddb5-4fa4-a97d-d965ccfc6d4b" outcome="Passed" testListId="8c84fa94-04c1-424b-9868-57a2d4851a1d" relativeResultsDirectory="8699424f-d614-4da7-81b0-9a570277dfb9" />
    <UnitTestResult executionId="1982e420-9715-452b-8d2f-6dd2bb6072ba" testId="e4a4ac97-023d-26dd-91ef-3fa821623f37" testName="UnitTestsBiblioMate.Services.Infrastructure.Security.EncryptionServiceTest.Constructor_ShouldThrow_WhenKeyWrongLength" computerName="0fc890f1414e" duration="00:00:00.0003014" startTime="2025-09-27T18:51:20.8381272+00:00" endTime="2025-09-27T18:51:20.8381273+00:00" testType="13cdc9d9-ddb5-4fa4-a97d-d965ccfc6d4b" outcome="Passed" testListId="8c84fa94-04c1-424b-9868-57a2d4851a1d" relativeResultsDirectory="1982e420-9715-452b-8d2f-6dd2bb6072ba" />
    <UnitTestResult executionId="f6daa03c-80e4-4ca9-b63f-83f419405acd" testId="0549d529-f6e2-499b-6d16-3250d52ff9a2" testName="UnitTestsBiblioMate.Services.Catalog.LocationServiceTest.GetShelvesAsync_FiltersByFloorAndAisle_AndOrdersByName" computerName="0fc890f1414e" duration="00:00:00.0219575" startTime="2025-09-27T18:51:20.7536698+00:00" endTime="2025-09-27T18:51:20.7536698+00:00" testType="13cdc9d9-ddb5-4fa4-a97d-d965ccfc6d4b" outcome="Passed" testListId="8c84fa94-04c1-424b-9868-57a2d4851a1d" relativeResultsDirectory="f6daa03c-80e4-4ca9-b63f-83f419405acd" />
    <UnitTestResult executionId="dba656c2-f187-4a48-be0c-d474a2f82fc0" testId="01f36744-877e-12e6-bbb5-72ac2f5ca729" testName="UnitTestsBiblioMate.Controllers.UsersControllerTest.UpdateUser_NotFound_Returns404" computerName="0fc890f1414e" duration="00:00:00.0012773" startTime="2025-09-27T18:51:21.0407861+00:00" endTime="2025-09-27T18:51:21.0407862+00:00" testType="13cdc9d9-ddb5-4fa4-a97d-d965ccfc6d4b" outcome="Passed" testListId="8c84fa94-04c1-424b-9868-57a2d4851a1d" relativeResultsDirectory="dba656c2-f187-4a48-be0c-d474a2f82fc0" />
    <UnitTestResult executionId="f30bfe1e-dedc-4245-b57e-8769d533d297" testId="f5ee9c33-28c5-696b-802e-7511f0137f01" testName="UnitTestsBiblioMate.Services.Catalog.TagServiceTests.UpdateAsync_ShouldReturnFalse_WhenNotExists" computerName="0fc890f1414e" duration="00:00:00.0026695" startTime="2025-09-27T18:51:20.9104451+00:00" endTime="2025-09-27T18:51:20.9104452+00:00" testType="13cdc9d9-ddb5-4fa4-a97d-d965ccfc6d4b" outcome="Passed" testListId="8c84fa94-04c1-424b-9868-57a2d4851a1d" relativeResultsDirectory="f30bfe1e-dedc-4245-b57e-8769d533d297" />
    <UnitTestResult executionId="d90b07ab-d93e-4b90-9f47-6df315dfbc0e" testId="33f52e02-ac78-0991-5fef-c8bdc94fe102" testName="UnitTestsBiblioMate.Controllers.LocationsControllerTest.Ensure_ShouldReturnBadRequest_WhenDtoIsNull" computerName="0fc890f1414e" duration="00:00:00.0010486" startTime="2025-09-27T18:51:20.0701240+00:00" endTime="2025-09-27T18:51:20.0701241+00:00" testType="13cdc9d9-ddb5-4fa4-a97d-d965ccfc6d4b" outcome="Passed" testListId="8c84fa94-04c1-424b-9868-57a2d4851a1d" relativeResultsDirectory="d90b07ab-d93e-4b90-9f47-6df315dfbc0e" />
    <UnitTestResult executionId="47e8b9bd-2c15-4f1e-98cf-081d8db20ad6" testId="8f1fb100-34a7-c9e4-a630-f1d075bbbfde" testName="UnitTestsBiblioMate.Controllers.NotificationsLogsControllerTest.GetById_ShouldReturnNotFoundWhenMissing" computerName="0fc890f1414e" duration="00:00:00.0020807" startTime="2025-09-27T18:51:20.7923909+00:00" endTime="2025-09-27T18:51:20.7923909+00:00" testType="13cdc9d9-ddb5-4fa4-a97d-d965ccfc6d4b" outcome="Passed" testListId="8c84fa94-04c1-424b-9868-57a2d4851a1d" relativeResultsDirectory="47e8b9bd-2c15-4f1e-98cf-081d8db20ad6" />
    <UnitTestResult executionId="3b515b66-e1b9-4264-925f-35a8eba909d7" testId="86c41ba9-3e98-5040-4238-1c1ecb0159d9" testName="UnitTestsBiblioMate.Controllers.ReportsControllerTest.DeleteReport_OwnerSuccess_ReturnsNoContent" computerName="0fc890f1414e" duration="00:00:00.0092139" startTime="2025-09-27T18:51:20.9005911+00:00" endTime="2025-09-27T18:51:20.9005912+00:00" testType="13cdc9d9-ddb5-4fa4-a97d-d965ccfc6d4b" outcome="Passed" testListId="8c84fa94-04c1-424b-9868-57a2d4851a1d" relativeResultsDirectory="3b515b66-e1b9-4264-925f-35a8eba909d7" />
    <UnitTestResult executionId="7a173281-cd37-49ea-8e1b-1108dd8f98d5" testId="1a21afc1-5196-ff87-ebf1-e8fb46b13695" testName="UnitTestsBiblioMate.Services.Catalog.StockServiceTest.AdjustQuantity_WithContext_PersistsChangeAndAvailability" computerName="0fc890f1414e" duration="00:00:00.0011276" startTime="2025-09-27T18:51:20.7206585+00:00" endTime="2025-09-27T18:51:20.7206586+00:00" testType="13cdc9d9-ddb5-4fa4-a97d-d965ccfc6d4b" outcome="Passed" testListId="8c84fa94-04c1-424b-9868-57a2d4851a1d" relativeResultsDirectory="7a173281-cd37-49ea-8e1b-1108dd8f98d5" />
    <UnitTestResult executionId="79353125-9e3f-4ec6-9a9c-7e0079020be6" testId="0f40a3b0-65ab-924b-f503-cad67db71c8b" testName="UnitTestsBiblioMate.Controllers.AuthorsControllerTest.UpdateAuthor_ShouldReturnNoContentWhenSuccess" computerName="0fc890f1414e" duration="00:00:00.0020975" startTime="2025-09-27T18:51:20.0297331+00:00" endTime="2025-09-27T18:51:20.0297332+00:00" testType="13cdc9d9-ddb5-4fa4-a97d-d965ccfc6d4b" outcome="Passed" testListId="8c84fa94-04c1-424b-9868-57a2d4851a1d" relativeResultsDirectory="79353125-9e3f-4ec6-9a9c-7e0079020be6" />
    <UnitTestResult executionId="4aa2c203-9c91-4630-84a1-e2f0a17951c5" testId="790640e2-f264-96d2-4054-e9b96ad6c5e0" testName="UnitTestsBiblioMate.Controllers.HistoriesControllerTest.GetUserHistory_Owner_ShouldReturnOk" computerName="0fc890f1414e" duration="00:00:00.0256310" startTime="2025-09-27T18:51:20.7928055+00:00" endTime="2025-09-27T18:51:20.7928056+00:00" testType="13cdc9d9-ddb5-4fa4-a97d-d965ccfc6d4b" outcome="Passed" testListId="8c84fa94-04c1-424b-9868-57a2d4851a1d" relativeResultsDirectory="4aa2c203-9c91-4630-84a1-e2f0a17951c5" />
    <UnitTestResult executionId="6393a859-847e-4354-9f28-8a84276e2bc9" testId="5b680dbb-836e-6abd-76ca-496bc70eee65" testName="UnitTestsBiblioMate.Services.Catalog.BookServiceTest.UpdateAsync_ReturnsFalse_WhenBookMissing" computerName="0fc890f1414e" duration="00:00:00.0009465" startTime="2025-09-27T18:51:21.0940858+00:00" endTime="2025-09-27T18:51:21.0940859+00:00" testType="13cdc9d9-ddb5-4fa4-a97d-d965ccfc6d4b" outcome="Passed" testListId="8c84fa94-04c1-424b-9868-57a2d4851a1d" relativeResultsDirectory="6393a859-847e-4354-9f28-8a84276e2bc9" />
    <UnitTestResult executionId="3ae5f3c2-ccc4-4d80-ae85-45c4c54829cf" testId="bd96a726-d540-2a5f-2bfd-0575db8f15c9" testName="UnitTestsBiblioMate.Services.Users.AuthServiceTests.RegisterAsync_ShouldRegisterNewUser" computerName="0fc890f1414e" duration="00:00:00.1174848" startTime="2025-09-27T18:51:22.2899643+00:00" endTime="2025-09-27T18:51:22.2899644+00:00" testType="13cdc9d9-ddb5-4fa4-a97d-d965ccfc6d4b" outcome="Passed" testListId="8c84fa94-04c1-424b-9868-57a2d4851a1d" relativeResultsDirectory="3ae5f3c2-ccc4-4d80-ae85-45c4c54829cf">
      <Output>
        <StdOut>User created: Test User
Token: 08e9edf4-4ccf-485f-9d0d-c8c66d693030</StdOut>
      </Output>
    </UnitTestResult>
    <UnitTestResult executionId="62b9d620-9f8e-47a3-b2a2-1f9ae6eec46b" testId="6e7cd010-d82a-e454-81fb-2aa513f04674" testName="UnitTestsBiblioMate.Services.Loans.ReservationServiceTest.GetByUserAsync_ShouldFilterByUserAndStatus" computerName="0fc890f1414e" duration="00:00:00.0460190" startTime="2025-09-27T18:51:20.9893787+00:00" endTime="2025-09-27T18:51:20.9893788+00:00" testType="13cdc9d9-ddb5-4fa4-a97d-d965ccfc6d4b" outcome="Passed" testListId="8c84fa94-04c1-424b-9868-57a2d4851a1d" relativeResultsDirectory="62b9d620-9f8e-47a3-b2a2-1f9ae6eec46b" />
    <UnitTestResult executionId="7e163dd3-7101-4404-b59c-70aa1d0581c6" testId="f6512f54-5b03-da71-1644-0f2c5c6ff693" testName="UnitTestsBiblioMate.Controllers.ShelvesControllerTest.DeleteShelf_Success_ReturnsNoContent" computerName="0fc890f1414e" duration="00:00:00.0020757" startTime="2025-09-27T18:51:20.8117411+00:00" endTime="2025-09-27T18:51:20.8117412+00:00" testType="13cdc9d9-ddb5-4fa4-a97d-d965ccfc6d4b" outcome="Passed" testListId="8c84fa94-04c1-424b-9868-57a2d4851a1d" relativeResultsDirectory="7e163dd3-7101-4404-b59c-70aa1d0581c6" />
    <UnitTestResult executionId="87a146f1-e57c-4c16-ba8b-b4fafe94749b" testId="63af5839-9117-ff3c-435b-cacbf8d224ee" testName="UnitTestsBiblioMate.Services.Catalog.ShelfLevelServiceTest.GetAllAsync_ShouldReturnAllShelfLevels" computerName="0fc890f1414e" duration="00:00:00.0152996" startTime="2025-09-27T18:51:20.8405843+00:00" endTime="2025-09-27T18:51:20.8405843+00:00" testType="13cdc9d9-ddb5-4fa4-a97d-d965ccfc6d4b" outcome="Passed" testListId="8c84fa94-04c1-424b-9868-57a2d4851a1d" relativeResultsDirectory="87a146f1-e57c-4c16-ba8b-b4fafe94749b" />
    <UnitTestResult executionId="5c4e0704-dca9-469f-ae11-d97382603e86" testId="8df68290-eaa6-1c7d-65b7-606537990b70" testName="UnitTestsBiblioMate.Controllers.AuthsControllerTest.ApproveUser_ShouldReturnNotFoundOnFailure" computerName="0fc890f1414e" duration="00:00:00.0078998" startTime="2025-09-27T18:51:20.9500579+00:00" endTime="2025-09-27T18:51:20.9500580+00:00" testType="13cdc9d9-ddb5-4fa4-a97d-d965ccfc6d4b" outcome="Passed" testListId="8c84fa94-04c1-424b-9868-57a2d4851a1d" relativeResultsDirectory="5c4e0704-dca9-469f-ae11-d97382603e86" />
    <UnitTestResult executionId="ab0a0289-2f3e-42e4-9058-106bc594b40b" testId="ce2fb550-62c2-9996-379d-2ad9d8c6f9a4" testName="UnitTestsBiblioMate.Services.Catalog.ShelfLevelServiceTest.DeleteAsync_ShouldReturnFalse_WhenNotExists" computerName="0fc890f1414e" duration="00:00:00.0112341" startTime="2025-09-27T18:51:20.8504257+00:00" endTime="2025-09-27T18:51:20.8504258+00:00" testType="13cdc9d9-ddb5-4fa4-a97d-d965ccfc6d4b" outcome="Passed" testListId="8c84fa94-04c1-424b-9868-57a2d4851a1d" relativeResultsDirectory="ab0a0289-2f3e-42e4-9058-106bc594b40b" />
    <UnitTestResult executionId="96ce2647-2878-4313-9f3f-039a43dcc1a8" testId="fa5d53e2-0ed0-04e9-72ff-e7e9f0ff0679" testName="UnitTestsBiblioMate.Controllers.LocationsControllerTest.GetAisles_ShouldReturnNotFound_WhenEmpty" computerName="0fc890f1414e" duration="00:00:00.0017238" startTime="2025-09-27T18:51:20.0630842+00:00" endTime="2025-09-27T18:51:20.0630842+00:00" testType="13cdc9d9-ddb5-4fa4-a97d-d965ccfc6d4b" outcome="Passed" testListId="8c84fa94-04c1-424b-9868-57a2d4851a1d" relativeResultsDirectory="96ce2647-2878-4313-9f3f-039a43dcc1a8" />
    <UnitTestResult executionId="e9499955-c5da-4d9a-9d7f-94107c0288fa" testId="7ab6c2aa-a489-307c-a717-2f479d70845d" testName="UnitTestsBiblioMate.Services.Loans.ReservationServiceTest.DeleteAsync_ShouldReturnTrue_WhenExists" computerName="0fc890f1414e" duration="00:00:00.0104851" startTime="2025-09-27T18:51:20.7845895+00:00" endTime="2025-09-27T18:51:20.7845896+00:00" testType="13cdc9d9-ddb5-4fa4-a97d-d965ccfc6d4b" outcome="Passed" testListId="8c84fa94-04c1-424b-9868-57a2d4851a1d" relativeResultsDirectory="e9499955-c5da-4d9a-9d7f-94107c0288fa" />
    <UnitTestResult executionId="ae53dbfc-3e60-40ec-846a-cfbcca5a9476" testId="f7912e5b-934b-2cfc-3e6d-37302bb96035" testName="UnitTestsBiblioMate.Services.Reports.SearchActivityLogServiceTests.LogAsync_InsertsDocument" computerName="0fc890f1414e" duration="00:00:00.0075671" startTime="2025-09-27T18:51:20.0899077+00:00" endTime="2025-09-27T18:51:20.0899078+00:00" testType="13cdc9d9-ddb5-4fa4-a97d-d965ccfc6d4b" outcome="Passed" testListId="8c84fa94-04c1-424b-9868-57a2d4851a1d" relativeResultsDirectory="ae53dbfc-3e60-40ec-846a-cfbcca5a9476" />
    <UnitTestResult executionId="3118d4da-3149-451f-985a-865cccca56cf" testId="7a22a28a-6109-cc9c-213d-f2b06b70642b" testName="UnitTestsBiblioMate.Controllers.LoansControllerTest.CreateLoan_ShouldReturnOkWhenSuccess" computerName="0fc890f1414e" duration="00:00:00.0043659" startTime="2025-09-27T18:51:20.9245288+00:00" endTime="2025-09-27T18:51:20.9245288+00:00" testType="13cdc9d9-ddb5-4fa4-a97d-d965ccfc6d4b" outcome="Passed" testListId="8c84fa94-04c1-424b-9868-57a2d4851a1d" relativeResultsDirectory="3118d4da-3149-451f-985a-865cccca56cf" />
    <UnitTestResult executionId="349271d8-ea0e-4e3f-b634-c8ba17dd3323" testId="61f931f0-c9da-f3ae-57e3-3200a9c6089d" testName="UnitTestsBiblioMate.Helpers.TokenHelperTests.GetUserId_NullPrincipal_Throws" computerName="0fc890f1414e" duration="00:00:00.0002863" startTime="2025-09-27T18:51:20.1287849+00:00" endTime="2025-09-27T18:51:20.1287849+00:00" testType="13cdc9d9-ddb5-4fa4-a97d-d965ccfc6d4b" outcome="Passed" testListId="8c84fa94-04c1-424b-9868-57a2d4851a1d" relativeResultsDirectory="349271d8-ea0e-4e3f-b634-c8ba17dd3323" />
    <UnitTestResult executionId="ccead1b7-bc60-4c4c-a8d0-3698ce7d7b48" testId="8222a15c-377e-7507-eb66-2c0ab0127995" testName="UnitTestsBiblioMate.Services.Infrastructure.Logging.MongoLogServiceTest.GetByIdAsync_EmptyId_ThrowsArgumentException" computerName="0fc890f1414e" duration="00:00:00.0336816" startTime="2025-09-27T18:51:20.0530459+00:00" endTime="2025-09-27T18:51:20.0530459+00:00" testType="13cdc9d9-ddb5-4fa4-a97d-d965ccfc6d4b" outcome="Passed" testListId="8c84fa94-04c1-424b-9868-57a2d4851a1d" relativeResultsDirectory="ccead1b7-bc60-4c4c-a8d0-3698ce7d7b48" />
    <UnitTestResult executionId="9c31e48a-0acf-4ffa-bc9b-dc10465b5a2a" testId="248e3b0b-012f-83c1-d260-d23ab0437982" testName="UnitTestsBiblioMate.Services.Infrastructure.Security.EncryptionServiceTest.Decrypt_WithInvalidBase64_ShouldThrowFormatException" computerName="0fc890f1414e" duration="00:00:00.0001348" startTime="2025-09-27T18:51:20.8385037+00:00" endTime="2025-09-27T18:51:20.8385038+00:00" testType="13cdc9d9-ddb5-4fa4-a97d-d965ccfc6d4b" outcome="Passed" testListId="8c84fa94-04c1-424b-9868-57a2d4851a1d" relativeResultsDirectory="9c31e48a-0acf-4ffa-bc9b-dc10465b5a2a" />
    <UnitTestResult executionId="0a1812b8-8609-4547-9a2d-464c4d96c77c" testId="2bd1a842-04a5-930d-2a23-38124912e759" testName="UnitTestsBiblioMate.Services.Infrastructure.External.GoogleBooksServiceTest.SearchAsync_NoItems_ReturnsEmptyList" computerName="0fc890f1414e" duration="00:00:00.0407147" startTime="2025-09-27T18:51:21.0125124+00:00" endTime="2025-09-27T18:51:21.0125125+00:00" testType="13cdc9d9-ddb5-4fa4-a97d-d965ccfc6d4b" outcome="Passed" testListId="8c84fa94-04c1-424b-9868-57a2d4851a1d" relativeResultsDirectory="0a1812b8-8609-4547-9a2d-464c4d96c77c" />
    <UnitTestResult executionId="a5c83e2c-f772-4972-a6a9-405c5b7c0c47" testId="a5d458e0-c90c-4413-d344-469817752706" testName="UnitTestsBiblioMate.Controllers.UsersControllerTest.DeleteUser_NotFound_Returns404" computerName="0fc890f1414e" duration="00:00:00.0031091" startTime="2025-09-27T18:51:20.8565904+00:00" endTime="2025-09-27T18:51:20.8565905+00:00" testType="13cdc9d9-ddb5-4fa4-a97d-d965ccfc6d4b" outcome="Passed" testListId="8c84fa94-04c1-424b-9868-57a2d4851a1d" relativeResultsDirectory="a5c83e2c-f772-4972-a6a9-405c5b7c0c47" />
    <UnitTestResult executionId="62789004-f770-4e61-afaa-78c38df79dfb" testId="e946a31d-2ab6-b6cf-a01b-184d3f6d59d5" testName="UnitTestsBiblioMate.Controllers.ShelfLevelsControllerTest.UpdateShelfLevel_Success_ReturnsNoContent" computerName="0fc890f1414e" duration="00:00:00.0059447" startTime="2025-09-27T18:51:20.7608689+00:00" endTime="2025-09-27T18:51:20.7608690+00:00" testType="13cdc9d9-ddb5-4fa4-a97d-d965ccfc6d4b" outcome="Passed" testListId="8c84fa94-04c1-424b-9868-57a2d4851a1d" relativeResultsDirectory="62789004-f770-4e61-afaa-78c38df79dfb" />
    <UnitTestResult executionId="ba416fac-2dfb-4c84-a745-dfd2dad12360" testId="94d23bfb-7394-4068-f47e-8262e121777e" testName="UnitTestsBiblioMate.Services.Catalog.TagServiceTests.SearchAsync_FiltersBySubstring_CaseInsensitive" computerName="0fc890f1414e" duration="00:00:00.0144500" startTime="2025-09-27T18:51:20.8339030+00:00" endTime="2025-09-27T18:51:20.8339030+00:00" testType="13cdc9d9-ddb5-4fa4-a97d-d965ccfc6d4b" outcome="Passed" testListId="8c84fa94-04c1-424b-9868-57a2d4851a1d" relativeResultsDirectory="ba416fac-2dfb-4c84-a745-dfd2dad12360" />
    <UnitTestResult executionId="cff250ae-052a-4240-a0e5-e3f428bab3f6" testId="baadc0c4-87ac-0933-e32d-bc807b18fea3" testName="UnitTestsBiblioMate.Services.Infrastructure.Logging.MongoLogServiceTest.GetByIdAsync_DocumentNotFound_ReturnsNull" computerName="0fc890f1414e" duration="00:00:00.0015319" startTime="2025-09-27T18:51:20.0829692+00:00" endTime="2025-09-27T18:51:20.0829693+00:00" testType="13cdc9d9-ddb5-4fa4-a97d-d965ccfc6d4b" outcome="Passed" testListId="8c84fa94-04c1-424b-9868-57a2d4851a1d" relativeResultsDirectory="cff250ae-052a-4240-a0e5-e3f428bab3f6" />
    <UnitTestResult executionId="87b4b2cb-a6fb-4832-8d47-d120093829ba" testId="2753c128-551c-b341-90de-876cfc88540c" testName="UnitTestsBiblioMate.Controllers.EditorsControllerTest.UpdateEditor_ShouldReturnNoContentWhenSuccess" computerName="0fc890f1414e" duration="00:00:00.0016879" startTime="2025-09-27T18:51:20.0244912+00:00" endTime="2025-09-27T18:51:20.0244912+00:00" testType="13cdc9d9-ddb5-4fa4-a97d-d965ccfc6d4b" outcome="Passed" testListId="8c84fa94-04c1-424b-9868-57a2d4851a1d" relativeResultsDirectory="87b4b2cb-a6fb-4832-8d47-d120093829ba" />
    <UnitTestResult executionId="7c4c2a59-7a98-419a-a2d5-8a1d2d80a337" testId="c9bb0342-a462-afed-42c6-0b7764ff9036" testName="UnitTestsBiblioMate.Controllers.ReservationsControllerTest.GetUserReservations_OtherUser_ReturnsForbid" computerName="0fc890f1414e" duration="00:00:00.0026544" startTime="2025-09-27T18:51:20.0191164+00:00" endTime="2025-09-27T18:51:20.0191165+00:00" testType="13cdc9d9-ddb5-4fa4-a97d-d965ccfc6d4b" outcome="Passed" testListId="8c84fa94-04c1-424b-9868-57a2d4851a1d" relativeResultsDirectory="7c4c2a59-7a98-419a-a2d5-8a1d2d80a337" />
    <UnitTestResult executionId="883d4203-d670-4803-b250-f73ae8454dc5" testId="8d57cc79-2aae-8579-7623-77eedb493a39" testName="UnitTestsBiblioMate.Controllers.BooksControllerTest.DeleteBook_ShouldReturnExpectedResult(serviceResult: True, expected: typeof(Microsoft.AspNetCore.Mvc.NoContentResult))" computerName="0fc890f1414e" duration="00:00:00.0003163" startTime="2025-09-27T18:51:20.0536370+00:00" endTime="2025-09-27T18:51:20.0536370+00:00" testType="13cdc9d9-ddb5-4fa4-a97d-d965ccfc6d4b" outcome="Passed" testListId="8c84fa94-04c1-424b-9868-57a2d4851a1d" relativeResultsDirectory="883d4203-d670-4803-b250-f73ae8454dc5" />
    <UnitTestResult executionId="92ceb27d-f934-4d66-aa5d-fca307795d1d" testId="6394373a-9b26-3e6e-01d6-eb58ff45a745" testName="UnitTestsBiblioMate.Services.Users.UserServiceTests.UpdateAsync_ShouldReturnFalse_WhenNotExists" computerName="0fc890f1414e" duration="00:00:00.0016579" startTime="2025-09-27T18:51:21.2524853+00:00" endTime="2025-09-27T18:51:21.2524853+00:00" testType="13cdc9d9-ddb5-4fa4-a97d-d965ccfc6d4b" outcome="Passed" testListId="8c84fa94-04c1-424b-9868-57a2d4851a1d" relativeResultsDirectory="92ceb27d-f934-4d66-aa5d-fca307795d1d">
      <Output>
        <StdOut>=== UpdateAsync (fail): START ===
Success: False
=== UpdateAsync (fail): END ===</StdOut>
      </Output>
    </UnitTestResult>
    <UnitTestResult executionId="fffc749e-5bc6-451f-9b01-ba16f1674c6c" testId="da9c8eb7-99ac-5c61-ef72-f65c570cb6d5" testName="UnitTestsBiblioMate.Services.Catalog.TagServiceTests.SearchAsync_WhenSearchIsNull_TakesAndOrdersByName" computerName="0fc890f1414e" duration="00:00:00.0027075" startTime="2025-09-27T18:51:20.9134106+00:00" endTime="2025-09-27T18:51:20.9134107+00:00" testType="13cdc9d9-ddb5-4fa4-a97d-d965ccfc6d4b" outcome="Passed" testListId="8c84fa94-04c1-424b-9868-57a2d4851a1d" relativeResultsDirectory="fffc749e-5bc6-451f-9b01-ba16f1674c6c" />
    <UnitTestResult executionId="534b9481-5642-4e32-8345-dbfc0a2e69ed" testId="11110689-a65e-d59f-26ef-5bfc55045ddc" testName="UnitTestsBiblioMate.Controllers.GenresControllerTest.UpdateGenre_ShouldReturnNotFoundWhenNotExists" computerName="0fc890f1414e" duration="00:00:00.0015275" startTime="2025-09-27T18:51:20.0622710+00:00" endTime="2025-09-27T18:51:20.0622710+00:00" testType="13cdc9d9-ddb5-4fa4-a97d-d965ccfc6d4b" outcome="Passed" testListId="8c84fa94-04c1-424b-9868-57a2d4851a1d" relativeResultsDirectory="534b9481-5642-4e32-8345-dbfc0a2e69ed" />
    <UnitTestResult executionId="0b7dc1a3-c898-42b4-9d02-371afa7afb57" testId="48da6daf-fee1-f540-385b-66a57feac08d" testName="UnitTestsBiblioMate.Services.Users.AuthServiceTests.LoginAsync_ShouldReturnToken_WhenCredentialsAreValid" computerName="0fc890f1414e" duration="00:00:00.2387297" startTime="2025-09-27T18:51:22.1568862+00:00" endTime="2025-09-27T18:51:22.1568864+00:00" testType="13cdc9d9-ddb5-4fa4-a97d-d965ccfc6d4b" outcome="Passed" testListId="8c84fa94-04c1-424b-9868-57a2d4851a1d" relativeResultsDirectory="0b7dc1a3-c898-42b4-9d02-371afa7afb57" />
    <UnitTestResult executionId="31160745-e886-4a09-8b76-d76298e433d0" testId="0e372be4-eca4-e001-4456-dba3fad08bd2" testName="UnitTestsBiblioMate.Services.Notifications.NotificationLogServiceTest.LogAsync_ShouldInsertDocument" computerName="0fc890f1414e" duration="00:00:00.2567720" startTime="2025-09-27T18:51:20.1635406+00:00" endTime="2025-09-27T18:51:20.1635407+00:00" testType="13cdc9d9-ddb5-4fa4-a97d-d965ccfc6d4b" outcome="Passed" testListId="8c84fa94-04c1-424b-9868-57a2d4851a1d" relativeResultsDirectory="31160745-e886-4a09-8b76-d76298e433d0" />
    <UnitTestResult executionId="985f2682-f0fc-457c-8f17-0e637b4ecb89" testId="bdd64f0d-082e-a7a5-192f-f0057863bbf8" testName="UnitTestsBiblioMate.Services.Infrastructure.Logging.MongoLogServiceTest.GetAllAsync_ReturnsListFromCollection" computerName="0fc890f1414e" duration="00:00:00.0034320" startTime="2025-09-27T18:51:20.0668874+00:00" endTime="2025-09-27T18:51:20.0668875+00:00" testType="13cdc9d9-ddb5-4fa4-a97d-d965ccfc6d4b" outcome="Passed" testListId="8c84fa94-04c1-424b-9868-57a2d4851a1d" relativeResultsDirectory="985f2682-f0fc-457c-8f17-0e637b4ecb89" />
    <UnitTestResult executionId="e327ab7b-685e-44de-a5ee-f05986b9434a" testId="fb787b00-fddd-fd66-206a-8f39ad76c8d6" testName="UnitTestsBiblioMate.Services.Users.AuthServiceTests.ResetPasswordAsync_ShouldReset_WhenTokenIsValid" computerName="0fc890f1414e" duration="00:00:00.1195328" startTime="2025-09-27T18:51:21.6857304+00:00" endTime="2025-09-27T18:51:21.6857305+00:00" testType="13cdc9d9-ddb5-4fa4-a97d-d965ccfc6d4b" outcome="Passed" testListId="8c84fa94-04c1-424b-9868-57a2d4851a1d" relativeResultsDirectory="e327ab7b-685e-44de-a5ee-f05986b9434a" />
    <UnitTestResult executionId="70d89bea-c54e-47f3-a460-1e9fd297820b" testId="99dc2222-09bf-c930-9673-db296a3f8664" testName="UnitTestsBiblioMate.Services.Infrastructure.Security.EncryptionServiceTest.Decrypt_ShouldReturnEmpty_ForNullOrEmpty(input: &quot;&quot;)" computerName="0fc890f1414e" duration="00:00:00.0000821" startTime="2025-09-27T18:51:20.8358623+00:00" endTime="2025-09-27T18:51:20.8358624+00:00" testType="13cdc9d9-ddb5-4fa4-a97d-d965ccfc6d4b" outcome="Passed" testListId="8c84fa94-04c1-424b-9868-57a2d4851a1d" relativeResultsDirectory="70d89bea-c54e-47f3-a460-1e9fd297820b" />
    <UnitTestResult executionId="30f1c18c-77c2-4345-8bf5-8841f156192f" testId="282256d2-2b00-c604-045d-41ccc9868f5e" testName="UnitTestsBiblioMate.Controllers.LoansControllerTest.GetAll_ShouldReturnOkWhenSuccess" computerName="0fc890f1414e" duration="00:00:00.0257631" startTime="2025-09-27T18:51:20.9197783+00:00" endTime="2025-09-27T18:51:20.9197784+00:00" testType="13cdc9d9-ddb5-4fa4-a97d-d965ccfc6d4b" outcome="Passed" testListId="8c84fa94-04c1-424b-9868-57a2d4851a1d" relativeResultsDirectory="30f1c18c-77c2-4345-8bf5-8841f156192f" />
    <UnitTestResult executionId="98236a7e-2f83-4d40-b1d1-e2344e7fd23a" testId="1ab00d01-2306-4bd4-bfd6-fd9c5b1ed316" testName="UnitTestsBiblioMate.Services.Infrastructure.Security.EncryptionServiceTest.Encrypt_ShouldReturnEmpty_ForNullOrEmpty(input: &quot;&quot;)" computerName="0fc890f1414e" duration="00:00:00.0000758" startTime="2025-09-27T18:51:20.8373954+00:00" endTime="2025-09-27T18:51:20.8373954+00:00" testType="13cdc9d9-ddb5-4fa4-a97d-d965ccfc6d4b" outcome="Passed" testListId="8c84fa94-04c1-424b-9868-57a2d4851a1d" relativeResultsDirectory="98236a7e-2f83-4d40-b1d1-e2344e7fd23a" />
    <UnitTestResult executionId="cf510251-3007-466c-bffb-4bbd34b5c32e" testId="ca94a419-2a27-9e88-db49-68344a8261f5" testName="UnitTestsBiblioMate.Controllers.ZonesControllerTest.GetZone_NotFound_Returns404" computerName="0fc890f1414e" duration="00:00:00.0031005" startTime="2025-09-27T18:51:20.8462060+00:00" endTime="2025-09-27T18:51:20.8462060+00:00" testType="13cdc9d9-ddb5-4fa4-a97d-d965ccfc6d4b" outcome="Passed" testListId="8c84fa94-04c1-424b-9868-57a2d4851a1d" relativeResultsDirectory="cf510251-3007-466c-bffb-4bbd34b5c32e" />
    <UnitTestResult executionId="7b9f267e-9f86-4a10-9e83-566f9265ab39" testId="7c8861a7-8fca-b1d4-60b3-198a96287b09" testName="UnitTestsBiblioMate.Services.Catalog.EditorServiceTest.UpdateAsync_ShouldModifyEditor_WhenExists" computerName="0fc890f1414e" duration="00:00:00.0019310" startTime="2025-09-27T18:51:20.9492613+00:00" endTime="2025-09-27T18:51:20.9492613+00:00" testType="13cdc9d9-ddb5-4fa4-a97d-d965ccfc6d4b" outcome="Passed" testListId="8c84fa94-04c1-424b-9868-57a2d4851a1d" relativeResultsDirectory="7b9f267e-9f86-4a10-9e83-566f9265ab39" />
    <UnitTestResult executionId="8dcec8e8-7ef4-4c53-83bc-fdf901ddea3c" testId="dd7303a4-ebbf-77c9-792d-39b3d40f9e62" testName="UnitTestsBiblioMate.Controllers.AuthorsControllerTest.DeleteAuthor_ShouldReturnNoContentWhenSuccess" computerName="0fc890f1414e" duration="00:00:00.0009313" startTime="2025-09-27T18:51:20.0221367+00:00" endTime="2025-09-27T18:51:20.0221367+00:00" testType="13cdc9d9-ddb5-4fa4-a97d-d965ccfc6d4b" outcome="Passed" testListId="8c84fa94-04c1-424b-9868-57a2d4851a1d" relativeResultsDirectory="8dcec8e8-7ef4-4c53-83bc-fdf901ddea3c" />
    <UnitTestResult executionId="95e7155d-fa74-4a29-b7b3-1386b1242cdb" testId="77aa9e76-d53e-25cb-1f23-55c3987a1234" testName="UnitTestsBiblioMate.Controllers.EditorsControllerTest.GetEditor_ShouldReturnOkWhenFound" computerName="0fc890f1414e" duration="00:00:00.0018039" startTime="2025-09-27T18:51:20.0230644+00:00" endTime="2025-09-27T18:51:20.0230645+00:00" testType="13cdc9d9-ddb5-4fa4-a97d-d965ccfc6d4b" outcome="Passed" testListId="8c84fa94-04c1-424b-9868-57a2d4851a1d" relativeResultsDirectory="95e7155d-fa74-4a29-b7b3-1386b1242cdb" />
    <UnitTestResult executionId="10dab07c-c23b-4977-83d8-45b2c921af99" testId="a4fb20c7-4a31-a793-a9e2-545167865d67" testName="UnitTestsBiblioMate.Controllers.UsersControllerTest.DeleteUser_Other_Success_ReturnsNoContentAndLogs" computerName="0fc890f1414e" duration="00:00:00.0017894" startTime="2025-09-27T18:51:21.0426514+00:00" endTime="2025-09-27T18:51:21.0426515+00:00" testType="13cdc9d9-ddb5-4fa4-a97d-d965ccfc6d4b" outcome="Passed" testListId="8c84fa94-04c1-424b-9868-57a2d4851a1d" relativeResultsDirectory="10dab07c-c23b-4977-83d8-45b2c921af99" />
    <UnitTestResult executionId="ee4ca7fe-80f4-4570-8b0c-6baf800bcfea" testId="a9285e88-c1bc-dbb0-3ef5-0969187ec14d" testName="UnitTestsBiblioMate.Controllers.StocksControllerTest.CreateStock_New_ReturnsCreated" computerName="0fc890f1414e" duration="00:00:00.0096513" startTime="2025-09-27T18:51:20.7597965+00:00" endTime="2025-09-27T18:51:20.7597965+00:00" testType="13cdc9d9-ddb5-4fa4-a97d-d965ccfc6d4b" outcome="Passed" testListId="8c84fa94-04c1-424b-9868-57a2d4851a1d" relativeResultsDirectory="ee4ca7fe-80f4-4570-8b0c-6baf800bcfea" />
    <UnitTestResult executionId="f3a9750e-0015-4c54-bd66-e8321c2a5cb5" testId="f53f6983-1a7b-735c-d72c-f21947dbb99e" testName="UnitTestsBiblioMate.Controllers.AuthorsControllerTest.GetAuthor_ShouldReturnOkWhenFound" computerName="0fc890f1414e" duration="00:00:00.0012290" startTime="2025-09-27T18:51:20.0274357+00:00" endTime="2025-09-27T18:51:20.0274358+00:00" testType="13cdc9d9-ddb5-4fa4-a97d-d965ccfc6d4b" outcome="Passed" testListId="8c84fa94-04c1-424b-9868-57a2d4851a1d" relativeResultsDirectory="f3a9750e-0015-4c54-bd66-e8321c2a5cb5" />
    <UnitTestResult executionId="6ebcb256-c47d-460d-a670-9019055fc9ea" testId="51d8b7bc-6eaf-d72e-4c25-c068cb3ca08e" testName="UnitTestsBiblioMate.Services.Catalog.GenreServiceTest.GetByIdAsync_ShouldReturnGenre_WhenExists" computerName="0fc890f1414e" duration="00:00:00.0009514" startTime="2025-09-27T18:51:20.9338544+00:00" endTime="2025-09-27T18:51:20.9338545+00:00" testType="13cdc9d9-ddb5-4fa4-a97d-d965ccfc6d4b" outcome="Passed" testListId="8c84fa94-04c1-424b-9868-57a2d4851a1d" relativeResultsDirectory="6ebcb256-c47d-460d-a670-9019055fc9ea" />
    <UnitTestResult executionId="2e8162f9-90b0-4f46-9ac9-bffc421b6ebb" testId="de16dfe3-f75b-90cb-53c2-e0080beb4c12" testName="UnitTestsBiblioMate.Services.Loans.LoanServiceTests.GetByIdAsync_ShouldFail_WhenNotFound" computerName="0fc890f1414e" duration="00:00:00.0007288" startTime="2025-09-27T18:51:21.0472085+00:00" endTime="2025-09-27T18:51:21.0472085+00:00" testType="13cdc9d9-ddb5-4fa4-a97d-d965ccfc6d4b" outcome="Passed" testListId="8c84fa94-04c1-424b-9868-57a2d4851a1d" relativeResultsDirectory="2e8162f9-90b0-4f46-9ac9-bffc421b6ebb" />
    <UnitTestResult executionId="e0f51f4d-a5ef-48c6-b6fb-0f93012883de" testId="86c6754d-006c-9768-3aa2-fdbe21cc3c36" testName="UnitTestsBiblioMate.Controllers.AuditsControllerTest.GetUserActivityLogs_ReturnsNotFound_WhenNoLogs" computerName="0fc890f1414e" duration="00:00:00.0089972" startTime="2025-09-27T18:51:20.8021018+00:00" endTime="2025-09-27T18:51:20.8021019+00:00" testType="13cdc9d9-ddb5-4fa4-a97d-d965ccfc6d4b" outcome="Passed" testListId="8c84fa94-04c1-424b-9868-57a2d4851a1d" relativeResultsDirectory="e0f51f4d-a5ef-48c6-b6fb-0f93012883de" />
    <UnitTestResult executionId="a0d45706-4bb6-4662-bbc5-4756b051d24a" testId="303aaaa3-a7ae-30b2-2473-65f7d22f1d7e" testName="UnitTestsBiblioMate.Controllers.NotificationsLogsControllerTest.GetById_ShouldReturnOkWhenFound" computerName="0fc890f1414e" duration="00:00:00.0156527" startTime="2025-09-27T18:51:20.7902179+00:00" endTime="2025-09-27T18:51:20.7902179+00:00" testType="13cdc9d9-ddb5-4fa4-a97d-d965ccfc6d4b" outcome="Passed" testListId="8c84fa94-04c1-424b-9868-57a2d4851a1d" relativeResultsDirectory="a0d45706-4bb6-4662-bbc5-4756b051d24a" />
    <UnitTestResult executionId="11c5e328-b517-4859-adc8-2ccaf56fdc75" testId="fc200208-871b-b5f6-3178-2a9e5fce4116" testName="UnitTestsBiblioMate.Controllers.BooksControllerTest.GetGenres_ShouldReturnOkWithGenres" computerName="0fc890f1414e" duration="00:00:00.0039943" startTime="2025-09-27T18:51:20.0574039+00:00" endTime="2025-09-27T18:51:20.0574040+00:00" testType="13cdc9d9-ddb5-4fa4-a97d-d965ccfc6d4b" outcome="Passed" testListId="8c84fa94-04c1-424b-9868-57a2d4851a1d" relativeResultsDirectory="11c5e328-b517-4859-adc8-2ccaf56fdc75" />
    <UnitTestResult executionId="1d9056e4-c4ca-4528-bbd0-0f172b402302" testId="d74dcaff-5c21-2ec1-116c-8a156c503495" testName="UnitTestsBiblioMate.Services.Catalog.StockServiceTest.Increase_ShouldAddOneAndReflectAvailability(initialQty: 0, expectedQty: 1, expectedAvailable: True)" computerName="0fc890f1414e" duration="00:00:00.0002148" startTime="2025-09-27T18:51:20.7198862+00:00" endTime="2025-09-27T18:51:20.7198862+00:00" testType="13cdc9d9-ddb5-4fa4-a97d-d965ccfc6d4b" outcome="Passed" testListId="8c84fa94-04c1-424b-9868-57a2d4851a1d" relativeResultsDirectory="1d9056e4-c4ca-4528-bbd0-0f172b402302" />
    <UnitTestResult executionId="6c4b7f60-79d5-423c-85cd-c62254766a31" testId="e07d04d1-372e-5553-b93f-f712afb02b0e" testName="UnitTestsBiblioMate.Controllers.UsersControllerTest.DeleteCurrentUser_Success_ReturnsNoContentAndLogs" computerName="0fc890f1414e" duration="00:00:00.0012486" startTime="2025-09-27T18:51:21.0571097+00:00" endTime="2025-09-27T18:51:21.0571097+00:00" testType="13cdc9d9-ddb5-4fa4-a97d-d965ccfc6d4b" outcome="Passed" testListId="8c84fa94-04c1-424b-9868-57a2d4851a1d" relativeResultsDirectory="6c4b7f60-79d5-423c-85cd-c62254766a31" />
    <UnitTestResult executionId="bf1f33c7-4351-464c-a336-1f3cfbef4102" testId="9b91f781-bc6e-afcc-6a71-5274fcc0b9fd" testName="UnitTestsBiblioMate.Services.Catalog.BookServiceTest.GetPagedAsync_ReturnsCorrectPage_AndNullEtags" computerName="0fc890f1414e" duration="00:00:00.0741081" startTime="2025-09-27T18:51:21.0755702+00:00" endTime="2025-09-27T18:51:21.0755702+00:00" testType="13cdc9d9-ddb5-4fa4-a97d-d965ccfc6d4b" outcome="Passed" testListId="8c84fa94-04c1-424b-9868-57a2d4851a1d" relativeResultsDirectory="bf1f33c7-4351-464c-a336-1f3cfbef4102" />
    <UnitTestResult executionId="0dfed895-a02c-4da0-834f-a009d295bbac" testId="b889a3fd-3524-8c70-b901-da5905decdd5" testName="UnitTestsBiblioMate.Controllers.LocationsControllerTest.GetShelves_ShouldReturnOk_WhenFound" computerName="0fc890f1414e" duration="00:00:00.0014311" startTime="2025-09-27T18:51:20.0646163+00:00" endTime="2025-09-27T18:51:20.0646163+00:00" testType="13cdc9d9-ddb5-4fa4-a97d-d965ccfc6d4b" outcome="Passed" testListId="8c84fa94-04c1-424b-9868-57a2d4851a1d" relativeResultsDirectory="0dfed895-a02c-4da0-834f-a009d295bbac" />
    <UnitTestResult executionId="44db29b3-5d9a-453b-afd2-7e8db7245abc" testId="b7f97835-e832-c68d-3da8-37360c55d6bd" testName="UnitTestsBiblioMate.Controllers.UsersControllerTest.UpdateCurrentUser_Self_ReturnsOkAndLogs" computerName="0fc890f1414e" duration="00:00:00.0017499" startTime="2025-09-27T18:51:21.0589157+00:00" endTime="2025-09-27T18:51:21.0589158+00:00" testType="13cdc9d9-ddb5-4fa4-a97d-d965ccfc6d4b" outcome="Passed" testListId="8c84fa94-04c1-424b-9868-57a2d4851a1d" relativeResultsDirectory="44db29b3-5d9a-453b-afd2-7e8db7245abc" />
    <UnitTestResult executionId="b007f804-9515-41e9-a962-10ae77517050" testId="c8334a57-7d71-1af6-5bb1-f61ad76a7401" testName="UnitTestsBiblioMate.Controllers.ZonesControllerTest.GetZone_Exists_ReturnsOk" computerName="0fc890f1414e" duration="00:00:00.0012030" startTime="2025-09-27T18:51:20.8478210+00:00" endTime="2025-09-27T18:51:20.8478210+00:00" testType="13cdc9d9-ddb5-4fa4-a97d-d965ccfc6d4b" outcome="Passed" testListId="8c84fa94-04c1-424b-9868-57a2d4851a1d" relativeResultsDirectory="b007f804-9515-41e9-a962-10ae77517050" />
    <UnitTestResult executionId="5addaab5-7eb3-4879-93f6-4f3264a3b752" testId="db5c7ea7-4593-48c6-fdde-3179cd7ebc37" testName="UnitTestsBiblioMate.Controllers.ReservationsControllerTest.UpdateReservation_NotFound_Returns404" computerName="0fc890f1414e" duration="00:00:00.0019625" startTime="2025-09-27T18:51:20.1105580+00:00" endTime="2025-09-27T18:51:20.1105581+00:00" testType="13cdc9d9-ddb5-4fa4-a97d-d965ccfc6d4b" outcome="Passed" testListId="8c84fa94-04c1-424b-9868-57a2d4851a1d" relativeResultsDirectory="5addaab5-7eb3-4879-93f6-4f3264a3b752" />
    <UnitTestResult executionId="61a51801-b8e3-4465-99c8-482d7518b8df" testId="dbc38ad2-3526-826b-a66c-aab9b7da7c9e" testName="UnitTestsBiblioMate.Controllers.HistoriesControllerTest.GetUserHistory_Staff_ShouldReturnOk" computerName="0fc890f1414e" duration="00:00:00.0019410" startTime="2025-09-27T18:51:20.7947238+00:00" endTime="2025-09-27T18:51:20.7947238+00:00" testType="13cdc9d9-ddb5-4fa4-a97d-d965ccfc6d4b" outcome="Passed" testListId="8c84fa94-04c1-424b-9868-57a2d4851a1d" relativeResultsDirectory="61a51801-b8e3-4465-99c8-482d7518b8df" />
    <UnitTestResult executionId="65f5b2a0-c8b4-4a2d-8ac5-ac5920bd84f7" testId="d5d205fc-37fe-b23e-292f-b9453bd3b51b" testName="UnitTestsBiblioMate.Controllers.AuthsControllerTest.ResetPassword_ShouldReturnBadRequestOnFailure" computerName="0fc890f1414e" duration="00:00:00.0028822" startTime="2025-09-27T18:51:20.9576229+00:00" endTime="2025-09-27T18:51:20.9576229+00:00" testType="13cdc9d9-ddb5-4fa4-a97d-d965ccfc6d4b" outcome="Passed" testListId="8c84fa94-04c1-424b-9868-57a2d4851a1d" relativeResultsDirectory="65f5b2a0-c8b4-4a2d-8ac5-ac5920bd84f7" />
    <UnitTestResult executionId="e5c6b934-b0c0-40b3-a24e-df98771f28d4" testId="89a64fa0-8708-0732-2c46-1c7659a0d60f" testName="UnitTestsBiblioMate.Controllers.ReservationsControllerTest.CleanupExpiredReservations_ReturnsOkMessage" computerName="0fc890f1414e" duration="00:00:00.0716914" startTime="2025-09-27T18:51:20.1039015+00:00" endTime="2025-09-27T18:51:20.1039015+00:00" testType="13cdc9d9-ddb5-4fa4-a97d-d965ccfc6d4b" outcome="Passed" testListId="8c84fa94-04c1-424b-9868-57a2d4851a1d" relativeResultsDirectory="e5c6b934-b0c0-40b3-a24e-df98771f28d4" />
    <UnitTestResult executionId="e35ee7a2-5739-45e7-969a-9bcf25f96ffe" testId="027760f8-b435-7e12-465b-e668a6274c94" testName="UnitTestsBiblioMate.Services.Notifications.NotificationServiceTests.NotifyUser_UserDoesNotExist_DoesNothing" computerName="0fc890f1414e" duration="00:00:00.5353182" startTime="2025-09-27T18:51:20.7089794+00:00" endTime="2025-09-27T18:51:20.7089795+00:00" testType="13cdc9d9-ddb5-4fa4-a97d-d965ccfc6d4b" outcome="Passed" testListId="8c84fa94-04c1-424b-9868-57a2d4851a1d" relativeResultsDirectory="e35ee7a2-5739-45e7-969a-9bcf25f96ffe" />
    <UnitTestResult executionId="4eacf5e7-c0dc-4be7-8eef-c5a46c44d521" testId="108592ea-cbd5-c8b5-9c53-8ed05205b08b" testName="UnitTestsBiblioMate.Services.Catalog.StockServiceTest.Decrease_ShouldSubtractOneAndReflectAvailability(initialQty: 1, expectedQty: 0, expectedAvailable: False)" computerName="0fc890f1414e" duration="00:00:00.0004990" startTime="2025-09-27T18:51:20.7219991+00:00" endTime="2025-09-27T18:51:20.7219991+00:00" testType="13cdc9d9-ddb5-4fa4-a97d-d965ccfc6d4b" outcome="Passed" testListId="8c84fa94-04c1-424b-9868-57a2d4851a1d" relativeResultsDirectory="4eacf5e7-c0dc-4be7-8eef-c5a46c44d521" />
    <UnitTestResult executionId="ae8389de-270c-4789-8bc8-bc797e1755eb" testId="f3c313dc-e49e-eb37-0bb0-3c2f1956bd93" testName="UnitTestsBiblioMate.Controllers.StocksControllerTest.AdjustStockQuantity_NegativeResult_Returns400" computerName="0fc890f1414e" duration="00:00:00.0037885" startTime="2025-09-27T18:51:20.7753901+00:00" endTime="2025-09-27T18:51:20.7753902+00:00" testType="13cdc9d9-ddb5-4fa4-a97d-d965ccfc6d4b" outcome="Passed" testListId="8c84fa94-04c1-424b-9868-57a2d4851a1d" relativeResultsDirectory="ae8389de-270c-4789-8bc8-bc797e1755eb" />
    <UnitTestResult executionId="95c0c0c4-4f40-4333-b090-12cd8fd86f08" testId="f3b85395-91d3-fb45-44ff-8d82d92e3850" testName="UnitTestsBiblioMate.Controllers.ReservationsControllerTest.DeleteReservation_OwnerSuccess_ReturnsNoContent" computerName="0fc890f1414e" duration="00:00:00.0063388" startTime="2025-09-27T18:51:20.0293309+00:00" endTime="2025-09-27T18:51:20.0293309+00:00" testType="13cdc9d9-ddb5-4fa4-a97d-d965ccfc6d4b" outcome="Passed" testListId="8c84fa94-04c1-424b-9868-57a2d4851a1d" relativeResultsDirectory="95c0c0c4-4f40-4333-b090-12cd8fd86f08" />
    <UnitTestResult executionId="b4030a28-900d-4723-a8f0-c49c7454ebb8" testId="84688de4-2756-2704-9f16-7ff147c97956" testName="UnitTestsBiblioMate.Controllers.LoansControllerTest.DeleteLoan_ShouldReturnBadRequestWhenError" computerName="0fc890f1414e" duration="00:00:00.0072720" startTime="2025-09-27T18:51:20.8518005+00:00" endTime="2025-09-27T18:51:20.8518006+00:00" testType="13cdc9d9-ddb5-4fa4-a97d-d965ccfc6d4b" outcome="Passed" testListId="8c84fa94-04c1-424b-9868-57a2d4851a1d" relativeResultsDirectory="b4030a28-900d-4723-a8f0-c49c7454ebb8" />
    <UnitTestResult executionId="043e2e70-dff6-4876-aec5-082fd74c6083" testId="b1366b9b-9fe9-d007-81f9-f20058dd0f98" testName="UnitTestsBiblioMate.Services.Catalog.StockServiceTest.AdjustQuantity_ShouldChangeQuantityAndReflectAvailability(initialQty: 0, adjustment: 0, expectedQty: 0, expectedAvailable: False)" computerName="0fc890f1414e" duration="00:00:00.0001104" startTime="2025-09-27T18:51:20.7191244+00:00" endTime="2025-09-27T18:51:20.7191244+00:00" testType="13cdc9d9-ddb5-4fa4-a97d-d965ccfc6d4b" outcome="Passed" testListId="8c84fa94-04c1-424b-9868-57a2d4851a1d" relativeResultsDirectory="043e2e70-dff6-4876-aec5-082fd74c6083" />
  </Results>
  <TestDefinitions>
    <UnitTest name="UnitTestsBiblioMate.Controllers.LoansControllerTest.CreateLoan_ShouldReturnBadRequestWhenError" storage="/src/unittestsbibliomate/bin/release/net9.0/unittestsbibliomate.dll" id="3959040a-558e-1fb1-4b62-db78200eeb19">
      <Execution id="304a4ee4-7859-4512-82b4-008821ada68e" />
      <TestMethod codeBase="/src/UnitTestsBiblioMate/bin/Release/net9.0/UnitTestsBiblioMate.dll" adapterTypeName="executor://xunit/VsTestRunner2/netcoreapp" className="UnitTestsBiblioMate.Controllers.LoansControllerTest" name="CreateLoan_ShouldReturnBadRequestWhenError" />
    </UnitTest>
    <UnitTest name="UnitTestsBiblioMate.Helpers.TokenHelperTests.GetUserId_BadFormat_Throws" storage="/src/unittestsbibliomate/bin/release/net9.0/unittestsbibliomate.dll" id="55248e31-0634-d8c8-338c-d24ff0e0d420">
      <Execution id="5e8cd236-fffc-41a9-bd96-8aa45d23492b" />
      <TestMethod codeBase="/src/UnitTestsBiblioMate/bin/Release/net9.0/UnitTestsBiblioMate.dll" adapterTypeName="executor://xunit/VsTestRunner2/netcoreapp" className="UnitTestsBiblioMate.Helpers.TokenHelperTests" name="GetUserId_BadFormat_Throws" />
    </UnitTest>
    <UnitTest name="UnitTestsBiblioMate.Services.Reports.SearchActivityLogServiceTests.Ctor_CreatesTtlIndexOnTimestamp" storage="/src/unittestsbibliomate/bin/release/net9.0/unittestsbibliomate.dll" id="ca387944-1de5-c2fd-62ab-5510dbff29f1">
      <Execution id="8699424f-d614-4da7-81b0-9a570277dfb9" />
      <TestMethod codeBase="/src/UnitTestsBiblioMate/bin/Release/net9.0/UnitTestsBiblioMate.dll" adapterTypeName="executor://xunit/VsTestRunner2/netcoreapp" className="UnitTestsBiblioMate.Services.Reports.SearchActivityLogServiceTests" name="Ctor_CreatesTtlIndexOnTimestamp" />
    </UnitTest>
    <UnitTest name="UnitTestsBiblioMate.Controllers.ReservationsControllerTest.GetUserReservations_OtherUser_ReturnsForbid" storage="/src/unittestsbibliomate/bin/release/net9.0/unittestsbibliomate.dll" id="c9bb0342-a462-afed-42c6-0b7764ff9036">
      <Execution id="7c4c2a59-7a98-419a-a2d5-8a1d2d80a337" />
      <TestMethod codeBase="/src/UnitTestsBiblioMate/bin/Release/net9.0/UnitTestsBiblioMate.dll" adapterTypeName="executor://xunit/VsTestRunner2/netcoreapp" className="UnitTestsBiblioMate.Controllers.ReservationsControllerTest" name="GetUserReservations_OtherUser_ReturnsForbid" />
    </UnitTest>
    <UnitTest name="UnitTestsBiblioMate.Services.Loans.LoanServiceTests.CreateAsync_ShouldFail_WhenStockUnavailable" storage="/src/unittestsbibliomate/bin/release/net9.0/unittestsbibliomate.dll" id="9868c1e9-4e2a-fbbb-43db-481272245b79">
      <Execution id="f62c3b0e-1ca4-451f-b118-f2a5515fa8c1" />
      <TestMethod codeBase="/src/UnitTestsBiblioMate/bin/Release/net9.0/UnitTestsBiblioMate.dll" adapterTypeName="executor://xunit/VsTestRunner2/netcoreapp" className="UnitTestsBiblioMate.Services.Loans.LoanServiceTests" name="CreateAsync_ShouldFail_WhenStockUnavailable" />
    </UnitTest>
    <UnitTest name="UnitTestsBiblioMate.Services.Catalog.GenreServiceTest.GetAllAsync_ShouldReturnAllGenres" storage="/src/unittestsbibliomate/bin/release/net9.0/unittestsbibliomate.dll" id="151b931b-a3fc-4d74-1f14-ac398dab4731">
      <Execution id="3b17f2cc-11e9-42bf-81e1-ac9c06d516a6" />
      <TestMethod codeBase="/src/UnitTestsBiblioMate/bin/Release/net9.0/UnitTestsBiblioMate.dll" adapterTypeName="executor://xunit/VsTestRunner2/netcoreapp" className="UnitTestsBiblioMate.Services.Catalog.GenreServiceTest" name="GetAllAsync_ShouldReturnAllGenres" />
    </UnitTest>
    <UnitTest name="UnitTestsBiblioMate.Services.Infrastructure.Logging.MongoLogServiceTest.Constructor_NullCollection_ThrowsArgumentNullException" storage="/src/unittestsbibliomate/bin/release/net9.0/unittestsbibliomate.dll" id="d9953a55-fd45-32eb-24b5-3a8863ba74e1">
      <Execution id="7224ba0b-4d2f-4899-a5ea-601fabf79271" />
      <TestMethod codeBase="/src/UnitTestsBiblioMate/bin/Release/net9.0/UnitTestsBiblioMate.dll" adapterTypeName="executor://xunit/VsTestRunner2/netcoreapp" className="UnitTestsBiblioMate.Services.Infrastructure.Logging.MongoLogServiceTest" name="Constructor_NullCollection_ThrowsArgumentNullException" />
    </UnitTest>
    <UnitTest name="UnitTestsBiblioMate.Services.Catalog.StockServiceTest.UpdateAvailability_ShouldReflectComputedIsAvailable(quantity: 5, expectedAvailable: True)" storage="/src/unittestsbibliomate/bin/release/net9.0/unittestsbibliomate.dll" id="1eeef9f8-087f-54b1-3b03-3b73e606b132">
      <Execution id="98b8881d-5a6c-4738-a88b-abe53b04b91a" />
      <TestMethod codeBase="/src/UnitTestsBiblioMate/bin/Release/net9.0/UnitTestsBiblioMate.dll" adapterTypeName="executor://xunit/VsTestRunner2/netcoreapp" className="UnitTestsBiblioMate.Services.Catalog.StockServiceTest" name="UpdateAvailability_ShouldReflectComputedIsAvailable" />
    </UnitTest>
    <UnitTest name="UnitTestsBiblioMate.Controllers.LoansControllerTest.ReturnLoan_ShouldReturnOkWhenSuccess" storage="/src/unittestsbibliomate/bin/release/net9.0/unittestsbibliomate.dll" id="14ec89d4-429a-f1fc-2a97-da62ec567ebb">
      <Execution id="e7859d4f-9d88-4b43-8b14-29ac635c99b0" />
      <TestMethod codeBase="/src/UnitTestsBiblioMate/bin/Release/net9.0/UnitTestsBiblioMate.dll" adapterTypeName="executor://xunit/VsTestRunner2/netcoreapp" className="UnitTestsBiblioMate.Controllers.LoansControllerTest" name="ReturnLoan_ShouldReturnOkWhenSuccess" />
    </UnitTest>
    <UnitTest name="UnitTestsBiblioMate.Controllers.BooksControllerTest.GetBook_ShouldReturnOkWhenFound" storage="/src/unittestsbibliomate/bin/release/net9.0/unittestsbibliomate.dll" id="c9698918-aeaf-7890-1ae0-9dd3b2019262">
      <Execution id="350e1374-97cc-46dc-976d-39b8b4f1a173" />
      <TestMethod codeBase="/src/UnitTestsBiblioMate/bin/Release/net9.0/UnitTestsBiblioMate.dll" adapterTypeName="executor://xunit/VsTestRunner2/netcoreapp" className="UnitTestsBiblioMate.Controllers.BooksControllerTest" name="GetBook_ShouldReturnOkWhenFound" />
    </UnitTest>
    <UnitTest name="UnitTestsBiblioMate.Controllers.UsersControllerTest.GetCurrentUser_ReturnsOk" storage="/src/unittestsbibliomate/bin/release/net9.0/unittestsbibliomate.dll" id="482df463-526b-a11d-cda8-68edc19ddbf2">
      <Execution id="5a13f278-193b-4f86-8304-c38c02eec04b" />
      <TestMethod codeBase="/src/UnitTestsBiblioMate/bin/Release/net9.0/UnitTestsBiblioMate.dll" adapterTypeName="executor://xunit/VsTestRunner2/netcoreapp" className="UnitTestsBiblioMate.Controllers.UsersControllerTest" name="GetCurrentUser_ReturnsOk" />
    </UnitTest>
    <UnitTest name="UnitTestsBiblioMate.Controllers.StocksControllerTest.DeleteStock_Success_ReturnsNoContent" storage="/src/unittestsbibliomate/bin/release/net9.0/unittestsbibliomate.dll" id="f06fd372-5e95-afd9-0ea0-aa431b4dd16f">
      <Execution id="7069f47d-545e-4d6d-9de8-96df958e2fca" />
      <TestMethod codeBase="/src/UnitTestsBiblioMate/bin/Release/net9.0/UnitTestsBiblioMate.dll" adapterTypeName="executor://xunit/VsTestRunner2/netcoreapp" className="UnitTestsBiblioMate.Controllers.StocksControllerTest" name="DeleteStock_Success_ReturnsNoContent" />
    </UnitTest>
    <UnitTest name="UnitTestsBiblioMate.Helpers.PagedResultTests.ToPagedResultAsync_ReturnsCorrectSlice" storage="/src/unittestsbibliomate/bin/release/net9.0/unittestsbibliomate.dll" id="98c9c640-4cb0-d43b-859f-cc7c09ff25a4">
      <Execution id="e7b06228-9bbf-407b-a3d7-061c0d8b2686" />
      <TestMethod codeBase="/src/UnitTestsBiblioMate/bin/Release/net9.0/UnitTestsBiblioMate.dll" adapterTypeName="executor://xunit/VsTestRunner2/netcoreapp" className="UnitTestsBiblioMate.Helpers.PagedResultTests" name="ToPagedResultAsync_ReturnsCorrectSlice" />
    </UnitTest>
    <UnitTest name="UnitTestsBiblioMate.Controllers.AuthsControllerTest.Login_ShouldReturnOkOnSuccess" storage="/src/unittestsbibliomate/bin/release/net9.0/unittestsbibliomate.dll" id="39f048c9-7e2d-efec-b9d9-d75c385753c3">
      <Execution id="d29b9e72-f773-4181-a092-1e559148c437" />
      <TestMethod codeBase="/src/UnitTestsBiblioMate/bin/Release/net9.0/UnitTestsBiblioMate.dll" adapterTypeName="executor://xunit/VsTestRunner2/netcoreapp" className="UnitTestsBiblioMate.Controllers.AuthsControllerTest" name="Login_ShouldReturnOkOnSuccess" />
    </UnitTest>
    <UnitTest name="UnitTestsBiblioMate.Controllers.BooksControllerTest.UpdateBook_ShouldReturnExpectedResult(serviceResult: False, expected: typeof(Microsoft.AspNetCore.Mvc.NotFoundResult))" storage="/src/unittestsbibliomate/bin/release/net9.0/unittestsbibliomate.dll" id="eda17e24-102a-58ae-09e8-06099a6b822d">
      <Execution id="91da1d28-e253-4738-aae8-60e453a08af8" />
      <TestMethod codeBase="/src/UnitTestsBiblioMate/bin/Release/net9.0/UnitTestsBiblioMate.dll" adapterTypeName="executor://xunit/VsTestRunner2/netcoreapp" className="UnitTestsBiblioMate.Controllers.BooksControllerTest" name="UpdateBook_ShouldReturnExpectedResult" />
    </UnitTest>
    <UnitTest name="UnitTestsBiblioMate.Controllers.NotificationsControllerTest.DeleteNotification_NotFound_Returns404" storage="/src/unittestsbibliomate/bin/release/net9.0/unittestsbibliomate.dll" id="88e167b3-106d-6bb3-b58b-7a4577ba15e2">
      <Execution id="ea14811d-654e-44cf-b0a8-102bfc4d4959" />
      <TestMethod codeBase="/src/UnitTestsBiblioMate/bin/Release/net9.0/UnitTestsBiblioMate.dll" adapterTypeName="executor://xunit/VsTestRunner2/netcoreapp" className="UnitTestsBiblioMate.Controllers.NotificationsControllerTest" name="DeleteNotification_NotFound_Returns404" />
    </UnitTest>
    <UnitTest name="UnitTestsBiblioMate.Services.Loans.ReservationServiceTest.GetByIdAsync_ShouldReturnNull_WhenNotFound" storage="/src/unittestsbibliomate/bin/release/net9.0/unittestsbibliomate.dll" id="3b76c26d-19fa-be9a-0838-d59a98851d60">
      <Execution id="97eecbbf-2f9b-4a79-959e-cbcf033d225f" />
      <TestMethod codeBase="/src/UnitTestsBiblioMate/bin/Release/net9.0/UnitTestsBiblioMate.dll" adapterTypeName="executor://xunit/VsTestRunner2/netcoreapp" className="UnitTestsBiblioMate.Services.Loans.ReservationServiceTest" name="GetByIdAsync_ShouldReturnNull_WhenNotFound" />
    </UnitTest>
    <UnitTest name="UnitTestsBiblioMate.Controllers.AuthorsControllerTest.SearchAuthors_ShouldReturnOkWithResults" storage="/src/unittestsbibliomate/bin/release/net9.0/unittestsbibliomate.dll" id="dc762c1f-bd5b-4835-280d-32d8169513b1">
      <Execution id="a779e37d-e56a-484e-9798-c9a02b933c7d" />
      <TestMethod codeBase="/src/UnitTestsBiblioMate/bin/Release/net9.0/UnitTestsBiblioMate.dll" adapterTypeName="executor://xunit/VsTestRunner2/netcoreapp" className="UnitTestsBiblioMate.Controllers.AuthorsControllerTest" name="SearchAuthors_ShouldReturnOkWithResults" />
    </UnitTest>
    <UnitTest name="UnitTestsBiblioMate.Services.Catalog.BookServiceTest.UpdateAsync_ReturnsFalse_WhenBookMissing" storage="/src/unittestsbibliomate/bin/release/net9.0/unittestsbibliomate.dll" id="5b680dbb-836e-6abd-76ca-496bc70eee65">
      <Execution id="6393a859-847e-4354-9f28-8a84276e2bc9" />
      <TestMethod codeBase="/src/UnitTestsBiblioMate/bin/Release/net9.0/UnitTestsBiblioMate.dll" adapterTypeName="executor://xunit/VsTestRunner2/netcoreapp" className="UnitTestsBiblioMate.Services.Catalog.BookServiceTest" name="UpdateAsync_ReturnsFalse_WhenBookMissing" />
    </UnitTest>
    <UnitTest name="UnitTestsBiblioMate.Controllers.AuthsControllerTest.ResendConfirmation_ShouldReturnOkOnSuccess" storage="/src/unittestsbibliomate/bin/release/net9.0/unittestsbibliomate.dll" id="8e6994e3-9911-9f34-5be6-a4edb38761ab">
      <Execution id="50055f0f-75be-4e17-aaca-edaf016bc396" />
      <TestMethod codeBase="/src/UnitTestsBiblioMate/bin/Release/net9.0/UnitTestsBiblioMate.dll" adapterTypeName="executor://xunit/VsTestRunner2/netcoreapp" className="UnitTestsBiblioMate.Controllers.AuthsControllerTest" name="ResendConfirmation_ShouldReturnOkOnSuccess" />
    </UnitTest>
    <UnitTest name="UnitTestsBiblioMate.Services.Reports.ReportServiceTest.GetByIdAsync_ShouldReturnNull_WhenNotExists" storage="/src/unittestsbibliomate/bin/release/net9.0/unittestsbibliomate.dll" id="cc19d276-e8cd-8331-501a-30857e4d2ded">
      <Execution id="3e749714-4e89-4641-9a16-10b916cde2c1" />
      <TestMethod codeBase="/src/UnitTestsBiblioMate/bin/Release/net9.0/UnitTestsBiblioMate.dll" adapterTypeName="executor://xunit/VsTestRunner2/netcoreapp" className="UnitTestsBiblioMate.Services.Reports.ReportServiceTest" name="GetByIdAsync_ShouldReturnNull_WhenNotExists" />
    </UnitTest>
    <UnitTest name="UnitTestsBiblioMate.Services.Catalog.ShelfLevelServiceTest.DeleteAsync_ShouldReturnFalse_WhenNotExists" storage="/src/unittestsbibliomate/bin/release/net9.0/unittestsbibliomate.dll" id="ce2fb550-62c2-9996-379d-2ad9d8c6f9a4">
      <Execution id="ab0a0289-2f3e-42e4-9058-106bc594b40b" />
      <TestMethod codeBase="/src/UnitTestsBiblioMate/bin/Release/net9.0/UnitTestsBiblioMate.dll" adapterTypeName="executor://xunit/VsTestRunner2/netcoreapp" className="UnitTestsBiblioMate.Services.Catalog.ShelfLevelServiceTest" name="DeleteAsync_ShouldReturnFalse_WhenNotExists" />
    </UnitTest>
    <UnitTest name="UnitTestsBiblioMate.Services.Catalog.EditorServiceTest.UpdateAsync_ShouldModifyEditor_WhenExists" storage="/src/unittestsbibliomate/bin/release/net9.0/unittestsbibliomate.dll" id="7c8861a7-8fca-b1d4-60b3-198a96287b09">
      <Execution id="7b9f267e-9f86-4a10-9e83-566f9265ab39" />
      <TestMethod codeBase="/src/UnitTestsBiblioMate/bin/Release/net9.0/UnitTestsBiblioMate.dll" adapterTypeName="executor://xunit/VsTestRunner2/netcoreapp" className="UnitTestsBiblioMate.Services.Catalog.EditorServiceTest" name="UpdateAsync_ShouldModifyEditor_WhenExists" />
    </UnitTest>
    <UnitTest name="UnitTestsBiblioMate.Helpers.TokenHelperTests.GetUserId_NullPrincipal_Throws" storage="/src/unittestsbibliomate/bin/release/net9.0/unittestsbibliomate.dll" id="61f931f0-c9da-f3ae-57e3-3200a9c6089d">
      <Execution id="349271d8-ea0e-4e3f-b634-c8ba17dd3323" />
      <TestMethod codeBase="/src/UnitTestsBiblioMate/bin/Release/net9.0/UnitTestsBiblioMate.dll" adapterTypeName="executor://xunit/VsTestRunner2/netcoreapp" className="UnitTestsBiblioMate.Helpers.TokenHelperTests" name="GetUserId_NullPrincipal_Throws" />
    </UnitTest>
    <UnitTest name="UnitTestsBiblioMate.Services.Loans.ReservationServiceTest.UpdateAsync_ShouldReturnTrue_WhenExists" storage="/src/unittestsbibliomate/bin/release/net9.0/unittestsbibliomate.dll" id="09004056-0c9e-e768-3adc-f191843269f6">
      <Execution id="5a6d32b9-319b-49ef-b9e7-e4db341f4368" />
      <TestMethod codeBase="/src/UnitTestsBiblioMate/bin/Release/net9.0/UnitTestsBiblioMate.dll" adapterTypeName="executor://xunit/VsTestRunner2/netcoreapp" className="UnitTestsBiblioMate.Services.Loans.ReservationServiceTest" name="UpdateAsync_ShouldReturnTrue_WhenExists" />
    </UnitTest>
    <UnitTest name="UnitTestsBiblioMate.Controllers.StocksControllerTest.UpdateStock_NotFound_Returns404" storage="/src/unittestsbibliomate/bin/release/net9.0/unittestsbibliomate.dll" id="058c9896-adcf-5ff2-8be6-64665775177d">
      <Execution id="53fba16b-aa00-4f38-9407-b9553a302be8" />
      <TestMethod codeBase="/src/UnitTestsBiblioMate/bin/Release/net9.0/UnitTestsBiblioMate.dll" adapterTypeName="executor://xunit/VsTestRunner2/netcoreapp" className="UnitTestsBiblioMate.Controllers.StocksControllerTest" name="UpdateStock_NotFound_Returns404" />
    </UnitTest>
    <UnitTest name="UnitTestsBiblioMate.Services.Loans.ReservationServiceTest.GetByIdAsync_ShouldReturnDto_WhenExists" storage="/src/unittestsbibliomate/bin/release/net9.0/unittestsbibliomate.dll" id="e8a91137-eeb4-74a9-84a3-9ce6803682e3">
      <Execution id="5288ef0e-8ea9-45bf-8f7c-5a775f66e0eb" />
      <TestMethod codeBase="/src/UnitTestsBiblioMate/bin/Release/net9.0/UnitTestsBiblioMate.dll" adapterTypeName="executor://xunit/VsTestRunner2/netcoreapp" className="UnitTestsBiblioMate.Services.Loans.ReservationServiceTest" name="GetByIdAsync_ShouldReturnDto_WhenExists" />
    </UnitTest>
    <UnitTest name="UnitTestsBiblioMate.Services.Catalog.ShelfLevelServiceTest.GetByIdAsync_ShouldReturnNull_WhenNotExists" storage="/src/unittestsbibliomate/bin/release/net9.0/unittestsbibliomate.dll" id="1dfeebe7-8691-bf15-e3af-2b610e6264b2">
      <Execution id="2d29ba37-79e3-42a2-9d67-1f2ab963761e" />
      <TestMethod codeBase="/src/UnitTestsBiblioMate/bin/Release/net9.0/UnitTestsBiblioMate.dll" adapterTypeName="executor://xunit/VsTestRunner2/netcoreapp" className="UnitTestsBiblioMate.Services.Catalog.ShelfLevelServiceTest" name="GetByIdAsync_ShouldReturnNull_WhenNotExists" />
    </UnitTest>
    <UnitTest name="UnitTestsBiblioMate.Helpers.PagedResultTests.Create_NullItems_TreatsAsEmpty" storage="/src/unittestsbibliomate/bin/release/net9.0/unittestsbibliomate.dll" id="85107d46-fb2b-2d25-08f4-1bb1728036b3">
      <Execution id="10e6886d-d636-4788-8374-6365736cf093" />
      <TestMethod codeBase="/src/UnitTestsBiblioMate/bin/Release/net9.0/UnitTestsBiblioMate.dll" adapterTypeName="executor://xunit/VsTestRunner2/netcoreapp" className="UnitTestsBiblioMate.Helpers.PagedResultTests" name="Create_NullItems_TreatsAsEmpty" />
    </UnitTest>
    <UnitTest name="UnitTestsBiblioMate.Controllers.ReservationsControllerTest.GetReservations_AsPrivileged_ReturnsOk(role: &quot;Librarian&quot;)" storage="/src/unittestsbibliomate/bin/release/net9.0/unittestsbibliomate.dll" id="1bf17e0b-e180-e3f1-a7eb-78eebb0e23a0">
      <Execution id="9bd3cbef-5d3b-471e-820b-350bb1694ef9" />
      <TestMethod codeBase="/src/UnitTestsBiblioMate/bin/Release/net9.0/UnitTestsBiblioMate.dll" adapterTypeName="executor://xunit/VsTestRunner2/netcoreapp" className="UnitTestsBiblioMate.Controllers.ReservationsControllerTest" name="GetReservations_AsPrivileged_ReturnsOk" />
    </UnitTest>
    <UnitTest name="UnitTestsBiblioMate.Services.Reports.ReportServiceTest.CreateAsync_ShouldGenerateAndSaveReport" storage="/src/unittestsbibliomate/bin/release/net9.0/unittestsbibliomate.dll" id="6926821c-ff3c-0ae6-679a-aebb638724fb">
      <Execution id="738c1923-ceba-409e-bc74-b9bf2f985599" />
      <TestMethod codeBase="/src/UnitTestsBiblioMate/bin/Release/net9.0/UnitTestsBiblioMate.dll" adapterTypeName="executor://xunit/VsTestRunner2/netcoreapp" className="UnitTestsBiblioMate.Services.Reports.ReportServiceTest" name="CreateAsync_ShouldGenerateAndSaveReport" />
    </UnitTest>
    <UnitTest name="UnitTestsBiblioMate.Services.Catalog.TagServiceTests.GetByIdAsync_ShouldReturnTag_WhenExists" storage="/src/unittestsbibliomate/bin/release/net9.0/unittestsbibliomate.dll" id="093b3192-cb40-98ba-b808-350cc3941bcd">
      <Execution id="9e2dfd26-e2be-4131-92a3-03c87a0d1d06" />
      <TestMethod codeBase="/src/UnitTestsBiblioMate/bin/Release/net9.0/UnitTestsBiblioMate.dll" adapterTypeName="executor://xunit/VsTestRunner2/netcoreapp" className="UnitTestsBiblioMate.Services.Catalog.TagServiceTests" name="GetByIdAsync_ShouldReturnTag_WhenExists" />
    </UnitTest>
    <UnitTest name="UnitTestsBiblioMate.Controllers.StocksControllerTest.CreateStock_New_ReturnsCreated" storage="/src/unittestsbibliomate/bin/release/net9.0/unittestsbibliomate.dll" id="a9285e88-c1bc-dbb0-3ef5-0969187ec14d">
      <Execution id="ee4ca7fe-80f4-4570-8b0c-6baf800bcfea" />
      <TestMethod codeBase="/src/UnitTestsBiblioMate/bin/Release/net9.0/UnitTestsBiblioMate.dll" adapterTypeName="executor://xunit/VsTestRunner2/netcoreapp" className="UnitTestsBiblioMate.Controllers.StocksControllerTest" name="CreateStock_New_ReturnsCreated" />
    </UnitTest>
    <UnitTest name="UnitTestsBiblioMate.Services.Catalog.AuthorServiceTest.UpdateAsync_ShouldReturnFalse_WhenNotExists" storage="/src/unittestsbibliomate/bin/release/net9.0/unittestsbibliomate.dll" id="54d1533e-47d1-ed7a-c7ca-794e8cdd73e0">
      <Execution id="15e2e2bc-c2bf-4000-ad38-8eff034d16ad" />
      <TestMethod codeBase="/src/UnitTestsBiblioMate/bin/Release/net9.0/UnitTestsBiblioMate.dll" adapterTypeName="executor://xunit/VsTestRunner2/netcoreapp" className="UnitTestsBiblioMate.Services.Catalog.AuthorServiceTest" name="UpdateAsync_ShouldReturnFalse_WhenNotExists" />
    </UnitTest>
    <UnitTest name="UnitTestsBiblioMate.Controllers.ShelfLevelsControllerTest.CreateShelfLevel_ReturnsCreated" storage="/src/unittestsbibliomate/bin/release/net9.0/unittestsbibliomate.dll" id="5c9ba572-b6f5-cd64-d0ed-9a6e28c02978">
      <Execution id="1a1e388c-e5f7-4f97-ba0e-5e55cdbafd70" />
      <TestMethod codeBase="/src/UnitTestsBiblioMate/bin/Release/net9.0/UnitTestsBiblioMate.dll" adapterTypeName="executor://xunit/VsTestRunner2/netcoreapp" className="UnitTestsBiblioMate.Controllers.ShelfLevelsControllerTest" name="CreateShelfLevel_ReturnsCreated" />
    </UnitTest>
    <UnitTest name="UnitTestsBiblioMate.Services.Catalog.StockServiceTest.AdjustQuantity_WithContext_DoesNotGoBelowZero" storage="/src/unittestsbibliomate/bin/release/net9.0/unittestsbibliomate.dll" id="592ff86c-fef5-108c-d091-426056e0fdbf">
      <Execution id="70687b37-c896-45bf-a634-5d587658bbf2" />
      <TestMethod codeBase="/src/UnitTestsBiblioMate/bin/Release/net9.0/UnitTestsBiblioMate.dll" adapterTypeName="executor://xunit/VsTestRunner2/netcoreapp" className="UnitTestsBiblioMate.Services.Catalog.StockServiceTest" name="AdjustQuantity_WithContext_DoesNotGoBelowZero" />
    </UnitTest>
    <UnitTest name="UnitTestsBiblioMate.Services.Catalog.ZonesServiceTests.UpdateAsync_ShouldReturnFalse_WhenNotExists" storage="/src/unittestsbibliomate/bin/release/net9.0/unittestsbibliomate.dll" id="6cf064c2-9aff-ca54-4253-9a4d7047fc18">
      <Execution id="9646da40-aae3-4fab-92fa-3cd2a1cfec29" />
      <TestMethod codeBase="/src/UnitTestsBiblioMate/bin/Release/net9.0/UnitTestsBiblioMate.dll" adapterTypeName="executor://xunit/VsTestRunner2/netcoreapp" className="UnitTestsBiblioMate.Services.Catalog.ZonesServiceTests" name="UpdateAsync_ShouldReturnFalse_WhenNotExists" />
    </UnitTest>
    <UnitTest name="UnitTestsBiblioMate.Controllers.UsersControllerTest.UpdateUserRole_Invalid_Returns400" storage="/src/unittestsbibliomate/bin/release/net9.0/unittestsbibliomate.dll" id="cee97a5a-7d64-4587-4a47-734e4afdf1bc">
      <Execution id="67527f30-6120-4a93-a747-e0d3e6aa43dc" />
      <TestMethod codeBase="/src/UnitTestsBiblioMate/bin/Release/net9.0/UnitTestsBiblioMate.dll" adapterTypeName="executor://xunit/VsTestRunner2/netcoreapp" className="UnitTestsBiblioMate.Controllers.UsersControllerTest" name="UpdateUserRole_Invalid_Returns400" />
    </UnitTest>
    <UnitTest name="UnitTestsBiblioMate.Services.Catalog.ShelfLevelServiceTest.GetByIdAsync_ShouldReturnShelfLevel_WhenExists" storage="/src/unittestsbibliomate/bin/release/net9.0/unittestsbibliomate.dll" id="bc4dc118-6145-d9b6-bbb7-59c85b5fd5cb">
      <Execution id="5008bb5c-1f41-4064-ada9-46d4bc542b62" />
      <TestMethod codeBase="/src/UnitTestsBiblioMate/bin/Release/net9.0/UnitTestsBiblioMate.dll" adapterTypeName="executor://xunit/VsTestRunner2/netcoreapp" className="UnitTestsBiblioMate.Services.Catalog.ShelfLevelServiceTest" name="GetByIdAsync_ShouldReturnShelfLevel_WhenExists" />
    </UnitTest>
    <UnitTest name="UnitTestsBiblioMate.Controllers.AuthorsControllerTest.DeleteAuthor_ShouldReturnNoContentWhenSuccess" storage="/src/unittestsbibliomate/bin/release/net9.0/unittestsbibliomate.dll" id="dd7303a4-ebbf-77c9-792d-39b3d40f9e62">
      <Execution id="8dcec8e8-7ef4-4c53-83bc-fdf901ddea3c" />
      <TestMethod codeBase="/src/UnitTestsBiblioMate/bin/Release/net9.0/UnitTestsBiblioMate.dll" adapterTypeName="executor://xunit/VsTestRunner2/netcoreapp" className="UnitTestsBiblioMate.Controllers.AuthorsControllerTest" name="DeleteAuthor_ShouldReturnNoContentWhenSuccess" />
    </UnitTest>
    <UnitTest name="UnitTestsBiblioMate.Services.Users.UserServiceTests.GetByIdAsync_ShouldReturnNull_WhenNotExists" storage="/src/unittestsbibliomate/bin/release/net9.0/unittestsbibliomate.dll" id="f336ca43-da20-8ecd-1bee-2bd2a708c2fd">
      <Execution id="406d120c-47fb-4a99-9578-ce9bb6c9c62b" />
      <TestMethod codeBase="/src/UnitTestsBiblioMate/bin/Release/net9.0/UnitTestsBiblioMate.dll" adapterTypeName="executor://xunit/VsTestRunner2/netcoreapp" className="UnitTestsBiblioMate.Services.Users.UserServiceTests" name="GetByIdAsync_ShouldReturnNull_WhenNotExists" />
    </UnitTest>
    <UnitTest name="UnitTestsBiblioMate.Services.Catalog.LocationServiceTest.EnsureAsync_ReusesExistingEntities_OnSecondCall" storage="/src/unittestsbibliomate/bin/release/net9.0/unittestsbibliomate.dll" id="92ce3f98-3fa1-fb39-b389-0f31984fe497">
      <Execution id="bf5ae2be-7602-4505-a893-92b7559ccf6a" />
      <TestMethod codeBase="/src/UnitTestsBiblioMate/bin/Release/net9.0/UnitTestsBiblioMate.dll" adapterTypeName="executor://xunit/VsTestRunner2/netcoreapp" className="UnitTestsBiblioMate.Services.Catalog.LocationServiceTest" name="EnsureAsync_ReusesExistingEntities_OnSecondCall" />
    </UnitTest>
    <UnitTest name="UnitTestsBiblioMate.Services.Catalog.AuthorServiceTest.DeleteAsync_ShouldRemoveAuthor_WhenExists" storage="/src/unittestsbibliomate/bin/release/net9.0/unittestsbibliomate.dll" id="51c7f220-59cc-1ee8-dabb-23ebb97b87bc">
      <Execution id="d3a37bc9-a05a-4570-8313-5872bcd869d6" />
      <TestMethod codeBase="/src/UnitTestsBiblioMate/bin/Release/net9.0/UnitTestsBiblioMate.dll" adapterTypeName="executor://xunit/VsTestRunner2/netcoreapp" className="UnitTestsBiblioMate.Services.Catalog.AuthorServiceTest" name="DeleteAsync_ShouldRemoveAuthor_WhenExists" />
    </UnitTest>
    <UnitTest name="UnitTestsBiblioMate.Services.Catalog.EditorServiceTest.CreateAsync_ShouldAddEditor" storage="/src/unittestsbibliomate/bin/release/net9.0/unittestsbibliomate.dll" id="cbb755c6-4bf2-4aa6-5eae-760cbc594db1">
      <Execution id="caf7cbcc-af85-49d7-b9fc-942cdc37fae3" />
      <TestMethod codeBase="/src/UnitTestsBiblioMate/bin/Release/net9.0/UnitTestsBiblioMate.dll" adapterTypeName="executor://xunit/VsTestRunner2/netcoreapp" className="UnitTestsBiblioMate.Services.Catalog.EditorServiceTest" name="CreateAsync_ShouldAddEditor" />
    </UnitTest>
    <UnitTest name="UnitTestsBiblioMate.Services.Infrastructure.External.GoogleBooksServiceTest.SearchAsync_NoItems_ReturnsEmptyList" storage="/src/unittestsbibliomate/bin/release/net9.0/unittestsbibliomate.dll" id="2bd1a842-04a5-930d-2a23-38124912e759">
      <Execution id="0a1812b8-8609-4547-9a2d-464c4d96c77c" />
      <TestMethod codeBase="/src/UnitTestsBiblioMate/bin/Release/net9.0/UnitTestsBiblioMate.dll" adapterTypeName="executor://xunit/VsTestRunner2/netcoreapp" className="UnitTestsBiblioMate.Services.Infrastructure.External.GoogleBooksServiceTest" name="SearchAsync_NoItems_ReturnsEmptyList" />
    </UnitTest>
    <UnitTest name="UnitTestsBiblioMate.Services.Catalog.ZonesServiceTests.GetAllAsync_ShouldReturnAllZones_Paginated" storage="/src/unittestsbibliomate/bin/release/net9.0/unittestsbibliomate.dll" id="13489c39-cbb3-aeff-60cc-b06b8fbb1546">
      <Execution id="ba76fc14-41b3-4ae1-9323-792207c2dbe9" />
      <TestMethod codeBase="/src/UnitTestsBiblioMate/bin/Release/net9.0/UnitTestsBiblioMate.dll" adapterTypeName="executor://xunit/VsTestRunner2/netcoreapp" className="UnitTestsBiblioMate.Services.Catalog.ZonesServiceTests" name="GetAllAsync_ShouldReturnAllZones_Paginated" />
    </UnitTest>
    <UnitTest name="UnitTestsBiblioMate.Services.Infrastructure.Security.EncryptionServiceTest.Encrypt_ShouldReturnEmpty_ForNullOrEmpty(input: null)" storage="/src/unittestsbibliomate/bin/release/net9.0/unittestsbibliomate.dll" id="afa822be-913c-714e-b947-eb47a0054e8c">
      <Execution id="a28922b1-110e-4601-a683-9927a5c88261" />
      <TestMethod codeBase="/src/UnitTestsBiblioMate/bin/Release/net9.0/UnitTestsBiblioMate.dll" adapterTypeName="executor://xunit/VsTestRunner2/netcoreapp" className="UnitTestsBiblioMate.Services.Infrastructure.Security.EncryptionServiceTest" name="Encrypt_ShouldReturnEmpty_ForNullOrEmpty" />
    </UnitTest>
    <UnitTest name="UnitTestsBiblioMate.Services.Loans.LoanServiceTests.ReturnAsync_ShouldFail_WhenAlreadyReturned" storage="/src/unittestsbibliomate/bin/release/net9.0/unittestsbibliomate.dll" id="bec87d69-4e03-29bb-e3b6-a45728962ce1">
      <Execution id="d1eaaba5-2a2a-4305-a66e-4ae28c4c73a8" />
      <TestMethod codeBase="/src/UnitTestsBiblioMate/bin/Release/net9.0/UnitTestsBiblioMate.dll" adapterTypeName="executor://xunit/VsTestRunner2/netcoreapp" className="UnitTestsBiblioMate.Services.Loans.LoanServiceTests" name="ReturnAsync_ShouldFail_WhenAlreadyReturned" />
    </UnitTest>
    <UnitTest name="UnitTestsBiblioMate.Controllers.NotificationsControllerTest.UpdateNotification_WhenExists_ReturnsNoContent" storage="/src/unittestsbibliomate/bin/release/net9.0/unittestsbibliomate.dll" id="28978c49-1ccb-3d87-e051-771916154ffc">
      <Execution id="040354ba-1a14-41bc-9ce0-13ce50a82c8c" />
      <TestMethod codeBase="/src/UnitTestsBiblioMate/bin/Release/net9.0/UnitTestsBiblioMate.dll" adapterTypeName="executor://xunit/VsTestRunner2/netcoreapp" className="UnitTestsBiblioMate.Controllers.NotificationsControllerTest" name="UpdateNotification_WhenExists_ReturnsNoContent" />
    </UnitTest>
    <UnitTest name="UnitTestsBiblioMate.Services.Catalog.StockServiceTest.UpdateAvailability_ShouldReflectComputedIsAvailable(quantity: 1, expectedAvailable: True)" storage="/src/unittestsbibliomate/bin/release/net9.0/unittestsbibliomate.dll" id="77525c09-42b0-99dc-8fb2-0338adeccfdf">
      <Execution id="760dfbf1-a571-460a-a3e0-5823d3abb924" />
      <TestMethod codeBase="/src/UnitTestsBiblioMate/bin/Release/net9.0/UnitTestsBiblioMate.dll" adapterTypeName="executor://xunit/VsTestRunner2/netcoreapp" className="UnitTestsBiblioMate.Services.Catalog.StockServiceTest" name="UpdateAvailability_ShouldReflectComputedIsAvailable" />
    </UnitTest>
    <UnitTest name="UnitTestsBiblioMate.Services.Catalog.AuthorServiceTest.DeleteAsync_ShouldReturnFalse_WhenNotExists" storage="/src/unittestsbibliomate/bin/release/net9.0/unittestsbibliomate.dll" id="f993e51c-0e45-fec1-9415-43a4371880aa">
      <Execution id="e05de9ec-fc18-45b8-9256-501226b25b9e" />
      <TestMethod codeBase="/src/UnitTestsBiblioMate/bin/Release/net9.0/UnitTestsBiblioMate.dll" adapterTypeName="executor://xunit/VsTestRunner2/netcoreapp" className="UnitTestsBiblioMate.Services.Catalog.AuthorServiceTest" name="DeleteAsync_ShouldReturnFalse_WhenNotExists" />
    </UnitTest>
    <UnitTest name="UnitTestsBiblioMate.Controllers.ShelfLevelsControllerTest.UpdateShelfLevel_Success_ReturnsNoContent" storage="/src/unittestsbibliomate/bin/release/net9.0/unittestsbibliomate.dll" id="e946a31d-2ab6-b6cf-a01b-184d3f6d59d5">
      <Execution id="62789004-f770-4e61-afaa-78c38df79dfb" />
      <TestMethod codeBase="/src/UnitTestsBiblioMate/bin/Release/net9.0/UnitTestsBiblioMate.dll" adapterTypeName="executor://xunit/VsTestRunner2/netcoreapp" className="UnitTestsBiblioMate.Controllers.ShelfLevelsControllerTest" name="UpdateShelfLevel_Success_ReturnsNoContent" />
    </UnitTest>
    <UnitTest name="UnitTestsBiblioMate.Controllers.NotificationsControllerTest.DeleteNotification_WhenExists_ReturnsNoContent" storage="/src/unittestsbibliomate/bin/release/net9.0/unittestsbibliomate.dll" id="e95fabff-fa56-5d18-763d-d345c9da6d1d">
      <Execution id="d49108ae-64fc-45b3-b359-99331fd182b9" />
      <TestMethod codeBase="/src/UnitTestsBiblioMate/bin/Release/net9.0/UnitTestsBiblioMate.dll" adapterTypeName="executor://xunit/VsTestRunner2/netcoreapp" className="UnitTestsBiblioMate.Controllers.NotificationsControllerTest" name="DeleteNotification_WhenExists_ReturnsNoContent" />
    </UnitTest>
    <UnitTest name="UnitTestsBiblioMate.Controllers.LocationsControllerTest.GetShelves_ShouldReturnOk_WhenFound" storage="/src/unittestsbibliomate/bin/release/net9.0/unittestsbibliomate.dll" id="b889a3fd-3524-8c70-b901-da5905decdd5">
      <Execution id="0dfed895-a02c-4da0-834f-a009d295bbac" />
      <TestMethod codeBase="/src/UnitTestsBiblioMate/bin/Release/net9.0/UnitTestsBiblioMate.dll" adapterTypeName="executor://xunit/VsTestRunner2/netcoreapp" className="UnitTestsBiblioMate.Controllers.LocationsControllerTest" name="GetShelves_ShouldReturnOk_WhenFound" />
    </UnitTest>
    <UnitTest name="UnitTestsBiblioMate.Services.Catalog.ZonesServiceTests.DeleteAsync_ShouldReturnFalse_WhenNotExists" storage="/src/unittestsbibliomate/bin/release/net9.0/unittestsbibliomate.dll" id="f67ae3d1-0cdb-acc7-0938-902634e0ce87">
      <Execution id="0bdc866c-42c4-4c41-8a7d-439c564f6e13" />
      <TestMethod codeBase="/src/UnitTestsBiblioMate/bin/Release/net9.0/UnitTestsBiblioMate.dll" adapterTypeName="executor://xunit/VsTestRunner2/netcoreapp" className="UnitTestsBiblioMate.Services.Catalog.ZonesServiceTests" name="DeleteAsync_ShouldReturnFalse_WhenNotExists" />
    </UnitTest>
    <UnitTest name="UnitTestsBiblioMate.Controllers.ShelvesControllerTest.GetShelves_ReturnsOkWithList" storage="/src/unittestsbibliomate/bin/release/net9.0/unittestsbibliomate.dll" id="b74f3c13-839c-1de3-f4f8-8e0257b211dc">
      <Execution id="3b9b57f0-e5af-4b16-837b-7c742bfd6d3e" />
      <TestMethod codeBase="/src/UnitTestsBiblioMate/bin/Release/net9.0/UnitTestsBiblioMate.dll" adapterTypeName="executor://xunit/VsTestRunner2/netcoreapp" className="UnitTestsBiblioMate.Controllers.ShelvesControllerTest" name="GetShelves_ReturnsOkWithList" />
    </UnitTest>
    <UnitTest name="UnitTestsBiblioMate.Controllers.BooksControllerTest.CreateBook_ShouldReturnCreatedAtAction" storage="/src/unittestsbibliomate/bin/release/net9.0/unittestsbibliomate.dll" id="84e1a9f9-0710-15eb-e46f-b26a5a5269ed">
      <Execution id="c95c941c-bcd2-472f-8e6d-1a9e184a88f5" />
      <TestMethod codeBase="/src/UnitTestsBiblioMate/bin/Release/net9.0/UnitTestsBiblioMate.dll" adapterTypeName="executor://xunit/VsTestRunner2/netcoreapp" className="UnitTestsBiblioMate.Controllers.BooksControllerTest" name="CreateBook_ShouldReturnCreatedAtAction" />
    </UnitTest>
    <UnitTest name="UnitTestsBiblioMate.Services.Loans.LoanServiceTests.DeleteAsync_ShouldFail_WhenNotFound" storage="/src/unittestsbibliomate/bin/release/net9.0/unittestsbibliomate.dll" id="175b396a-128f-02f6-c512-d3f8aaeb922e">
      <Execution id="d4e646d7-ec18-472c-9fa9-748137299777" />
      <TestMethod codeBase="/src/UnitTestsBiblioMate/bin/Release/net9.0/UnitTestsBiblioMate.dll" adapterTypeName="executor://xunit/VsTestRunner2/netcoreapp" className="UnitTestsBiblioMate.Services.Loans.LoanServiceTests" name="DeleteAsync_ShouldFail_WhenNotFound" />
    </UnitTest>
    <UnitTest name="UnitTestsBiblioMate.Controllers.EditorsControllerTest.EnsureEditor_ShouldReturnCreatedWhenNew" storage="/src/unittestsbibliomate/bin/release/net9.0/unittestsbibliomate.dll" id="5e7d3db5-a62c-11c0-2c77-38a9a07fea69">
      <Execution id="fd2800c3-56e1-4da7-bea0-e1cb9364b4b8" />
      <TestMethod codeBase="/src/UnitTestsBiblioMate/bin/Release/net9.0/UnitTestsBiblioMate.dll" adapterTypeName="executor://xunit/VsTestRunner2/netcoreapp" className="UnitTestsBiblioMate.Controllers.EditorsControllerTest" name="EnsureEditor_ShouldReturnCreatedWhenNew" />
    </UnitTest>
    <UnitTest name="UnitTestsBiblioMate.Services.Catalog.ZonesServiceTests.UpdateAsync_ShouldModifyZone_WhenExists" storage="/src/unittestsbibliomate/bin/release/net9.0/unittestsbibliomate.dll" id="7cce3fce-70cd-4a79-a1f0-c7205c454c6a">
      <Execution id="3a087f04-bdd0-4517-abbb-a88d912d8b26" />
      <TestMethod codeBase="/src/UnitTestsBiblioMate/bin/Release/net9.0/UnitTestsBiblioMate.dll" adapterTypeName="executor://xunit/VsTestRunner2/netcoreapp" className="UnitTestsBiblioMate.Services.Catalog.ZonesServiceTests" name="UpdateAsync_ShouldModifyZone_WhenExists" />
    </UnitTest>
    <UnitTest name="UnitTestsBiblioMate.Controllers.NotificationsControllerTest.GetNotifications_AsLibrarian_ReturnsAll" storage="/src/unittestsbibliomate/bin/release/net9.0/unittestsbibliomate.dll" id="a1c0e6c0-31f5-80a2-27b5-5ad13777f66a">
      <Execution id="2db26e69-e8b3-491d-8688-8c1afae27104" />
      <TestMethod codeBase="/src/UnitTestsBiblioMate/bin/Release/net9.0/UnitTestsBiblioMate.dll" adapterTypeName="executor://xunit/VsTestRunner2/netcoreapp" className="UnitTestsBiblioMate.Controllers.NotificationsControllerTest" name="GetNotifications_AsLibrarian_ReturnsAll" />
    </UnitTest>
    <UnitTest name="UnitTestsBiblioMate.Services.Catalog.EditorServiceTest.GetByIdAsync_ShouldReturnEditor_WhenExists" storage="/src/unittestsbibliomate/bin/release/net9.0/unittestsbibliomate.dll" id="aa7cc8cf-d777-2355-e392-ea65774c3d14">
      <Execution id="4187c259-ba59-459a-8d94-c43157cc076a" />
      <TestMethod codeBase="/src/UnitTestsBiblioMate/bin/Release/net9.0/UnitTestsBiblioMate.dll" adapterTypeName="executor://xunit/VsTestRunner2/netcoreapp" className="UnitTestsBiblioMate.Services.Catalog.EditorServiceTest" name="GetByIdAsync_ShouldReturnEditor_WhenExists" />
    </UnitTest>
    <UnitTest name="UnitTestsBiblioMate.Controllers.UsersControllerTest.UpdateCurrentUser_NotFound_Returns404" storage="/src/unittestsbibliomate/bin/release/net9.0/unittestsbibliomate.dll" id="9046d5d2-261d-b816-f1e7-b0c8e14bb9e6">
      <Execution id="d3cd78e4-6030-436a-98d3-a8f977b9eaa7" />
      <TestMethod codeBase="/src/UnitTestsBiblioMate/bin/Release/net9.0/UnitTestsBiblioMate.dll" adapterTypeName="executor://xunit/VsTestRunner2/netcoreapp" className="UnitTestsBiblioMate.Controllers.UsersControllerTest" name="UpdateCurrentUser_NotFound_Returns404" />
    </UnitTest>
    <UnitTest name="UnitTestsBiblioMate.Controllers.ZonesControllerTest.GetZone_NotFound_Returns404" storage="/src/unittestsbibliomate/bin/release/net9.0/unittestsbibliomate.dll" id="ca94a419-2a27-9e88-db49-68344a8261f5">
      <Execution id="cf510251-3007-466c-bffb-4bbd34b5c32e" />
      <TestMethod codeBase="/src/UnitTestsBiblioMate/bin/Release/net9.0/UnitTestsBiblioMate.dll" adapterTypeName="executor://xunit/VsTestRunner2/netcoreapp" className="UnitTestsBiblioMate.Controllers.ZonesControllerTest" name="GetZone_NotFound_Returns404" />
    </UnitTest>
    <UnitTest name="UnitTestsBiblioMate.Services.Loans.ReservationServiceTest.CreateAsync_ShouldThrowInvalidOperation_WhenDuplicateActiveReservationExists" storage="/src/unittestsbibliomate/bin/release/net9.0/unittestsbibliomate.dll" id="129a291b-465d-750e-c7fd-a637fb54aeec">
      <Execution id="be6e4579-4990-4ad9-8b42-58d444350297" />
      <TestMethod codeBase="/src/UnitTestsBiblioMate/bin/Release/net9.0/UnitTestsBiblioMate.dll" adapterTypeName="executor://xunit/VsTestRunner2/netcoreapp" className="UnitTestsBiblioMate.Services.Loans.ReservationServiceTest" name="CreateAsync_ShouldThrowInvalidOperation_WhenDuplicateActiveReservationExists" />
    </UnitTest>
    <UnitTest name="UnitTestsBiblioMate.Services.Loans.LoanServiceTests.CreateAsync_ShouldFail_WhenUserNotFound" storage="/src/unittestsbibliomate/bin/release/net9.0/unittestsbibliomate.dll" id="5b5cc0b8-8e9f-d55f-e571-59ae36ba2f13">
      <Execution id="4d78cec7-2169-4f7f-8b43-742dbf0fb5db" />
      <TestMethod codeBase="/src/UnitTestsBiblioMate/bin/Release/net9.0/UnitTestsBiblioMate.dll" adapterTypeName="executor://xunit/VsTestRunner2/netcoreapp" className="UnitTestsBiblioMate.Services.Loans.LoanServiceTests" name="CreateAsync_ShouldFail_WhenUserNotFound" />
    </UnitTest>
    <UnitTest name="UnitTestsBiblioMate.Helpers.TokenHelperTests.TryGetUserId_InvalidNumber_ReturnsFalse" storage="/src/unittestsbibliomate/bin/release/net9.0/unittestsbibliomate.dll" id="5492b8f7-5c8e-98d2-4a53-92c918e0b6fa">
      <Execution id="54490681-0761-461a-9cb1-cdef4d52cff1" />
      <TestMethod codeBase="/src/UnitTestsBiblioMate/bin/Release/net9.0/UnitTestsBiblioMate.dll" adapterTypeName="executor://xunit/VsTestRunner2/netcoreapp" className="UnitTestsBiblioMate.Helpers.TokenHelperTests" name="TryGetUserId_InvalidNumber_ReturnsFalse" />
    </UnitTest>
    <UnitTest name="UnitTestsBiblioMate.Controllers.TagsControllerTest.GetTags_ReturnsOkWithList" storage="/src/unittestsbibliomate/bin/release/net9.0/unittestsbibliomate.dll" id="6bf5dc94-1c9e-55f5-9e6a-117cbbeeff0d">
      <Execution id="9b743c9b-2176-45c8-92bc-331f3642608e" />
      <TestMethod codeBase="/src/UnitTestsBiblioMate/bin/Release/net9.0/UnitTestsBiblioMate.dll" adapterTypeName="executor://xunit/VsTestRunner2/netcoreapp" className="UnitTestsBiblioMate.Controllers.TagsControllerTest" name="GetTags_ReturnsOkWithList" />
    </UnitTest>
    <UnitTest name="UnitTestsBiblioMate.Services.Loans.LoanServiceTests.ReturnAsync_LateLoan_SetsFineCorrectly" storage="/src/unittestsbibliomate/bin/release/net9.0/unittestsbibliomate.dll" id="120c794c-8657-c6ce-e7e5-982a9fe0d1a1">
      <Execution id="5a7f456f-be62-494a-9324-c753ded83092" />
      <TestMethod codeBase="/src/UnitTestsBiblioMate/bin/Release/net9.0/UnitTestsBiblioMate.dll" adapterTypeName="executor://xunit/VsTestRunner2/netcoreapp" className="UnitTestsBiblioMate.Services.Loans.LoanServiceTests" name="ReturnAsync_LateLoan_SetsFineCorrectly" />
    </UnitTest>
    <UnitTest name="UnitTestsBiblioMate.Services.Loans.ReservationServiceTest.GetAllAsync_ShouldReturnAll" storage="/src/unittestsbibliomate/bin/release/net9.0/unittestsbibliomate.dll" id="90946cea-cf3c-3aeb-d04f-853ea2fdcee6">
      <Execution id="a348972e-3c35-4905-91af-cec683264e2a" />
      <TestMethod codeBase="/src/UnitTestsBiblioMate/bin/Release/net9.0/UnitTestsBiblioMate.dll" adapterTypeName="executor://xunit/VsTestRunner2/netcoreapp" className="UnitTestsBiblioMate.Services.Loans.ReservationServiceTest" name="GetAllAsync_ShouldReturnAll" />
    </UnitTest>
    <UnitTest name="UnitTestsBiblioMate.Services.Reports.ReportServiceTest.GetByIdAsync_ShouldReturnReport_WhenExists" storage="/src/unittestsbibliomate/bin/release/net9.0/unittestsbibliomate.dll" id="e01a47ba-3d64-5bf9-0048-2ad722af0114">
      <Execution id="7ee4e11c-6121-499e-b63f-2a64eceac055" />
      <TestMethod codeBase="/src/UnitTestsBiblioMate/bin/Release/net9.0/UnitTestsBiblioMate.dll" adapterTypeName="executor://xunit/VsTestRunner2/netcoreapp" className="UnitTestsBiblioMate.Services.Reports.ReportServiceTest" name="GetByIdAsync_ShouldReturnReport_WhenExists" />
    </UnitTest>
    <UnitTest name="UnitTestsBiblioMate.Helpers.TokenHelperTests.GetUserId_NoClaim_Throws" storage="/src/unittestsbibliomate/bin/release/net9.0/unittestsbibliomate.dll" id="9d3a3f72-fc74-2b09-77ae-e37fe9cd6d7e">
      <Execution id="8d2df514-1b40-4100-915e-d2073f106a84" />
      <TestMethod codeBase="/src/UnitTestsBiblioMate/bin/Release/net9.0/UnitTestsBiblioMate.dll" adapterTypeName="executor://xunit/VsTestRunner2/netcoreapp" className="UnitTestsBiblioMate.Helpers.TokenHelperTests" name="GetUserId_NoClaim_Throws" />
    </UnitTest>
    <UnitTest name="UnitTestsBiblioMate.Services.Infrastructure.Logging.MongoLogServiceTest.GetByIdAsync_DocumentNotFound_ReturnsNull" storage="/src/unittestsbibliomate/bin/release/net9.0/unittestsbibliomate.dll" id="baadc0c4-87ac-0933-e32d-bc807b18fea3">
      <Execution id="cff250ae-052a-4240-a0e5-e3f428bab3f6" />
      <TestMethod codeBase="/src/UnitTestsBiblioMate/bin/Release/net9.0/UnitTestsBiblioMate.dll" adapterTypeName="executor://xunit/VsTestRunner2/netcoreapp" className="UnitTestsBiblioMate.Services.Infrastructure.Logging.MongoLogServiceTest" name="GetByIdAsync_DocumentNotFound_ReturnsNull" />
    </UnitTest>
    <UnitTest name="UnitTestsBiblioMate.Services.Users.AuthServiceTests.RegisterAsync_ShouldConflict_WhenEmailExists" storage="/src/unittestsbibliomate/bin/release/net9.0/unittestsbibliomate.dll" id="24f5b551-577d-e958-5067-2a44e6087f7a">
      <Execution id="e5d0a5fa-6145-45d0-8b4e-73a1b6a0a15a" />
      <TestMethod codeBase="/src/UnitTestsBiblioMate/bin/Release/net9.0/UnitTestsBiblioMate.dll" adapterTypeName="executor://xunit/VsTestRunner2/netcoreapp" className="UnitTestsBiblioMate.Services.Users.AuthServiceTests" name="RegisterAsync_ShouldConflict_WhenEmailExists" />
    </UnitTest>
    <UnitTest name="UnitTestsBiblioMate.Controllers.ZonesControllerTest.DeleteZone_NotFound_Returns404" storage="/src/unittestsbibliomate/bin/release/net9.0/unittestsbibliomate.dll" id="f5991be7-997c-0c58-1fcb-244c748a599d">
      <Execution id="d38f0d2a-43f6-4c19-9244-c173235d339c" />
      <TestMethod codeBase="/src/UnitTestsBiblioMate/bin/Release/net9.0/UnitTestsBiblioMate.dll" adapterTypeName="executor://xunit/VsTestRunner2/netcoreapp" className="UnitTestsBiblioMate.Controllers.ZonesControllerTest" name="DeleteZone_NotFound_Returns404" />
    </UnitTest>
    <UnitTest name="UnitTestsBiblioMate.Services.Catalog.LocationServiceTest.GetLevelsAsync_ReturnsOrderedLevelsForShelf" storage="/src/unittestsbibliomate/bin/release/net9.0/unittestsbibliomate.dll" id="2b9787ff-9053-0408-af66-9af4d931f0dc">
      <Execution id="f6298004-3975-47d5-9d6a-4b2d9a9af469" />
      <TestMethod codeBase="/src/UnitTestsBiblioMate/bin/Release/net9.0/UnitTestsBiblioMate.dll" adapterTypeName="executor://xunit/VsTestRunner2/netcoreapp" className="UnitTestsBiblioMate.Services.Catalog.LocationServiceTest" name="GetLevelsAsync_ReturnsOrderedLevelsForShelf" />
    </UnitTest>
    <UnitTest name="UnitTestsBiblioMate.Services.Notifications.NotificationLogServiceTest.GetByUserAsync_ShouldReturnLogsInDescendingOrder" storage="/src/unittestsbibliomate/bin/release/net9.0/unittestsbibliomate.dll" id="86338d3a-21b3-b740-6d48-65dc83cf1336">
      <Execution id="0dbdc49e-9d69-4a95-97f7-2475748d11dc" />
      <TestMethod codeBase="/src/UnitTestsBiblioMate/bin/Release/net9.0/UnitTestsBiblioMate.dll" adapterTypeName="executor://xunit/VsTestRunner2/netcoreapp" className="UnitTestsBiblioMate.Services.Notifications.NotificationLogServiceTest" name="GetByUserAsync_ShouldReturnLogsInDescendingOrder" />
    </UnitTest>
    <UnitTest name="UnitTestsBiblioMate.Controllers.AuthorsControllerTest.EnsureAuthor_ShouldReturnOkWhenExists" storage="/src/unittestsbibliomate/bin/release/net9.0/unittestsbibliomate.dll" id="b010f81e-2735-c3fe-c696-2574cc0024f2">
      <Execution id="67bc9842-fed6-468b-9dbe-93ae2f36247c" />
      <TestMethod codeBase="/src/UnitTestsBiblioMate/bin/Release/net9.0/UnitTestsBiblioMate.dll" adapterTypeName="executor://xunit/VsTestRunner2/netcoreapp" className="UnitTestsBiblioMate.Controllers.AuthorsControllerTest" name="EnsureAuthor_ShouldReturnOkWhenExists" />
    </UnitTest>
    <UnitTest name="UnitTestsBiblioMate.Services.Infrastructure.Logging.MongoLogServiceTest.GetByIdAsync_ValidId_ReturnsDocument" storage="/src/unittestsbibliomate/bin/release/net9.0/unittestsbibliomate.dll" id="a6d9487f-9732-f9e7-674c-29f4897a8383">
      <Execution id="7a837634-245e-40f4-b76f-f4af99c123ae" />
      <TestMethod codeBase="/src/UnitTestsBiblioMate/bin/Release/net9.0/UnitTestsBiblioMate.dll" adapterTypeName="executor://xunit/VsTestRunner2/netcoreapp" className="UnitTestsBiblioMate.Services.Infrastructure.Logging.MongoLogServiceTest" name="GetByIdAsync_ValidId_ReturnsDocument" />
    </UnitTest>
    <UnitTest name="UnitTestsBiblioMate.Services.Catalog.TagServiceTests.DeleteAsync_ShouldRemoveTag_WhenExists" storage="/src/unittestsbibliomate/bin/release/net9.0/unittestsbibliomate.dll" id="6de24456-08f4-c6fe-1fce-d81ab3cce170">
      <Execution id="b026869b-e24d-4344-ad41-4b4536cee617" />
      <TestMethod codeBase="/src/UnitTestsBiblioMate/bin/Release/net9.0/UnitTestsBiblioMate.dll" adapterTypeName="executor://xunit/VsTestRunner2/netcoreapp" className="UnitTestsBiblioMate.Services.Catalog.TagServiceTests" name="DeleteAsync_ShouldRemoveTag_WhenExists" />
    </UnitTest>
    <UnitTest name="UnitTestsBiblioMate.Controllers.ReservationsControllerTest.UpdateReservation_Success_ReturnsNoContent" storage="/src/unittestsbibliomate/bin/release/net9.0/unittestsbibliomate.dll" id="8daf6457-39cc-3ade-27fa-797e779e918f">
      <Execution id="a376f741-5cb3-4164-a532-4a73bbfef975" />
      <TestMethod codeBase="/src/UnitTestsBiblioMate/bin/Release/net9.0/UnitTestsBiblioMate.dll" adapterTypeName="executor://xunit/VsTestRunner2/netcoreapp" className="UnitTestsBiblioMate.Controllers.ReservationsControllerTest" name="UpdateReservation_Success_ReturnsNoContent" />
    </UnitTest>
    <UnitTest name="UnitTestsBiblioMate.Helpers.PagedResultTests.Create_InvalidPageSize_Throws" storage="/src/unittestsbibliomate/bin/release/net9.0/unittestsbibliomate.dll" id="36609032-ed9c-708a-12a6-daad8748a0b0">
      <Execution id="fa4fabfe-7f1a-4ff4-ae4a-63a34f919ee4" />
      <TestMethod codeBase="/src/UnitTestsBiblioMate/bin/Release/net9.0/UnitTestsBiblioMate.dll" adapterTypeName="executor://xunit/VsTestRunner2/netcoreapp" className="UnitTestsBiblioMate.Helpers.PagedResultTests" name="Create_InvalidPageSize_Throws" />
    </UnitTest>
    <UnitTest name="UnitTestsBiblioMate.Services.Infrastructure.External.GoogleBooksServiceTest.SearchAsync_ValidJson_MapsToDto" storage="/src/unittestsbibliomate/bin/release/net9.0/unittestsbibliomate.dll" id="8116bcf2-1195-6e70-b1b2-01d6da93a638">
      <Execution id="9ab7b735-0a00-475a-914d-df61ba99fd18" />
      <TestMethod codeBase="/src/UnitTestsBiblioMate/bin/Release/net9.0/UnitTestsBiblioMate.dll" adapterTypeName="executor://xunit/VsTestRunner2/netcoreapp" className="UnitTestsBiblioMate.Services.Infrastructure.External.GoogleBooksServiceTest" name="SearchAsync_ValidJson_MapsToDto" />
    </UnitTest>
    <UnitTest name="UnitTestsBiblioMate.Services.Catalog.ShelfServiceTests.UpdateAsync_ShouldModifyShelf_WhenExists" storage="/src/unittestsbibliomate/bin/release/net9.0/unittestsbibliomate.dll" id="6ff54358-193d-9e59-831c-c5747f10b357">
      <Execution id="a5712cae-f795-4a23-9d37-ba2e51bfbbe9" />
      <TestMethod codeBase="/src/UnitTestsBiblioMate/bin/Release/net9.0/UnitTestsBiblioMate.dll" adapterTypeName="executor://xunit/VsTestRunner2/netcoreapp" className="UnitTestsBiblioMate.Services.Catalog.ShelfServiceTests" name="UpdateAsync_ShouldModifyShelf_WhenExists" />
    </UnitTest>
    <UnitTest name="UnitTestsBiblioMate.Services.Catalog.TagServiceTests.CreateAsync_ShouldAddTag" storage="/src/unittestsbibliomate/bin/release/net9.0/unittestsbibliomate.dll" id="71646e2f-f827-b40f-0fc9-5ea3a32c89e6">
      <Execution id="54f2a3d5-0bc1-4ab1-baa9-1f947d9a5caf" />
      <TestMethod codeBase="/src/UnitTestsBiblioMate/bin/Release/net9.0/UnitTestsBiblioMate.dll" adapterTypeName="executor://xunit/VsTestRunner2/netcoreapp" className="UnitTestsBiblioMate.Services.Catalog.TagServiceTests" name="CreateAsync_ShouldAddTag" />
    </UnitTest>
    <UnitTest name="UnitTestsBiblioMate.Services.Reports.ReportServiceTest.GetAllAsync_ShouldReturnAllReports" storage="/src/unittestsbibliomate/bin/release/net9.0/unittestsbibliomate.dll" id="28fc8ccc-11bf-2b8c-2c13-b92e1c105021">
      <Execution id="e30364e9-df6a-42b9-be76-2f3fa16f4602" />
      <TestMethod codeBase="/src/UnitTestsBiblioMate/bin/Release/net9.0/UnitTestsBiblioMate.dll" adapterTypeName="executor://xunit/VsTestRunner2/netcoreapp" className="UnitTestsBiblioMate.Services.Reports.ReportServiceTest" name="GetAllAsync_ShouldReturnAllReports" />
    </UnitTest>
    <UnitTest name="UnitTestsBiblioMate.Services.Catalog.StockServiceTest.AdjustQuantity_ShouldChangeQuantityAndReflectAvailability(initialQty: 5, adjustment: -3, expectedQty: 2, expectedAvailable: True)" storage="/src/unittestsbibliomate/bin/release/net9.0/unittestsbibliomate.dll" id="6f003654-0850-63d6-e1de-79c309aa9fd0">
      <Execution id="06f07472-81ea-4b54-9fcc-ed978eefe9e7" />
      <TestMethod codeBase="/src/UnitTestsBiblioMate/bin/Release/net9.0/UnitTestsBiblioMate.dll" adapterTypeName="executor://xunit/VsTestRunner2/netcoreapp" className="UnitTestsBiblioMate.Services.Catalog.StockServiceTest" name="AdjustQuantity_ShouldChangeQuantityAndReflectAvailability" />
    </UnitTest>
    <UnitTest name="UnitTestsBiblioMate.Controllers.BooksControllerTest.SearchBooks_ShouldReturnOkWithResults_WhenAnonymous" storage="/src/unittestsbibliomate/bin/release/net9.0/unittestsbibliomate.dll" id="5fffbd0c-7b88-e2eb-efaf-d16dd896642e">
      <Execution id="70aa8d67-0fc6-42e5-a4c6-21e90ceb53c8" />
      <TestMethod codeBase="/src/UnitTestsBiblioMate/bin/Release/net9.0/UnitTestsBiblioMate.dll" adapterTypeName="executor://xunit/VsTestRunner2/netcoreapp" className="UnitTestsBiblioMate.Controllers.BooksControllerTest" name="SearchBooks_ShouldReturnOkWithResults_WhenAnonymous" />
    </UnitTest>
    <UnitTest name="UnitTestsBiblioMate.Controllers.AuthorsControllerTest.CreateAuthor_ShouldReturnCreatedAtAction" storage="/src/unittestsbibliomate/bin/release/net9.0/unittestsbibliomate.dll" id="54ae1cd7-2a39-488b-5e9c-935107680a0a">
      <Execution id="8b3fbe16-0dd5-4a75-8be9-589adb91b6fc" />
      <TestMethod codeBase="/src/UnitTestsBiblioMate/bin/Release/net9.0/UnitTestsBiblioMate.dll" adapterTypeName="executor://xunit/VsTestRunner2/netcoreapp" className="UnitTestsBiblioMate.Controllers.AuthorsControllerTest" name="CreateAuthor_ShouldReturnCreatedAtAction" />
    </UnitTest>
    <UnitTest name="UnitTestsBiblioMate.Controllers.ZonesControllerTest.UpdateZone_NotFound_Returns404" storage="/src/unittestsbibliomate/bin/release/net9.0/unittestsbibliomate.dll" id="cec9a231-4875-d6f1-d412-c9d4c70af147">
      <Execution id="e061c60d-cc3b-4cb0-97f2-b3b5e2e7e2fe" />
      <TestMethod codeBase="/src/UnitTestsBiblioMate/bin/Release/net9.0/UnitTestsBiblioMate.dll" adapterTypeName="executor://xunit/VsTestRunner2/netcoreapp" className="UnitTestsBiblioMate.Controllers.ZonesControllerTest" name="UpdateZone_NotFound_Returns404" />
    </UnitTest>
    <UnitTest name="UnitTestsBiblioMate.Controllers.LoansControllerTest.GetAll_ShouldReturnOkWhenSuccess" storage="/src/unittestsbibliomate/bin/release/net9.0/unittestsbibliomate.dll" id="282256d2-2b00-c604-045d-41ccc9868f5e">
      <Execution id="30f1c18c-77c2-4345-8bf5-8841f156192f" />
      <TestMethod codeBase="/src/UnitTestsBiblioMate/bin/Release/net9.0/UnitTestsBiblioMate.dll" adapterTypeName="executor://xunit/VsTestRunner2/netcoreapp" className="UnitTestsBiblioMate.Controllers.LoansControllerTest" name="GetAll_ShouldReturnOkWhenSuccess" />
    </UnitTest>
    <UnitTest name="UnitTestsBiblioMate.Services.Catalog.ShelfLevelServiceTest.DeleteAsync_ShouldRemoveShelfLevel_WhenExists" storage="/src/unittestsbibliomate/bin/release/net9.0/unittestsbibliomate.dll" id="e91a41b5-b42e-63a4-72f2-4263ad7f697c">
      <Execution id="bbf69fb4-7b61-485e-8d35-2c811b50db4b" />
      <TestMethod codeBase="/src/UnitTestsBiblioMate/bin/Release/net9.0/UnitTestsBiblioMate.dll" adapterTypeName="executor://xunit/VsTestRunner2/netcoreapp" className="UnitTestsBiblioMate.Services.Catalog.ShelfLevelServiceTest" name="DeleteAsync_ShouldRemoveShelfLevel_WhenExists" />
    </UnitTest>
    <UnitTest name="UnitTestsBiblioMate.Services.Catalog.LocationServiceTest.GetShelvesAsync_FiltersByFloorAndAisle_AndOrdersByName" storage="/src/unittestsbibliomate/bin/release/net9.0/unittestsbibliomate.dll" id="0549d529-f6e2-499b-6d16-3250d52ff9a2">
      <Execution id="f6daa03c-80e4-4ca9-b63f-83f419405acd" />
      <TestMethod codeBase="/src/UnitTestsBiblioMate/bin/Release/net9.0/UnitTestsBiblioMate.dll" adapterTypeName="executor://xunit/VsTestRunner2/netcoreapp" className="UnitTestsBiblioMate.Services.Catalog.LocationServiceTest" name="GetShelvesAsync_FiltersByFloorAndAisle_AndOrdersByName" />
    </UnitTest>
    <UnitTest name="UnitTestsBiblioMate.Controllers.GenresControllerTest.Ensure_ShouldReturnOkWhenExists" storage="/src/unittestsbibliomate/bin/release/net9.0/unittestsbibliomate.dll" id="e365cd53-02b3-e5f3-2786-f2ac323598b2">
      <Execution id="9362238f-d87d-45bb-ab0d-aeeeebfcf99d" />
      <TestMethod codeBase="/src/UnitTestsBiblioMate/bin/Release/net9.0/UnitTestsBiblioMate.dll" adapterTypeName="executor://xunit/VsTestRunner2/netcoreapp" className="UnitTestsBiblioMate.Controllers.GenresControllerTest" name="Ensure_ShouldReturnOkWhenExists" />
    </UnitTest>
    <UnitTest name="UnitTestsBiblioMate.Controllers.AuditsControllerTest.GetUserActivityLogs_ReturnsNotFound_WhenNoLogs" storage="/src/unittestsbibliomate/bin/release/net9.0/unittestsbibliomate.dll" id="86c6754d-006c-9768-3aa2-fdbe21cc3c36">
      <Execution id="e0f51f4d-a5ef-48c6-b6fb-0f93012883de" />
      <TestMethod codeBase="/src/UnitTestsBiblioMate/bin/Release/net9.0/UnitTestsBiblioMate.dll" adapterTypeName="executor://xunit/VsTestRunner2/netcoreapp" className="UnitTestsBiblioMate.Controllers.AuditsControllerTest" name="GetUserActivityLogs_ReturnsNotFound_WhenNoLogs" />
    </UnitTest>
    <UnitTest name="UnitTestsBiblioMate.Services.Catalog.TagServiceTests.SearchAsync_ClampsTakeToMax100" storage="/src/unittestsbibliomate/bin/release/net9.0/unittestsbibliomate.dll" id="714ffb3d-59bf-e39e-9870-baf6a782f56f">
      <Execution id="0294485f-8173-4379-a88c-a50791dc7fcc" />
      <TestMethod codeBase="/src/UnitTestsBiblioMate/bin/Release/net9.0/UnitTestsBiblioMate.dll" adapterTypeName="executor://xunit/VsTestRunner2/netcoreapp" className="UnitTestsBiblioMate.Services.Catalog.TagServiceTests" name="SearchAsync_ClampsTakeToMax100" />
    </UnitTest>
    <UnitTest name="UnitTestsBiblioMate.Helpers.PagedResultTests.ToPagedResultAsync_InvalidArgs_Throws" storage="/src/unittestsbibliomate/bin/release/net9.0/unittestsbibliomate.dll" id="520757a3-4d69-e8dd-4dd0-5f6323fed1a6">
      <Execution id="05c8cd93-8d6f-4640-ad71-fb8090f010a2" />
      <TestMethod codeBase="/src/UnitTestsBiblioMate/bin/Release/net9.0/UnitTestsBiblioMate.dll" adapterTypeName="executor://xunit/VsTestRunner2/netcoreapp" className="UnitTestsBiblioMate.Helpers.PagedResultTests" name="ToPagedResultAsync_InvalidArgs_Throws" />
    </UnitTest>
    <UnitTest name="UnitTestsBiblioMate.Controllers.StocksControllerTest.AdjustStockQuantity_Success_ReturnsOk" storage="/src/unittestsbibliomate/bin/release/net9.0/unittestsbibliomate.dll" id="17da5238-4eaa-170d-4240-4070670f5890">
      <Execution id="805ecb1c-7831-4764-a02e-35f84f4ca19d" />
      <TestMethod codeBase="/src/UnitTestsBiblioMate/bin/Release/net9.0/UnitTestsBiblioMate.dll" adapterTypeName="executor://xunit/VsTestRunner2/netcoreapp" className="UnitTestsBiblioMate.Controllers.StocksControllerTest" name="AdjustStockQuantity_Success_ReturnsOk" />
    </UnitTest>
    <UnitTest name="UnitTestsBiblioMate.Controllers.EditorsControllerTest.GetEditors_ShouldReturnOkWithEditors" storage="/src/unittestsbibliomate/bin/release/net9.0/unittestsbibliomate.dll" id="6e65aad1-c30c-7e02-9dc8-9e26f745388c">
      <Execution id="3f4849c9-2aa7-4039-9b3f-d6bbab288b58" />
      <TestMethod codeBase="/src/UnitTestsBiblioMate/bin/Release/net9.0/UnitTestsBiblioMate.dll" adapterTypeName="executor://xunit/VsTestRunner2/netcoreapp" className="UnitTestsBiblioMate.Controllers.EditorsControllerTest" name="GetEditors_ShouldReturnOkWithEditors" />
    </UnitTest>
    <UnitTest name="UnitTestsBiblioMate.Controllers.NotificationsControllerTest.GetNotification_ForbiddenForNormalUser_WhenOtherUser" storage="/src/unittestsbibliomate/bin/release/net9.0/unittestsbibliomate.dll" id="4b4c7f4d-ca3b-32b7-9914-97589f78deb6">
      <Execution id="e409eabf-b9e0-48b0-b7be-544d8c241c2e" />
      <TestMethod codeBase="/src/UnitTestsBiblioMate/bin/Release/net9.0/UnitTestsBiblioMate.dll" adapterTypeName="executor://xunit/VsTestRunner2/netcoreapp" className="UnitTestsBiblioMate.Controllers.NotificationsControllerTest" name="GetNotification_ForbiddenForNormalUser_WhenOtherUser" />
    </UnitTest>
    <UnitTest name="UnitTestsBiblioMate.Services.Users.AuthServiceTests.LoginAsync_ShouldFail_WhenNotConfirmed" storage="/src/unittestsbibliomate/bin/release/net9.0/unittestsbibliomate.dll" id="500c9707-8cd0-7304-ca5a-9858698a3b99">
      <Execution id="c5fd32c2-c9f4-4ad0-9521-308e4cf9f5ba" />
      <TestMethod codeBase="/src/UnitTestsBiblioMate/bin/Release/net9.0/UnitTestsBiblioMate.dll" adapterTypeName="executor://xunit/VsTestRunner2/netcoreapp" className="UnitTestsBiblioMate.Services.Users.AuthServiceTests" name="LoginAsync_ShouldFail_WhenNotConfirmed" />
    </UnitTest>
    <UnitTest name="UnitTestsBiblioMate.Controllers.BooksControllerTest.GetBook_ShouldReturnNotFoundWhenNotExists" storage="/src/unittestsbibliomate/bin/release/net9.0/unittestsbibliomate.dll" id="96a57f62-cb31-fe28-d1d6-07662a13be9c">
      <Execution id="02ce842c-30e0-43c9-80f6-20bdfe71ebbb" />
      <TestMethod codeBase="/src/UnitTestsBiblioMate/bin/Release/net9.0/UnitTestsBiblioMate.dll" adapterTypeName="executor://xunit/VsTestRunner2/netcoreapp" className="UnitTestsBiblioMate.Controllers.BooksControllerTest" name="GetBook_ShouldReturnNotFoundWhenNotExists" />
    </UnitTest>
    <UnitTest name="UnitTestsBiblioMate.Controllers.ReportsControllerTest.UpdateReport_NotFound_Returns404" storage="/src/unittestsbibliomate/bin/release/net9.0/unittestsbibliomate.dll" id="2466378d-bc51-8ab5-3ca8-7f1973cca127">
      <Execution id="c44f952e-43a5-491a-bab9-c35106220672" />
      <TestMethod codeBase="/src/UnitTestsBiblioMate/bin/Release/net9.0/UnitTestsBiblioMate.dll" adapterTypeName="executor://xunit/VsTestRunner2/netcoreapp" className="UnitTestsBiblioMate.Controllers.ReportsControllerTest" name="UpdateReport_NotFound_Returns404" />
    </UnitTest>
    <UnitTest name="UnitTestsBiblioMate.Controllers.ReservationsControllerTest.GetReservation_Owner_ReturnsOk" storage="/src/unittestsbibliomate/bin/release/net9.0/unittestsbibliomate.dll" id="a0bc616e-6be4-c331-549e-6074f34cc4e3">
      <Execution id="900fbcfd-fc56-497c-83fb-c22b09ff8666" />
      <TestMethod codeBase="/src/UnitTestsBiblioMate/bin/Release/net9.0/UnitTestsBiblioMate.dll" adapterTypeName="executor://xunit/VsTestRunner2/netcoreapp" className="UnitTestsBiblioMate.Controllers.ReservationsControllerTest" name="GetReservation_Owner_ReturnsOk" />
    </UnitTest>
    <UnitTest name="UnitTestsBiblioMate.Services.Reports.SearchActivityLogServiceTests.LogAsync_NullDoc_Throws" storage="/src/unittestsbibliomate/bin/release/net9.0/unittestsbibliomate.dll" id="426eacad-6124-ca68-d6ba-7e3221fa3111">
      <Execution id="7e05a9ad-75de-48b6-be8c-8ee64d3c01be" />
      <TestMethod codeBase="/src/UnitTestsBiblioMate/bin/Release/net9.0/UnitTestsBiblioMate.dll" adapterTypeName="executor://xunit/VsTestRunner2/netcoreapp" className="UnitTestsBiblioMate.Services.Reports.SearchActivityLogServiceTests" name="LogAsync_NullDoc_Throws" />
    </UnitTest>
    <UnitTest name="UnitTestsBiblioMate.Controllers.ReservationsControllerTest.GetReservations_AsPrivileged_ReturnsOk(role: &quot;Admin&quot;)" storage="/src/unittestsbibliomate/bin/release/net9.0/unittestsbibliomate.dll" id="a0de8d69-5950-bfda-abde-1cf2e409e02f">
      <Execution id="2cd7243b-6f8e-4ab8-93be-39b7d848089b" />
      <TestMethod codeBase="/src/UnitTestsBiblioMate/bin/Release/net9.0/UnitTestsBiblioMate.dll" adapterTypeName="executor://xunit/VsTestRunner2/netcoreapp" className="UnitTestsBiblioMate.Controllers.ReservationsControllerTest" name="GetReservations_AsPrivileged_ReturnsOk" />
    </UnitTest>
    <UnitTest name="UnitTestsBiblioMate.Helpers.TokenHelperTests.TryGetUserId_NullPrincipal_Throws" storage="/src/unittestsbibliomate/bin/release/net9.0/unittestsbibliomate.dll" id="f4d0ebdb-56cb-84c8-1a9f-53cf588610e1">
      <Execution id="4acee2af-f79c-4918-b508-aae653aa7372" />
      <TestMethod codeBase="/src/UnitTestsBiblioMate/bin/Release/net9.0/UnitTestsBiblioMate.dll" adapterTypeName="executor://xunit/VsTestRunner2/netcoreapp" className="UnitTestsBiblioMate.Helpers.TokenHelperTests" name="TryGetUserId_NullPrincipal_Throws" />
    </UnitTest>
    <UnitTest name="UnitTestsBiblioMate.Services.Catalog.ShelfServiceTests.UpdateAsync_ShouldReturnFalse_WhenNotExists" storage="/src/unittestsbibliomate/bin/release/net9.0/unittestsbibliomate.dll" id="d56c719a-d9fc-7362-eee2-f0ecb2883b8c">
      <Execution id="92e6307e-987b-4c8f-b317-579acd392fdc" />
      <TestMethod codeBase="/src/UnitTestsBiblioMate/bin/Release/net9.0/UnitTestsBiblioMate.dll" adapterTypeName="executor://xunit/VsTestRunner2/netcoreapp" className="UnitTestsBiblioMate.Services.Catalog.ShelfServiceTests" name="UpdateAsync_ShouldReturnFalse_WhenNotExists" />
    </UnitTest>
    <UnitTest name="UnitTestsBiblioMate.Controllers.BooksControllerTest.GetGenres_ShouldReturnOkWithGenres" storage="/src/unittestsbibliomate/bin/release/net9.0/unittestsbibliomate.dll" id="fc200208-871b-b5f6-3178-2a9e5fce4116">
      <Execution id="11c5e328-b517-4859-adc8-2ccaf56fdc75" />
      <TestMethod codeBase="/src/UnitTestsBiblioMate/bin/Release/net9.0/UnitTestsBiblioMate.dll" adapterTypeName="executor://xunit/VsTestRunner2/netcoreapp" className="UnitTestsBiblioMate.Controllers.BooksControllerTest" name="GetGenres_ShouldReturnOkWithGenres" />
    </UnitTest>
    <UnitTest name="UnitTestsBiblioMate.Services.Users.UserServiceTests.UpdateAsync_ShouldReturnFalse_WhenNotExists" storage="/src/unittestsbibliomate/bin/release/net9.0/unittestsbibliomate.dll" id="6394373a-9b26-3e6e-01d6-eb58ff45a745">
      <Execution id="92ceb27d-f934-4d66-aa5d-fca307795d1d" />
      <TestMethod codeBase="/src/UnitTestsBiblioMate/bin/Release/net9.0/UnitTestsBiblioMate.dll" adapterTypeName="executor://xunit/VsTestRunner2/netcoreapp" className="UnitTestsBiblioMate.Services.Users.UserServiceTests" name="UpdateAsync_ShouldReturnFalse_WhenNotExists" />
    </UnitTest>
    <UnitTest name="UnitTestsBiblioMate.Controllers.AuthsControllerTest.ConfirmEmail_ShouldReturnOkOnSuccess" storage="/src/unittestsbibliomate/bin/release/net9.0/unittestsbibliomate.dll" id="c7d8863a-c917-0288-6c73-44b79198ed9f">
      <Execution id="021cb771-d682-497c-af3f-ea28e31e9fa6" />
      <TestMethod codeBase="/src/UnitTestsBiblioMate/bin/Release/net9.0/UnitTestsBiblioMate.dll" adapterTypeName="executor://xunit/VsTestRunner2/netcoreapp" className="UnitTestsBiblioMate.Controllers.AuthsControllerTest" name="ConfirmEmail_ShouldReturnOkOnSuccess" />
    </UnitTest>
    <UnitTest name="UnitTestsBiblioMate.Controllers.BooksControllerTest.GetBooks_ShouldReturnNotModifiedWhenEtagMatches" storage="/src/unittestsbibliomate/bin/release/net9.0/unittestsbibliomate.dll" id="c6d27de4-08b0-449b-7052-ac420adfd569">
      <Execution id="b7f8407d-15a9-412a-81a6-34250bb26122" />
      <TestMethod codeBase="/src/UnitTestsBiblioMate/bin/Release/net9.0/UnitTestsBiblioMate.dll" adapterTypeName="executor://xunit/VsTestRunner2/netcoreapp" className="UnitTestsBiblioMate.Controllers.BooksControllerTest" name="GetBooks_ShouldReturnNotModifiedWhenEtagMatches" />
    </UnitTest>
    <UnitTest name="UnitTestsBiblioMate.Controllers.ReservationsControllerTest.GetReservation_Admin_ReturnsOk" storage="/src/unittestsbibliomate/bin/release/net9.0/unittestsbibliomate.dll" id="08724b36-dd09-5fae-89c4-915819f7d78a">
      <Execution id="b4db90ce-4ad1-458f-a9e8-8ba9c429008f" />
      <TestMethod codeBase="/src/UnitTestsBiblioMate/bin/Release/net9.0/UnitTestsBiblioMate.dll" adapterTypeName="executor://xunit/VsTestRunner2/netcoreapp" className="UnitTestsBiblioMate.Controllers.ReservationsControllerTest" name="GetReservation_Admin_ReturnsOk" />
    </UnitTest>
    <UnitTest name="UnitTestsBiblioMate.Controllers.AuthsControllerTest.Login_ShouldReturnUnauthorizedOnFailure" storage="/src/unittestsbibliomate/bin/release/net9.0/unittestsbibliomate.dll" id="6576e265-8a26-5f2f-8e48-bbdea7ff7295">
      <Execution id="d5843bcb-0664-45f7-ae95-798b43a7db4b" />
      <TestMethod codeBase="/src/UnitTestsBiblioMate/bin/Release/net9.0/UnitTestsBiblioMate.dll" adapterTypeName="executor://xunit/VsTestRunner2/netcoreapp" className="UnitTestsBiblioMate.Controllers.AuthsControllerTest" name="Login_ShouldReturnUnauthorizedOnFailure" />
    </UnitTest>
    <UnitTest name="UnitTestsBiblioMate.Controllers.GenresControllerTest.Search_ShouldReturnOkWithResults" storage="/src/unittestsbibliomate/bin/release/net9.0/unittestsbibliomate.dll" id="664669c9-b47d-adaa-f0ba-aeb8c3feef9c">
      <Execution id="6f1e280c-35c9-4148-bf26-f236d07c2d88" />
      <TestMethod codeBase="/src/UnitTestsBiblioMate/bin/Release/net9.0/UnitTestsBiblioMate.dll" adapterTypeName="executor://xunit/VsTestRunner2/netcoreapp" className="UnitTestsBiblioMate.Controllers.GenresControllerTest" name="Search_ShouldReturnOkWithResults" />
    </UnitTest>
    <UnitTest name="UnitTestsBiblioMate.Services.Catalog.EditorServiceTest.DeleteAsync_ShouldReturnFalse_WhenNotExists" storage="/src/unittestsbibliomate/bin/release/net9.0/unittestsbibliomate.dll" id="f6d666f0-08e6-159e-e716-2cef9bc86a91">
      <Execution id="e8e51f86-baec-4eef-99ad-bac76d28b804" />
      <TestMethod codeBase="/src/UnitTestsBiblioMate/bin/Release/net9.0/UnitTestsBiblioMate.dll" adapterTypeName="executor://xunit/VsTestRunner2/netcoreapp" className="UnitTestsBiblioMate.Services.Catalog.EditorServiceTest" name="DeleteAsync_ShouldReturnFalse_WhenNotExists" />
    </UnitTest>
    <UnitTest name="UnitTestsBiblioMate.Controllers.LoansControllerTest.DeleteLoan_ShouldReturnOkWhenSuccess" storage="/src/unittestsbibliomate/bin/release/net9.0/unittestsbibliomate.dll" id="606be9ea-7461-24c0-b6ec-6dc7d3d50e2d">
      <Execution id="9792378b-fb8f-40b6-837e-3fd666babbba" />
      <TestMethod codeBase="/src/UnitTestsBiblioMate/bin/Release/net9.0/UnitTestsBiblioMate.dll" adapterTypeName="executor://xunit/VsTestRunner2/netcoreapp" className="UnitTestsBiblioMate.Controllers.LoansControllerTest" name="DeleteLoan_ShouldReturnOkWhenSuccess" />
    </UnitTest>
    <UnitTest name="UnitTestsBiblioMate.Controllers.AuthorsControllerTest.GetAuthor_ShouldReturnNotFoundWhenNotExists" storage="/src/unittestsbibliomate/bin/release/net9.0/unittestsbibliomate.dll" id="9b78c9b9-80c8-a39b-d363-88174dec18c9">
      <Execution id="f65cd9d4-adf9-4d7b-a24e-dbb6fc49de69" />
      <TestMethod codeBase="/src/UnitTestsBiblioMate/bin/Release/net9.0/UnitTestsBiblioMate.dll" adapterTypeName="executor://xunit/VsTestRunner2/netcoreapp" className="UnitTestsBiblioMate.Controllers.AuthorsControllerTest" name="GetAuthor_ShouldReturnNotFoundWhenNotExists" />
    </UnitTest>
    <UnitTest name="UnitTestsBiblioMate.Services.Users.HistoryServiceTest.GetHistoryForUserAsync_ShouldReturnEmptyList_WhenNoRecords" storage="/src/unittestsbibliomate/bin/release/net9.0/unittestsbibliomate.dll" id="377c00f5-f981-f137-384d-91fc47de7c4e">
      <Execution id="8731e339-7a32-4aa6-ba01-550d6e63b371" />
      <TestMethod codeBase="/src/UnitTestsBiblioMate/bin/Release/net9.0/UnitTestsBiblioMate.dll" adapterTypeName="executor://xunit/VsTestRunner2/netcoreapp" className="UnitTestsBiblioMate.Services.Users.HistoryServiceTest" name="GetHistoryForUserAsync_ShouldReturnEmptyList_WhenNoRecords" />
    </UnitTest>
    <UnitTest name="UnitTestsBiblioMate.Controllers.AuthorsControllerTest.GetAuthor_ShouldReturnOkWhenFound" storage="/src/unittestsbibliomate/bin/release/net9.0/unittestsbibliomate.dll" id="f53f6983-1a7b-735c-d72c-f21947dbb99e">
      <Execution id="f3a9750e-0015-4c54-bd66-e8321c2a5cb5" />
      <TestMethod codeBase="/src/UnitTestsBiblioMate/bin/Release/net9.0/UnitTestsBiblioMate.dll" adapterTypeName="executor://xunit/VsTestRunner2/netcoreapp" className="UnitTestsBiblioMate.Controllers.AuthorsControllerTest" name="GetAuthor_ShouldReturnOkWhenFound" />
    </UnitTest>
    <UnitTest name="UnitTestsBiblioMate.Services.Catalog.GenreServiceTest.DeleteAsync_ShouldReturnFalse_WhenNotExists" storage="/src/unittestsbibliomate/bin/release/net9.0/unittestsbibliomate.dll" id="7b9dc9d3-3c77-bb90-9f5d-19cc444fa20c">
      <Execution id="f519cad6-eb80-4734-a677-7762db618455" />
      <TestMethod codeBase="/src/UnitTestsBiblioMate/bin/Release/net9.0/UnitTestsBiblioMate.dll" adapterTypeName="executor://xunit/VsTestRunner2/netcoreapp" className="UnitTestsBiblioMate.Services.Catalog.GenreServiceTest" name="DeleteAsync_ShouldReturnFalse_WhenNotExists" />
    </UnitTest>
    <UnitTest name="UnitTestsBiblioMate.Controllers.UsersControllerTest.GetUser_Exists_ReturnsOk" storage="/src/unittestsbibliomate/bin/release/net9.0/unittestsbibliomate.dll" id="23e0a976-ad27-7b14-1cc3-3ff0b2e3e976">
      <Execution id="c30a3c8d-87d1-4a86-b57b-2b5badaff63a" />
      <TestMethod codeBase="/src/UnitTestsBiblioMate/bin/Release/net9.0/UnitTestsBiblioMate.dll" adapterTypeName="executor://xunit/VsTestRunner2/netcoreapp" className="UnitTestsBiblioMate.Controllers.UsersControllerTest" name="GetUser_Exists_ReturnsOk" />
    </UnitTest>
    <UnitTest name="UnitTestsBiblioMate.Services.Catalog.AuthorServiceTest.GetAllAsync_ShouldReturnAllAuthors" storage="/src/unittestsbibliomate/bin/release/net9.0/unittestsbibliomate.dll" id="f48fe870-a997-ebee-017f-67138bc4cf91">
      <Execution id="48e89466-c284-48f2-a3b7-864ee4720600" />
      <TestMethod codeBase="/src/UnitTestsBiblioMate/bin/Release/net9.0/UnitTestsBiblioMate.dll" adapterTypeName="executor://xunit/VsTestRunner2/netcoreapp" className="UnitTestsBiblioMate.Services.Catalog.AuthorServiceTest" name="GetAllAsync_ShouldReturnAllAuthors" />
    </UnitTest>
    <UnitTest name="UnitTestsBiblioMate.Controllers.EditorsControllerTest.CreateEditor_ShouldReturnServiceResult" storage="/src/unittestsbibliomate/bin/release/net9.0/unittestsbibliomate.dll" id="ad556fa6-be3b-2fd9-3842-247407f62908">
      <Execution id="98d391a4-ec79-4f86-abf3-b25a55e2a4d6" />
      <TestMethod codeBase="/src/UnitTestsBiblioMate/bin/Release/net9.0/UnitTestsBiblioMate.dll" adapterTypeName="executor://xunit/VsTestRunner2/netcoreapp" className="UnitTestsBiblioMate.Controllers.EditorsControllerTest" name="CreateEditor_ShouldReturnServiceResult" />
    </UnitTest>
    <UnitTest name="UnitTestsBiblioMate.Services.Loans.LoanServiceTests.UpdateAsync_ShouldFail_WhenNotFound" storage="/src/unittestsbibliomate/bin/release/net9.0/unittestsbibliomate.dll" id="79a09cb6-5867-35db-8756-9e5f1755526a">
      <Execution id="32ab7232-05b1-4af8-9d16-5ef7f285b3e3" />
      <TestMethod codeBase="/src/UnitTestsBiblioMate/bin/Release/net9.0/UnitTestsBiblioMate.dll" adapterTypeName="executor://xunit/VsTestRunner2/netcoreapp" className="UnitTestsBiblioMate.Services.Loans.LoanServiceTests" name="UpdateAsync_ShouldFail_WhenNotFound" />
    </UnitTest>
    <UnitTest name="UnitTestsBiblioMate.Services.Loans.ReservationServiceTest.DeleteAsync_ShouldReturnFalse_WhenNotExists" storage="/src/unittestsbibliomate/bin/release/net9.0/unittestsbibliomate.dll" id="55c7a3e5-1f51-623b-af41-92add2b6ff9b">
      <Execution id="1f5b3689-9df2-4624-a059-8c6906545f80" />
      <TestMethod codeBase="/src/UnitTestsBiblioMate/bin/Release/net9.0/UnitTestsBiblioMate.dll" adapterTypeName="executor://xunit/VsTestRunner2/netcoreapp" className="UnitTestsBiblioMate.Services.Loans.ReservationServiceTest" name="DeleteAsync_ShouldReturnFalse_WhenNotExists" />
    </UnitTest>
    <UnitTest name="UnitTestsBiblioMate.Controllers.ReservationsControllerTest.UpdateReservation_IdMismatch_ReturnsBadRequest" storage="/src/unittestsbibliomate/bin/release/net9.0/unittestsbibliomate.dll" id="73a39717-431a-847b-8ebc-7fc7ada6d3bc">
      <Execution id="69de264a-2eea-4557-8fe8-7bd2d0e2ad9c" />
      <TestMethod codeBase="/src/UnitTestsBiblioMate/bin/Release/net9.0/UnitTestsBiblioMate.dll" adapterTypeName="executor://xunit/VsTestRunner2/netcoreapp" className="UnitTestsBiblioMate.Controllers.ReservationsControllerTest" name="UpdateReservation_IdMismatch_ReturnsBadRequest" />
    </UnitTest>
    <UnitTest name="UnitTestsBiblioMate.Controllers.ReportsControllerTest.GetReport_Admin_ReturnsOk" storage="/src/unittestsbibliomate/bin/release/net9.0/unittestsbibliomate.dll" id="74336762-0c75-7f90-90f7-b0aa0d540297">
      <Execution id="e7abe691-3cea-418e-bde5-fefecd1785be" />
      <TestMethod codeBase="/src/UnitTestsBiblioMate/bin/Release/net9.0/UnitTestsBiblioMate.dll" adapterTypeName="executor://xunit/VsTestRunner2/netcoreapp" className="UnitTestsBiblioMate.Controllers.ReportsControllerTest" name="GetReport_Admin_ReturnsOk" />
    </UnitTest>
    <UnitTest name="UnitTestsBiblioMate.Controllers.TagsControllerTest.DeleteTag_Success_ReturnsNoContent" storage="/src/unittestsbibliomate/bin/release/net9.0/unittestsbibliomate.dll" id="bd2acd27-36b1-2702-3bd6-a32956f1f1aa">
      <Execution id="d1c13f97-4fba-4eee-8b8a-0f0bfb29ddfd" />
      <TestMethod codeBase="/src/UnitTestsBiblioMate/bin/Release/net9.0/UnitTestsBiblioMate.dll" adapterTypeName="executor://xunit/VsTestRunner2/netcoreapp" className="UnitTestsBiblioMate.Controllers.TagsControllerTest" name="DeleteTag_Success_ReturnsNoContent" />
    </UnitTest>
    <UnitTest name="UnitTestsBiblioMate.Helpers.PagedResultTests.TotalPages_ComputedCorrectly" storage="/src/unittestsbibliomate/bin/release/net9.0/unittestsbibliomate.dll" id="2378a6e5-a656-6660-d63c-8f6e33871649">
      <Execution id="04ec20b9-d79c-4450-b922-acdd20d8c549" />
      <TestMethod codeBase="/src/UnitTestsBiblioMate/bin/Release/net9.0/UnitTestsBiblioMate.dll" adapterTypeName="executor://xunit/VsTestRunner2/netcoreapp" className="UnitTestsBiblioMate.Helpers.PagedResultTests" name="TotalPages_ComputedCorrectly" />
    </UnitTest>
    <UnitTest name="UnitTestsBiblioMate.Controllers.UsersControllerTest.UpdateUserRole_Success_ReturnsOkAndLogs" storage="/src/unittestsbibliomate/bin/release/net9.0/unittestsbibliomate.dll" id="596d67de-32af-58f6-0a72-83002f11cdb3">
      <Execution id="ea3820f9-c974-4361-9145-4a8e714c1589" />
      <TestMethod codeBase="/src/UnitTestsBiblioMate/bin/Release/net9.0/UnitTestsBiblioMate.dll" adapterTypeName="executor://xunit/VsTestRunner2/netcoreapp" className="UnitTestsBiblioMate.Controllers.UsersControllerTest" name="UpdateUserRole_Success_ReturnsOkAndLogs" />
    </UnitTest>
    <UnitTest name="UnitTestsBiblioMate.Services.Users.UserServiceTests.GetByIdAsync_ShouldReturnUser_WhenExists" storage="/src/unittestsbibliomate/bin/release/net9.0/unittestsbibliomate.dll" id="5d9e7611-b1a5-6306-ac29-fef0b775ceb2">
      <Execution id="de8ee21c-b5a8-4415-87a9-e6707999519a" />
      <TestMethod codeBase="/src/UnitTestsBiblioMate/bin/Release/net9.0/UnitTestsBiblioMate.dll" adapterTypeName="executor://xunit/VsTestRunner2/netcoreapp" className="UnitTestsBiblioMate.Services.Users.UserServiceTests" name="GetByIdAsync_ShouldReturnUser_WhenExists" />
    </UnitTest>
    <UnitTest name="UnitTestsBiblioMate.Controllers.UsersControllerTest.DeleteCurrentUser_NotFound_Returns404" storage="/src/unittestsbibliomate/bin/release/net9.0/unittestsbibliomate.dll" id="6ed484fd-23b0-8de3-93f4-2994e69a8356">
      <Execution id="f4815b9c-94f8-4892-bc9c-78b76bce9e08" />
      <TestMethod codeBase="/src/UnitTestsBiblioMate/bin/Release/net9.0/UnitTestsBiblioMate.dll" adapterTypeName="executor://xunit/VsTestRunner2/netcoreapp" className="UnitTestsBiblioMate.Controllers.UsersControllerTest" name="DeleteCurrentUser_NotFound_Returns404" />
    </UnitTest>
    <UnitTest name="UnitTestsBiblioMate.Controllers.UsersControllerTest.PostUser_AsAdmin_ReturnsCreatedAndLogs" storage="/src/unittestsbibliomate/bin/release/net9.0/unittestsbibliomate.dll" id="e1eb5431-eca9-54da-f36a-04751842eeb8">
      <Execution id="89fdc891-768f-4c31-b2a6-7ef429975477" />
      <TestMethod codeBase="/src/UnitTestsBiblioMate/bin/Release/net9.0/UnitTestsBiblioMate.dll" adapterTypeName="executor://xunit/VsTestRunner2/netcoreapp" className="UnitTestsBiblioMate.Controllers.UsersControllerTest" name="PostUser_AsAdmin_ReturnsCreatedAndLogs" />
    </UnitTest>
    <UnitTest name="UnitTestsBiblioMate.Services.Catalog.ShelfLevelServiceTest.GetAllAsync_ShouldReturnAllShelfLevels" storage="/src/unittestsbibliomate/bin/release/net9.0/unittestsbibliomate.dll" id="63af5839-9117-ff3c-435b-cacbf8d224ee">
      <Execution id="87a146f1-e57c-4c16-ba8b-b4fafe94749b" />
      <TestMethod codeBase="/src/UnitTestsBiblioMate/bin/Release/net9.0/UnitTestsBiblioMate.dll" adapterTypeName="executor://xunit/VsTestRunner2/netcoreapp" className="UnitTestsBiblioMate.Services.Catalog.ShelfLevelServiceTest" name="GetAllAsync_ShouldReturnAllShelfLevels" />
    </UnitTest>
    <UnitTest name="UnitTestsBiblioMate.Services.Users.UserServiceTests.GetAllAsync_ShouldReturnAllUsers" storage="/src/unittestsbibliomate/bin/release/net9.0/unittestsbibliomate.dll" id="44d87701-f998-2d61-4362-b3997aee69a2">
      <Execution id="ca0c5fad-a696-4285-a925-85024886f390" />
      <TestMethod codeBase="/src/UnitTestsBiblioMate/bin/Release/net9.0/UnitTestsBiblioMate.dll" adapterTypeName="executor://xunit/VsTestRunner2/netcoreapp" className="UnitTestsBiblioMate.Services.Users.UserServiceTests" name="GetAllAsync_ShouldReturnAllUsers" />
    </UnitTest>
    <UnitTest name="UnitTestsBiblioMate.Controllers.NotificationsControllerTest.UpdateNotification_NotFound_Returns404" storage="/src/unittestsbibliomate/bin/release/net9.0/unittestsbibliomate.dll" id="cdf225f6-ff91-0abc-5755-8d17f39ccf47">
      <Execution id="5e1e72c1-f593-4261-8f6a-bfded11a1110" />
      <TestMethod codeBase="/src/UnitTestsBiblioMate/bin/Release/net9.0/UnitTestsBiblioMate.dll" adapterTypeName="executor://xunit/VsTestRunner2/netcoreapp" className="UnitTestsBiblioMate.Controllers.NotificationsControllerTest" name="UpdateNotification_NotFound_Returns404" />
    </UnitTest>
    <UnitTest name="UnitTestsBiblioMate.Services.Catalog.BookServiceTest.GetByIdAsync_WhenExists_ReturnsProjectedDto" storage="/src/unittestsbibliomate/bin/release/net9.0/unittestsbibliomate.dll" id="6acaff37-be0c-8419-d7d0-8bb5e83545b6">
      <Execution id="ffddc128-bfd7-43d0-b57d-06735f918710" />
      <TestMethod codeBase="/src/UnitTestsBiblioMate/bin/Release/net9.0/UnitTestsBiblioMate.dll" adapterTypeName="executor://xunit/VsTestRunner2/netcoreapp" className="UnitTestsBiblioMate.Services.Catalog.BookServiceTest" name="GetByIdAsync_WhenExists_ReturnsProjectedDto" />
    </UnitTest>
    <UnitTest name="UnitTestsBiblioMate.Services.Users.AuthServiceTests.ResendConfirmationAsync_UnconfirmedUser_ShouldSendEmail_AndGenerateTokenIfMissing" storage="/src/unittestsbibliomate/bin/release/net9.0/unittestsbibliomate.dll" id="45fa6ab0-0def-827a-8ff7-09a60fbaf759">
      <Execution id="4bf1f6c9-c9e1-46eb-afa3-6101e0d40699" />
      <TestMethod codeBase="/src/UnitTestsBiblioMate/bin/Release/net9.0/UnitTestsBiblioMate.dll" adapterTypeName="executor://xunit/VsTestRunner2/netcoreapp" className="UnitTestsBiblioMate.Services.Users.AuthServiceTests" name="ResendConfirmationAsync_UnconfirmedUser_ShouldSendEmail_AndGenerateTokenIfMissing" />
    </UnitTest>
    <UnitTest name="UnitTestsBiblioMate.Services.Reports.ReportServiceTest.UpdateAsync_ShouldReturnFalse_WhenNotExists" storage="/src/unittestsbibliomate/bin/release/net9.0/unittestsbibliomate.dll" id="623790ef-aa3b-00ba-e706-8efb6929e602">
      <Execution id="4029e620-f912-4c32-8fc4-b59b58076972" />
      <TestMethod codeBase="/src/UnitTestsBiblioMate/bin/Release/net9.0/UnitTestsBiblioMate.dll" adapterTypeName="executor://xunit/VsTestRunner2/netcoreapp" className="UnitTestsBiblioMate.Services.Reports.ReportServiceTest" name="UpdateAsync_ShouldReturnFalse_WhenNotExists" />
    </UnitTest>
    <UnitTest name="UnitTestsBiblioMate.Services.Loans.LoanServiceTests.ReturnAsync_ShouldReturnLoanAndNotify_WhenReservationExists" storage="/src/unittestsbibliomate/bin/release/net9.0/unittestsbibliomate.dll" id="7560d0d5-0c32-c836-592d-6842be7e9654">
      <Execution id="3fdffcbb-1824-4a7b-90f3-0c268832507b" />
      <TestMethod codeBase="/src/UnitTestsBiblioMate/bin/Release/net9.0/UnitTestsBiblioMate.dll" adapterTypeName="executor://xunit/VsTestRunner2/netcoreapp" className="UnitTestsBiblioMate.Services.Loans.LoanServiceTests" name="ReturnAsync_ShouldReturnLoanAndNotify_WhenReservationExists" />
    </UnitTest>
    <UnitTest name="UnitTestsBiblioMate.Services.Catalog.StockServiceTest.UpdateAvailability_ShouldReflectComputedIsAvailable(quantity: 0, expectedAvailable: False)" storage="/src/unittestsbibliomate/bin/release/net9.0/unittestsbibliomate.dll" id="f0fa3579-f461-a413-44a5-5d76889a8be7">
      <Execution id="be5480a7-b887-4ea7-8cbe-2ed530a2a929" />
      <TestMethod codeBase="/src/UnitTestsBiblioMate/bin/Release/net9.0/UnitTestsBiblioMate.dll" adapterTypeName="executor://xunit/VsTestRunner2/netcoreapp" className="UnitTestsBiblioMate.Services.Catalog.StockServiceTest" name="UpdateAvailability_ShouldReflectComputedIsAvailable" />
    </UnitTest>
    <UnitTest name="UnitTestsBiblioMate.Controllers.UsersControllerTest.DeleteCurrentUser_Success_ReturnsNoContentAndLogs" storage="/src/unittestsbibliomate/bin/release/net9.0/unittestsbibliomate.dll" id="e07d04d1-372e-5553-b93f-f712afb02b0e">
      <Execution id="6c4b7f60-79d5-423c-85cd-c62254766a31" />
      <TestMethod codeBase="/src/UnitTestsBiblioMate/bin/Release/net9.0/UnitTestsBiblioMate.dll" adapterTypeName="executor://xunit/VsTestRunner2/netcoreapp" className="UnitTestsBiblioMate.Controllers.UsersControllerTest" name="DeleteCurrentUser_Success_ReturnsNoContentAndLogs" />
    </UnitTest>
    <UnitTest name="UnitTestsBiblioMate.Controllers.StocksControllerTest.CreateStock_Conflict_Returns409" storage="/src/unittestsbibliomate/bin/release/net9.0/unittestsbibliomate.dll" id="02da84d2-5b27-4e1b-9fa2-b7a58d22d9fa">
      <Execution id="b0c692a0-e4a8-419f-bb4c-ee1901a06461" />
      <TestMethod codeBase="/src/UnitTestsBiblioMate/bin/Release/net9.0/UnitTestsBiblioMate.dll" adapterTypeName="executor://xunit/VsTestRunner2/netcoreapp" className="UnitTestsBiblioMate.Controllers.StocksControllerTest" name="CreateStock_Conflict_Returns409" />
    </UnitTest>
    <UnitTest name="UnitTestsBiblioMate.Controllers.UsersControllerTest.GetUsers_AsAdmin_ReturnsOk" storage="/src/unittestsbibliomate/bin/release/net9.0/unittestsbibliomate.dll" id="5458d49f-4af0-39c2-10f2-62cf97b0ac65">
      <Execution id="961a7a12-acb1-4ca4-b0a4-12886b02b8fb" />
      <TestMethod codeBase="/src/UnitTestsBiblioMate/bin/Release/net9.0/UnitTestsBiblioMate.dll" adapterTypeName="executor://xunit/VsTestRunner2/netcoreapp" className="UnitTestsBiblioMate.Controllers.UsersControllerTest" name="GetUsers_AsAdmin_ReturnsOk" />
    </UnitTest>
    <UnitTest name="UnitTestsBiblioMate.Services.Catalog.EditorServiceTest.GetAllAsync_ShouldReturnAllEditors" storage="/src/unittestsbibliomate/bin/release/net9.0/unittestsbibliomate.dll" id="11690713-c1d8-f9dd-76cd-e0d1e2453c92">
      <Execution id="f118d4cd-df50-47e7-b4c7-3246d8b6219e" />
      <TestMethod codeBase="/src/UnitTestsBiblioMate/bin/Release/net9.0/UnitTestsBiblioMate.dll" adapterTypeName="executor://xunit/VsTestRunner2/netcoreapp" className="UnitTestsBiblioMate.Services.Catalog.EditorServiceTest" name="GetAllAsync_ShouldReturnAllEditors" />
    </UnitTest>
    <UnitTest name="UnitTestsBiblioMate.Controllers.AuthsControllerTest.ResetPassword_ShouldReturnBadRequestOnFailure" storage="/src/unittestsbibliomate/bin/release/net9.0/unittestsbibliomate.dll" id="d5d205fc-37fe-b23e-292f-b9453bd3b51b">
      <Execution id="65f5b2a0-c8b4-4a2d-8ac5-ac5920bd84f7" />
      <TestMethod codeBase="/src/UnitTestsBiblioMate/bin/Release/net9.0/UnitTestsBiblioMate.dll" adapterTypeName="executor://xunit/VsTestRunner2/netcoreapp" className="UnitTestsBiblioMate.Controllers.AuthsControllerTest" name="ResetPassword_ShouldReturnBadRequestOnFailure" />
    </UnitTest>
    <UnitTest name="UnitTestsBiblioMate.Controllers.ZonesControllerTest.UpdateZone_IdMismatch_ReturnsBadRequest" storage="/src/unittestsbibliomate/bin/release/net9.0/unittestsbibliomate.dll" id="42a2ae64-325f-b6be-261e-2a5079b0f1f8">
      <Execution id="2c88598d-14c5-4160-8d36-cdfd29376f19" />
      <TestMethod codeBase="/src/UnitTestsBiblioMate/bin/Release/net9.0/UnitTestsBiblioMate.dll" adapterTypeName="executor://xunit/VsTestRunner2/netcoreapp" className="UnitTestsBiblioMate.Controllers.ZonesControllerTest" name="UpdateZone_IdMismatch_ReturnsBadRequest" />
    </UnitTest>
    <UnitTest name="UnitTestsBiblioMate.Services.Catalog.BookServiceTest.UpdateAsync_ModifiesFields_AndUpdatesTagsAndStock_WhenProvided" storage="/src/unittestsbibliomate/bin/release/net9.0/unittestsbibliomate.dll" id="e6719ca7-28b5-fd81-12a8-76eb1858c875">
      <Execution id="0eefbbbe-d863-4c3c-a6e6-40548706e32a" />
      <TestMethod codeBase="/src/UnitTestsBiblioMate/bin/Release/net9.0/UnitTestsBiblioMate.dll" adapterTypeName="executor://xunit/VsTestRunner2/netcoreapp" className="UnitTestsBiblioMate.Services.Catalog.BookServiceTest" name="UpdateAsync_ModifiesFields_AndUpdatesTagsAndStock_WhenProvided" />
    </UnitTest>
    <UnitTest name="UnitTestsBiblioMate.Controllers.ReportsControllerTest.DeleteReport_OwnerSuccess_ReturnsNoContent" storage="/src/unittestsbibliomate/bin/release/net9.0/unittestsbibliomate.dll" id="86c41ba9-3e98-5040-4238-1c1ecb0159d9">
      <Execution id="3b515b66-e1b9-4264-925f-35a8eba909d7" />
      <TestMethod codeBase="/src/UnitTestsBiblioMate/bin/Release/net9.0/UnitTestsBiblioMate.dll" adapterTypeName="executor://xunit/VsTestRunner2/netcoreapp" className="UnitTestsBiblioMate.Controllers.ReportsControllerTest" name="DeleteReport_OwnerSuccess_ReturnsNoContent" />
    </UnitTest>
    <UnitTest name="UnitTestsBiblioMate.Services.Loans.LoanServiceTests.CreateAsync_ShouldFail_WhenMaxActiveLoansReached" storage="/src/unittestsbibliomate/bin/release/net9.0/unittestsbibliomate.dll" id="64493132-5583-6d62-3163-8d076c22b4fb">
      <Execution id="178c9057-ae3c-48be-8c99-ca2df8eacc27" />
      <TestMethod codeBase="/src/UnitTestsBiblioMate/bin/Release/net9.0/UnitTestsBiblioMate.dll" adapterTypeName="executor://xunit/VsTestRunner2/netcoreapp" className="UnitTestsBiblioMate.Services.Loans.LoanServiceTests" name="CreateAsync_ShouldFail_WhenMaxActiveLoansReached" />
    </UnitTest>
    <UnitTest name="UnitTestsBiblioMate.Services.Infrastructure.Logging.MongoLogServiceTest.Constructor_NullLogger_ThrowsArgumentNullException" storage="/src/unittestsbibliomate/bin/release/net9.0/unittestsbibliomate.dll" id="3565a929-4ae0-6fac-5d39-df418e416cca">
      <Execution id="3ca08d0e-258e-49de-9592-81095241a6c4" />
      <TestMethod codeBase="/src/UnitTestsBiblioMate/bin/Release/net9.0/UnitTestsBiblioMate.dll" adapterTypeName="executor://xunit/VsTestRunner2/netcoreapp" className="UnitTestsBiblioMate.Services.Infrastructure.Logging.MongoLogServiceTest" name="Constructor_NullLogger_ThrowsArgumentNullException" />
    </UnitTest>
    <UnitTest name="UnitTestsBiblioMate.Helpers.TokenHelperTests.TryGetUserId_NoClaim_ReturnsFalse" storage="/src/unittestsbibliomate/bin/release/net9.0/unittestsbibliomate.dll" id="7027f3cc-3718-fd31-0b84-aca079eec10d">
      <Execution id="702f533b-88cd-4791-885d-35807eeb3747" />
      <TestMethod codeBase="/src/UnitTestsBiblioMate/bin/Release/net9.0/UnitTestsBiblioMate.dll" adapterTypeName="executor://xunit/VsTestRunner2/netcoreapp" className="UnitTestsBiblioMate.Helpers.TokenHelperTests" name="TryGetUserId_NoClaim_ReturnsFalse" />
    </UnitTest>
    <UnitTest name="UnitTestsBiblioMate.Controllers.EditorsControllerTest.EnsureEditor_ShouldReturnOkWhenExists" storage="/src/unittestsbibliomate/bin/release/net9.0/unittestsbibliomate.dll" id="e616e76c-51c0-bae8-b169-6c37c8046f88">
      <Execution id="3d8f7a0f-8f06-4c4d-bf2b-cb69bb3e1d63" />
      <TestMethod codeBase="/src/UnitTestsBiblioMate/bin/Release/net9.0/UnitTestsBiblioMate.dll" adapterTypeName="executor://xunit/VsTestRunner2/netcoreapp" className="UnitTestsBiblioMate.Controllers.EditorsControllerTest" name="EnsureEditor_ShouldReturnOkWhenExists" />
    </UnitTest>
    <UnitTest name="UnitTestsBiblioMate.Services.Loans.LoanServiceTests.ReturnAsync_ShouldReturnLoanWithoutNotification_WhenNoReservation" storage="/src/unittestsbibliomate/bin/release/net9.0/unittestsbibliomate.dll" id="f0626e85-f199-8572-b818-688b91db41d6">
      <Execution id="e3a34af2-2945-462f-8fee-22351441a37b" />
      <TestMethod codeBase="/src/UnitTestsBiblioMate/bin/Release/net9.0/UnitTestsBiblioMate.dll" adapterTypeName="executor://xunit/VsTestRunner2/netcoreapp" className="UnitTestsBiblioMate.Services.Loans.LoanServiceTests" name="ReturnAsync_ShouldReturnLoanWithoutNotification_WhenNoReservation" />
    </UnitTest>
    <UnitTest name="UnitTestsBiblioMate.Services.Catalog.ShelfServiceTests.GetByIdAsync_ShouldReturnNull_WhenNotExists" storage="/src/unittestsbibliomate/bin/release/net9.0/unittestsbibliomate.dll" id="d1d9dc3d-a6fc-954a-809b-66f4774e8450">
      <Execution id="f49d0bbc-e9f7-451d-b0d5-7f0e20c62173" />
      <TestMethod codeBase="/src/UnitTestsBiblioMate/bin/Release/net9.0/UnitTestsBiblioMate.dll" adapterTypeName="executor://xunit/VsTestRunner2/netcoreapp" className="UnitTestsBiblioMate.Services.Catalog.ShelfServiceTests" name="GetByIdAsync_ShouldReturnNull_WhenNotExists" />
    </UnitTest>
    <UnitTest name="UnitTestsBiblioMate.Controllers.TagsControllerTest.GetTag_Exists_ReturnsOk" storage="/src/unittestsbibliomate/bin/release/net9.0/unittestsbibliomate.dll" id="16a70cd6-81c3-fbf5-757d-c43c45bf7cf0">
      <Execution id="cb1f52c3-5211-4875-94a2-8c0afe78295e" />
      <TestMethod codeBase="/src/UnitTestsBiblioMate/bin/Release/net9.0/UnitTestsBiblioMate.dll" adapterTypeName="executor://xunit/VsTestRunner2/netcoreapp" className="UnitTestsBiblioMate.Controllers.TagsControllerTest" name="GetTag_Exists_ReturnsOk" />
    </UnitTest>
    <UnitTest name="UnitTestsBiblioMate.Controllers.BooksControllerTest.DeleteBook_ShouldReturnExpectedResult(serviceResult: True, expected: typeof(Microsoft.AspNetCore.Mvc.NoContentResult))" storage="/src/unittestsbibliomate/bin/release/net9.0/unittestsbibliomate.dll" id="8d57cc79-2aae-8579-7623-77eedb493a39">
      <Execution id="883d4203-d670-4803-b250-f73ae8454dc5" />
      <TestMethod codeBase="/src/UnitTestsBiblioMate/bin/Release/net9.0/UnitTestsBiblioMate.dll" adapterTypeName="executor://xunit/VsTestRunner2/netcoreapp" className="UnitTestsBiblioMate.Controllers.BooksControllerTest" name="DeleteBook_ShouldReturnExpectedResult" />
    </UnitTest>
    <UnitTest name="UnitTestsBiblioMate.Services.Users.AuthServiceTests.ResendConfirmationAsync_UserNotFound_ShouldReturnGenericOk_NoEmailSent" storage="/src/unittestsbibliomate/bin/release/net9.0/unittestsbibliomate.dll" id="048862e4-5e07-466a-78b6-adc4e0ad6b96">
      <Execution id="3b44f897-aa4c-4eb4-bea0-89e40a93486d" />
      <TestMethod codeBase="/src/UnitTestsBiblioMate/bin/Release/net9.0/UnitTestsBiblioMate.dll" adapterTypeName="executor://xunit/VsTestRunner2/netcoreapp" className="UnitTestsBiblioMate.Services.Users.AuthServiceTests" name="ResendConfirmationAsync_UserNotFound_ShouldReturnGenericOk_NoEmailSent" />
    </UnitTest>
    <UnitTest name="UnitTestsBiblioMate.Services.Catalog.StockServiceTest.Increase_ShouldAddOneAndReflectAvailability(initialQty: 5, expectedQty: 6, expectedAvailable: True)" storage="/src/unittestsbibliomate/bin/release/net9.0/unittestsbibliomate.dll" id="0937e7b8-cff3-4ed8-5b3e-0d1c82a8f834">
      <Execution id="5d9ca76d-42da-4b3e-99ab-bbc13d3252cb" />
      <TestMethod codeBase="/src/UnitTestsBiblioMate/bin/Release/net9.0/UnitTestsBiblioMate.dll" adapterTypeName="executor://xunit/VsTestRunner2/netcoreapp" className="UnitTestsBiblioMate.Services.Catalog.StockServiceTest" name="Increase_ShouldAddOneAndReflectAvailability" />
    </UnitTest>
    <UnitTest name="UnitTestsBiblioMate.Services.Loans.LoanServiceTests.UpdateAsync_ShouldUpdateDueDate_WhenValid" storage="/src/unittestsbibliomate/bin/release/net9.0/unittestsbibliomate.dll" id="a8ade29d-ea61-7298-cc5d-6f7333715882">
      <Execution id="c6ebcd52-386d-4a09-b461-4c692a638613" />
      <TestMethod codeBase="/src/UnitTestsBiblioMate/bin/Release/net9.0/UnitTestsBiblioMate.dll" adapterTypeName="executor://xunit/VsTestRunner2/netcoreapp" className="UnitTestsBiblioMate.Services.Loans.LoanServiceTests" name="UpdateAsync_ShouldUpdateDueDate_WhenValid" />
    </UnitTest>
    <UnitTest name="UnitTestsBiblioMate.Controllers.TagsControllerTest.GetTag_NotFound_Returns404" storage="/src/unittestsbibliomate/bin/release/net9.0/unittestsbibliomate.dll" id="6374c99b-f386-9a5d-71dc-b90c9c29c39d">
      <Execution id="24c0239c-830b-40ae-8b59-f1cae0453976" />
      <TestMethod codeBase="/src/UnitTestsBiblioMate/bin/Release/net9.0/UnitTestsBiblioMate.dll" adapterTypeName="executor://xunit/VsTestRunner2/netcoreapp" className="UnitTestsBiblioMate.Controllers.TagsControllerTest" name="GetTag_NotFound_Returns404" />
    </UnitTest>
    <UnitTest name="UnitTestsBiblioMate.Services.Catalog.StockServiceTest.AdjustQuantity_WithContext_PersistsChangeAndAvailability" storage="/src/unittestsbibliomate/bin/release/net9.0/unittestsbibliomate.dll" id="1a21afc1-5196-ff87-ebf1-e8fb46b13695">
      <Execution id="7a173281-cd37-49ea-8e1b-1108dd8f98d5" />
      <TestMethod codeBase="/src/UnitTestsBiblioMate/bin/Release/net9.0/UnitTestsBiblioMate.dll" adapterTypeName="executor://xunit/VsTestRunner2/netcoreapp" className="UnitTestsBiblioMate.Services.Catalog.StockServiceTest" name="AdjustQuantity_WithContext_PersistsChangeAndAvailability" />
    </UnitTest>
    <UnitTest name="UnitTestsBiblioMate.Services.Loans.LoanServiceTests.GetAllAsync_ShouldReturnAllLoans" storage="/src/unittestsbibliomate/bin/release/net9.0/unittestsbibliomate.dll" id="665b2538-f512-7223-e24a-e5a6f2ab9bd1">
      <Execution id="58efff76-6240-48a8-bebf-48d3c5e6cc67" />
      <TestMethod codeBase="/src/UnitTestsBiblioMate/bin/Release/net9.0/UnitTestsBiblioMate.dll" adapterTypeName="executor://xunit/VsTestRunner2/netcoreapp" className="UnitTestsBiblioMate.Services.Loans.LoanServiceTests" name="GetAllAsync_ShouldReturnAllLoans" />
    </UnitTest>
    <UnitTest name="UnitTestsBiblioMate.Services.Loans.ReservationServiceTest.DeleteAsync_ShouldReturnTrue_WhenExists" storage="/src/unittestsbibliomate/bin/release/net9.0/unittestsbibliomate.dll" id="7ab6c2aa-a489-307c-a717-2f479d70845d">
      <Execution id="e9499955-c5da-4d9a-9d7f-94107c0288fa" />
      <TestMethod codeBase="/src/UnitTestsBiblioMate/bin/Release/net9.0/UnitTestsBiblioMate.dll" adapterTypeName="executor://xunit/VsTestRunner2/netcoreapp" className="UnitTestsBiblioMate.Services.Loans.ReservationServiceTest" name="DeleteAsync_ShouldReturnTrue_WhenExists" />
    </UnitTest>
    <UnitTest name="UnitTestsBiblioMate.Controllers.AuthorsControllerTest.GetAuthors_ShouldReturnOkWithAuthors" storage="/src/unittestsbibliomate/bin/release/net9.0/unittestsbibliomate.dll" id="bc927ed2-34ec-8ffe-3a85-e76d86ae5062">
      <Execution id="2befbc9c-1534-4a27-9df6-5043536e227e" />
      <TestMethod codeBase="/src/UnitTestsBiblioMate/bin/Release/net9.0/UnitTestsBiblioMate.dll" adapterTypeName="executor://xunit/VsTestRunner2/netcoreapp" className="UnitTestsBiblioMate.Controllers.AuthorsControllerTest" name="GetAuthors_ShouldReturnOkWithAuthors" />
    </UnitTest>
    <UnitTest name="UnitTestsBiblioMate.Services.Loans.LoanServiceTests.GetByIdAsync_ShouldFail_WhenNotFound" storage="/src/unittestsbibliomate/bin/release/net9.0/unittestsbibliomate.dll" id="de16dfe3-f75b-90cb-53c2-e0080beb4c12">
      <Execution id="2e8162f9-90b0-4f46-9ac9-bffc421b6ebb" />
      <TestMethod codeBase="/src/UnitTestsBiblioMate/bin/Release/net9.0/UnitTestsBiblioMate.dll" adapterTypeName="executor://xunit/VsTestRunner2/netcoreapp" className="UnitTestsBiblioMate.Services.Loans.LoanServiceTests" name="GetByIdAsync_ShouldFail_WhenNotFound" />
    </UnitTest>
    <UnitTest name="UnitTestsBiblioMate.Controllers.LocationsControllerTest.GetLevels_ShouldReturnOk_WhenFound" storage="/src/unittestsbibliomate/bin/release/net9.0/unittestsbibliomate.dll" id="471c3d96-55e9-af24-cd4f-1556eb9e816f">
      <Execution id="9e126517-3a5f-4a78-98c8-e2ae2a33b865" />
      <TestMethod codeBase="/src/UnitTestsBiblioMate/bin/Release/net9.0/UnitTestsBiblioMate.dll" adapterTypeName="executor://xunit/VsTestRunner2/netcoreapp" className="UnitTestsBiblioMate.Controllers.LocationsControllerTest" name="GetLevels_ShouldReturnOk_WhenFound" />
    </UnitTest>
    <UnitTest name="UnitTestsBiblioMate.Services.Catalog.BookServiceTest.GetByIdAsync_WhenNotExists_ReturnsNull" storage="/src/unittestsbibliomate/bin/release/net9.0/unittestsbibliomate.dll" id="4bea2948-4695-7869-b70d-a9b4600eb7ea">
      <Execution id="8e9dfd72-7491-4149-82e5-c245b01f698e" />
      <TestMethod codeBase="/src/UnitTestsBiblioMate/bin/Release/net9.0/UnitTestsBiblioMate.dll" adapterTypeName="executor://xunit/VsTestRunner2/netcoreapp" className="UnitTestsBiblioMate.Services.Catalog.BookServiceTest" name="GetByIdAsync_WhenNotExists_ReturnsNull" />
    </UnitTest>
    <UnitTest name="UnitTestsBiblioMate.Services.Recommendations.RecommendationServiceTest.GetRecommendationsForUserAsync_ShouldReturnMatchingBooks" storage="/src/unittestsbibliomate/bin/release/net9.0/unittestsbibliomate.dll" id="b26f47a3-dde7-4d3a-3c86-9644b275c7e9">
      <Execution id="3ac2d93a-9914-44ec-9e08-2076a22f3d14" />
      <TestMethod codeBase="/src/UnitTestsBiblioMate/bin/Release/net9.0/UnitTestsBiblioMate.dll" adapterTypeName="executor://xunit/VsTestRunner2/netcoreapp" className="UnitTestsBiblioMate.Services.Recommendations.RecommendationServiceTest" name="GetRecommendationsForUserAsync_ShouldReturnMatchingBooks" />
    </UnitTest>
    <UnitTest name="UnitTestsBiblioMate.Services.Users.AuthServiceTests.LoginAsync_ShouldReturnToken_WhenCredentialsAreValid" storage="/src/unittestsbibliomate/bin/release/net9.0/unittestsbibliomate.dll" id="48da6daf-fee1-f540-385b-66a57feac08d">
      <Execution id="0b7dc1a3-c898-42b4-9d02-371afa7afb57" />
      <TestMethod codeBase="/src/UnitTestsBiblioMate/bin/Release/net9.0/UnitTestsBiblioMate.dll" adapterTypeName="executor://xunit/VsTestRunner2/netcoreapp" className="UnitTestsBiblioMate.Services.Users.AuthServiceTests" name="LoginAsync_ShouldReturnToken_WhenCredentialsAreValid" />
    </UnitTest>
    <UnitTest name="UnitTestsBiblioMate.Controllers.ShelvesControllerTest.CreateShelf_ReturnsCreated" storage="/src/unittestsbibliomate/bin/release/net9.0/unittestsbibliomate.dll" id="7538d070-e4f6-0f07-da98-995ad7ad5f7b">
      <Execution id="2ad9a880-2acc-4919-99e6-e8fca15024fd" />
      <TestMethod codeBase="/src/UnitTestsBiblioMate/bin/Release/net9.0/UnitTestsBiblioMate.dll" adapterTypeName="executor://xunit/VsTestRunner2/netcoreapp" className="UnitTestsBiblioMate.Controllers.ShelvesControllerTest" name="CreateShelf_ReturnsCreated" />
    </UnitTest>
    <UnitTest name="UnitTestsBiblioMate.Services.Catalog.EditorServiceTest.UpdateAsync_ShouldReturnFalse_WhenNotExists" storage="/src/unittestsbibliomate/bin/release/net9.0/unittestsbibliomate.dll" id="e0875a3d-2c1a-657f-6cff-045bd0c211a1">
      <Execution id="6e4be02a-99ec-4cae-b094-2b205b7dd0a0" />
      <TestMethod codeBase="/src/UnitTestsBiblioMate/bin/Release/net9.0/UnitTestsBiblioMate.dll" adapterTypeName="executor://xunit/VsTestRunner2/netcoreapp" className="UnitTestsBiblioMate.Services.Catalog.EditorServiceTest" name="UpdateAsync_ShouldReturnFalse_WhenNotExists" />
    </UnitTest>
    <UnitTest name="UnitTestsBiblioMate.Controllers.ReservationsControllerTest.DeleteReservation_NotFound_Returns404" storage="/src/unittestsbibliomate/bin/release/net9.0/unittestsbibliomate.dll" id="be39a583-ded4-ffd9-9535-135a91598c2f">
      <Execution id="58b64bc9-9333-420c-8b9b-7ecaf38ae514" />
      <TestMethod codeBase="/src/UnitTestsBiblioMate/bin/Release/net9.0/UnitTestsBiblioMate.dll" adapterTypeName="executor://xunit/VsTestRunner2/netcoreapp" className="UnitTestsBiblioMate.Controllers.ReservationsControllerTest" name="DeleteReservation_NotFound_Returns404" />
    </UnitTest>
    <UnitTest name="UnitTestsBiblioMate.Services.Catalog.StockServiceTest.Decrease_WithContext_DecrementsAndPersists" storage="/src/unittestsbibliomate/bin/release/net9.0/unittestsbibliomate.dll" id="956af03d-fa8e-07d1-68d9-66c3500a6307">
      <Execution id="03a905cb-106d-4442-8f40-91bcbd4b9252" />
      <TestMethod codeBase="/src/UnitTestsBiblioMate/bin/Release/net9.0/UnitTestsBiblioMate.dll" adapterTypeName="executor://xunit/VsTestRunner2/netcoreapp" className="UnitTestsBiblioMate.Services.Catalog.StockServiceTest" name="Decrease_WithContext_DecrementsAndPersists" />
    </UnitTest>
    <UnitTest name="UnitTestsBiblioMate.Services.Catalog.ShelfServiceTests.DeleteAsync_ShouldRemoveShelf_WhenExists" storage="/src/unittestsbibliomate/bin/release/net9.0/unittestsbibliomate.dll" id="99abcbed-c980-7857-7e97-988c5ffdb5bd">
      <Execution id="03ef7efa-17ae-4b9d-a71d-24b3dbd043cf" />
      <TestMethod codeBase="/src/UnitTestsBiblioMate/bin/Release/net9.0/UnitTestsBiblioMate.dll" adapterTypeName="executor://xunit/VsTestRunner2/netcoreapp" className="UnitTestsBiblioMate.Services.Catalog.ShelfServiceTests" name="DeleteAsync_ShouldRemoveShelf_WhenExists" />
    </UnitTest>
    <UnitTest name="UnitTestsBiblioMate.Controllers.ReportsControllerTest.UpdateReport_NonOwnerNonAdmin_ReturnsForbid" storage="/src/unittestsbibliomate/bin/release/net9.0/unittestsbibliomate.dll" id="56b0fcd3-b153-3675-ebe9-c10bd54b246d">
      <Execution id="08b0c8a7-a8f3-41f1-9342-e5fc67fc95f2" />
      <TestMethod codeBase="/src/UnitTestsBiblioMate/bin/Release/net9.0/UnitTestsBiblioMate.dll" adapterTypeName="executor://xunit/VsTestRunner2/netcoreapp" className="UnitTestsBiblioMate.Controllers.ReportsControllerTest" name="UpdateReport_NonOwnerNonAdmin_ReturnsForbid" />
    </UnitTest>
    <UnitTest name="UnitTestsBiblioMate.Services.Catalog.GenreServiceTest.GetByIdAsync_ShouldReturnGenre_WhenExists" storage="/src/unittestsbibliomate/bin/release/net9.0/unittestsbibliomate.dll" id="51d8b7bc-6eaf-d72e-4c25-c068cb3ca08e">
      <Execution id="6ebcb256-c47d-460d-a670-9019055fc9ea" />
      <TestMethod codeBase="/src/UnitTestsBiblioMate/bin/Release/net9.0/UnitTestsBiblioMate.dll" adapterTypeName="executor://xunit/VsTestRunner2/netcoreapp" className="UnitTestsBiblioMate.Services.Catalog.GenreServiceTest" name="GetByIdAsync_ShouldReturnGenre_WhenExists" />
    </UnitTest>
    <UnitTest name="UnitTestsBiblioMate.Controllers.LoansControllerTest.ReturnLoan_ShouldReturnBadRequestWhenError" storage="/src/unittestsbibliomate/bin/release/net9.0/unittestsbibliomate.dll" id="5bd04e80-61ad-550f-35a7-28efd85a7c13">
      <Execution id="7bfd69ec-88e1-41e6-b19d-5b0ab43941fd" />
      <TestMethod codeBase="/src/UnitTestsBiblioMate/bin/Release/net9.0/UnitTestsBiblioMate.dll" adapterTypeName="executor://xunit/VsTestRunner2/netcoreapp" className="UnitTestsBiblioMate.Controllers.LoansControllerTest" name="ReturnLoan_ShouldReturnBadRequestWhenError" />
    </UnitTest>
    <UnitTest name="UnitTestsBiblioMate.Services.Catalog.BookServiceTest.CreateAsync_WithShelfLevelId_AddsBook_MapsProjection" storage="/src/unittestsbibliomate/bin/release/net9.0/unittestsbibliomate.dll" id="b6bbd876-9e59-c336-8016-4e7a3f5f20fb">
      <Execution id="d37a8b3f-2950-4f16-ab8c-b77be422c952" />
      <TestMethod codeBase="/src/UnitTestsBiblioMate/bin/Release/net9.0/UnitTestsBiblioMate.dll" adapterTypeName="executor://xunit/VsTestRunner2/netcoreapp" className="UnitTestsBiblioMate.Services.Catalog.BookServiceTest" name="CreateAsync_WithShelfLevelId_AddsBook_MapsProjection" />
    </UnitTest>
    <UnitTest name="UnitTestsBiblioMate.Controllers.UsersControllerTest.DeleteUser_Other_Success_ReturnsNoContentAndLogs" storage="/src/unittestsbibliomate/bin/release/net9.0/unittestsbibliomate.dll" id="a4fb20c7-4a31-a793-a9e2-545167865d67">
      <Execution id="10dab07c-c23b-4977-83d8-45b2c921af99" />
      <TestMethod codeBase="/src/UnitTestsBiblioMate/bin/Release/net9.0/UnitTestsBiblioMate.dll" adapterTypeName="executor://xunit/VsTestRunner2/netcoreapp" className="UnitTestsBiblioMate.Controllers.UsersControllerTest" name="DeleteUser_Other_Success_ReturnsNoContentAndLogs" />
    </UnitTest>
    <UnitTest name="UnitTestsBiblioMate.Controllers.AuthsControllerTest.Register_ShouldReturnBadRequestOnFailure" storage="/src/unittestsbibliomate/bin/release/net9.0/unittestsbibliomate.dll" id="689e7c7f-9884-6be4-7611-d14dac08646e">
      <Execution id="2ed47ca0-4f6e-48a2-aa6c-9bb67508c878" />
      <TestMethod codeBase="/src/UnitTestsBiblioMate/bin/Release/net9.0/UnitTestsBiblioMate.dll" adapterTypeName="executor://xunit/VsTestRunner2/netcoreapp" className="UnitTestsBiblioMate.Controllers.AuthsControllerTest" name="Register_ShouldReturnBadRequestOnFailure" />
    </UnitTest>
    <UnitTest name="UnitTestsBiblioMate.Controllers.EditorsControllerTest.GetEditor_ShouldReturnOkWhenFound" storage="/src/unittestsbibliomate/bin/release/net9.0/unittestsbibliomate.dll" id="77aa9e76-d53e-25cb-1f23-55c3987a1234">
      <Execution id="95e7155d-fa74-4a29-b7b3-1386b1242cdb" />
      <TestMethod codeBase="/src/UnitTestsBiblioMate/bin/Release/net9.0/UnitTestsBiblioMate.dll" adapterTypeName="executor://xunit/VsTestRunner2/netcoreapp" className="UnitTestsBiblioMate.Controllers.EditorsControllerTest" name="GetEditor_ShouldReturnOkWhenFound" />
    </UnitTest>
    <UnitTest name="UnitTestsBiblioMate.Services.Catalog.BookServiceTest.DeleteAsync_ReturnsFalse_WhenBookMissing" storage="/src/unittestsbibliomate/bin/release/net9.0/unittestsbibliomate.dll" id="87674813-5dc3-fe17-dbb1-e61f0be2a1a5">
      <Execution id="ac3952a4-c32f-47ce-a8f8-c8d604504a08" />
      <TestMethod codeBase="/src/UnitTestsBiblioMate/bin/Release/net9.0/UnitTestsBiblioMate.dll" adapterTypeName="executor://xunit/VsTestRunner2/netcoreapp" className="UnitTestsBiblioMate.Services.Catalog.BookServiceTest" name="DeleteAsync_ReturnsFalse_WhenBookMissing" />
    </UnitTest>
    <UnitTest name="UnitTestsBiblioMate.Controllers.LoansControllerTest.GetAll_ShouldReturnBadRequestWhenError" storage="/src/unittestsbibliomate/bin/release/net9.0/unittestsbibliomate.dll" id="0f41d15f-dee9-6d9d-a89a-fade550c7f45">
      <Execution id="886b4669-855b-420d-8784-7c7b35c053d5" />
      <TestMethod codeBase="/src/UnitTestsBiblioMate/bin/Release/net9.0/UnitTestsBiblioMate.dll" adapterTypeName="executor://xunit/VsTestRunner2/netcoreapp" className="UnitTestsBiblioMate.Controllers.LoansControllerTest" name="GetAll_ShouldReturnBadRequestWhenError" />
    </UnitTest>
    <UnitTest name="UnitTestsBiblioMate.Controllers.ReservationsControllerTest.CreateReservation_Self_ReturnsCreated" storage="/src/unittestsbibliomate/bin/release/net9.0/unittestsbibliomate.dll" id="a66001a0-c4ec-36c0-5d06-83a92efd5b40">
      <Execution id="9befaafc-bbf8-4fa9-9945-1a9fa6406797" />
      <TestMethod codeBase="/src/UnitTestsBiblioMate/bin/Release/net9.0/UnitTestsBiblioMate.dll" adapterTypeName="executor://xunit/VsTestRunner2/netcoreapp" className="UnitTestsBiblioMate.Controllers.ReservationsControllerTest" name="CreateReservation_Self_ReturnsCreated" />
    </UnitTest>
    <UnitTest name="UnitTestsBiblioMate.Services.Catalog.ShelfServiceTests.DeleteAsync_ShouldReturnFalse_WhenNotExists" storage="/src/unittestsbibliomate/bin/release/net9.0/unittestsbibliomate.dll" id="bab8418d-76a3-f97e-07fa-552348be1861">
      <Execution id="26ad3777-57dd-4473-8830-37ddaec23537" />
      <TestMethod codeBase="/src/UnitTestsBiblioMate/bin/Release/net9.0/UnitTestsBiblioMate.dll" adapterTypeName="executor://xunit/VsTestRunner2/netcoreapp" className="UnitTestsBiblioMate.Services.Catalog.ShelfServiceTests" name="DeleteAsync_ShouldReturnFalse_WhenNotExists" />
    </UnitTest>
    <UnitTest name="UnitTestsBiblioMate.Services.Catalog.AuthorServiceTest.GetByIdAsync_ShouldReturnAuthor_WhenExists" storage="/src/unittestsbibliomate/bin/release/net9.0/unittestsbibliomate.dll" id="8e495007-73fd-7131-f361-7188df43de74">
      <Execution id="8440f8db-a771-4ac7-89f1-4d836615ee23" />
      <TestMethod codeBase="/src/UnitTestsBiblioMate/bin/Release/net9.0/UnitTestsBiblioMate.dll" adapterTypeName="executor://xunit/VsTestRunner2/netcoreapp" className="UnitTestsBiblioMate.Services.Catalog.AuthorServiceTest" name="GetByIdAsync_ShouldReturnAuthor_WhenExists" />
    </UnitTest>
    <UnitTest name="UnitTestsBiblioMate.Services.Loans.ReservationServiceTest.GetByUserAsync_ShouldFilterByUserAndStatus" storage="/src/unittestsbibliomate/bin/release/net9.0/unittestsbibliomate.dll" id="6e7cd010-d82a-e454-81fb-2aa513f04674">
      <Execution id="62b9d620-9f8e-47a3-b2a2-1f9ae6eec46b" />
      <TestMethod codeBase="/src/UnitTestsBiblioMate/bin/Release/net9.0/UnitTestsBiblioMate.dll" adapterTypeName="executor://xunit/VsTestRunner2/netcoreapp" className="UnitTestsBiblioMate.Services.Loans.ReservationServiceTest" name="GetByUserAsync_ShouldFilterByUserAndStatus" />
    </UnitTest>
    <UnitTest name="UnitTestsBiblioMate.Controllers.HistoriesControllerTest.GetUserHistory_Owner_ShouldReturnOk" storage="/src/unittestsbibliomate/bin/release/net9.0/unittestsbibliomate.dll" id="790640e2-f264-96d2-4054-e9b96ad6c5e0">
      <Execution id="4aa2c203-9c91-4630-84a1-e2f0a17951c5" />
      <TestMethod codeBase="/src/UnitTestsBiblioMate/bin/Release/net9.0/UnitTestsBiblioMate.dll" adapterTypeName="executor://xunit/VsTestRunner2/netcoreapp" className="UnitTestsBiblioMate.Controllers.HistoriesControllerTest" name="GetUserHistory_Owner_ShouldReturnOk" />
    </UnitTest>
    <UnitTest name="UnitTestsBiblioMate.Controllers.StocksControllerTest.GetStock_Exists_ReturnsOk" storage="/src/unittestsbibliomate/bin/release/net9.0/unittestsbibliomate.dll" id="f583ac8a-6e80-7543-3848-0d8e129c0466">
      <Execution id="8d93ccd0-2f67-4152-9591-778d59849467" />
      <TestMethod codeBase="/src/UnitTestsBiblioMate/bin/Release/net9.0/UnitTestsBiblioMate.dll" adapterTypeName="executor://xunit/VsTestRunner2/netcoreapp" className="UnitTestsBiblioMate.Controllers.StocksControllerTest" name="GetStock_Exists_ReturnsOk" />
    </UnitTest>
    <UnitTest name="UnitTestsBiblioMate.Services.Catalog.BookServiceTest.GetAllGenresAsync_ReturnsAlphabetical" storage="/src/unittestsbibliomate/bin/release/net9.0/unittestsbibliomate.dll" id="53b3fadc-4987-f2b0-2f69-b27b3dd84624">
      <Execution id="5e5dfae9-b654-4cbf-8807-95717cd0fb89" />
      <TestMethod codeBase="/src/UnitTestsBiblioMate/bin/Release/net9.0/UnitTestsBiblioMate.dll" adapterTypeName="executor://xunit/VsTestRunner2/netcoreapp" className="UnitTestsBiblioMate.Services.Catalog.BookServiceTest" name="GetAllGenresAsync_ReturnsAlphabetical" />
    </UnitTest>
    <UnitTest name="UnitTestsBiblioMate.Controllers.ReportsControllerTest.GetReport_Owner_ReturnsOk" storage="/src/unittestsbibliomate/bin/release/net9.0/unittestsbibliomate.dll" id="a2ad81b9-a89f-cd70-ac3c-1023b056d86e">
      <Execution id="67ab4ca2-c08a-42a6-8d54-01457620ed66" />
      <TestMethod codeBase="/src/UnitTestsBiblioMate/bin/Release/net9.0/UnitTestsBiblioMate.dll" adapterTypeName="executor://xunit/VsTestRunner2/netcoreapp" className="UnitTestsBiblioMate.Controllers.ReportsControllerTest" name="GetReport_Owner_ReturnsOk" />
    </UnitTest>
    <UnitTest name="UnitTestsBiblioMate.Controllers.ReservationsControllerTest.CleanupExpiredReservations_ReturnsOkMessage" storage="/src/unittestsbibliomate/bin/release/net9.0/unittestsbibliomate.dll" id="89a64fa0-8708-0732-2c46-1c7659a0d60f">
      <Execution id="e5c6b934-b0c0-40b3-a24e-df98771f28d4" />
      <TestMethod codeBase="/src/UnitTestsBiblioMate/bin/Release/net9.0/UnitTestsBiblioMate.dll" adapterTypeName="executor://xunit/VsTestRunner2/netcoreapp" className="UnitTestsBiblioMate.Controllers.ReservationsControllerTest" name="CleanupExpiredReservations_ReturnsOkMessage" />
    </UnitTest>
    <UnitTest name="UnitTestsBiblioMate.Controllers.ZonesControllerTest.GetZones_ReturnsOkWithList" storage="/src/unittestsbibliomate/bin/release/net9.0/unittestsbibliomate.dll" id="a57f8fdd-3dd2-e2ca-b019-fec10cd76bf1">
      <Execution id="5a82f377-f1c4-4736-9c57-49e182836a81" />
      <TestMethod codeBase="/src/UnitTestsBiblioMate/bin/Release/net9.0/UnitTestsBiblioMate.dll" adapterTypeName="executor://xunit/VsTestRunner2/netcoreapp" className="UnitTestsBiblioMate.Controllers.ZonesControllerTest" name="GetZones_ReturnsOkWithList" />
    </UnitTest>
    <UnitTest name="UnitTestsBiblioMate.Controllers.HistoriesControllerTest.GetUserHistory_Staff_ShouldReturnOk" storage="/src/unittestsbibliomate/bin/release/net9.0/unittestsbibliomate.dll" id="dbc38ad2-3526-826b-a66c-aab9b7da7c9e">
      <Execution id="61a51801-b8e3-4465-99c8-482d7518b8df" />
      <TestMethod codeBase="/src/UnitTestsBiblioMate/bin/Release/net9.0/UnitTestsBiblioMate.dll" adapterTypeName="executor://xunit/VsTestRunner2/netcoreapp" className="UnitTestsBiblioMate.Controllers.HistoriesControllerTest" name="GetUserHistory_Staff_ShouldReturnOk" />
    </UnitTest>
    <UnitTest name="UnitTestsBiblioMate.Controllers.EditorsControllerTest.DeleteEditor_ShouldReturnNoContentWhenSuccess" storage="/src/unittestsbibliomate/bin/release/net9.0/unittestsbibliomate.dll" id="81168e57-e9e5-0a01-16d3-a55c0c406890">
      <Execution id="b8200945-80ad-49d2-852e-633057929998" />
      <TestMethod codeBase="/src/UnitTestsBiblioMate/bin/Release/net9.0/UnitTestsBiblioMate.dll" adapterTypeName="executor://xunit/VsTestRunner2/netcoreapp" className="UnitTestsBiblioMate.Controllers.EditorsControllerTest" name="DeleteEditor_ShouldReturnNoContentWhenSuccess" />
    </UnitTest>
    <UnitTest name="UnitTestsBiblioMate.Services.Loans.ReservationServiceTest.CreateAsync_ShouldThrowUnauthorized_WhenUserMismatch" storage="/src/unittestsbibliomate/bin/release/net9.0/unittestsbibliomate.dll" id="25294366-57d5-e232-01fe-9df6f0b2e71c">
      <Execution id="de45bd69-ded3-4c4b-a620-e18653d3a6e6" />
      <TestMethod codeBase="/src/UnitTestsBiblioMate/bin/Release/net9.0/UnitTestsBiblioMate.dll" adapterTypeName="executor://xunit/VsTestRunner2/netcoreapp" className="UnitTestsBiblioMate.Services.Loans.ReservationServiceTest" name="CreateAsync_ShouldThrowUnauthorized_WhenUserMismatch" />
    </UnitTest>
    <UnitTest name="UnitTestsBiblioMate.Services.Infrastructure.Security.EncryptionServiceTest.Constructor_ShouldThrow_WhenKeyMissing" storage="/src/unittestsbibliomate/bin/release/net9.0/unittestsbibliomate.dll" id="a9d864b1-4657-5024-0fff-54f9da18eb66">
      <Execution id="d412c35f-83b0-4eaa-99f0-410cd58557ff" />
      <TestMethod codeBase="/src/UnitTestsBiblioMate/bin/Release/net9.0/UnitTestsBiblioMate.dll" adapterTypeName="executor://xunit/VsTestRunner2/netcoreapp" className="UnitTestsBiblioMate.Services.Infrastructure.Security.EncryptionServiceTest" name="Constructor_ShouldThrow_WhenKeyMissing" />
    </UnitTest>
    <UnitTest name="UnitTestsBiblioMate.Controllers.GenresControllerTest.UpdateGenre_ShouldReturnNoContentWhenSuccess" storage="/src/unittestsbibliomate/bin/release/net9.0/unittestsbibliomate.dll" id="b47cdc3e-049c-cd5c-c2c7-31cde378a497">
      <Execution id="ba76ac98-8645-48db-ae0e-e7a78497f6e2" />
      <TestMethod codeBase="/src/UnitTestsBiblioMate/bin/Release/net9.0/UnitTestsBiblioMate.dll" adapterTypeName="executor://xunit/VsTestRunner2/netcoreapp" className="UnitTestsBiblioMate.Controllers.GenresControllerTest" name="UpdateGenre_ShouldReturnNoContentWhenSuccess" />
    </UnitTest>
    <UnitTest name="UnitTestsBiblioMate.Services.Catalog.GenreServiceTest.DeleteAsync_ShouldRemoveGenre_WhenExists" storage="/src/unittestsbibliomate/bin/release/net9.0/unittestsbibliomate.dll" id="fe498020-9c82-9155-348d-c021ada3b94e">
      <Execution id="699f3100-c735-409e-99f3-8d268cb009b5" />
      <TestMethod codeBase="/src/UnitTestsBiblioMate/bin/Release/net9.0/UnitTestsBiblioMate.dll" adapterTypeName="executor://xunit/VsTestRunner2/netcoreapp" className="UnitTestsBiblioMate.Services.Catalog.GenreServiceTest" name="DeleteAsync_ShouldRemoveGenre_WhenExists" />
    </UnitTest>
    <UnitTest name="UnitTestsBiblioMate.Controllers.ReportsControllerTest.GetReport_NonOwnerNonAdmin_ReturnsForbid" storage="/src/unittestsbibliomate/bin/release/net9.0/unittestsbibliomate.dll" id="43f4d59c-2352-c426-02fb-2f6c5cfabec6">
      <Execution id="0fae1217-4f7e-44d2-a641-c6a42aa8ffbe" />
      <TestMethod codeBase="/src/UnitTestsBiblioMate/bin/Release/net9.0/UnitTestsBiblioMate.dll" adapterTypeName="executor://xunit/VsTestRunner2/netcoreapp" className="UnitTestsBiblioMate.Controllers.ReportsControllerTest" name="GetReport_NonOwnerNonAdmin_ReturnsForbid" />
    </UnitTest>
    <UnitTest name="UnitTestsBiblioMate.Controllers.AuthsControllerTest.RequestPasswordReset_ShouldReturnOkOnSuccess" storage="/src/unittestsbibliomate/bin/release/net9.0/unittestsbibliomate.dll" id="54ccfb17-7395-5757-63db-974eb3826298">
      <Execution id="71849b7d-8b3d-40c7-a66c-4ac6ae47cda1" />
      <TestMethod codeBase="/src/UnitTestsBiblioMate/bin/Release/net9.0/UnitTestsBiblioMate.dll" adapterTypeName="executor://xunit/VsTestRunner2/netcoreapp" className="UnitTestsBiblioMate.Controllers.AuthsControllerTest" name="RequestPasswordReset_ShouldReturnOkOnSuccess" />
    </UnitTest>
    <UnitTest name="UnitTestsBiblioMate.Services.Users.AuthServiceTests.LoginAsync_ShouldFail_WhenNotApproved" storage="/src/unittestsbibliomate/bin/release/net9.0/unittestsbibliomate.dll" id="4fde8d4f-eb2d-5b9f-6e2a-8e0b3c3ed1ed">
      <Execution id="a6ea09a0-09e8-49df-bc96-72e51ad5bef6" />
      <TestMethod codeBase="/src/UnitTestsBiblioMate/bin/Release/net9.0/UnitTestsBiblioMate.dll" adapterTypeName="executor://xunit/VsTestRunner2/netcoreapp" className="UnitTestsBiblioMate.Services.Users.AuthServiceTests" name="LoginAsync_ShouldFail_WhenNotApproved" />
    </UnitTest>
    <UnitTest name="UnitTestsBiblioMate.Services.Reports.ReportServiceTest.DeleteAsync_ShouldReturnFalse_WhenNotExists" storage="/src/unittestsbibliomate/bin/release/net9.0/unittestsbibliomate.dll" id="30906e2c-be75-76d5-66fd-787a454695df">
      <Execution id="1af1fad0-934e-4b3c-9288-07f64441c15d" />
      <TestMethod codeBase="/src/UnitTestsBiblioMate/bin/Release/net9.0/UnitTestsBiblioMate.dll" adapterTypeName="executor://xunit/VsTestRunner2/netcoreapp" className="UnitTestsBiblioMate.Services.Reports.ReportServiceTest" name="DeleteAsync_ShouldReturnFalse_WhenNotExists" />
    </UnitTest>
    <UnitTest name="UnitTestsBiblioMate.Controllers.TagsControllerTest.UpdateTag_NotFound_Returns404" storage="/src/unittestsbibliomate/bin/release/net9.0/unittestsbibliomate.dll" id="89f2a897-7c1d-507f-3452-53ebf9f27921">
      <Execution id="eabd8997-d869-408f-a4b7-0b8b5e9644b0" />
      <TestMethod codeBase="/src/UnitTestsBiblioMate/bin/Release/net9.0/UnitTestsBiblioMate.dll" adapterTypeName="executor://xunit/VsTestRunner2/netcoreapp" className="UnitTestsBiblioMate.Controllers.TagsControllerTest" name="UpdateTag_NotFound_Returns404" />
    </UnitTest>
    <UnitTest name="UnitTestsBiblioMate.Middlewares.ExceptionHandlingMiddlewareTests.InvokeAsync_ValidationException_Produces400Json" storage="/src/unittestsbibliomate/bin/release/net9.0/unittestsbibliomate.dll" id="4cd59f32-f665-3967-3d2b-5ec65c03cc78">
      <Execution id="f4143b0f-bd6f-4449-86d1-5828965b4eaf" />
      <TestMethod codeBase="/src/UnitTestsBiblioMate/bin/Release/net9.0/UnitTestsBiblioMate.dll" adapterTypeName="executor://xunit/VsTestRunner2/netcoreapp" className="UnitTestsBiblioMate.Middlewares.ExceptionHandlingMiddlewareTests" name="InvokeAsync_ValidationException_Produces400Json" />
    </UnitTest>
    <UnitTest name="UnitTestsBiblioMate.Controllers.ShelvesControllerTest.GetShelf_Exists_ReturnsOk" storage="/src/unittestsbibliomate/bin/release/net9.0/unittestsbibliomate.dll" id="fed6e063-ef18-7960-eaa5-1623b9431779">
      <Execution id="0a540009-14a0-4438-96ae-9ae5c4cf86a1" />
      <TestMethod codeBase="/src/UnitTestsBiblioMate/bin/Release/net9.0/UnitTestsBiblioMate.dll" adapterTypeName="executor://xunit/VsTestRunner2/netcoreapp" className="UnitTestsBiblioMate.Controllers.ShelvesControllerTest" name="GetShelf_Exists_ReturnsOk" />
    </UnitTest>
    <UnitTest name="UnitTestsBiblioMate.Services.Infrastructure.Security.EncryptionServiceTest.Decrypt_ShouldReturnEmpty_ForNullOrEmpty(input: &quot;&quot;)" storage="/src/unittestsbibliomate/bin/release/net9.0/unittestsbibliomate.dll" id="99dc2222-09bf-c930-9673-db296a3f8664">
      <Execution id="70d89bea-c54e-47f3-a460-1e9fd297820b" />
      <TestMethod codeBase="/src/UnitTestsBiblioMate/bin/Release/net9.0/UnitTestsBiblioMate.dll" adapterTypeName="executor://xunit/VsTestRunner2/netcoreapp" className="UnitTestsBiblioMate.Services.Infrastructure.Security.EncryptionServiceTest" name="Decrypt_ShouldReturnEmpty_ForNullOrEmpty" />
    </UnitTest>
    <UnitTest name="UnitTestsBiblioMate.Services.Infrastructure.Logging.MongoLogServiceTest.GetAllAsync_ReturnsListFromCollection" storage="/src/unittestsbibliomate/bin/release/net9.0/unittestsbibliomate.dll" id="bdd64f0d-082e-a7a5-192f-f0057863bbf8">
      <Execution id="985f2682-f0fc-457c-8f17-0e637b4ecb89" />
      <TestMethod codeBase="/src/UnitTestsBiblioMate/bin/Release/net9.0/UnitTestsBiblioMate.dll" adapterTypeName="executor://xunit/VsTestRunner2/netcoreapp" className="UnitTestsBiblioMate.Services.Infrastructure.Logging.MongoLogServiceTest" name="GetAllAsync_ReturnsListFromCollection" />
    </UnitTest>
    <UnitTest name="UnitTestsBiblioMate.Controllers.ShelvesControllerTest.UpdateShelf_NotFound_Returns404" storage="/src/unittestsbibliomate/bin/release/net9.0/unittestsbibliomate.dll" id="6495e8fe-0f9c-11f7-bae9-25cc6d1bc160">
      <Execution id="6e5b90e2-4049-4ddb-acab-eeb9105017d6" />
      <TestMethod codeBase="/src/UnitTestsBiblioMate/bin/Release/net9.0/UnitTestsBiblioMate.dll" adapterTypeName="executor://xunit/VsTestRunner2/netcoreapp" className="UnitTestsBiblioMate.Controllers.ShelvesControllerTest" name="UpdateShelf_NotFound_Returns404" />
    </UnitTest>
    <UnitTest name="UnitTestsBiblioMate.Services.Infrastructure.Logging.MongoLogServiceTest.AddAsync_ValidLog_CallsInsertOneAsyncOnce" storage="/src/unittestsbibliomate/bin/release/net9.0/unittestsbibliomate.dll" id="a8c3529d-2b12-ce2c-2f3e-5ae63394092e">
      <Execution id="94a05263-4589-4122-9a82-37bcc18d0896" />
      <TestMethod codeBase="/src/UnitTestsBiblioMate/bin/Release/net9.0/UnitTestsBiblioMate.dll" adapterTypeName="executor://xunit/VsTestRunner2/netcoreapp" className="UnitTestsBiblioMate.Services.Infrastructure.Logging.MongoLogServiceTest" name="AddAsync_ValidLog_CallsInsertOneAsyncOnce" />
    </UnitTest>
    <UnitTest name="UnitTestsBiblioMate.Services.Catalog.BookServiceTest.CreateAsync_WithoutShelfLevelIdAndWithoutLocation_ThrowsValidationException" storage="/src/unittestsbibliomate/bin/release/net9.0/unittestsbibliomate.dll" id="c286ab53-bfd4-d10c-c922-e82b8ccd857f">
      <Execution id="9a56f987-27f1-4bc8-9321-73706af181a5" />
      <TestMethod codeBase="/src/UnitTestsBiblioMate/bin/Release/net9.0/UnitTestsBiblioMate.dll" adapterTypeName="executor://xunit/VsTestRunner2/netcoreapp" className="UnitTestsBiblioMate.Services.Catalog.BookServiceTest" name="CreateAsync_WithoutShelfLevelIdAndWithoutLocation_ThrowsValidationException" />
    </UnitTest>
    <UnitTest name="UnitTestsBiblioMate.Services.Loans.LoanServiceTests.DeleteAsync_ShouldDeleteLoan_WhenValid" storage="/src/unittestsbibliomate/bin/release/net9.0/unittestsbibliomate.dll" id="6a298063-1a44-3628-3c48-d4e21ce2e456">
      <Execution id="39f3373d-de4b-478f-a163-f50342250c97" />
      <TestMethod codeBase="/src/UnitTestsBiblioMate/bin/Release/net9.0/UnitTestsBiblioMate.dll" adapterTypeName="executor://xunit/VsTestRunner2/netcoreapp" className="UnitTestsBiblioMate.Services.Loans.LoanServiceTests" name="DeleteAsync_ShouldDeleteLoan_WhenValid" />
    </UnitTest>
    <UnitTest name="UnitTestsBiblioMate.Services.Catalog.ShelfServiceTests.CreateAsync_ShouldAddShelf" storage="/src/unittestsbibliomate/bin/release/net9.0/unittestsbibliomate.dll" id="03b8e700-45ea-85d4-eda9-465ce3013627">
      <Execution id="bd149e07-58d3-479e-83c5-902d7a1bf20d" />
      <TestMethod codeBase="/src/UnitTestsBiblioMate/bin/Release/net9.0/UnitTestsBiblioMate.dll" adapterTypeName="executor://xunit/VsTestRunner2/netcoreapp" className="UnitTestsBiblioMate.Services.Catalog.ShelfServiceTests" name="CreateAsync_ShouldAddShelf" />
    </UnitTest>
    <UnitTest name="UnitTestsBiblioMate.Helpers.TokenHelperTests.TryGetUserId_ValidClaim_ReturnsTrue" storage="/src/unittestsbibliomate/bin/release/net9.0/unittestsbibliomate.dll" id="7df56062-67fd-326c-c254-69fe685d5b44">
      <Execution id="db347331-b951-4535-89bf-1c926a487969" />
      <TestMethod codeBase="/src/UnitTestsBiblioMate/bin/Release/net9.0/UnitTestsBiblioMate.dll" adapterTypeName="executor://xunit/VsTestRunner2/netcoreapp" className="UnitTestsBiblioMate.Helpers.TokenHelperTests" name="TryGetUserId_ValidClaim_ReturnsTrue" />
    </UnitTest>
    <UnitTest name="UnitTestsBiblioMate.Controllers.NotificationsControllerTest.CreateNotification_AsLibrarian_CreatesAndDispatches" storage="/src/unittestsbibliomate/bin/release/net9.0/unittestsbibliomate.dll" id="d9325be5-57f6-60b3-d4c6-1efcb193d1ff">
      <Execution id="04a46889-d0c8-4bcb-9a5c-2055140e13f9" />
      <TestMethod codeBase="/src/UnitTestsBiblioMate/bin/Release/net9.0/UnitTestsBiblioMate.dll" adapterTypeName="executor://xunit/VsTestRunner2/netcoreapp" className="UnitTestsBiblioMate.Controllers.NotificationsControllerTest" name="CreateNotification_AsLibrarian_CreatesAndDispatches" />
    </UnitTest>
    <UnitTest name="UnitTestsBiblioMate.Services.Users.UserServiceTests.CreateAsync_ShouldAddUser" storage="/src/unittestsbibliomate/bin/release/net9.0/unittestsbibliomate.dll" id="2c2b927c-6d94-9439-71a6-6212f811ddb5">
      <Execution id="e9f6886a-0432-4c0b-899f-1b8e7f514f70" />
      <TestMethod codeBase="/src/UnitTestsBiblioMate/bin/Release/net9.0/UnitTestsBiblioMate.dll" adapterTypeName="executor://xunit/VsTestRunner2/netcoreapp" className="UnitTestsBiblioMate.Services.Users.UserServiceTests" name="CreateAsync_ShouldAddUser" />
    </UnitTest>
    <UnitTest name="UnitTestsBiblioMate.Services.Catalog.AuthorServiceTest.GetByIdAsync_ShouldReturnError_WhenNotExists" storage="/src/unittestsbibliomate/bin/release/net9.0/unittestsbibliomate.dll" id="045b3016-eb7b-6e8c-ee8e-f85dc5391457">
      <Execution id="a1c99c7b-6b61-41d9-85c3-30cba7521b3b" />
      <TestMethod codeBase="/src/UnitTestsBiblioMate/bin/Release/net9.0/UnitTestsBiblioMate.dll" adapterTypeName="executor://xunit/VsTestRunner2/netcoreapp" className="UnitTestsBiblioMate.Services.Catalog.AuthorServiceTest" name="GetByIdAsync_ShouldReturnError_WhenNotExists" />
    </UnitTest>
    <UnitTest name="UnitTestsBiblioMate.Controllers.BooksControllerTest.GetBooks_ShouldReturnOkWithPageAndEtag" storage="/src/unittestsbibliomate/bin/release/net9.0/unittestsbibliomate.dll" id="66a00ecb-b6c8-3b63-457f-0d99b0414157">
      <Execution id="95c000ea-60c2-445c-a1a3-f88c8d082195" />
      <TestMethod codeBase="/src/UnitTestsBiblioMate/bin/Release/net9.0/UnitTestsBiblioMate.dll" adapterTypeName="executor://xunit/VsTestRunner2/netcoreapp" className="UnitTestsBiblioMate.Controllers.BooksControllerTest" name="GetBooks_ShouldReturnOkWithPageAndEtag" />
    </UnitTest>
    <UnitTest name="UnitTestsBiblioMate.Controllers.ShelvesControllerTest.DeleteShelf_Success_ReturnsNoContent" storage="/src/unittestsbibliomate/bin/release/net9.0/unittestsbibliomate.dll" id="f6512f54-5b03-da71-1644-0f2c5c6ff693">
      <Execution id="7e163dd3-7101-4404-b59c-70aa1d0581c6" />
      <TestMethod codeBase="/src/UnitTestsBiblioMate/bin/Release/net9.0/UnitTestsBiblioMate.dll" adapterTypeName="executor://xunit/VsTestRunner2/netcoreapp" className="UnitTestsBiblioMate.Controllers.ShelvesControllerTest" name="DeleteShelf_Success_ReturnsNoContent" />
    </UnitTest>
    <UnitTest name="UnitTestsBiblioMate.Controllers.ShelvesControllerTest.DeleteShelf_NotFound_Returns404" storage="/src/unittestsbibliomate/bin/release/net9.0/unittestsbibliomate.dll" id="2770969b-ddb0-5265-6269-f79cea634ef2">
      <Execution id="147f9f35-c5e4-40e9-b30b-ecebaf4322f9" />
      <TestMethod codeBase="/src/UnitTestsBiblioMate/bin/Release/net9.0/UnitTestsBiblioMate.dll" adapterTypeName="executor://xunit/VsTestRunner2/netcoreapp" className="UnitTestsBiblioMate.Controllers.ShelvesControllerTest" name="DeleteShelf_NotFound_Returns404" />
    </UnitTest>
    <UnitTest name="UnitTestsBiblioMate.Services.Users.UserServiceTests.UpdateAsync_ShouldModifyUser_WhenExists" storage="/src/unittestsbibliomate/bin/release/net9.0/unittestsbibliomate.dll" id="026b2b80-fab9-3afb-dabb-09e9ae4db8e2">
      <Execution id="d4155ace-92dd-4be6-99a7-829a895a6091" />
      <TestMethod codeBase="/src/UnitTestsBiblioMate/bin/Release/net9.0/UnitTestsBiblioMate.dll" adapterTypeName="executor://xunit/VsTestRunner2/netcoreapp" className="UnitTestsBiblioMate.Services.Users.UserServiceTests" name="UpdateAsync_ShouldModifyUser_WhenExists" />
    </UnitTest>
    <UnitTest name="UnitTestsBiblioMate.Services.Infrastructure.External.GoogleBooksServiceTest.SearchAsync_InvalidTerm_ThrowsArgumentException(term: &quot;&quot;)" storage="/src/unittestsbibliomate/bin/release/net9.0/unittestsbibliomate.dll" id="224058e6-254f-6bc7-9fa7-083097cda0df">
      <Execution id="e92150d3-acb0-415c-9a3a-3c9add911960" />
      <TestMethod codeBase="/src/UnitTestsBiblioMate/bin/Release/net9.0/UnitTestsBiblioMate.dll" adapterTypeName="executor://xunit/VsTestRunner2/netcoreapp" className="UnitTestsBiblioMate.Services.Infrastructure.External.GoogleBooksServiceTest" name="SearchAsync_InvalidTerm_ThrowsArgumentException" />
    </UnitTest>
    <UnitTest name="UnitTestsBiblioMate.Services.Loans.ReservationServiceTest.GetPendingForBookAsync_ShouldReturnOnlyPending" storage="/src/unittestsbibliomate/bin/release/net9.0/unittestsbibliomate.dll" id="caa3d046-7097-1055-0910-1708111ac16d">
      <Execution id="11bb96c4-52a8-4d7f-80fc-75b816ca5c52" />
      <TestMethod codeBase="/src/UnitTestsBiblioMate/bin/Release/net9.0/UnitTestsBiblioMate.dll" adapterTypeName="executor://xunit/VsTestRunner2/netcoreapp" className="UnitTestsBiblioMate.Services.Loans.ReservationServiceTest" name="GetPendingForBookAsync_ShouldReturnOnlyPending" />
    </UnitTest>
    <UnitTest name="UnitTestsBiblioMate.Services.Infrastructure.Security.EncryptionServiceTest.Decrypt_WithTamperedCipher_ShouldThrowCryptographicException" storage="/src/unittestsbibliomate/bin/release/net9.0/unittestsbibliomate.dll" id="6b731fec-ade7-0ac8-ca12-36e28c69ebd0">
      <Execution id="24bec307-7b2d-47fb-bd14-70a7c2dcd646" />
      <TestMethod codeBase="/src/UnitTestsBiblioMate/bin/Release/net9.0/UnitTestsBiblioMate.dll" adapterTypeName="executor://xunit/VsTestRunner2/netcoreapp" className="UnitTestsBiblioMate.Services.Infrastructure.Security.EncryptionServiceTest" name="Decrypt_WithTamperedCipher_ShouldThrowCryptographicException" />
    </UnitTest>
    <UnitTest name="UnitTestsBiblioMate.Controllers.UsersControllerTest.GetCurrentUser_NotFound_Returns404" storage="/src/unittestsbibliomate/bin/release/net9.0/unittestsbibliomate.dll" id="5c06aeee-7728-e8f0-5616-f5cbe24431af">
      <Execution id="3bda503a-562b-4ba4-9709-c8ca0250bb87" />
      <TestMethod codeBase="/src/UnitTestsBiblioMate/bin/Release/net9.0/UnitTestsBiblioMate.dll" adapterTypeName="executor://xunit/VsTestRunner2/netcoreapp" className="UnitTestsBiblioMate.Controllers.UsersControllerTest" name="GetCurrentUser_NotFound_Returns404" />
    </UnitTest>
    <UnitTest name="UnitTestsBiblioMate.Services.Catalog.LocationServiceTest.EnsureAsync_CreatesZoneShelfLevel_WhenMissing" storage="/src/unittestsbibliomate/bin/release/net9.0/unittestsbibliomate.dll" id="df7cb914-5000-b32b-c6f0-7fcef6a462b5">
      <Execution id="dd957bad-9cb4-4119-b7e2-c1f98e5cc623" />
      <TestMethod codeBase="/src/UnitTestsBiblioMate/bin/Release/net9.0/UnitTestsBiblioMate.dll" adapterTypeName="executor://xunit/VsTestRunner2/netcoreapp" className="UnitTestsBiblioMate.Services.Catalog.LocationServiceTest" name="EnsureAsync_CreatesZoneShelfLevel_WhenMissing" />
    </UnitTest>
    <UnitTest name="UnitTestsBiblioMate.Controllers.ShelvesControllerTest.UpdateShelf_IdMismatch_ReturnsBadRequest" storage="/src/unittestsbibliomate/bin/release/net9.0/unittestsbibliomate.dll" id="54d19a12-fa8f-d905-6c3f-15218139ae67">
      <Execution id="9b8d94d3-9187-4ba7-bfe2-fbee0591f235" />
      <TestMethod codeBase="/src/UnitTestsBiblioMate/bin/Release/net9.0/UnitTestsBiblioMate.dll" adapterTypeName="executor://xunit/VsTestRunner2/netcoreapp" className="UnitTestsBiblioMate.Controllers.ShelvesControllerTest" name="UpdateShelf_IdMismatch_ReturnsBadRequest" />
    </UnitTest>
    <UnitTest name="UnitTestsBiblioMate.Controllers.LocationsControllerTest.GetFloors_ShouldReturnOkWithFloors" storage="/src/unittestsbibliomate/bin/release/net9.0/unittestsbibliomate.dll" id="8e41b35a-3ec8-ae0c-d290-6ca9761bbcff">
      <Execution id="b0b29569-d170-4e9d-a584-2c79b361e7f8" />
      <TestMethod codeBase="/src/UnitTestsBiblioMate/bin/Release/net9.0/UnitTestsBiblioMate.dll" adapterTypeName="executor://xunit/VsTestRunner2/netcoreapp" className="UnitTestsBiblioMate.Controllers.LocationsControllerTest" name="GetFloors_ShouldReturnOkWithFloors" />
    </UnitTest>
    <UnitTest name="UnitTestsBiblioMate.Controllers.TagsControllerTest.Search_ReturnsOkWithFilteredList" storage="/src/unittestsbibliomate/bin/release/net9.0/unittestsbibliomate.dll" id="3311d254-7574-3631-497f-37568232f2f3">
      <Execution id="de7ce90a-3a7e-4ec4-aed2-95f324bfa5c7" />
      <TestMethod codeBase="/src/UnitTestsBiblioMate/bin/Release/net9.0/UnitTestsBiblioMate.dll" adapterTypeName="executor://xunit/VsTestRunner2/netcoreapp" className="UnitTestsBiblioMate.Controllers.TagsControllerTest" name="Search_ReturnsOkWithFilteredList" />
    </UnitTest>
    <UnitTest name="UnitTestsBiblioMate.Controllers.ZonesControllerTest.GetZone_Exists_ReturnsOk" storage="/src/unittestsbibliomate/bin/release/net9.0/unittestsbibliomate.dll" id="c8334a57-7d71-1af6-5bb1-f61ad76a7401">
      <Execution id="b007f804-9515-41e9-a962-10ae77517050" />
      <TestMethod codeBase="/src/UnitTestsBiblioMate/bin/Release/net9.0/UnitTestsBiblioMate.dll" adapterTypeName="executor://xunit/VsTestRunner2/netcoreapp" className="UnitTestsBiblioMate.Controllers.ZonesControllerTest" name="GetZone_Exists_ReturnsOk" />
    </UnitTest>
    <UnitTest name="UnitTestsBiblioMate.Controllers.LoansControllerTest.DeleteLoan_ShouldReturnBadRequestWhenError" storage="/src/unittestsbibliomate/bin/release/net9.0/unittestsbibliomate.dll" id="84688de4-2756-2704-9f16-7ff147c97956">
      <Execution id="b4030a28-900d-4723-a8f0-c49c7454ebb8" />
      <TestMethod codeBase="/src/UnitTestsBiblioMate/bin/Release/net9.0/UnitTestsBiblioMate.dll" adapterTypeName="executor://xunit/VsTestRunner2/netcoreapp" className="UnitTestsBiblioMate.Controllers.LoansControllerTest" name="DeleteLoan_ShouldReturnBadRequestWhenError" />
    </UnitTest>
    <UnitTest name="UnitTestsBiblioMate.Services.Users.AuthServiceTests.ResetPasswordAsync_ShouldReset_WhenTokenIsValid" storage="/src/unittestsbibliomate/bin/release/net9.0/unittestsbibliomate.dll" id="fb787b00-fddd-fd66-206a-8f39ad76c8d6">
      <Execution id="e327ab7b-685e-44de-a5ee-f05986b9434a" />
      <TestMethod codeBase="/src/UnitTestsBiblioMate/bin/Release/net9.0/UnitTestsBiblioMate.dll" adapterTypeName="executor://xunit/VsTestRunner2/netcoreapp" className="UnitTestsBiblioMate.Services.Users.AuthServiceTests" name="ResetPasswordAsync_ShouldReset_WhenTokenIsValid" />
    </UnitTest>
    <UnitTest name="UnitTestsBiblioMate.Services.Catalog.TagServiceTests.EnsureAsync_ReturnsExisting_WhenAlreadyPresent" storage="/src/unittestsbibliomate/bin/release/net9.0/unittestsbibliomate.dll" id="e7d09179-032e-df4a-40ce-3a62078c6262">
      <Execution id="0c5c6ea3-468d-4420-96b2-b7c59acecc49" />
      <TestMethod codeBase="/src/UnitTestsBiblioMate/bin/Release/net9.0/UnitTestsBiblioMate.dll" adapterTypeName="executor://xunit/VsTestRunner2/netcoreapp" className="UnitTestsBiblioMate.Services.Catalog.TagServiceTests" name="EnsureAsync_ReturnsExisting_WhenAlreadyPresent" />
    </UnitTest>
    <UnitTest name="UnitTestsBiblioMate.Services.Infrastructure.Security.EncryptionServiceTest.Decrypt_WithInvalidBase64_ShouldThrowFormatException" storage="/src/unittestsbibliomate/bin/release/net9.0/unittestsbibliomate.dll" id="248e3b0b-012f-83c1-d260-d23ab0437982">
      <Execution id="9c31e48a-0acf-4ffa-bc9b-dc10465b5a2a" />
      <TestMethod codeBase="/src/UnitTestsBiblioMate/bin/Release/net9.0/UnitTestsBiblioMate.dll" adapterTypeName="executor://xunit/VsTestRunner2/netcoreapp" className="UnitTestsBiblioMate.Services.Infrastructure.Security.EncryptionServiceTest" name="Decrypt_WithInvalidBase64_ShouldThrowFormatException" />
    </UnitTest>
    <UnitTest name="UnitTestsBiblioMate.Services.Catalog.StockServiceTest.AdjustQuantity_ShouldChangeQuantityAndReflectAvailability(initialQty: 5, adjustment: 3, expectedQty: 8, expectedAvailable: True)" storage="/src/unittestsbibliomate/bin/release/net9.0/unittestsbibliomate.dll" id="a4f2787b-79d9-dedb-1a43-6acdb53bb197">
      <Execution id="441d1d44-17e8-4003-9f71-f6c9095b1829" />
      <TestMethod codeBase="/src/UnitTestsBiblioMate/bin/Release/net9.0/UnitTestsBiblioMate.dll" adapterTypeName="executor://xunit/VsTestRunner2/netcoreapp" className="UnitTestsBiblioMate.Services.Catalog.StockServiceTest" name="AdjustQuantity_ShouldChangeQuantityAndReflectAvailability" />
    </UnitTest>
    <UnitTest name="UnitTestsBiblioMate.Helpers.PagedResultTests.Create_NegativeTotalCount_Throws" storage="/src/unittestsbibliomate/bin/release/net9.0/unittestsbibliomate.dll" id="1c6dfb33-eb78-60c6-1655-63611c345bb4">
      <Execution id="e3666235-99ff-45a2-8b90-04af18fec8dd" />
      <TestMethod codeBase="/src/UnitTestsBiblioMate/bin/Release/net9.0/UnitTestsBiblioMate.dll" adapterTypeName="executor://xunit/VsTestRunner2/netcoreapp" className="UnitTestsBiblioMate.Helpers.PagedResultTests" name="Create_NegativeTotalCount_Throws" />
    </UnitTest>
    <UnitTest name="UnitTestsBiblioMate.Controllers.ReservationsControllerTest.DeleteReservation_OwnerSuccess_ReturnsNoContent" storage="/src/unittestsbibliomate/bin/release/net9.0/unittestsbibliomate.dll" id="f3b85395-91d3-fb45-44ff-8d82d92e3850">
      <Execution id="95c0c0c4-4f40-4333-b090-12cd8fd86f08" />
      <TestMethod codeBase="/src/UnitTestsBiblioMate/bin/Release/net9.0/UnitTestsBiblioMate.dll" adapterTypeName="executor://xunit/VsTestRunner2/netcoreapp" className="UnitTestsBiblioMate.Controllers.ReservationsControllerTest" name="DeleteReservation_OwnerSuccess_ReturnsNoContent" />
    </UnitTest>
    <UnitTest name="UnitTestsBiblioMate.Services.Loans.ReservationServiceTest.UpdateAsync_ShouldReturnFalse_WhenNotExists" storage="/src/unittestsbibliomate/bin/release/net9.0/unittestsbibliomate.dll" id="6677857a-2c9f-6045-d67c-678556e745ad">
      <Execution id="b57db0e8-42e4-40c7-8fe1-ef8d9870569b" />
      <TestMethod codeBase="/src/UnitTestsBiblioMate/bin/Release/net9.0/UnitTestsBiblioMate.dll" adapterTypeName="executor://xunit/VsTestRunner2/netcoreapp" className="UnitTestsBiblioMate.Services.Loans.ReservationServiceTest" name="UpdateAsync_ShouldReturnFalse_WhenNotExists" />
    </UnitTest>
    <UnitTest name="UnitTestsBiblioMate.Services.Catalog.ShelfLevelServiceTest.CreateAsync_ShouldAddShelfLevel" storage="/src/unittestsbibliomate/bin/release/net9.0/unittestsbibliomate.dll" id="b2454350-cc80-411b-25b8-3c792505ce4e">
      <Execution id="516afd36-ce92-4820-9b52-67e6e8e67ecc" />
      <TestMethod codeBase="/src/UnitTestsBiblioMate/bin/Release/net9.0/UnitTestsBiblioMate.dll" adapterTypeName="executor://xunit/VsTestRunner2/netcoreapp" className="UnitTestsBiblioMate.Services.Catalog.ShelfLevelServiceTest" name="CreateAsync_ShouldAddShelfLevel" />
    </UnitTest>
    <UnitTest name="UnitTestsBiblioMate.Controllers.NotificationsLogsControllerTest.GetById_ShouldReturnOkWhenFound" storage="/src/unittestsbibliomate/bin/release/net9.0/unittestsbibliomate.dll" id="303aaaa3-a7ae-30b2-2473-65f7d22f1d7e">
      <Execution id="a0d45706-4bb6-4662-bbc5-4756b051d24a" />
      <TestMethod codeBase="/src/UnitTestsBiblioMate/bin/Release/net9.0/UnitTestsBiblioMate.dll" adapterTypeName="executor://xunit/VsTestRunner2/netcoreapp" className="UnitTestsBiblioMate.Controllers.NotificationsLogsControllerTest" name="GetById_ShouldReturnOkWhenFound" />
    </UnitTest>
    <UnitTest name="UnitTestsBiblioMate.Services.Infrastructure.Logging.MongoLogServiceTest.GetByIdAsync_EmptyId_ThrowsArgumentException" storage="/src/unittestsbibliomate/bin/release/net9.0/unittestsbibliomate.dll" id="8222a15c-377e-7507-eb66-2c0ab0127995">
      <Execution id="ccead1b7-bc60-4c4c-a8d0-3698ce7d7b48" />
      <TestMethod codeBase="/src/UnitTestsBiblioMate/bin/Release/net9.0/UnitTestsBiblioMate.dll" adapterTypeName="executor://xunit/VsTestRunner2/netcoreapp" className="UnitTestsBiblioMate.Services.Infrastructure.Logging.MongoLogServiceTest" name="GetByIdAsync_EmptyId_ThrowsArgumentException" />
    </UnitTest>
    <UnitTest name="UnitTestsBiblioMate.Controllers.GenresControllerTest.UpdateGenre_ShouldReturnNotFoundWhenNotExists" storage="/src/unittestsbibliomate/bin/release/net9.0/unittestsbibliomate.dll" id="11110689-a65e-d59f-26ef-5bfc55045ddc">
      <Execution id="534b9481-5642-4e32-8345-dbfc0a2e69ed" />
      <TestMethod codeBase="/src/UnitTestsBiblioMate/bin/Release/net9.0/UnitTestsBiblioMate.dll" adapterTypeName="executor://xunit/VsTestRunner2/netcoreapp" className="UnitTestsBiblioMate.Controllers.GenresControllerTest" name="UpdateGenre_ShouldReturnNotFoundWhenNotExists" />
    </UnitTest>
    <UnitTest name="UnitTestsBiblioMate.Controllers.TagsControllerTest.DeleteTag_NotFound_Returns404" storage="/src/unittestsbibliomate/bin/release/net9.0/unittestsbibliomate.dll" id="6d550664-614f-b552-2121-2fd45002e80b">
      <Execution id="9f27bb9c-fe1e-44dc-9633-eaed3aa5989f" />
      <TestMethod codeBase="/src/UnitTestsBiblioMate/bin/Release/net9.0/UnitTestsBiblioMate.dll" adapterTypeName="executor://xunit/VsTestRunner2/netcoreapp" className="UnitTestsBiblioMate.Controllers.TagsControllerTest" name="DeleteTag_NotFound_Returns404" />
    </UnitTest>
    <UnitTest name="UnitTestsBiblioMate.Helpers.TokenHelperTests.GetUserId_Valid_ReturnsInt" storage="/src/unittestsbibliomate/bin/release/net9.0/unittestsbibliomate.dll" id="a6a5d601-ff64-4f7b-131b-012677348bb7">
      <Execution id="5a4437be-2041-41aa-b64e-257454f04a8a" />
      <TestMethod codeBase="/src/UnitTestsBiblioMate/bin/Release/net9.0/UnitTestsBiblioMate.dll" adapterTypeName="executor://xunit/VsTestRunner2/netcoreapp" className="UnitTestsBiblioMate.Helpers.TokenHelperTests" name="GetUserId_Valid_ReturnsInt" />
    </UnitTest>
    <UnitTest name="UnitTestsBiblioMate.Controllers.EditorsControllerTest.SearchEditors_ShouldReturnOkWithResults" storage="/src/unittestsbibliomate/bin/release/net9.0/unittestsbibliomate.dll" id="fda2b82f-a89c-5b6f-e3c0-4a742ec8ca83">
      <Execution id="2faa0bb2-3192-44ca-be3a-945e1d84ccf2" />
      <TestMethod codeBase="/src/UnitTestsBiblioMate/bin/Release/net9.0/UnitTestsBiblioMate.dll" adapterTypeName="executor://xunit/VsTestRunner2/netcoreapp" className="UnitTestsBiblioMate.Controllers.EditorsControllerTest" name="SearchEditors_ShouldReturnOkWithResults" />
    </UnitTest>
    <UnitTest name="UnitTestsBiblioMate.Controllers.ShelfLevelsControllerTest.GetShelfLevels_ReturnsOkWithList" storage="/src/unittestsbibliomate/bin/release/net9.0/unittestsbibliomate.dll" id="bb20653e-f3d7-0986-9285-4d173256b8db">
      <Execution id="a41ba71a-2f4e-4bdc-bffc-e31b6b45d80a" />
      <TestMethod codeBase="/src/UnitTestsBiblioMate/bin/Release/net9.0/UnitTestsBiblioMate.dll" adapterTypeName="executor://xunit/VsTestRunner2/netcoreapp" className="UnitTestsBiblioMate.Controllers.ShelfLevelsControllerTest" name="GetShelfLevels_ReturnsOkWithList" />
    </UnitTest>
    <UnitTest name="UnitTestsBiblioMate.Services.Users.AuthServiceTests.ConfirmEmailAsync_ShouldConfirmEmail_WhenTokenIsValid" storage="/src/unittestsbibliomate/bin/release/net9.0/unittestsbibliomate.dll" id="f759576a-a5e2-cc09-1a2f-32c8520c196e">
      <Execution id="a6aa5622-a457-4442-a1d0-732a48507661" />
      <TestMethod codeBase="/src/UnitTestsBiblioMate/bin/Release/net9.0/UnitTestsBiblioMate.dll" adapterTypeName="executor://xunit/VsTestRunner2/netcoreapp" className="UnitTestsBiblioMate.Services.Users.AuthServiceTests" name="ConfirmEmailAsync_ShouldConfirmEmail_WhenTokenIsValid" />
    </UnitTest>
    <UnitTest name="UnitTestsBiblioMate.Controllers.StocksControllerTest.UpdateStock_Success_ReturnsNoContent" storage="/src/unittestsbibliomate/bin/release/net9.0/unittestsbibliomate.dll" id="5f9caa6a-7600-83c3-66ac-77b00ca44e92">
      <Execution id="3aa22977-c3d5-478b-ad99-4bd10de63ece" />
      <TestMethod codeBase="/src/UnitTestsBiblioMate/bin/Release/net9.0/UnitTestsBiblioMate.dll" adapterTypeName="executor://xunit/VsTestRunner2/netcoreapp" className="UnitTestsBiblioMate.Controllers.StocksControllerTest" name="UpdateStock_Success_ReturnsNoContent" />
    </UnitTest>
    <UnitTest name="UnitTestsBiblioMate.Services.Catalog.GenreServiceTest.UpdateAsync_ShouldModifyGenre_WhenExists" storage="/src/unittestsbibliomate/bin/release/net9.0/unittestsbibliomate.dll" id="ebc12f3d-2e8b-f318-5ee2-96998f2ed99a">
      <Execution id="70960513-84f8-4f62-97d8-1346e1282e20" />
      <TestMethod codeBase="/src/UnitTestsBiblioMate/bin/Release/net9.0/UnitTestsBiblioMate.dll" adapterTypeName="executor://xunit/VsTestRunner2/netcoreapp" className="UnitTestsBiblioMate.Services.Catalog.GenreServiceTest" name="UpdateAsync_ShouldModifyGenre_WhenExists" />
    </UnitTest>
    <UnitTest name="UnitTestsBiblioMate.Middlewares.ExceptionHandlingMiddlewareTests.InvokeAsync_KeyNotFoundException_Produces404Json" storage="/src/unittestsbibliomate/bin/release/net9.0/unittestsbibliomate.dll" id="ae82fee3-b605-0918-81f7-e34d2846c5da">
      <Execution id="b852f859-2c50-46e0-9a69-861ab966b58f" />
      <TestMethod codeBase="/src/UnitTestsBiblioMate/bin/Release/net9.0/UnitTestsBiblioMate.dll" adapterTypeName="executor://xunit/VsTestRunner2/netcoreapp" className="UnitTestsBiblioMate.Middlewares.ExceptionHandlingMiddlewareTests" name="InvokeAsync_KeyNotFoundException_Produces404Json" />
    </UnitTest>
    <UnitTest name="UnitTestsBiblioMate.Controllers.GenresControllerTest.GetGenres_ShouldReturnOkWithGenres" storage="/src/unittestsbibliomate/bin/release/net9.0/unittestsbibliomate.dll" id="092ca597-da17-0582-a92f-593c52facb3b">
      <Execution id="34601d5d-1429-44ad-b0be-e7f377fe5d26" />
      <TestMethod codeBase="/src/UnitTestsBiblioMate/bin/Release/net9.0/UnitTestsBiblioMate.dll" adapterTypeName="executor://xunit/VsTestRunner2/netcoreapp" className="UnitTestsBiblioMate.Controllers.GenresControllerTest" name="GetGenres_ShouldReturnOkWithGenres" />
    </UnitTest>
    <UnitTest name="UnitTestsBiblioMate.Services.Users.UserServiceTests.DeleteAsync_ShouldReturnFalse_WhenNotExists" storage="/src/unittestsbibliomate/bin/release/net9.0/unittestsbibliomate.dll" id="6600797e-824b-04e8-0096-83674ad4612c">
      <Execution id="0360a3a5-ca2d-4003-b2ab-513897179aed" />
      <TestMethod codeBase="/src/UnitTestsBiblioMate/bin/Release/net9.0/UnitTestsBiblioMate.dll" adapterTypeName="executor://xunit/VsTestRunner2/netcoreapp" className="UnitTestsBiblioMate.Services.Users.UserServiceTests" name="DeleteAsync_ShouldReturnFalse_WhenNotExists" />
    </UnitTest>
    <UnitTest name="UnitTestsBiblioMate.Services.Catalog.EditorServiceTest.DeleteAsync_ShouldRemoveEditor_WhenExists" storage="/src/unittestsbibliomate/bin/release/net9.0/unittestsbibliomate.dll" id="51506895-cad2-6f85-2389-060f067f14b7">
      <Execution id="28813542-b5dd-4a24-a81b-14b6b5a4378b" />
      <TestMethod codeBase="/src/UnitTestsBiblioMate/bin/Release/net9.0/UnitTestsBiblioMate.dll" adapterTypeName="executor://xunit/VsTestRunner2/netcoreapp" className="UnitTestsBiblioMate.Services.Catalog.EditorServiceTest" name="DeleteAsync_ShouldRemoveEditor_WhenExists" />
    </UnitTest>
    <UnitTest name="UnitTestsBiblioMate.Services.Catalog.TagServiceTests.UpdateAsync_ShouldReturnFalse_WhenNotExists" storage="/src/unittestsbibliomate/bin/release/net9.0/unittestsbibliomate.dll" id="f5ee9c33-28c5-696b-802e-7511f0137f01">
      <Execution id="f30bfe1e-dedc-4245-b57e-8769d533d297" />
      <TestMethod codeBase="/src/UnitTestsBiblioMate/bin/Release/net9.0/UnitTestsBiblioMate.dll" adapterTypeName="executor://xunit/VsTestRunner2/netcoreapp" className="UnitTestsBiblioMate.Services.Catalog.TagServiceTests" name="UpdateAsync_ShouldReturnFalse_WhenNotExists" />
    </UnitTest>
    <UnitTest name="UnitTestsBiblioMate.Controllers.ReportsControllerTest.UpdateReport_OwnerFailure_ReturnsNotFound" storage="/src/unittestsbibliomate/bin/release/net9.0/unittestsbibliomate.dll" id="cf6e2181-a90e-9e00-cf3a-86524b7f2b19">
      <Execution id="6e666d57-e1ae-4c4a-864f-3b81ac586077" />
      <TestMethod codeBase="/src/UnitTestsBiblioMate/bin/Release/net9.0/UnitTestsBiblioMate.dll" adapterTypeName="executor://xunit/VsTestRunner2/netcoreapp" className="UnitTestsBiblioMate.Controllers.ReportsControllerTest" name="UpdateReport_OwnerFailure_ReturnsNotFound" />
    </UnitTest>
    <UnitTest name="UnitTestsBiblioMate.Services.Catalog.ShelfLevelServiceTest.UpdateAsync_ShouldReturnFalse_WhenNotExists" storage="/src/unittestsbibliomate/bin/release/net9.0/unittestsbibliomate.dll" id="afaeea04-d99a-74d1-e610-b497175f5f28">
      <Execution id="c188889e-be98-4814-8976-d6f48080ac3b" />
      <TestMethod codeBase="/src/UnitTestsBiblioMate/bin/Release/net9.0/UnitTestsBiblioMate.dll" adapterTypeName="executor://xunit/VsTestRunner2/netcoreapp" className="UnitTestsBiblioMate.Services.Catalog.ShelfLevelServiceTest" name="UpdateAsync_ShouldReturnFalse_WhenNotExists" />
    </UnitTest>
    <UnitTest name="UnitTestsBiblioMate.Controllers.BooksControllerTest.SearchBooks_ShouldReturnOkWithResults" storage="/src/unittestsbibliomate/bin/release/net9.0/unittestsbibliomate.dll" id="eda0f3f4-fcbf-bcdd-5b6a-b5f8df70f781">
      <Execution id="b9fbb4ec-99df-4dc1-b921-45b1e58ff04a" />
      <TestMethod codeBase="/src/UnitTestsBiblioMate/bin/Release/net9.0/UnitTestsBiblioMate.dll" adapterTypeName="executor://xunit/VsTestRunner2/netcoreapp" className="UnitTestsBiblioMate.Controllers.BooksControllerTest" name="SearchBooks_ShouldReturnOkWithResults" />
    </UnitTest>
    <UnitTest name="UnitTestsBiblioMate.Services.Loans.ReservationServiceTest.CreateAsync_ShouldCreateAndReturnDto_WhenNoCopiesAvailable" storage="/src/unittestsbibliomate/bin/release/net9.0/unittestsbibliomate.dll" id="32813ac7-3f96-9dab-9053-1499573e3764">
      <Execution id="3e1e010e-314f-48ce-9d92-e10044b4b106" />
      <TestMethod codeBase="/src/UnitTestsBiblioMate/bin/Release/net9.0/UnitTestsBiblioMate.dll" adapterTypeName="executor://xunit/VsTestRunner2/netcoreapp" className="UnitTestsBiblioMate.Services.Loans.ReservationServiceTest" name="CreateAsync_ShouldCreateAndReturnDto_WhenNoCopiesAvailable" />
    </UnitTest>
    <UnitTest name="UnitTestsBiblioMate.Services.Catalog.TagServiceTests.EnsureAsync_Throws_WhenNameEmpty" storage="/src/unittestsbibliomate/bin/release/net9.0/unittestsbibliomate.dll" id="991a84c8-f255-70f2-8fc1-36351edb67d8">
      <Execution id="a9ebd52b-cde6-4615-8238-a614e70bd728" />
      <TestMethod codeBase="/src/UnitTestsBiblioMate/bin/Release/net9.0/UnitTestsBiblioMate.dll" adapterTypeName="executor://xunit/VsTestRunner2/netcoreapp" className="UnitTestsBiblioMate.Services.Catalog.TagServiceTests" name="EnsureAsync_Throws_WhenNameEmpty" />
    </UnitTest>
    <UnitTest name="UnitTestsBiblioMate.Controllers.EditorsControllerTest.UpdateEditor_ShouldReturnNoContentWhenSuccess" storage="/src/unittestsbibliomate/bin/release/net9.0/unittestsbibliomate.dll" id="2753c128-551c-b341-90de-876cfc88540c">
      <Execution id="87b4b2cb-a6fb-4832-8d47-d120093829ba" />
      <TestMethod codeBase="/src/UnitTestsBiblioMate/bin/Release/net9.0/UnitTestsBiblioMate.dll" adapterTypeName="executor://xunit/VsTestRunner2/netcoreapp" className="UnitTestsBiblioMate.Controllers.EditorsControllerTest" name="UpdateEditor_ShouldReturnNoContentWhenSuccess" />
    </UnitTest>
    <UnitTest name="UnitTestsBiblioMate.Services.Catalog.TagServiceTests.SearchAsync_WhenSearchIsNull_TakesAndOrdersByName" storage="/src/unittestsbibliomate/bin/release/net9.0/unittestsbibliomate.dll" id="da9c8eb7-99ac-5c61-ef72-f65c570cb6d5">
      <Execution id="fffc749e-5bc6-451f-9b01-ba16f1674c6c" />
      <TestMethod codeBase="/src/UnitTestsBiblioMate/bin/Release/net9.0/UnitTestsBiblioMate.dll" adapterTypeName="executor://xunit/VsTestRunner2/netcoreapp" className="UnitTestsBiblioMate.Services.Catalog.TagServiceTests" name="SearchAsync_WhenSearchIsNull_TakesAndOrdersByName" />
    </UnitTest>
    <UnitTest name="UnitTestsBiblioMate.Controllers.AuthsControllerTest.ApproveUser_ShouldReturnNotFoundOnFailure" storage="/src/unittestsbibliomate/bin/release/net9.0/unittestsbibliomate.dll" id="8df68290-eaa6-1c7d-65b7-606537990b70">
      <Execution id="5c4e0704-dca9-469f-ae11-d97382603e86" />
      <TestMethod codeBase="/src/UnitTestsBiblioMate/bin/Release/net9.0/UnitTestsBiblioMate.dll" adapterTypeName="executor://xunit/VsTestRunner2/netcoreapp" className="UnitTestsBiblioMate.Controllers.AuthsControllerTest" name="ApproveUser_ShouldReturnNotFoundOnFailure" />
    </UnitTest>
    <UnitTest name="UnitTestsBiblioMate.Services.Catalog.TagServiceTests.GetAllAsync_ShouldReturnAllTags" storage="/src/unittestsbibliomate/bin/release/net9.0/unittestsbibliomate.dll" id="1bd7296b-b1ff-29bb-53fd-3cf03b28a772">
      <Execution id="bb192e02-eb90-4fcf-8325-d3deef8499c5" />
      <TestMethod codeBase="/src/UnitTestsBiblioMate/bin/Release/net9.0/UnitTestsBiblioMate.dll" adapterTypeName="executor://xunit/VsTestRunner2/netcoreapp" className="UnitTestsBiblioMate.Services.Catalog.TagServiceTests" name="GetAllAsync_ShouldReturnAllTags" />
    </UnitTest>
    <UnitTest name="UnitTestsBiblioMate.Services.Catalog.BookServiceTest.DeleteAsync_RemovesBook_Tags_AndStock" storage="/src/unittestsbibliomate/bin/release/net9.0/unittestsbibliomate.dll" id="7fc148eb-c442-b9c0-5627-bd4c2df9d151">
      <Execution id="b9be8726-f757-4c58-9242-7646a6e3ebcb" />
      <TestMethod codeBase="/src/UnitTestsBiblioMate/bin/Release/net9.0/UnitTestsBiblioMate.dll" adapterTypeName="executor://xunit/VsTestRunner2/netcoreapp" className="UnitTestsBiblioMate.Services.Catalog.BookServiceTest" name="DeleteAsync_RemovesBook_Tags_AndStock" />
    </UnitTest>
    <UnitTest name="UnitTestsBiblioMate.Controllers.RecommendationsControllerTest.GetRecommendations_UserRequestsOwn_ReturnsOk" storage="/src/unittestsbibliomate/bin/release/net9.0/unittestsbibliomate.dll" id="b93f54c9-6701-f021-0a4a-5c4c45e54e96">
      <Execution id="ed739361-4d3a-480b-a41b-8d10e69c62d2" />
      <TestMethod codeBase="/src/UnitTestsBiblioMate/bin/Release/net9.0/UnitTestsBiblioMate.dll" adapterTypeName="executor://xunit/VsTestRunner2/netcoreapp" className="UnitTestsBiblioMate.Controllers.RecommendationsControllerTest" name="GetRecommendations_UserRequestsOwn_ReturnsOk" />
    </UnitTest>
    <UnitTest name="UnitTestsBiblioMate.Controllers.ShelvesControllerTest.UpdateShelf_Success_ReturnsNoContent" storage="/src/unittestsbibliomate/bin/release/net9.0/unittestsbibliomate.dll" id="8bb51434-7ac3-0446-b4d6-f57eda9d3fa9">
      <Execution id="61a8d524-2927-4654-bc5b-a947a78a306d" />
      <TestMethod codeBase="/src/UnitTestsBiblioMate/bin/Release/net9.0/UnitTestsBiblioMate.dll" adapterTypeName="executor://xunit/VsTestRunner2/netcoreapp" className="UnitTestsBiblioMate.Controllers.ShelvesControllerTest" name="UpdateShelf_Success_ReturnsNoContent" />
    </UnitTest>
    <UnitTest name="UnitTestsBiblioMate.Middlewares.ExceptionHandlingMiddlewareTests.InvokeAsync_GenericException_Produces500Json" storage="/src/unittestsbibliomate/bin/release/net9.0/unittestsbibliomate.dll" id="0b14d8df-4c33-479b-4b63-209db963451d">
      <Execution id="e4f31fba-2fce-4563-9b4f-44badd46f95b" />
      <TestMethod codeBase="/src/UnitTestsBiblioMate/bin/Release/net9.0/UnitTestsBiblioMate.dll" adapterTypeName="executor://xunit/VsTestRunner2/netcoreapp" className="UnitTestsBiblioMate.Middlewares.ExceptionHandlingMiddlewareTests" name="InvokeAsync_GenericException_Produces500Json" />
    </UnitTest>
    <UnitTest name="UnitTestsBiblioMate.Services.Users.AuthServiceTests.RegisterAsync_ShouldRegisterNewUser" storage="/src/unittestsbibliomate/bin/release/net9.0/unittestsbibliomate.dll" id="bd96a726-d540-2a5f-2bfd-0575db8f15c9">
      <Execution id="3ae5f3c2-ccc4-4d80-ae85-45c4c54829cf" />
      <TestMethod codeBase="/src/UnitTestsBiblioMate/bin/Release/net9.0/UnitTestsBiblioMate.dll" adapterTypeName="executor://xunit/VsTestRunner2/netcoreapp" className="UnitTestsBiblioMate.Services.Users.AuthServiceTests" name="RegisterAsync_ShouldRegisterNewUser" />
    </UnitTest>
    <UnitTest name="UnitTestsBiblioMate.Services.Catalog.GenreServiceTest.GetByIdAsync_ShouldReturnError_WhenNotExists" storage="/src/unittestsbibliomate/bin/release/net9.0/unittestsbibliomate.dll" id="caa634ff-905f-8e0f-9839-72cce6759d12">
      <Execution id="6c31ff01-8763-49c8-8920-7f17a4f17006" />
      <TestMethod codeBase="/src/UnitTestsBiblioMate/bin/Release/net9.0/UnitTestsBiblioMate.dll" adapterTypeName="executor://xunit/VsTestRunner2/netcoreapp" className="UnitTestsBiblioMate.Services.Catalog.GenreServiceTest" name="GetByIdAsync_ShouldReturnError_WhenNotExists" />
    </UnitTest>
    <UnitTest name="UnitTestsBiblioMate.Controllers.LocationsControllerTest.GetAisles_ShouldReturnOk_WhenFound" storage="/src/unittestsbibliomate/bin/release/net9.0/unittestsbibliomate.dll" id="160b4cfa-810f-ab96-3781-1bf56c839b2c">
      <Execution id="abdffbd8-c574-40e7-b2c2-50037e883eec" />
      <TestMethod codeBase="/src/UnitTestsBiblioMate/bin/Release/net9.0/UnitTestsBiblioMate.dll" adapterTypeName="executor://xunit/VsTestRunner2/netcoreapp" className="UnitTestsBiblioMate.Controllers.LocationsControllerTest" name="GetAisles_ShouldReturnOk_WhenFound" />
    </UnitTest>
    <UnitTest name="UnitTestsBiblioMate.Controllers.AuthsControllerTest.ApproveUser_ShouldReturnOkOnSuccess" storage="/src/unittestsbibliomate/bin/release/net9.0/unittestsbibliomate.dll" id="e957d115-7eca-b8a4-35c1-0ebe87f830be">
      <Execution id="bbd82354-8b6a-43e4-9696-bdb39f90e2f4" />
      <TestMethod codeBase="/src/UnitTestsBiblioMate/bin/Release/net9.0/UnitTestsBiblioMate.dll" adapterTypeName="executor://xunit/VsTestRunner2/netcoreapp" className="UnitTestsBiblioMate.Controllers.AuthsControllerTest" name="ApproveUser_ShouldReturnOkOnSuccess" />
    </UnitTest>
    <UnitTest name="UnitTestsBiblioMate.Controllers.ReservationsControllerTest.GetUserReservations_Self_ReturnsOk" storage="/src/unittestsbibliomate/bin/release/net9.0/unittestsbibliomate.dll" id="25e80a42-1b3f-6af8-9f04-b9b23e967286">
      <Execution id="50749e07-5bcb-423c-b5c3-6079cb3e4511" />
      <TestMethod codeBase="/src/UnitTestsBiblioMate/bin/Release/net9.0/UnitTestsBiblioMate.dll" adapterTypeName="executor://xunit/VsTestRunner2/netcoreapp" className="UnitTestsBiblioMate.Controllers.ReservationsControllerTest" name="GetUserReservations_Self_ReturnsOk" />
    </UnitTest>
    <UnitTest name="UnitTestsBiblioMate.Controllers.ReportsControllerTest.GetReports_AsUser_ReturnsOk" storage="/src/unittestsbibliomate/bin/release/net9.0/unittestsbibliomate.dll" id="28d82dd6-6a0d-8f78-d697-4cf7bb03aa92">
      <Execution id="0c169cdb-98c4-4da8-a6c1-42790d768181" />
      <TestMethod codeBase="/src/UnitTestsBiblioMate/bin/Release/net9.0/UnitTestsBiblioMate.dll" adapterTypeName="executor://xunit/VsTestRunner2/netcoreapp" className="UnitTestsBiblioMate.Controllers.ReportsControllerTest" name="GetReports_AsUser_ReturnsOk" />
    </UnitTest>
    <UnitTest name="UnitTestsBiblioMate.Controllers.ReportsControllerTest.UpdateReport_IdMismatch_ReturnsBadRequest" storage="/src/unittestsbibliomate/bin/release/net9.0/unittestsbibliomate.dll" id="f04e9a90-88b2-ced5-7d69-5c4ba9eb7168">
      <Execution id="b564edf5-bc28-4633-81fc-1a0ba258aa3f" />
      <TestMethod codeBase="/src/UnitTestsBiblioMate/bin/Release/net9.0/UnitTestsBiblioMate.dll" adapterTypeName="executor://xunit/VsTestRunner2/netcoreapp" className="UnitTestsBiblioMate.Controllers.ReportsControllerTest" name="UpdateReport_IdMismatch_ReturnsBadRequest" />
    </UnitTest>
    <UnitTest name="UnitTestsBiblioMate.Controllers.ShelfLevelsControllerTest.DeleteShelfLevel_Success_ReturnsNoContent" storage="/src/unittestsbibliomate/bin/release/net9.0/unittestsbibliomate.dll" id="5358c26d-0580-68de-5bd7-9823ce192502">
      <Execution id="dc370494-4344-43ea-bec9-465742640bec" />
      <TestMethod codeBase="/src/UnitTestsBiblioMate/bin/Release/net9.0/UnitTestsBiblioMate.dll" adapterTypeName="executor://xunit/VsTestRunner2/netcoreapp" className="UnitTestsBiblioMate.Controllers.ShelfLevelsControllerTest" name="DeleteShelfLevel_Success_ReturnsNoContent" />
    </UnitTest>
    <UnitTest name="UnitTestsBiblioMate.Services.Reports.ReportServiceTest.DeleteAsync_ShouldRemoveReport_WhenExists" storage="/src/unittestsbibliomate/bin/release/net9.0/unittestsbibliomate.dll" id="6e476339-5cb5-3322-a9ed-c2fe4bdbd5a9">
      <Execution id="2804a09f-53c8-4927-aba2-bad21713da8c" />
      <TestMethod codeBase="/src/UnitTestsBiblioMate/bin/Release/net9.0/UnitTestsBiblioMate.dll" adapterTypeName="executor://xunit/VsTestRunner2/netcoreapp" className="UnitTestsBiblioMate.Services.Reports.ReportServiceTest" name="DeleteAsync_ShouldRemoveReport_WhenExists" />
    </UnitTest>
    <UnitTest name="UnitTestsBiblioMate.Services.Infrastructure.Security.EncryptionServiceTest.Constructor_ShouldThrow_WhenKeyWrongLength" storage="/src/unittestsbibliomate/bin/release/net9.0/unittestsbibliomate.dll" id="e4a4ac97-023d-26dd-91ef-3fa821623f37">
      <Execution id="1982e420-9715-452b-8d2f-6dd2bb6072ba" />
      <TestMethod codeBase="/src/UnitTestsBiblioMate/bin/Release/net9.0/UnitTestsBiblioMate.dll" adapterTypeName="executor://xunit/VsTestRunner2/netcoreapp" className="UnitTestsBiblioMate.Services.Infrastructure.Security.EncryptionServiceTest" name="Constructor_ShouldThrow_WhenKeyWrongLength" />
    </UnitTest>
    <UnitTest name="UnitTestsBiblioMate.Controllers.ReportsControllerTest.UpdateReport_OwnerSuccess_ReturnsNoContent" storage="/src/unittestsbibliomate/bin/release/net9.0/unittestsbibliomate.dll" id="fe73573e-b508-a88a-6bef-d23ec01ac542">
      <Execution id="d26ea66b-e914-4c77-b1d8-fed6236d7c8a" />
      <TestMethod codeBase="/src/UnitTestsBiblioMate/bin/Release/net9.0/UnitTestsBiblioMate.dll" adapterTypeName="executor://xunit/VsTestRunner2/netcoreapp" className="UnitTestsBiblioMate.Controllers.ReportsControllerTest" name="UpdateReport_OwnerSuccess_ReturnsNoContent" />
    </UnitTest>
    <UnitTest name="UnitTestsBiblioMate.Services.Catalog.LocationServiceTest.GetAislesAsync_FiltersByFloor_AndReturnsDistinctSorted" storage="/src/unittestsbibliomate/bin/release/net9.0/unittestsbibliomate.dll" id="8902c355-0bd4-d89b-9ff5-0a8aa307abe7">
      <Execution id="8a01d06b-837d-48df-abdf-c0b1cfef9581" />
      <TestMethod codeBase="/src/UnitTestsBiblioMate/bin/Release/net9.0/UnitTestsBiblioMate.dll" adapterTypeName="executor://xunit/VsTestRunner2/netcoreapp" className="UnitTestsBiblioMate.Services.Catalog.LocationServiceTest" name="GetAislesAsync_FiltersByFloor_AndReturnsDistinctSorted" />
    </UnitTest>
    <UnitTest name="UnitTestsBiblioMate.Services.Catalog.ShelfServiceTests.GetAllAsync_ShouldReturnAllShelves" storage="/src/unittestsbibliomate/bin/release/net9.0/unittestsbibliomate.dll" id="7f116010-0c34-b7a3-598b-b641d920876b">
      <Execution id="760a721a-fce2-4b7f-8883-36f6ec541478" />
      <TestMethod codeBase="/src/UnitTestsBiblioMate/bin/Release/net9.0/UnitTestsBiblioMate.dll" adapterTypeName="executor://xunit/VsTestRunner2/netcoreapp" className="UnitTestsBiblioMate.Services.Catalog.ShelfServiceTests" name="GetAllAsync_ShouldReturnAllShelves" />
    </UnitTest>
    <UnitTest name="UnitTestsBiblioMate.Controllers.ZonesControllerTest.UpdateZone_Success_ReturnsNoContent" storage="/src/unittestsbibliomate/bin/release/net9.0/unittestsbibliomate.dll" id="8da4778b-30f9-77d1-9625-d911c04101c3">
      <Execution id="84a3291c-4b46-4467-a72e-6c5a9e36139d" />
      <TestMethod codeBase="/src/UnitTestsBiblioMate/bin/Release/net9.0/UnitTestsBiblioMate.dll" adapterTypeName="executor://xunit/VsTestRunner2/netcoreapp" className="UnitTestsBiblioMate.Controllers.ZonesControllerTest" name="UpdateZone_Success_ReturnsNoContent" />
    </UnitTest>
    <UnitTest name="UnitTestsBiblioMate.Controllers.LocationsControllerTest.GetShelves_ShouldReturnNotFound_WhenEmpty" storage="/src/unittestsbibliomate/bin/release/net9.0/unittestsbibliomate.dll" id="1d06ff54-515f-750d-6fdc-1719f0268543">
      <Execution id="531a3703-a55f-4005-ac22-30f76d280e8c" />
      <TestMethod codeBase="/src/UnitTestsBiblioMate/bin/Release/net9.0/UnitTestsBiblioMate.dll" adapterTypeName="executor://xunit/VsTestRunner2/netcoreapp" className="UnitTestsBiblioMate.Controllers.LocationsControllerTest" name="GetShelves_ShouldReturnNotFound_WhenEmpty" />
    </UnitTest>
    <UnitTest name="UnitTestsBiblioMate.Controllers.ReservationsControllerTest.GetPendingForBook_AsPrivileged_ReturnsOk" storage="/src/unittestsbibliomate/bin/release/net9.0/unittestsbibliomate.dll" id="ed6cc4ca-e1e5-1490-ecfb-0efac58e164b">
      <Execution id="37861f0b-7d87-4cfe-9e8a-79249800d2dc" />
      <TestMethod codeBase="/src/UnitTestsBiblioMate/bin/Release/net9.0/UnitTestsBiblioMate.dll" adapterTypeName="executor://xunit/VsTestRunner2/netcoreapp" className="UnitTestsBiblioMate.Controllers.ReservationsControllerTest" name="GetPendingForBook_AsPrivileged_ReturnsOk" />
    </UnitTest>
    <UnitTest name="UnitTestsBiblioMate.Services.Catalog.AuthorServiceTest.CreateAsync_ShouldAddAuthor" storage="/src/unittestsbibliomate/bin/release/net9.0/unittestsbibliomate.dll" id="f02370c8-eacc-3a43-f8e7-4d1422a861d5">
      <Execution id="29a4eb52-d503-46a5-9512-79a2e6f1ad87" />
      <TestMethod codeBase="/src/UnitTestsBiblioMate/bin/Release/net9.0/UnitTestsBiblioMate.dll" adapterTypeName="executor://xunit/VsTestRunner2/netcoreapp" className="UnitTestsBiblioMate.Services.Catalog.AuthorServiceTest" name="CreateAsync_ShouldAddAuthor" />
    </UnitTest>
    <UnitTest name="UnitTestsBiblioMate.Controllers.NotificationsControllerTest.GetNotification_AsLibrarian_Returns200" storage="/src/unittestsbibliomate/bin/release/net9.0/unittestsbibliomate.dll" id="045e8e83-e293-b622-5e26-dc42500edf07">
      <Execution id="8d310b52-7e59-4e94-a4eb-c025ee560ebe" />
      <TestMethod codeBase="/src/UnitTestsBiblioMate/bin/Release/net9.0/UnitTestsBiblioMate.dll" adapterTypeName="executor://xunit/VsTestRunner2/netcoreapp" className="UnitTestsBiblioMate.Controllers.NotificationsControllerTest" name="GetNotification_AsLibrarian_Returns200" />
    </UnitTest>
    <UnitTest name="UnitTestsBiblioMate.Services.Catalog.BookServiceTest.GetPagedAsync_ReturnsCorrectPage_AndNullEtags" storage="/src/unittestsbibliomate/bin/release/net9.0/unittestsbibliomate.dll" id="9b91f781-bc6e-afcc-6a71-5274fcc0b9fd">
      <Execution id="bf1f33c7-4351-464c-a336-1f3cfbef4102" />
      <TestMethod codeBase="/src/UnitTestsBiblioMate/bin/Release/net9.0/UnitTestsBiblioMate.dll" adapterTypeName="executor://xunit/VsTestRunner2/netcoreapp" className="UnitTestsBiblioMate.Services.Catalog.BookServiceTest" name="GetPagedAsync_ReturnsCorrectPage_AndNullEtags" />
    </UnitTest>
    <UnitTest name="UnitTestsBiblioMate.Services.Reports.ReportServiceTest.UpdateAsync_ShouldModifyReport_WhenExists" storage="/src/unittestsbibliomate/bin/release/net9.0/unittestsbibliomate.dll" id="c1c4c265-2b17-52e4-67cd-c3bbc4031a5d">
      <Execution id="6172d682-2544-479b-9004-f83155e75425" />
      <TestMethod codeBase="/src/UnitTestsBiblioMate/bin/Release/net9.0/UnitTestsBiblioMate.dll" adapterTypeName="executor://xunit/VsTestRunner2/netcoreapp" className="UnitTestsBiblioMate.Services.Reports.ReportServiceTest" name="UpdateAsync_ShouldModifyReport_WhenExists" />
    </UnitTest>
    <UnitTest name="UnitTestsBiblioMate.Controllers.GenresControllerTest.DeleteGenre_ShouldReturnNotFoundWhenNotExists" storage="/src/unittestsbibliomate/bin/release/net9.0/unittestsbibliomate.dll" id="880e8343-327e-786b-fef8-556cbd81b07b">
      <Execution id="dcb7c727-a228-4bd7-8ec2-f05c968f403b" />
      <TestMethod codeBase="/src/UnitTestsBiblioMate/bin/Release/net9.0/UnitTestsBiblioMate.dll" adapterTypeName="executor://xunit/VsTestRunner2/netcoreapp" className="UnitTestsBiblioMate.Controllers.GenresControllerTest" name="DeleteGenre_ShouldReturnNotFoundWhenNotExists" />
    </UnitTest>
    <UnitTest name="UnitTestsBiblioMate.Controllers.UsersControllerTest.DeleteUser_Self_ReturnsBadRequest" storage="/src/unittestsbibliomate/bin/release/net9.0/unittestsbibliomate.dll" id="ed19ca08-583d-e8d4-bb66-5b9b2642f021">
      <Execution id="61dd6d61-96ae-4bcd-a3e9-46d95f249174" />
      <TestMethod codeBase="/src/UnitTestsBiblioMate/bin/Release/net9.0/UnitTestsBiblioMate.dll" adapterTypeName="executor://xunit/VsTestRunner2/netcoreapp" className="UnitTestsBiblioMate.Controllers.UsersControllerTest" name="DeleteUser_Self_ReturnsBadRequest" />
    </UnitTest>
    <UnitTest name="UnitTestsBiblioMate.Controllers.ReservationsControllerTest.CreateReservation_OtherUser_ReturnsForbid" storage="/src/unittestsbibliomate/bin/release/net9.0/unittestsbibliomate.dll" id="8092ef74-e455-4d85-62af-18ee98f7a3af">
      <Execution id="734216b1-6697-415c-9022-ed3abcabcbf2" />
      <TestMethod codeBase="/src/UnitTestsBiblioMate/bin/Release/net9.0/UnitTestsBiblioMate.dll" adapterTypeName="executor://xunit/VsTestRunner2/netcoreapp" className="UnitTestsBiblioMate.Controllers.ReservationsControllerTest" name="CreateReservation_OtherUser_ReturnsForbid" />
    </UnitTest>
    <UnitTest name="UnitTestsBiblioMate.Services.Catalog.TagServiceTests.SearchAsync_FiltersBySubstring_CaseInsensitive" storage="/src/unittestsbibliomate/bin/release/net9.0/unittestsbibliomate.dll" id="94d23bfb-7394-4068-f47e-8262e121777e">
      <Execution id="ba416fac-2dfb-4c84-a745-dfd2dad12360" />
      <TestMethod codeBase="/src/UnitTestsBiblioMate/bin/Release/net9.0/UnitTestsBiblioMate.dll" adapterTypeName="executor://xunit/VsTestRunner2/netcoreapp" className="UnitTestsBiblioMate.Services.Catalog.TagServiceTests" name="SearchAsync_FiltersBySubstring_CaseInsensitive" />
    </UnitTest>
    <UnitTest name="UnitTestsBiblioMate.Services.Reports.SearchActivityLogServiceTests.LogAsync_InsertsDocument" storage="/src/unittestsbibliomate/bin/release/net9.0/unittestsbibliomate.dll" id="f7912e5b-934b-2cfc-3e6d-37302bb96035">
      <Execution id="ae53dbfc-3e60-40ec-846a-cfbcca5a9476" />
      <TestMethod codeBase="/src/UnitTestsBiblioMate/bin/Release/net9.0/UnitTestsBiblioMate.dll" adapterTypeName="executor://xunit/VsTestRunner2/netcoreapp" className="UnitTestsBiblioMate.Services.Reports.SearchActivityLogServiceTests" name="LogAsync_InsertsDocument" />
    </UnitTest>
    <UnitTest name="UnitTestsBiblioMate.Controllers.StocksControllerTest.UpdateStock_IdMismatch_Returns400" storage="/src/unittestsbibliomate/bin/release/net9.0/unittestsbibliomate.dll" id="3e25cc29-e0fe-04a0-37d6-4995de9cdbbe">
      <Execution id="c5f096c7-bc96-4568-868e-e2d1bd0500b4" />
      <TestMethod codeBase="/src/UnitTestsBiblioMate/bin/Release/net9.0/UnitTestsBiblioMate.dll" adapterTypeName="executor://xunit/VsTestRunner2/netcoreapp" className="UnitTestsBiblioMate.Controllers.StocksControllerTest" name="UpdateStock_IdMismatch_Returns400" />
    </UnitTest>
    <UnitTest name="UnitTestsBiblioMate.Helpers.PagedResultTests.Create_InvalidPageNumber_Throws" storage="/src/unittestsbibliomate/bin/release/net9.0/unittestsbibliomate.dll" id="bdf7f953-e824-c6c3-1c8c-c8b8f27bcf97">
      <Execution id="c5b6d651-5759-4b9c-9fc8-f8580e55ac42" />
      <TestMethod codeBase="/src/UnitTestsBiblioMate/bin/Release/net9.0/UnitTestsBiblioMate.dll" adapterTypeName="executor://xunit/VsTestRunner2/netcoreapp" className="UnitTestsBiblioMate.Helpers.PagedResultTests" name="Create_InvalidPageNumber_Throws" />
    </UnitTest>
    <UnitTest name="UnitTestsBiblioMate.Controllers.ZonesControllerTest.CreateZone_ReturnsCreated" storage="/src/unittestsbibliomate/bin/release/net9.0/unittestsbibliomate.dll" id="3e15049f-11bf-69f1-40ee-0e4ba6de69c3">
      <Execution id="7f111b97-9c9e-4d3f-82a5-75b4154bc385" />
      <TestMethod codeBase="/src/UnitTestsBiblioMate/bin/Release/net9.0/UnitTestsBiblioMate.dll" adapterTypeName="executor://xunit/VsTestRunner2/netcoreapp" className="UnitTestsBiblioMate.Controllers.ZonesControllerTest" name="CreateZone_ReturnsCreated" />
    </UnitTest>
    <UnitTest name="UnitTestsBiblioMate.Services.Recommendations.RecommendationServiceTest.GetRecommendationsForUserAsync_ShouldLimitTo10Items" storage="/src/unittestsbibliomate/bin/release/net9.0/unittestsbibliomate.dll" id="bd7febd5-c5c4-3da6-86d0-2e3da6a31e25">
      <Execution id="faefa5c4-30f6-401c-b0a7-bd2278b7b91b" />
      <TestMethod codeBase="/src/UnitTestsBiblioMate/bin/Release/net9.0/UnitTestsBiblioMate.dll" adapterTypeName="executor://xunit/VsTestRunner2/netcoreapp" className="UnitTestsBiblioMate.Services.Recommendations.RecommendationServiceTest" name="GetRecommendationsForUserAsync_ShouldLimitTo10Items" />
    </UnitTest>
    <UnitTest name="UnitTestsBiblioMate.Services.Loans.ReservationServiceTest.CreateAsync_ShouldCreate_WhenNoStockRowExists" storage="/src/unittestsbibliomate/bin/release/net9.0/unittestsbibliomate.dll" id="35db66ad-a91c-ea88-37ff-c0f36f8fe1c7">
      <Execution id="4052ad11-a347-4077-830a-2f8dac4360b8" />
      <TestMethod codeBase="/src/UnitTestsBiblioMate/bin/Release/net9.0/UnitTestsBiblioMate.dll" adapterTypeName="executor://xunit/VsTestRunner2/netcoreapp" className="UnitTestsBiblioMate.Services.Loans.ReservationServiceTest" name="CreateAsync_ShouldCreate_WhenNoStockRowExists" />
    </UnitTest>
    <UnitTest name="UnitTestsBiblioMate.Controllers.TagsControllerTest.UpdateTag_Success_ReturnsNoContent" storage="/src/unittestsbibliomate/bin/release/net9.0/unittestsbibliomate.dll" id="436c5e0a-d280-00d0-994f-b8c0314801fe">
      <Execution id="69d5c9f8-d760-4b52-9567-b08136a50aa6" />
      <TestMethod codeBase="/src/UnitTestsBiblioMate/bin/Release/net9.0/UnitTestsBiblioMate.dll" adapterTypeName="executor://xunit/VsTestRunner2/netcoreapp" className="UnitTestsBiblioMate.Controllers.TagsControllerTest" name="UpdateTag_Success_ReturnsNoContent" />
    </UnitTest>
    <UnitTest name="UnitTestsBiblioMate.Services.Infrastructure.External.GoogleBooksServiceTest.SearchAsync_InvalidTerm_ThrowsArgumentException(term: &quot;   &quot;)" storage="/src/unittestsbibliomate/bin/release/net9.0/unittestsbibliomate.dll" id="bb61efaa-3a9e-0e85-e6f2-eec9388f1cbe">
      <Execution id="9f13c3e6-3c13-4b59-aed4-ac84c60fe2b8" />
      <TestMethod codeBase="/src/UnitTestsBiblioMate/bin/Release/net9.0/UnitTestsBiblioMate.dll" adapterTypeName="executor://xunit/VsTestRunner2/netcoreapp" className="UnitTestsBiblioMate.Services.Infrastructure.External.GoogleBooksServiceTest" name="SearchAsync_InvalidTerm_ThrowsArgumentException" />
    </UnitTest>
    <UnitTest name="UnitTestsBiblioMate.Controllers.NotificationsLogsControllerTest.GetById_ShouldReturnNotFoundWhenMissing" storage="/src/unittestsbibliomate/bin/release/net9.0/unittestsbibliomate.dll" id="8f1fb100-34a7-c9e4-a630-f1d075bbbfde">
      <Execution id="47e8b9bd-2c15-4f1e-98cf-081d8db20ad6" />
      <TestMethod codeBase="/src/UnitTestsBiblioMate/bin/Release/net9.0/UnitTestsBiblioMate.dll" adapterTypeName="executor://xunit/VsTestRunner2/netcoreapp" className="UnitTestsBiblioMate.Controllers.NotificationsLogsControllerTest" name="GetById_ShouldReturnNotFoundWhenMissing" />
    </UnitTest>
    <UnitTest name="UnitTestsBiblioMate.Controllers.ReservationsControllerTest.GetReservation_NotFound_Returns404" storage="/src/unittestsbibliomate/bin/release/net9.0/unittestsbibliomate.dll" id="153d5bc0-e636-6392-9ca7-1391460806fd">
      <Execution id="7f8c22c3-e840-41bd-98ac-c1c910e90370" />
      <TestMethod codeBase="/src/UnitTestsBiblioMate/bin/Release/net9.0/UnitTestsBiblioMate.dll" adapterTypeName="executor://xunit/VsTestRunner2/netcoreapp" className="UnitTestsBiblioMate.Controllers.ReservationsControllerTest" name="GetReservation_NotFound_Returns404" />
    </UnitTest>
    <UnitTest name="UnitTestsBiblioMate.Services.Catalog.ZonesServiceTests.DeleteAsync_ShouldRemoveZone_WhenExists" storage="/src/unittestsbibliomate/bin/release/net9.0/unittestsbibliomate.dll" id="2ac1d93a-842c-4c94-de53-449a41f91da2">
      <Execution id="6dae1612-975d-4472-bf73-254cacffc72d" />
      <TestMethod codeBase="/src/UnitTestsBiblioMate/bin/Release/net9.0/UnitTestsBiblioMate.dll" adapterTypeName="executor://xunit/VsTestRunner2/netcoreapp" className="UnitTestsBiblioMate.Services.Catalog.ZonesServiceTests" name="DeleteAsync_ShouldRemoveZone_WhenExists" />
    </UnitTest>
    <UnitTest name="UnitTestsBiblioMate.Controllers.ReportsControllerTest.GetReports_AsPrivileged_ReturnsOk(role: &quot;Librarian&quot;)" storage="/src/unittestsbibliomate/bin/release/net9.0/unittestsbibliomate.dll" id="09835a22-8289-18e2-506c-c22239cd6174">
      <Execution id="e4129cab-3ad1-44bd-aff8-2a058937d9f9" />
      <TestMethod codeBase="/src/UnitTestsBiblioMate/bin/Release/net9.0/UnitTestsBiblioMate.dll" adapterTypeName="executor://xunit/VsTestRunner2/netcoreapp" className="UnitTestsBiblioMate.Controllers.ReportsControllerTest" name="GetReports_AsPrivileged_ReturnsOk" />
    </UnitTest>
    <UnitTest name="UnitTestsBiblioMate.Controllers.ShelfLevelsControllerTest.GetShelfLevel_NotFound_Returns404" storage="/src/unittestsbibliomate/bin/release/net9.0/unittestsbibliomate.dll" id="14eaf407-5879-a13a-b90b-8a3983a823a7">
      <Execution id="e1fc6d44-80d0-4e31-bc97-c84f3b517217" />
      <TestMethod codeBase="/src/UnitTestsBiblioMate/bin/Release/net9.0/UnitTestsBiblioMate.dll" adapterTypeName="executor://xunit/VsTestRunner2/netcoreapp" className="UnitTestsBiblioMate.Controllers.ShelfLevelsControllerTest" name="GetShelfLevel_NotFound_Returns404" />
    </UnitTest>
    <UnitTest name="UnitTestsBiblioMate.Services.Catalog.ZonesServiceTests.CreateAsync_ShouldAddZone" storage="/src/unittestsbibliomate/bin/release/net9.0/unittestsbibliomate.dll" id="d7b96586-8779-d2ec-9ac9-b94ab77205d6">
      <Execution id="d63df9ce-fef9-4aa6-823a-546b8ab243f1" />
      <TestMethod codeBase="/src/UnitTestsBiblioMate/bin/Release/net9.0/UnitTestsBiblioMate.dll" adapterTypeName="executor://xunit/VsTestRunner2/netcoreapp" className="UnitTestsBiblioMate.Services.Catalog.ZonesServiceTests" name="CreateAsync_ShouldAddZone" />
    </UnitTest>
    <UnitTest name="UnitTestsBiblioMate.Controllers.StocksControllerTest.AdjustStockQuantity_NegativeResult_Returns400" storage="/src/unittestsbibliomate/bin/release/net9.0/unittestsbibliomate.dll" id="f3c313dc-e49e-eb37-0bb0-3c2f1956bd93">
      <Execution id="ae8389de-270c-4789-8bc8-bc797e1755eb" />
      <TestMethod codeBase="/src/UnitTestsBiblioMate/bin/Release/net9.0/UnitTestsBiblioMate.dll" adapterTypeName="executor://xunit/VsTestRunner2/netcoreapp" className="UnitTestsBiblioMate.Controllers.StocksControllerTest" name="AdjustStockQuantity_NegativeResult_Returns400" />
    </UnitTest>
    <UnitTest name="UnitTestsBiblioMate.Controllers.NotificationsControllerTest.UpdateNotification_IdMismatch_ReturnsBadRequest" storage="/src/unittestsbibliomate/bin/release/net9.0/unittestsbibliomate.dll" id="0347d3e5-ef16-a390-3cd5-cc0d1102e942">
      <Execution id="b7f6126f-5b32-44c3-91e8-832c95446df5" />
      <TestMethod codeBase="/src/UnitTestsBiblioMate/bin/Release/net9.0/UnitTestsBiblioMate.dll" adapterTypeName="executor://xunit/VsTestRunner2/netcoreapp" className="UnitTestsBiblioMate.Controllers.NotificationsControllerTest" name="UpdateNotification_IdMismatch_ReturnsBadRequest" />
    </UnitTest>
    <UnitTest name="UnitTestsBiblioMate.Controllers.NotificationsLogsControllerTest.Create_ShouldReturnCreatedWithDocument" storage="/src/unittestsbibliomate/bin/release/net9.0/unittestsbibliomate.dll" id="09a5ccab-d765-6747-ff70-72a4e8ec5a85">
      <Execution id="b0246d8a-dd87-4ca6-a0a6-6adce6ad35b2" />
      <TestMethod codeBase="/src/UnitTestsBiblioMate/bin/Release/net9.0/UnitTestsBiblioMate.dll" adapterTypeName="executor://xunit/VsTestRunner2/netcoreapp" className="UnitTestsBiblioMate.Controllers.NotificationsLogsControllerTest" name="Create_ShouldReturnCreatedWithDocument" />
    </UnitTest>
    <UnitTest name="UnitTestsBiblioMate.Services.Catalog.ZonesServiceTests.GetByIdAsync_ShouldReturnNull_WhenNotExists" storage="/src/unittestsbibliomate/bin/release/net9.0/unittestsbibliomate.dll" id="4270611d-23fc-a93c-5dd8-fb997a9a0681">
      <Execution id="eed92071-6d3b-4be8-b339-9f8ebcfcb5e4" />
      <TestMethod codeBase="/src/UnitTestsBiblioMate/bin/Release/net9.0/UnitTestsBiblioMate.dll" adapterTypeName="executor://xunit/VsTestRunner2/netcoreapp" className="UnitTestsBiblioMate.Services.Catalog.ZonesServiceTests" name="GetByIdAsync_ShouldReturnNull_WhenNotExists" />
    </UnitTest>
    <UnitTest name="UnitTestsBiblioMate.Controllers.ReservationsControllerTest.DeleteReservation_NonOwnerNonAdmin_ReturnsForbid" storage="/src/unittestsbibliomate/bin/release/net9.0/unittestsbibliomate.dll" id="d5511e1d-1a15-abc8-03f9-36e36a13935b">
      <Execution id="694de61b-4ce5-4005-859f-8e511822605d" />
      <TestMethod codeBase="/src/UnitTestsBiblioMate/bin/Release/net9.0/UnitTestsBiblioMate.dll" adapterTypeName="executor://xunit/VsTestRunner2/netcoreapp" className="UnitTestsBiblioMate.Controllers.ReservationsControllerTest" name="DeleteReservation_NonOwnerNonAdmin_ReturnsForbid" />
    </UnitTest>
    <UnitTest name="UnitTestsBiblioMate.Controllers.TagsControllerTest.Ensure_AlreadyExists_ReturnsOk" storage="/src/unittestsbibliomate/bin/release/net9.0/unittestsbibliomate.dll" id="8f96e113-5807-df8e-7328-2aa0ccfcc9cc">
      <Execution id="6f2e758f-bede-4f0a-b3f9-632d5bac4ef4" />
      <TestMethod codeBase="/src/UnitTestsBiblioMate/bin/Release/net9.0/UnitTestsBiblioMate.dll" adapterTypeName="executor://xunit/VsTestRunner2/netcoreapp" className="UnitTestsBiblioMate.Controllers.TagsControllerTest" name="Ensure_AlreadyExists_ReturnsOk" />
    </UnitTest>
    <UnitTest name="UnitTestsBiblioMate.Services.Catalog.StockServiceTest.UpdateAvailability_WithContext_AutoPersists" storage="/src/unittestsbibliomate/bin/release/net9.0/unittestsbibliomate.dll" id="55a0656b-17ed-7bb3-880e-671e5380bd48">
      <Execution id="bbb2e6a4-26b4-4c40-8623-32aa2f755da0" />
      <TestMethod codeBase="/src/UnitTestsBiblioMate/bin/Release/net9.0/UnitTestsBiblioMate.dll" adapterTypeName="executor://xunit/VsTestRunner2/netcoreapp" className="UnitTestsBiblioMate.Services.Catalog.StockServiceTest" name="UpdateAvailability_WithContext_AutoPersists" />
    </UnitTest>
    <UnitTest name="UnitTestsBiblioMate.Services.Notifications.NotificationServiceTests.NotifyUser_UserExists_SendsHubAndEmail" storage="/src/unittestsbibliomate/bin/release/net9.0/unittestsbibliomate.dll" id="923b171d-50f0-df3b-fd80-513110c820c5">
      <Execution id="73e82195-a31a-4ffe-8c31-c73543b26c89" />
      <TestMethod codeBase="/src/UnitTestsBiblioMate/bin/Release/net9.0/UnitTestsBiblioMate.dll" adapterTypeName="executor://xunit/VsTestRunner2/netcoreapp" className="UnitTestsBiblioMate.Services.Notifications.NotificationServiceTests" name="NotifyUser_UserExists_SendsHubAndEmail" />
    </UnitTest>
    <UnitTest name="UnitTestsBiblioMate.Services.Infrastructure.Logging.MongoLogServiceTest.AddAsync_NullLog_ThrowsArgumentNullException" storage="/src/unittestsbibliomate/bin/release/net9.0/unittestsbibliomate.dll" id="9905d683-52b9-0716-1304-d7029775ecb5">
      <Execution id="32279e2a-97e5-4f39-af6c-ed8600a9a689" />
      <TestMethod codeBase="/src/UnitTestsBiblioMate/bin/Release/net9.0/UnitTestsBiblioMate.dll" adapterTypeName="executor://xunit/VsTestRunner2/netcoreapp" className="UnitTestsBiblioMate.Services.Infrastructure.Logging.MongoLogServiceTest" name="AddAsync_NullLog_ThrowsArgumentNullException" />
    </UnitTest>
    <UnitTest name="UnitTestsBiblioMate.Services.Notifications.NotificationServiceTests.NotifyUser_UserDoesNotExist_DoesNothing" storage="/src/unittestsbibliomate/bin/release/net9.0/unittestsbibliomate.dll" id="027760f8-b435-7e12-465b-e668a6274c94">
      <Execution id="e35ee7a2-5739-45e7-969a-9bcf25f96ffe" />
      <TestMethod codeBase="/src/UnitTestsBiblioMate/bin/Release/net9.0/UnitTestsBiblioMate.dll" adapterTypeName="executor://xunit/VsTestRunner2/netcoreapp" className="UnitTestsBiblioMate.Services.Notifications.NotificationServiceTests" name="NotifyUser_UserDoesNotExist_DoesNothing" />
    </UnitTest>
    <UnitTest name="UnitTestsBiblioMate.Controllers.ShelvesControllerTest.GetShelf_NotFound_Returns404" storage="/src/unittestsbibliomate/bin/release/net9.0/unittestsbibliomate.dll" id="46461ac9-45e6-bd55-f5b7-c4c8b88626ae">
      <Execution id="364ada82-62b7-4b5e-8a30-f79df6a93041" />
      <TestMethod codeBase="/src/UnitTestsBiblioMate/bin/Release/net9.0/UnitTestsBiblioMate.dll" adapterTypeName="executor://xunit/VsTestRunner2/netcoreapp" className="UnitTestsBiblioMate.Controllers.ShelvesControllerTest" name="GetShelf_NotFound_Returns404" />
    </UnitTest>
    <UnitTest name="UnitTestsBiblioMate.Controllers.ReportsControllerTest.DeleteReport_NonOwnerNonAdmin_ReturnsForbid" storage="/src/unittestsbibliomate/bin/release/net9.0/unittestsbibliomate.dll" id="63159009-ce85-97e5-2e35-37e8db0cab9d">
      <Execution id="bdc63a63-5145-43a6-8695-c81804928d6a" />
      <TestMethod codeBase="/src/UnitTestsBiblioMate/bin/Release/net9.0/UnitTestsBiblioMate.dll" adapterTypeName="executor://xunit/VsTestRunner2/netcoreapp" className="UnitTestsBiblioMate.Controllers.ReportsControllerTest" name="DeleteReport_NonOwnerNonAdmin_ReturnsForbid" />
    </UnitTest>
    <UnitTest name="UnitTestsBiblioMate.Controllers.NotificationsControllerTest.GetNotification_NotFound_Returns404" storage="/src/unittestsbibliomate/bin/release/net9.0/unittestsbibliomate.dll" id="14b85bfd-2089-ff50-f34f-7bd7eb7fb5c6">
      <Execution id="b0233ad3-f9b9-4711-8390-cf047f10d15b" />
      <TestMethod codeBase="/src/UnitTestsBiblioMate/bin/Release/net9.0/UnitTestsBiblioMate.dll" adapterTypeName="executor://xunit/VsTestRunner2/netcoreapp" className="UnitTestsBiblioMate.Controllers.NotificationsControllerTest" name="GetNotification_NotFound_Returns404" />
    </UnitTest>
    <UnitTest name="UnitTestsBiblioMate.Services.Loans.LoanServiceTests.CreateAsync_ShouldCreateLoan_WhenDataIsValid" storage="/src/unittestsbibliomate/bin/release/net9.0/unittestsbibliomate.dll" id="72120d5f-3485-95f9-15bf-e646ddb5a462">
      <Execution id="b2e56984-c706-4f5e-9a50-5ef841187966" />
      <TestMethod codeBase="/src/UnitTestsBiblioMate/bin/Release/net9.0/UnitTestsBiblioMate.dll" adapterTypeName="executor://xunit/VsTestRunner2/netcoreapp" className="UnitTestsBiblioMate.Services.Loans.LoanServiceTests" name="CreateAsync_ShouldCreateLoan_WhenDataIsValid" />
    </UnitTest>
    <UnitTest name="UnitTestsBiblioMate.Controllers.TagsControllerTest.CreateTag_ReturnsCreated" storage="/src/unittestsbibliomate/bin/release/net9.0/unittestsbibliomate.dll" id="14453490-bb14-5f23-f9ac-29e7a5a7381f">
      <Execution id="3c8ace84-2a84-4b52-bcdd-8c2bc1d6a72d" />
      <TestMethod codeBase="/src/UnitTestsBiblioMate/bin/Release/net9.0/UnitTestsBiblioMate.dll" adapterTypeName="executor://xunit/VsTestRunner2/netcoreapp" className="UnitTestsBiblioMate.Controllers.TagsControllerTest" name="CreateTag_ReturnsCreated" />
    </UnitTest>
    <UnitTest name="UnitTestsBiblioMate.Controllers.UsersControllerTest.DeleteUser_NotFound_Returns404" storage="/src/unittestsbibliomate/bin/release/net9.0/unittestsbibliomate.dll" id="a5d458e0-c90c-4413-d344-469817752706">
      <Execution id="a5c83e2c-f772-4972-a6a9-405c5b7c0c47" />
      <TestMethod codeBase="/src/UnitTestsBiblioMate/bin/Release/net9.0/UnitTestsBiblioMate.dll" adapterTypeName="executor://xunit/VsTestRunner2/netcoreapp" className="UnitTestsBiblioMate.Controllers.UsersControllerTest" name="DeleteUser_NotFound_Returns404" />
    </UnitTest>
    <UnitTest name="UnitTestsBiblioMate.Controllers.NotificationsLogsControllerTest.GetAll_ShouldReturnOkWithLogs" storage="/src/unittestsbibliomate/bin/release/net9.0/unittestsbibliomate.dll" id="9782ed97-3150-f282-0b09-4ea654495e36">
      <Execution id="1891e0bd-2e97-4052-ae0a-178dac825ab4" />
      <TestMethod codeBase="/src/UnitTestsBiblioMate/bin/Release/net9.0/UnitTestsBiblioMate.dll" adapterTypeName="executor://xunit/VsTestRunner2/netcoreapp" className="UnitTestsBiblioMate.Controllers.NotificationsLogsControllerTest" name="GetAll_ShouldReturnOkWithLogs" />
    </UnitTest>
    <UnitTest name="UnitTestsBiblioMate.Controllers.ReservationsControllerTest.UpdateReservation_NotFound_Returns404" storage="/src/unittestsbibliomate/bin/release/net9.0/unittestsbibliomate.dll" id="db5c7ea7-4593-48c6-fdde-3179cd7ebc37">
      <Execution id="5addaab5-7eb3-4879-93f6-4f3264a3b752" />
      <TestMethod codeBase="/src/UnitTestsBiblioMate/bin/Release/net9.0/UnitTestsBiblioMate.dll" adapterTypeName="executor://xunit/VsTestRunner2/netcoreapp" className="UnitTestsBiblioMate.Controllers.ReservationsControllerTest" name="UpdateReservation_NotFound_Returns404" />
    </UnitTest>
    <UnitTest name="UnitTestsBiblioMate.Controllers.UsersControllerTest.UpdateUser_NotFound_Returns404" storage="/src/unittestsbibliomate/bin/release/net9.0/unittestsbibliomate.dll" id="01f36744-877e-12e6-bbb5-72ac2f5ca729">
      <Execution id="dba656c2-f187-4a48-be0c-d474a2f82fc0" />
      <TestMethod codeBase="/src/UnitTestsBiblioMate/bin/Release/net9.0/UnitTestsBiblioMate.dll" adapterTypeName="executor://xunit/VsTestRunner2/netcoreapp" className="UnitTestsBiblioMate.Controllers.UsersControllerTest" name="UpdateUser_NotFound_Returns404" />
    </UnitTest>
    <UnitTest name="UnitTestsBiblioMate.Services.Catalog.StockServiceTest.Decrease_ShouldSubtractOneAndReflectAvailability(initialQty: 2, expectedQty: 1, expectedAvailable: True)" storage="/src/unittestsbibliomate/bin/release/net9.0/unittestsbibliomate.dll" id="3a3971d1-7e0b-55ff-6ff8-e671e9ab7f8f">
      <Execution id="79899afb-dbe4-432f-a0e8-9787d93c56c3" />
      <TestMethod codeBase="/src/UnitTestsBiblioMate/bin/Release/net9.0/UnitTestsBiblioMate.dll" adapterTypeName="executor://xunit/VsTestRunner2/netcoreapp" className="UnitTestsBiblioMate.Services.Catalog.StockServiceTest" name="Decrease_ShouldSubtractOneAndReflectAvailability" />
    </UnitTest>
    <UnitTest name="UnitTestsBiblioMate.Services.Users.UserServiceTests.DeleteAsync_ShouldRemoveUser_WhenExists" storage="/src/unittestsbibliomate/bin/release/net9.0/unittestsbibliomate.dll" id="b3512a68-ca79-0664-cf66-babca336ba18">
      <Execution id="f6c45ba9-3ace-4862-8643-42ad7c0dbe6c" />
      <TestMethod codeBase="/src/UnitTestsBiblioMate/bin/Release/net9.0/UnitTestsBiblioMate.dll" adapterTypeName="executor://xunit/VsTestRunner2/netcoreapp" className="UnitTestsBiblioMate.Services.Users.UserServiceTests" name="DeleteAsync_ShouldRemoveUser_WhenExists" />
    </UnitTest>
    <UnitTest name="UnitTestsBiblioMate.Services.Catalog.StockServiceTest.Increase_ShouldAddOneAndReflectAvailability(initialQty: 0, expectedQty: 1, expectedAvailable: True)" storage="/src/unittestsbibliomate/bin/release/net9.0/unittestsbibliomate.dll" id="d74dcaff-5c21-2ec1-116c-8a156c503495">
      <Execution id="1d9056e4-c4ca-4528-bbd0-0f172b402302" />
      <TestMethod codeBase="/src/UnitTestsBiblioMate/bin/Release/net9.0/UnitTestsBiblioMate.dll" adapterTypeName="executor://xunit/VsTestRunner2/netcoreapp" className="UnitTestsBiblioMate.Services.Catalog.StockServiceTest" name="Increase_ShouldAddOneAndReflectAvailability" />
    </UnitTest>
    <UnitTest name="UnitTestsBiblioMate.Controllers.LocationsControllerTest.Ensure_ShouldReturnBadRequest_WhenDtoIsNull" storage="/src/unittestsbibliomate/bin/release/net9.0/unittestsbibliomate.dll" id="33f52e02-ac78-0991-5fef-c8bdc94fe102">
      <Execution id="d90b07ab-d93e-4b90-9f47-6df315dfbc0e" />
      <TestMethod codeBase="/src/UnitTestsBiblioMate/bin/Release/net9.0/UnitTestsBiblioMate.dll" adapterTypeName="executor://xunit/VsTestRunner2/netcoreapp" className="UnitTestsBiblioMate.Controllers.LocationsControllerTest" name="Ensure_ShouldReturnBadRequest_WhenDtoIsNull" />
    </UnitTest>
    <UnitTest name="UnitTestsBiblioMate.Services.Catalog.StockServiceTest.AdjustQuantity_ShouldChangeQuantityAndReflectAvailability(initialQty: 0, adjustment: 0, expectedQty: 0, expectedAvailable: False)" storage="/src/unittestsbibliomate/bin/release/net9.0/unittestsbibliomate.dll" id="b1366b9b-9fe9-d007-81f9-f20058dd0f98">
      <Execution id="043e2e70-dff6-4876-aec5-082fd74c6083" />
      <TestMethod codeBase="/src/UnitTestsBiblioMate/bin/Release/net9.0/UnitTestsBiblioMate.dll" adapterTypeName="executor://xunit/VsTestRunner2/netcoreapp" className="UnitTestsBiblioMate.Services.Catalog.StockServiceTest" name="AdjustQuantity_ShouldChangeQuantityAndReflectAvailability" />
    </UnitTest>
    <UnitTest name="UnitTestsBiblioMate.Services.Catalog.LocationServiceTest.GetFloorsAsync_ReturnsDistinctSortedFloors" storage="/src/unittestsbibliomate/bin/release/net9.0/unittestsbibliomate.dll" id="dfab44d7-5fee-7a8b-a351-768e20dad56a">
      <Execution id="bd794b40-044a-4b9d-a0de-1e7f604b9a58" />
      <TestMethod codeBase="/src/UnitTestsBiblioMate/bin/Release/net9.0/UnitTestsBiblioMate.dll" adapterTypeName="executor://xunit/VsTestRunner2/netcoreapp" className="UnitTestsBiblioMate.Services.Catalog.LocationServiceTest" name="GetFloorsAsync_ReturnsDistinctSortedFloors" />
    </UnitTest>
    <UnitTest name="UnitTestsBiblioMate.Controllers.GenresControllerTest.GetGenre_ShouldReturnOkWhenFound" storage="/src/unittestsbibliomate/bin/release/net9.0/unittestsbibliomate.dll" id="3259dd0b-0136-4100-5684-d26e7d815d92">
      <Execution id="19af39a4-62ed-4907-82ea-6d2d64c6bcad" />
      <TestMethod codeBase="/src/UnitTestsBiblioMate/bin/Release/net9.0/UnitTestsBiblioMate.dll" adapterTypeName="executor://xunit/VsTestRunner2/netcoreapp" className="UnitTestsBiblioMate.Controllers.GenresControllerTest" name="GetGenre_ShouldReturnOkWhenFound" />
    </UnitTest>
    <UnitTest name="UnitTestsBiblioMate.Services.Infrastructure.Security.EncryptionServiceTest.Constructor_ShouldThrow_WhenKeyInvalidBase64" storage="/src/unittestsbibliomate/bin/release/net9.0/unittestsbibliomate.dll" id="43a9a439-4235-e8d0-9434-2f57b3d5c59d">
      <Execution id="b6ceaa9e-4e73-4631-ae3d-36d3d5444a0b" />
      <TestMethod codeBase="/src/UnitTestsBiblioMate/bin/Release/net9.0/UnitTestsBiblioMate.dll" adapterTypeName="executor://xunit/VsTestRunner2/netcoreapp" className="UnitTestsBiblioMate.Services.Infrastructure.Security.EncryptionServiceTest" name="Constructor_ShouldThrow_WhenKeyInvalidBase64" />
    </UnitTest>
    <UnitTest name="UnitTestsBiblioMate.Controllers.AuthsControllerTest.RequestPasswordReset_ShouldReturnNotFoundOnFailure" storage="/src/unittestsbibliomate/bin/release/net9.0/unittestsbibliomate.dll" id="a5545432-3c78-0651-1f2d-d21157061201">
      <Execution id="2198b7ed-db24-48f8-9811-fac269800fc5" />
      <TestMethod codeBase="/src/UnitTestsBiblioMate/bin/Release/net9.0/UnitTestsBiblioMate.dll" adapterTypeName="executor://xunit/VsTestRunner2/netcoreapp" className="UnitTestsBiblioMate.Controllers.AuthsControllerTest" name="RequestPasswordReset_ShouldReturnNotFoundOnFailure" />
    </UnitTest>
    <UnitTest name="UnitTestsBiblioMate.Controllers.StocksControllerTest.AdjustStockQuantity_NotFound_Returns404" storage="/src/unittestsbibliomate/bin/release/net9.0/unittestsbibliomate.dll" id="213a721f-8a18-f5e6-b562-2dfdd1161cf1">
      <Execution id="83a5224a-806b-43b2-89dd-79dd21edce10" />
      <TestMethod codeBase="/src/UnitTestsBiblioMate/bin/Release/net9.0/UnitTestsBiblioMate.dll" adapterTypeName="executor://xunit/VsTestRunner2/netcoreapp" className="UnitTestsBiblioMate.Controllers.StocksControllerTest" name="AdjustStockQuantity_NotFound_Returns404" />
    </UnitTest>
    <UnitTest name="UnitTestsBiblioMate.Services.Reports.SearchActivityLogServiceTests.Ctor_NullOptions_Throws" storage="/src/unittestsbibliomate/bin/release/net9.0/unittestsbibliomate.dll" id="1ae3ac0d-4fa8-776c-562b-3a411691f5ef">
      <Execution id="9966162e-e0e8-4d0a-989d-f7c5413c0313" />
      <TestMethod codeBase="/src/UnitTestsBiblioMate/bin/Release/net9.0/UnitTestsBiblioMate.dll" adapterTypeName="executor://xunit/VsTestRunner2/netcoreapp" className="UnitTestsBiblioMate.Services.Reports.SearchActivityLogServiceTests" name="Ctor_NullOptions_Throws" />
    </UnitTest>
    <UnitTest name="UnitTestsBiblioMate.Services.Users.AuthServiceTests.RequestPasswordResetAsync_ShouldSendEmail_WhenUserExists" storage="/src/unittestsbibliomate/bin/release/net9.0/unittestsbibliomate.dll" id="ea86374e-5138-b4e2-1e50-e21dbab79100">
      <Execution id="405f2d1d-a98d-40c7-b9cc-f02b9b6799ed" />
      <TestMethod codeBase="/src/UnitTestsBiblioMate/bin/Release/net9.0/UnitTestsBiblioMate.dll" adapterTypeName="executor://xunit/VsTestRunner2/netcoreapp" className="UnitTestsBiblioMate.Services.Users.AuthServiceTests" name="RequestPasswordResetAsync_ShouldSendEmail_WhenUserExists" />
    </UnitTest>
    <UnitTest name="UnitTestsBiblioMate.Controllers.UsersControllerTest.UpdateUserRole_NotFound_Returns404" storage="/src/unittestsbibliomate/bin/release/net9.0/unittestsbibliomate.dll" id="fcf5a9fb-30ef-3069-4d04-687745715fdd">
      <Execution id="ba94ea5f-5abf-4b97-98c8-0c9327c8fd0e" />
      <TestMethod codeBase="/src/UnitTestsBiblioMate/bin/Release/net9.0/UnitTestsBiblioMate.dll" adapterTypeName="executor://xunit/VsTestRunner2/netcoreapp" className="UnitTestsBiblioMate.Controllers.UsersControllerTest" name="UpdateUserRole_NotFound_Returns404" />
    </UnitTest>
    <UnitTest name="UnitTestsBiblioMate.Controllers.ReportsControllerTest.GetReport_NotFound_Returns404" storage="/src/unittestsbibliomate/bin/release/net9.0/unittestsbibliomate.dll" id="7b50df33-f9ea-df0e-5baa-1efa4191fff0">
      <Execution id="60a90c41-5448-4eb6-8abb-b584b05a9afe" />
      <TestMethod codeBase="/src/UnitTestsBiblioMate/bin/Release/net9.0/UnitTestsBiblioMate.dll" adapterTypeName="executor://xunit/VsTestRunner2/netcoreapp" className="UnitTestsBiblioMate.Controllers.ReportsControllerTest" name="GetReport_NotFound_Returns404" />
    </UnitTest>
    <UnitTest name="UnitTestsBiblioMate.Controllers.UsersControllerTest.DebugToken_ReturnsOkWithClaims" storage="/src/unittestsbibliomate/bin/release/net9.0/unittestsbibliomate.dll" id="d0892791-eee6-1e4a-9b66-135b14f505e6">
      <Execution id="ca7efe94-7499-4216-adaf-39e739b86769" />
      <TestMethod codeBase="/src/UnitTestsBiblioMate/bin/Release/net9.0/UnitTestsBiblioMate.dll" adapterTypeName="executor://xunit/VsTestRunner2/netcoreapp" className="UnitTestsBiblioMate.Controllers.UsersControllerTest" name="DebugToken_ReturnsOkWithClaims" />
    </UnitTest>
    <UnitTest name="UnitTestsBiblioMate.Controllers.GenresControllerTest.DeleteGenre_ShouldReturnNoContentWhenSuccess" storage="/src/unittestsbibliomate/bin/release/net9.0/unittestsbibliomate.dll" id="b8832dfa-b4f0-9464-db9a-b4504d326b53">
      <Execution id="e006dd18-1326-4f82-a765-739cfc820469" />
      <TestMethod codeBase="/src/UnitTestsBiblioMate/bin/Release/net9.0/UnitTestsBiblioMate.dll" adapterTypeName="executor://xunit/VsTestRunner2/netcoreapp" className="UnitTestsBiblioMate.Controllers.GenresControllerTest" name="DeleteGenre_ShouldReturnNoContentWhenSuccess" />
    </UnitTest>
    <UnitTest name="UnitTestsBiblioMate.Services.Catalog.StockServiceTest.Increase_WithContext_IncrementsAndPersists" storage="/src/unittestsbibliomate/bin/release/net9.0/unittestsbibliomate.dll" id="2d0f2c2d-67a2-9ebf-f7c7-b17e2c930ce8">
      <Execution id="603c29c5-a154-4bef-8cec-0103e7189757" />
      <TestMethod codeBase="/src/UnitTestsBiblioMate/bin/Release/net9.0/UnitTestsBiblioMate.dll" adapterTypeName="executor://xunit/VsTestRunner2/netcoreapp" className="UnitTestsBiblioMate.Services.Catalog.StockServiceTest" name="Increase_WithContext_IncrementsAndPersists" />
    </UnitTest>
    <UnitTest name="UnitTestsBiblioMate.Controllers.StocksControllerTest.DeleteStock_NotFound_Returns404" storage="/src/unittestsbibliomate/bin/release/net9.0/unittestsbibliomate.dll" id="23415afc-7f6d-975b-5632-f098a4cac009">
      <Execution id="bd9ebe06-1d2c-4a28-908b-742bb9d39d92" />
      <TestMethod codeBase="/src/UnitTestsBiblioMate/bin/Release/net9.0/UnitTestsBiblioMate.dll" adapterTypeName="executor://xunit/VsTestRunner2/netcoreapp" className="UnitTestsBiblioMate.Controllers.StocksControllerTest" name="DeleteStock_NotFound_Returns404" />
    </UnitTest>
    <UnitTest name="UnitTestsBiblioMate.Controllers.RecommendationsControllerTest.GetRecommendations_AdminRequestsOtherUser_ReturnsOk" storage="/src/unittestsbibliomate/bin/release/net9.0/unittestsbibliomate.dll" id="0052a6bb-d12a-206f-8b5a-f2ae9964093b">
      <Execution id="12fddf0c-930a-405f-9956-07fc5ded706e" />
      <TestMethod codeBase="/src/UnitTestsBiblioMate/bin/Release/net9.0/UnitTestsBiblioMate.dll" adapterTypeName="executor://xunit/VsTestRunner2/netcoreapp" className="UnitTestsBiblioMate.Controllers.RecommendationsControllerTest" name="GetRecommendations_AdminRequestsOtherUser_ReturnsOk" />
    </UnitTest>
    <UnitTest name="UnitTestsBiblioMate.Services.Reports.SearchActivityLogServiceTests.Ctor_NullClient_Throws" storage="/src/unittestsbibliomate/bin/release/net9.0/unittestsbibliomate.dll" id="3cc96931-b930-5043-760c-a9070e9bd0f3">
      <Execution id="458ffaef-1311-4ccc-8e1e-ae86e323b2c1" />
      <TestMethod codeBase="/src/UnitTestsBiblioMate/bin/Release/net9.0/UnitTestsBiblioMate.dll" adapterTypeName="executor://xunit/VsTestRunner2/netcoreapp" className="UnitTestsBiblioMate.Services.Reports.SearchActivityLogServiceTests" name="Ctor_NullClient_Throws" />
    </UnitTest>
    <UnitTest name="UnitTestsBiblioMate.Services.Catalog.AuthorServiceTest.UpdateAsync_ShouldModifyAuthor_WhenExists" storage="/src/unittestsbibliomate/bin/release/net9.0/unittestsbibliomate.dll" id="79207d79-bdf3-6096-3119-e45cf7966a71">
      <Execution id="1606c947-f654-44f7-9577-b0a31812ed8f" />
      <TestMethod codeBase="/src/UnitTestsBiblioMate/bin/Release/net9.0/UnitTestsBiblioMate.dll" adapterTypeName="executor://xunit/VsTestRunner2/netcoreapp" className="UnitTestsBiblioMate.Services.Catalog.AuthorServiceTest" name="UpdateAsync_ShouldModifyAuthor_WhenExists" />
    </UnitTest>
    <UnitTest name="UnitTestsBiblioMate.Services.Catalog.BookServiceTest.SearchAsync_FiltersByTitle_Author_Genre_Publisher_Isbn_Range_Tags_Description_Exclude" storage="/src/unittestsbibliomate/bin/release/net9.0/unittestsbibliomate.dll" id="5d2aec3d-99ab-3fcd-f21d-093108de1f24">
      <Execution id="fe76409a-1144-4339-b26a-559ae8e8ef9c" />
      <TestMethod codeBase="/src/UnitTestsBiblioMate/bin/Release/net9.0/UnitTestsBiblioMate.dll" adapterTypeName="executor://xunit/VsTestRunner2/netcoreapp" className="UnitTestsBiblioMate.Services.Catalog.BookServiceTest" name="SearchAsync_FiltersByTitle_Author_Genre_Publisher_Isbn_Range_Tags_Description_Exclude" />
    </UnitTest>
    <UnitTest name="UnitTestsBiblioMate.Services.Infrastructure.External.GoogleBooksServiceTest.SearchAsync_InvalidTerm_ThrowsArgumentException(term: null)" storage="/src/unittestsbibliomate/bin/release/net9.0/unittestsbibliomate.dll" id="a642237a-545d-4d4b-f2a8-58611c667e2e">
      <Execution id="715f6f94-0a08-408f-ad94-a821b60dfee3" />
      <TestMethod codeBase="/src/UnitTestsBiblioMate/bin/Release/net9.0/UnitTestsBiblioMate.dll" adapterTypeName="executor://xunit/VsTestRunner2/netcoreapp" className="UnitTestsBiblioMate.Services.Infrastructure.External.GoogleBooksServiceTest" name="SearchAsync_InvalidTerm_ThrowsArgumentException" />
    </UnitTest>
    <UnitTest name="UnitTestsBiblioMate.Controllers.GenresControllerTest.CreateGenre_ShouldReturnServiceResult" storage="/src/unittestsbibliomate/bin/release/net9.0/unittestsbibliomate.dll" id="3854d9d0-a2b2-f7c7-c1b2-ed47843787e5">
      <Execution id="8cf5eec0-d77c-4957-b87f-409c54ac342b" />
      <TestMethod codeBase="/src/UnitTestsBiblioMate/bin/Release/net9.0/UnitTestsBiblioMate.dll" adapterTypeName="executor://xunit/VsTestRunner2/netcoreapp" className="UnitTestsBiblioMate.Controllers.GenresControllerTest" name="CreateGenre_ShouldReturnServiceResult" />
    </UnitTest>
    <UnitTest name="UnitTestsBiblioMate.Services.Catalog.BookServiceTest.CreateAsync_WithLocation_UsesLocationServiceToResolveShelfLevel" storage="/src/unittestsbibliomate/bin/release/net9.0/unittestsbibliomate.dll" id="0055b807-349c-f5e1-67db-a1b0ab9c4f61">
      <Execution id="c953f94d-afed-4886-84ba-d5541cd128e9" />
      <TestMethod codeBase="/src/UnitTestsBiblioMate/bin/Release/net9.0/UnitTestsBiblioMate.dll" adapterTypeName="executor://xunit/VsTestRunner2/netcoreapp" className="UnitTestsBiblioMate.Services.Catalog.BookServiceTest" name="CreateAsync_WithLocation_UsesLocationServiceToResolveShelfLevel" />
    </UnitTest>
    <UnitTest name="UnitTestsBiblioMate.Controllers.TagsControllerTest.Ensure_Created_ReturnsCreatedAt" storage="/src/unittestsbibliomate/bin/release/net9.0/unittestsbibliomate.dll" id="7bcb1def-3ef0-5767-0316-7d9c28a4f651">
      <Execution id="140b17a2-4053-420b-bea3-2c8017bc618a" />
      <TestMethod codeBase="/src/UnitTestsBiblioMate/bin/Release/net9.0/UnitTestsBiblioMate.dll" adapterTypeName="executor://xunit/VsTestRunner2/netcoreapp" className="UnitTestsBiblioMate.Controllers.TagsControllerTest" name="Ensure_Created_ReturnsCreatedAt" />
    </UnitTest>
    <UnitTest name="UnitTestsBiblioMate.Controllers.LocationsControllerTest.GetLevels_ShouldReturnNotFound_WhenEmpty" storage="/src/unittestsbibliomate/bin/release/net9.0/unittestsbibliomate.dll" id="ad69ce10-824a-af09-c8b0-ddacbb84000b">
      <Execution id="a6e27ad1-3a86-408f-8bf8-ddea3b8172e1" />
      <TestMethod codeBase="/src/UnitTestsBiblioMate/bin/Release/net9.0/UnitTestsBiblioMate.dll" adapterTypeName="executor://xunit/VsTestRunner2/netcoreapp" className="UnitTestsBiblioMate.Controllers.LocationsControllerTest" name="GetLevels_ShouldReturnNotFound_WhenEmpty" />
    </UnitTest>
    <UnitTest name="UnitTestsBiblioMate.Controllers.ZonesControllerTest.DeleteZone_Success_ReturnsNoContent" storage="/src/unittestsbibliomate/bin/release/net9.0/unittestsbibliomate.dll" id="718575dd-3c49-634b-0b7d-c855ffca3814">
      <Execution id="43631b4f-5f46-4f68-b9cc-a1c79797c5b5" />
      <TestMethod codeBase="/src/UnitTestsBiblioMate/bin/Release/net9.0/UnitTestsBiblioMate.dll" adapterTypeName="executor://xunit/VsTestRunner2/netcoreapp" className="UnitTestsBiblioMate.Controllers.ZonesControllerTest" name="DeleteZone_Success_ReturnsNoContent" />
    </UnitTest>
    <UnitTest name="UnitTestsBiblioMate.Controllers.UsersControllerTest.GetUser_NotFound_Returns404" storage="/src/unittestsbibliomate/bin/release/net9.0/unittestsbibliomate.dll" id="1544607d-f5b5-63ff-02eb-d47b3c99bca8">
      <Execution id="4a6218cd-93fa-429a-a238-7ac663323fea" />
      <TestMethod codeBase="/src/UnitTestsBiblioMate/bin/Release/net9.0/UnitTestsBiblioMate.dll" adapterTypeName="executor://xunit/VsTestRunner2/netcoreapp" className="UnitTestsBiblioMate.Controllers.UsersControllerTest" name="GetUser_NotFound_Returns404" />
    </UnitTest>
    <UnitTest name="UnitTestsBiblioMate.Controllers.AuthsControllerTest.ResetPassword_ShouldReturnOkOnSuccess" storage="/src/unittestsbibliomate/bin/release/net9.0/unittestsbibliomate.dll" id="7abce175-04c2-7b58-df54-bb764fbcb581">
      <Execution id="f81f5bb8-09d9-4bb3-a76d-f2017918468a" />
      <TestMethod codeBase="/src/UnitTestsBiblioMate/bin/Release/net9.0/UnitTestsBiblioMate.dll" adapterTypeName="executor://xunit/VsTestRunner2/netcoreapp" className="UnitTestsBiblioMate.Controllers.AuthsControllerTest" name="ResetPassword_ShouldReturnOkOnSuccess" />
    </UnitTest>
    <UnitTest name="UnitTestsBiblioMate.Controllers.LocationsControllerTest.Ensure_ShouldReturnOk_WhenDtoValid" storage="/src/unittestsbibliomate/bin/release/net9.0/unittestsbibliomate.dll" id="c01aeb4c-364a-335c-825f-7ecf96ee3642">
      <Execution id="4edf8dc1-9d1b-4cf2-ae96-2c6ef7038d39" />
      <TestMethod codeBase="/src/UnitTestsBiblioMate/bin/Release/net9.0/UnitTestsBiblioMate.dll" adapterTypeName="executor://xunit/VsTestRunner2/netcoreapp" className="UnitTestsBiblioMate.Controllers.LocationsControllerTest" name="Ensure_ShouldReturnOk_WhenDtoValid" />
    </UnitTest>
    <UnitTest name="UnitTestsBiblioMate.Services.Users.AuthServiceTests.ApproveUserAsync_ShouldApprove_WhenUserExists" storage="/src/unittestsbibliomate/bin/release/net9.0/unittestsbibliomate.dll" id="e3cd0309-82d4-eb3a-4c53-c5ab2f6fe421">
      <Execution id="ca2cad16-ee84-468c-ab55-3c6e673bcb4f" />
      <TestMethod codeBase="/src/UnitTestsBiblioMate/bin/Release/net9.0/UnitTestsBiblioMate.dll" adapterTypeName="executor://xunit/VsTestRunner2/netcoreapp" className="UnitTestsBiblioMate.Services.Users.AuthServiceTests" name="ApproveUserAsync_ShouldApprove_WhenUserExists" />
    </UnitTest>
    <UnitTest name="UnitTestsBiblioMate.Controllers.UsersControllerTest.UpdateCurrentUser_Self_ReturnsOkAndLogs" storage="/src/unittestsbibliomate/bin/release/net9.0/unittestsbibliomate.dll" id="b7f97835-e832-c68d-3da8-37360c55d6bd">
      <Execution id="44db29b3-5d9a-453b-afd2-7e8db7245abc" />
      <TestMethod codeBase="/src/UnitTestsBiblioMate/bin/Release/net9.0/UnitTestsBiblioMate.dll" adapterTypeName="executor://xunit/VsTestRunner2/netcoreapp" className="UnitTestsBiblioMate.Controllers.UsersControllerTest" name="UpdateCurrentUser_Self_ReturnsOkAndLogs" />
    </UnitTest>
    <UnitTest name="UnitTestsBiblioMate.Controllers.ReportsControllerTest.GetReports_AsPrivileged_ReturnsOk(role: &quot;Admin&quot;)" storage="/src/unittestsbibliomate/bin/release/net9.0/unittestsbibliomate.dll" id="8686141b-83b8-b1d5-e9eb-bb2972b4b749">
      <Execution id="4ad553d5-eefa-4476-8abd-e437f389272a" />
      <TestMethod codeBase="/src/UnitTestsBiblioMate/bin/Release/net9.0/UnitTestsBiblioMate.dll" adapterTypeName="executor://xunit/VsTestRunner2/netcoreapp" className="UnitTestsBiblioMate.Controllers.ReportsControllerTest" name="GetReports_AsPrivileged_ReturnsOk" />
    </UnitTest>
    <UnitTest name="UnitTestsBiblioMate.Controllers.LocationsControllerTest.GetAisles_ShouldReturnNotFound_WhenEmpty" storage="/src/unittestsbibliomate/bin/release/net9.0/unittestsbibliomate.dll" id="fa5d53e2-0ed0-04e9-72ff-e7e9f0ff0679">
      <Execution id="96ce2647-2878-4313-9f3f-039a43dcc1a8" />
      <TestMethod codeBase="/src/UnitTestsBiblioMate/bin/Release/net9.0/UnitTestsBiblioMate.dll" adapterTypeName="executor://xunit/VsTestRunner2/netcoreapp" className="UnitTestsBiblioMate.Controllers.LocationsControllerTest" name="GetAisles_ShouldReturnNotFound_WhenEmpty" />
    </UnitTest>
    <UnitTest name="UnitTestsBiblioMate.Controllers.ShelfLevelsControllerTest.GetShelfLevel_Exists_ReturnsOk" storage="/src/unittestsbibliomate/bin/release/net9.0/unittestsbibliomate.dll" id="c122ad88-a978-5760-d739-4929394d155f">
      <Execution id="07174536-226e-49e5-b9aa-f28336ef2f82" />
      <TestMethod codeBase="/src/UnitTestsBiblioMate/bin/Release/net9.0/UnitTestsBiblioMate.dll" adapterTypeName="executor://xunit/VsTestRunner2/netcoreapp" className="UnitTestsBiblioMate.Controllers.ShelfLevelsControllerTest" name="GetShelfLevel_Exists_ReturnsOk" />
    </UnitTest>
    <UnitTest name="UnitTestsBiblioMate.Controllers.RecommendationsControllerTest.GetRecommendations_UserRequestsOtherUser_ReturnsForbid" storage="/src/unittestsbibliomate/bin/release/net9.0/unittestsbibliomate.dll" id="6299cf0b-90ba-cb08-c4eb-4d113d066223">
      <Execution id="1c983e16-0681-439e-af72-c3f3c5e6e56b" />
      <TestMethod codeBase="/src/UnitTestsBiblioMate/bin/Release/net9.0/UnitTestsBiblioMate.dll" adapterTypeName="executor://xunit/VsTestRunner2/netcoreapp" className="UnitTestsBiblioMate.Controllers.RecommendationsControllerTest" name="GetRecommendations_UserRequestsOtherUser_ReturnsForbid" />
    </UnitTest>
    <UnitTest name="UnitTestsBiblioMate.Controllers.ReportsControllerTest.CreateReport_ReturnsCreated" storage="/src/unittestsbibliomate/bin/release/net9.0/unittestsbibliomate.dll" id="860ce2f8-eb95-cef3-001f-f9f4126887a3">
      <Execution id="92c39d61-04d7-4e83-bdd9-ca1b08e917fc" />
      <TestMethod codeBase="/src/UnitTestsBiblioMate/bin/Release/net9.0/UnitTestsBiblioMate.dll" adapterTypeName="executor://xunit/VsTestRunner2/netcoreapp" className="UnitTestsBiblioMate.Controllers.ReportsControllerTest" name="CreateReport_ReturnsCreated" />
    </UnitTest>
    <UnitTest name="UnitTestsBiblioMate.Controllers.AuditsControllerTest.GetUserActivityLogs_ReturnsOk_WithLogs" storage="/src/unittestsbibliomate/bin/release/net9.0/unittestsbibliomate.dll" id="94fed4b4-7cf8-8ad5-03b4-bf40edc82cdc">
      <Execution id="97ae683d-e5f1-423d-8281-fa10d15aedb0" />
      <TestMethod codeBase="/src/UnitTestsBiblioMate/bin/Release/net9.0/UnitTestsBiblioMate.dll" adapterTypeName="executor://xunit/VsTestRunner2/netcoreapp" className="UnitTestsBiblioMate.Controllers.AuditsControllerTest" name="GetUserActivityLogs_ReturnsOk_WithLogs" />
    </UnitTest>
    <UnitTest name="UnitTestsBiblioMate.Controllers.AuthorsControllerTest.UpdateAuthor_ShouldReturnNoContentWhenSuccess" storage="/src/unittestsbibliomate/bin/release/net9.0/unittestsbibliomate.dll" id="0f40a3b0-65ab-924b-f503-cad67db71c8b">
      <Execution id="79353125-9e3f-4ec6-9a9c-7e0079020be6" />
      <TestMethod codeBase="/src/UnitTestsBiblioMate/bin/Release/net9.0/UnitTestsBiblioMate.dll" adapterTypeName="executor://xunit/VsTestRunner2/netcoreapp" className="UnitTestsBiblioMate.Controllers.AuthorsControllerTest" name="UpdateAuthor_ShouldReturnNoContentWhenSuccess" />
    </UnitTest>
    <UnitTest name="UnitTestsBiblioMate.Controllers.GenresControllerTest.GetGenre_ShouldReturnNotFoundWhenNotExists" storage="/src/unittestsbibliomate/bin/release/net9.0/unittestsbibliomate.dll" id="da56d109-0a49-b6f1-deb0-36bd28e8e654">
      <Execution id="db070f30-9454-4b4c-981f-bd30c9fce4fa" />
      <TestMethod codeBase="/src/UnitTestsBiblioMate/bin/Release/net9.0/UnitTestsBiblioMate.dll" adapterTypeName="executor://xunit/VsTestRunner2/netcoreapp" className="UnitTestsBiblioMate.Controllers.GenresControllerTest" name="GetGenre_ShouldReturnNotFoundWhenNotExists" />
    </UnitTest>
    <UnitTest name="UnitTestsBiblioMate.Controllers.ShelfLevelsControllerTest.DeleteShelfLevel_NotFound_Returns404" storage="/src/unittestsbibliomate/bin/release/net9.0/unittestsbibliomate.dll" id="dd8476f8-ab78-3d27-3362-303b9cccb2b2">
      <Execution id="4a50a0b2-2e86-4c9b-b576-986a2dc0e691" />
      <TestMethod codeBase="/src/UnitTestsBiblioMate/bin/Release/net9.0/UnitTestsBiblioMate.dll" adapterTypeName="executor://xunit/VsTestRunner2/netcoreapp" className="UnitTestsBiblioMate.Controllers.ShelfLevelsControllerTest" name="DeleteShelfLevel_NotFound_Returns404" />
    </UnitTest>
    <UnitTest name="UnitTestsBiblioMate.Services.Loans.LoanServiceTests.ReturnAsync_ShouldFail_WhenLoanNotFound" storage="/src/unittestsbibliomate/bin/release/net9.0/unittestsbibliomate.dll" id="aa3ab553-6858-d8b8-516a-d515f3b67ec7">
      <Execution id="2dfe9ce4-3b7a-4ecb-ab18-63e46f637a3c" />
      <TestMethod codeBase="/src/UnitTestsBiblioMate/bin/Release/net9.0/UnitTestsBiblioMate.dll" adapterTypeName="executor://xunit/VsTestRunner2/netcoreapp" className="UnitTestsBiblioMate.Services.Loans.LoanServiceTests" name="ReturnAsync_ShouldFail_WhenLoanNotFound" />
    </UnitTest>
    <UnitTest name="UnitTestsBiblioMate.Controllers.ReportsControllerTest.DeleteReport_OwnerFailure_ReturnsNotFound" storage="/src/unittestsbibliomate/bin/release/net9.0/unittestsbibliomate.dll" id="d276a244-99e4-a3da-e964-b96a932201dc">
      <Execution id="1f473906-b404-47af-9213-0be7bea3b8d8" />
      <TestMethod codeBase="/src/UnitTestsBiblioMate/bin/Release/net9.0/UnitTestsBiblioMate.dll" adapterTypeName="executor://xunit/VsTestRunner2/netcoreapp" className="UnitTestsBiblioMate.Controllers.ReportsControllerTest" name="DeleteReport_OwnerFailure_ReturnsNotFound" />
    </UnitTest>
    <UnitTest name="UnitTestsBiblioMate.Services.Catalog.GenreServiceTest.CreateAsync_ShouldAddGenre" storage="/src/unittestsbibliomate/bin/release/net9.0/unittestsbibliomate.dll" id="0d1cc918-a1d4-b750-6336-f851404d5d5f">
      <Execution id="d5a072d6-d646-4582-ad18-dbfe1c9b6e2e" />
      <TestMethod codeBase="/src/UnitTestsBiblioMate/bin/Release/net9.0/UnitTestsBiblioMate.dll" adapterTypeName="executor://xunit/VsTestRunner2/netcoreapp" className="UnitTestsBiblioMate.Services.Catalog.GenreServiceTest" name="CreateAsync_ShouldAddGenre" />
    </UnitTest>
    <UnitTest name="UnitTestsBiblioMate.Controllers.LoansControllerTest.CreateLoan_ShouldReturnOkWhenSuccess" storage="/src/unittestsbibliomate/bin/release/net9.0/unittestsbibliomate.dll" id="7a22a28a-6109-cc9c-213d-f2b06b70642b">
      <Execution id="3118d4da-3149-451f-985a-865cccca56cf" />
      <TestMethod codeBase="/src/UnitTestsBiblioMate/bin/Release/net9.0/UnitTestsBiblioMate.dll" adapterTypeName="executor://xunit/VsTestRunner2/netcoreapp" className="UnitTestsBiblioMate.Controllers.LoansControllerTest" name="CreateLoan_ShouldReturnOkWhenSuccess" />
    </UnitTest>
    <UnitTest name="UnitTestsBiblioMate.Services.Users.HistoryServiceTest.LogEventAsync_ShouldPersistHistoryRecord" storage="/src/unittestsbibliomate/bin/release/net9.0/unittestsbibliomate.dll" id="b433873b-858d-53f6-fc41-a10063eaa76f">
      <Execution id="95d8b56f-eac3-4379-9f62-aec1852b9dd9" />
      <TestMethod codeBase="/src/UnitTestsBiblioMate/bin/Release/net9.0/UnitTestsBiblioMate.dll" adapterTypeName="executor://xunit/VsTestRunner2/netcoreapp" className="UnitTestsBiblioMate.Services.Users.HistoryServiceTest" name="LogEventAsync_ShouldPersistHistoryRecord" />
    </UnitTest>
    <UnitTest name="UnitTestsBiblioMate.Controllers.UsersControllerTest.UpdateUser_AsAdmin_ReturnsNoContentAndLogs" storage="/src/unittestsbibliomate/bin/release/net9.0/unittestsbibliomate.dll" id="8a327e1f-5c71-a8f0-8e0f-ac4967bd19dd">
      <Execution id="220481ca-fff0-4f92-9874-a76bfd12ccf4" />
      <TestMethod codeBase="/src/UnitTestsBiblioMate/bin/Release/net9.0/UnitTestsBiblioMate.dll" adapterTypeName="executor://xunit/VsTestRunner2/netcoreapp" className="UnitTestsBiblioMate.Controllers.UsersControllerTest" name="UpdateUser_AsAdmin_ReturnsNoContentAndLogs" />
    </UnitTest>
    <UnitTest name="UnitTestsBiblioMate.Services.Catalog.ZonesServiceTests.GetByIdAsync_ShouldReturnZone_WhenExists" storage="/src/unittestsbibliomate/bin/release/net9.0/unittestsbibliomate.dll" id="63bd5a7d-f0f5-655e-dada-410c7c4e4210">
      <Execution id="cfe867c5-4122-4666-b154-a0cf6e2ba7f5" />
      <TestMethod codeBase="/src/UnitTestsBiblioMate/bin/Release/net9.0/UnitTestsBiblioMate.dll" adapterTypeName="executor://xunit/VsTestRunner2/netcoreapp" className="UnitTestsBiblioMate.Services.Catalog.ZonesServiceTests" name="GetByIdAsync_ShouldReturnZone_WhenExists" />
    </UnitTest>
    <UnitTest name="UnitTestsBiblioMate.Controllers.StocksControllerTest.AdjustStockQuantity_ZeroAdjustment_Returns400" storage="/src/unittestsbibliomate/bin/release/net9.0/unittestsbibliomate.dll" id="696cf3ca-1e0e-cfe7-4f39-0392a31de63d">
      <Execution id="fa9e0224-28be-4583-9dbc-812fd2d97fa3" />
      <TestMethod codeBase="/src/UnitTestsBiblioMate/bin/Release/net9.0/UnitTestsBiblioMate.dll" adapterTypeName="executor://xunit/VsTestRunner2/netcoreapp" className="UnitTestsBiblioMate.Controllers.StocksControllerTest" name="AdjustStockQuantity_ZeroAdjustment_Returns400" />
    </UnitTest>
    <UnitTest name="UnitTestsBiblioMate.Controllers.AuthorsControllerTest.UpdateAuthor_ShouldReturnNotFoundWhenNotExists" storage="/src/unittestsbibliomate/bin/release/net9.0/unittestsbibliomate.dll" id="3ebd0df3-af0a-c340-0bac-b19a7a8a5ada">
      <Execution id="6f882c8d-4397-4fc7-8492-3fdb09007c07" />
      <TestMethod codeBase="/src/UnitTestsBiblioMate/bin/Release/net9.0/UnitTestsBiblioMate.dll" adapterTypeName="executor://xunit/VsTestRunner2/netcoreapp" className="UnitTestsBiblioMate.Controllers.AuthorsControllerTest" name="UpdateAuthor_ShouldReturnNotFoundWhenNotExists" />
    </UnitTest>
    <UnitTest name="UnitTestsBiblioMate.Controllers.BooksControllerTest.DeleteBook_ShouldReturnExpectedResult(serviceResult: False, expected: typeof(Microsoft.AspNetCore.Mvc.NotFoundResult))" storage="/src/unittestsbibliomate/bin/release/net9.0/unittestsbibliomate.dll" id="72aa14a9-3c40-78ff-aabb-ec700163073a">
      <Execution id="83b16712-3241-44bf-a704-ff027865f6a7" />
      <TestMethod codeBase="/src/UnitTestsBiblioMate/bin/Release/net9.0/UnitTestsBiblioMate.dll" adapterTypeName="executor://xunit/VsTestRunner2/netcoreapp" className="UnitTestsBiblioMate.Controllers.BooksControllerTest" name="DeleteBook_ShouldReturnExpectedResult" />
    </UnitTest>
    <UnitTest name="UnitTestsBiblioMate.Services.Users.HistoryServiceTest.GetHistoryForUserAsync_ShouldReturnOrderedPage" storage="/src/unittestsbibliomate/bin/release/net9.0/unittestsbibliomate.dll" id="af642250-9548-d717-a4ed-0903d633f956">
      <Execution id="cf05a1ac-c6e2-4606-9136-e94b99c38809" />
      <TestMethod codeBase="/src/UnitTestsBiblioMate/bin/Release/net9.0/UnitTestsBiblioMate.dll" adapterTypeName="executor://xunit/VsTestRunner2/netcoreapp" className="UnitTestsBiblioMate.Services.Users.HistoryServiceTest" name="GetHistoryForUserAsync_ShouldReturnOrderedPage" />
    </UnitTest>
    <UnitTest name="UnitTestsBiblioMate.Services.Catalog.StockServiceTest.AdjustQuantity_ShouldChangeQuantityAndReflectAvailability(initialQty: 1, adjustment: -1, expectedQty: 0, expectedAvailable: False)" storage="/src/unittestsbibliomate/bin/release/net9.0/unittestsbibliomate.dll" id="cbded241-c44d-6ce4-8caa-2590df7456b7">
      <Execution id="a8aa086a-333a-4bc7-b81e-f65c4949b84b" />
      <TestMethod codeBase="/src/UnitTestsBiblioMate/bin/Release/net9.0/UnitTestsBiblioMate.dll" adapterTypeName="executor://xunit/VsTestRunner2/netcoreapp" className="UnitTestsBiblioMate.Services.Catalog.StockServiceTest" name="AdjustQuantity_ShouldChangeQuantityAndReflectAvailability" />
    </UnitTest>
    <UnitTest name="UnitTestsBiblioMate.Controllers.AuthsControllerTest.ConfirmEmail_ShouldReturnBadRequestOnFailure" storage="/src/unittestsbibliomate/bin/release/net9.0/unittestsbibliomate.dll" id="973dec3c-5715-da06-dccb-e79e882a0775">
      <Execution id="2995445b-eafb-44fc-a08b-d7b2697af7ea" />
      <TestMethod codeBase="/src/UnitTestsBiblioMate/bin/Release/net9.0/UnitTestsBiblioMate.dll" adapterTypeName="executor://xunit/VsTestRunner2/netcoreapp" className="UnitTestsBiblioMate.Controllers.AuthsControllerTest" name="ConfirmEmail_ShouldReturnBadRequestOnFailure" />
    </UnitTest>
    <UnitTest name="UnitTestsBiblioMate.Controllers.StocksControllerTest.GetStock_NotFound_Returns404" storage="/src/unittestsbibliomate/bin/release/net9.0/unittestsbibliomate.dll" id="39a5efdb-aea4-b275-af6d-66cb4607fd3f">
      <Execution id="bcbb9a15-66d8-4e94-81ac-f9f64b995d91" />
      <TestMethod codeBase="/src/UnitTestsBiblioMate/bin/Release/net9.0/UnitTestsBiblioMate.dll" adapterTypeName="executor://xunit/VsTestRunner2/netcoreapp" className="UnitTestsBiblioMate.Controllers.StocksControllerTest" name="GetStock_NotFound_Returns404" />
    </UnitTest>
    <UnitTest name="UnitTestsBiblioMate.Controllers.NotificationsControllerTest.GetNotifications_AsNormalUser_ReturnsOnlyOwn" storage="/src/unittestsbibliomate/bin/release/net9.0/unittestsbibliomate.dll" id="447e17de-f3a2-6db7-2e72-a4d5623a203d">
      <Execution id="5da7e5af-9ca7-4c1c-a554-3e413872e0b4" />
      <TestMethod codeBase="/src/UnitTestsBiblioMate/bin/Release/net9.0/UnitTestsBiblioMate.dll" adapterTypeName="executor://xunit/VsTestRunner2/netcoreapp" className="UnitTestsBiblioMate.Controllers.NotificationsControllerTest" name="GetNotifications_AsNormalUser_ReturnsOnlyOwn" />
    </UnitTest>
    <UnitTest name="UnitTestsBiblioMate.Services.Notifications.NotificationLogServiceTest.LogAsync_ShouldInsertDocument" storage="/src/unittestsbibliomate/bin/release/net9.0/unittestsbibliomate.dll" id="0e372be4-eca4-e001-4456-dba3fad08bd2">
      <Execution id="31160745-e886-4a09-8b76-d76298e433d0" />
      <TestMethod codeBase="/src/UnitTestsBiblioMate/bin/Release/net9.0/UnitTestsBiblioMate.dll" adapterTypeName="executor://xunit/VsTestRunner2/netcoreapp" className="UnitTestsBiblioMate.Services.Notifications.NotificationLogServiceTest" name="LogAsync_ShouldInsertDocument" />
    </UnitTest>
    <UnitTest name="UnitTestsBiblioMate.Controllers.ShelfLevelsControllerTest.UpdateShelfLevel_NotFound_Returns404" storage="/src/unittestsbibliomate/bin/release/net9.0/unittestsbibliomate.dll" id="1066eae5-4d6c-9f8d-a7d4-461ec8dd8766">
      <Execution id="cd7e7b6c-eea2-46b7-a760-ac269766c61f" />
      <TestMethod codeBase="/src/UnitTestsBiblioMate/bin/Release/net9.0/UnitTestsBiblioMate.dll" adapterTypeName="executor://xunit/VsTestRunner2/netcoreapp" className="UnitTestsBiblioMate.Controllers.ShelfLevelsControllerTest" name="UpdateShelfLevel_NotFound_Returns404" />
    </UnitTest>
    <UnitTest name="UnitTestsBiblioMate.Services.Catalog.TagServiceTests.GetByIdAsync_ShouldReturnNull_WhenNotExists" storage="/src/unittestsbibliomate/bin/release/net9.0/unittestsbibliomate.dll" id="9df218cd-7642-54cf-3b16-5f44ce71139e">
      <Execution id="2b1bbfbf-e5da-4eaa-a9b7-8adb2c2d901f" />
      <TestMethod codeBase="/src/UnitTestsBiblioMate/bin/Release/net9.0/UnitTestsBiblioMate.dll" adapterTypeName="executor://xunit/VsTestRunner2/netcoreapp" className="UnitTestsBiblioMate.Services.Catalog.TagServiceTests" name="GetByIdAsync_ShouldReturnNull_WhenNotExists" />
    </UnitTest>
    <UnitTest name="UnitTestsBiblioMate.Services.Catalog.TagServiceTests.DeleteAsync_ShouldReturnFalse_WhenNotExists" storage="/src/unittestsbibliomate/bin/release/net9.0/unittestsbibliomate.dll" id="da619934-aff0-7ca9-cb05-15511907c510">
      <Execution id="1392ba4f-5d67-464c-bea2-a24f3d929600" />
      <TestMethod codeBase="/src/UnitTestsBiblioMate/bin/Release/net9.0/UnitTestsBiblioMate.dll" adapterTypeName="executor://xunit/VsTestRunner2/netcoreapp" className="UnitTestsBiblioMate.Services.Catalog.TagServiceTests" name="DeleteAsync_ShouldReturnFalse_WhenNotExists" />
    </UnitTest>
    <UnitTest name="UnitTestsBiblioMate.Services.Catalog.ShelfLevelServiceTest.UpdateAsync_ShouldModifyShelfLevel_WhenExists" storage="/src/unittestsbibliomate/bin/release/net9.0/unittestsbibliomate.dll" id="a1d3f3fb-e34c-6ba9-0281-06cc60374178">
      <Execution id="ff477e20-9724-4e74-9398-21b0798d763f" />
      <TestMethod codeBase="/src/UnitTestsBiblioMate/bin/Release/net9.0/UnitTestsBiblioMate.dll" adapterTypeName="executor://xunit/VsTestRunner2/netcoreapp" className="UnitTestsBiblioMate.Services.Catalog.ShelfLevelServiceTest" name="UpdateAsync_ShouldModifyShelfLevel_WhenExists" />
    </UnitTest>
    <UnitTest name="UnitTestsBiblioMate.Services.Catalog.ShelfServiceTests.GetByIdAsync_ShouldReturnShelf_WhenExists" storage="/src/unittestsbibliomate/bin/release/net9.0/unittestsbibliomate.dll" id="3ef662cc-6884-eaf7-fa76-83655ae1f53b">
      <Execution id="71840a86-3686-401d-adff-4b102ff6b0df" />
      <TestMethod codeBase="/src/UnitTestsBiblioMate/bin/Release/net9.0/UnitTestsBiblioMate.dll" adapterTypeName="executor://xunit/VsTestRunner2/netcoreapp" className="UnitTestsBiblioMate.Services.Catalog.ShelfServiceTests" name="GetByIdAsync_ShouldReturnShelf_WhenExists" />
    </UnitTest>
    <UnitTest name="UnitTestsBiblioMate.Controllers.EditorsControllerTest.DeleteEditor_ShouldReturnNotFoundWhenNotExists" storage="/src/unittestsbibliomate/bin/release/net9.0/unittestsbibliomate.dll" id="911da651-8ecc-8713-f317-65525d88efc8">
      <Execution id="9978ce4e-3076-45fb-a766-68d9b3dff3c4" />
      <TestMethod codeBase="/src/UnitTestsBiblioMate/bin/Release/net9.0/UnitTestsBiblioMate.dll" adapterTypeName="executor://xunit/VsTestRunner2/netcoreapp" className="UnitTestsBiblioMate.Controllers.EditorsControllerTest" name="DeleteEditor_ShouldReturnNotFoundWhenNotExists" />
    </UnitTest>
    <UnitTest name="UnitTestsBiblioMate.Services.Catalog.TagServiceTests.UpdateAsync_ShouldModifyTag_WhenExists" storage="/src/unittestsbibliomate/bin/release/net9.0/unittestsbibliomate.dll" id="630e4a80-884f-dc37-4d7c-498e61bd0a60">
      <Execution id="bb115db5-5d31-47e8-8fed-0b58b6078f51" />
      <TestMethod codeBase="/src/UnitTestsBiblioMate/bin/Release/net9.0/UnitTestsBiblioMate.dll" adapterTypeName="executor://xunit/VsTestRunner2/netcoreapp" className="UnitTestsBiblioMate.Services.Catalog.TagServiceTests" name="UpdateAsync_ShouldModifyTag_WhenExists" />
    </UnitTest>
    <UnitTest name="UnitTestsBiblioMate.Controllers.HistoriesControllerTest.GetUserHistory_Unauthorized_ShouldReturnForbid" storage="/src/unittestsbibliomate/bin/release/net9.0/unittestsbibliomate.dll" id="2b2ec8be-e9e2-9194-df6b-b1c4a2309182">
      <Execution id="5081ece6-83b6-48d5-858b-0e76fa442125" />
      <TestMethod codeBase="/src/UnitTestsBiblioMate/bin/Release/net9.0/UnitTestsBiblioMate.dll" adapterTypeName="executor://xunit/VsTestRunner2/netcoreapp" className="UnitTestsBiblioMate.Controllers.HistoriesControllerTest" name="GetUserHistory_Unauthorized_ShouldReturnForbid" />
    </UnitTest>
    <UnitTest name="UnitTestsBiblioMate.Services.Catalog.TagServiceTests.EnsureAsync_Creates_WhenMissing" storage="/src/unittestsbibliomate/bin/release/net9.0/unittestsbibliomate.dll" id="0af5de94-5596-e87f-4379-f25538a09122">
      <Execution id="fff8b529-656a-4296-97aa-7f1407686259" />
      <TestMethod codeBase="/src/UnitTestsBiblioMate/bin/Release/net9.0/UnitTestsBiblioMate.dll" adapterTypeName="executor://xunit/VsTestRunner2/netcoreapp" className="UnitTestsBiblioMate.Services.Catalog.TagServiceTests" name="EnsureAsync_Creates_WhenMissing" />
    </UnitTest>
    <UnitTest name="UnitTestsBiblioMate.Services.Recommendations.RecommendationServiceTest.GetRecommendationsForUserAsync_ShouldReturnEmpty_WhenNoPreferences" storage="/src/unittestsbibliomate/bin/release/net9.0/unittestsbibliomate.dll" id="ab9085d4-e2c4-e5e8-6975-f7fa2f7419f5">
      <Execution id="547918a9-b0d2-4e8a-b839-d15f4d3dc47b" />
      <TestMethod codeBase="/src/UnitTestsBiblioMate/bin/Release/net9.0/UnitTestsBiblioMate.dll" adapterTypeName="executor://xunit/VsTestRunner2/netcoreapp" className="UnitTestsBiblioMate.Services.Recommendations.RecommendationServiceTest" name="GetRecommendationsForUserAsync_ShouldReturnEmpty_WhenNoPreferences" />
    </UnitTest>
    <UnitTest name="UnitTestsBiblioMate.Controllers.EditorsControllerTest.GetEditor_ShouldReturnNotFoundWhenNotExists" storage="/src/unittestsbibliomate/bin/release/net9.0/unittestsbibliomate.dll" id="1c63b2dd-bf02-f6d0-4094-3dd0022b1948">
      <Execution id="0d5d3ff2-fab9-48b7-850c-9a046cee3ffe" />
      <TestMethod codeBase="/src/UnitTestsBiblioMate/bin/Release/net9.0/UnitTestsBiblioMate.dll" adapterTypeName="executor://xunit/VsTestRunner2/netcoreapp" className="UnitTestsBiblioMate.Controllers.EditorsControllerTest" name="GetEditor_ShouldReturnNotFoundWhenNotExists" />
    </UnitTest>
    <UnitTest name="UnitTestsBiblioMate.Controllers.AuthsControllerTest.Register_ShouldReturnOkOnSuccess" storage="/src/unittestsbibliomate/bin/release/net9.0/unittestsbibliomate.dll" id="920dd7e9-d5ea-f5e8-22ab-5c7908b6e2b1">
      <Execution id="0fe14914-1c18-49e0-8085-eedaf1813264" />
      <TestMethod codeBase="/src/UnitTestsBiblioMate/bin/Release/net9.0/UnitTestsBiblioMate.dll" adapterTypeName="executor://xunit/VsTestRunner2/netcoreapp" className="UnitTestsBiblioMate.Controllers.AuthsControllerTest" name="Register_ShouldReturnOkOnSuccess" />
    </UnitTest>
    <UnitTest name="UnitTestsBiblioMate.Services.Infrastructure.Security.EncryptionServiceTest.EncryptDecrypt_ShouldRoundtripSuccessfully" storage="/src/unittestsbibliomate/bin/release/net9.0/unittestsbibliomate.dll" id="8df42748-a4fa-e2be-576d-09b7ed282ffd">
      <Execution id="8a2e2adb-1ac5-4ae7-9ee2-45f837c75f8d" />
      <TestMethod codeBase="/src/UnitTestsBiblioMate/bin/Release/net9.0/UnitTestsBiblioMate.dll" adapterTypeName="executor://xunit/VsTestRunner2/netcoreapp" className="UnitTestsBiblioMate.Services.Infrastructure.Security.EncryptionServiceTest" name="EncryptDecrypt_ShouldRoundtripSuccessfully" />
    </UnitTest>
    <UnitTest name="UnitTestsBiblioMate.Controllers.EditorsControllerTest.UpdateEditor_ShouldReturnNotFoundWhenNotExists" storage="/src/unittestsbibliomate/bin/release/net9.0/unittestsbibliomate.dll" id="bd23ea2d-c446-2dee-4a8f-ecf6f98852de">
      <Execution id="c24b2970-ee1c-40ae-be36-873d3c427034" />
      <TestMethod codeBase="/src/UnitTestsBiblioMate/bin/Release/net9.0/UnitTestsBiblioMate.dll" adapterTypeName="executor://xunit/VsTestRunner2/netcoreapp" className="UnitTestsBiblioMate.Controllers.EditorsControllerTest" name="UpdateEditor_ShouldReturnNotFoundWhenNotExists" />
    </UnitTest>
    <UnitTest name="UnitTestsBiblioMate.Controllers.StocksControllerTest.GetStocks_DefaultPagination_ReturnsAllMapped" storage="/src/unittestsbibliomate/bin/release/net9.0/unittestsbibliomate.dll" id="b906ce26-ed25-c8de-9f87-8b53d336e55d">
      <Execution id="1a2cc167-65bf-4114-b322-cd16c3a6a953" />
      <TestMethod codeBase="/src/UnitTestsBiblioMate/bin/Release/net9.0/UnitTestsBiblioMate.dll" adapterTypeName="executor://xunit/VsTestRunner2/netcoreapp" className="UnitTestsBiblioMate.Controllers.StocksControllerTest" name="GetStocks_DefaultPagination_ReturnsAllMapped" />
    </UnitTest>
    <UnitTest name="UnitTestsBiblioMate.Services.Infrastructure.Security.EncryptionServiceTest.Decrypt_ShouldReturnEmpty_ForNullOrEmpty(input: null)" storage="/src/unittestsbibliomate/bin/release/net9.0/unittestsbibliomate.dll" id="29708004-f38b-d04c-cedd-0c33e757ab66">
      <Execution id="b238102f-5700-470e-8658-4cca0dca87d4" />
      <TestMethod codeBase="/src/UnitTestsBiblioMate/bin/Release/net9.0/UnitTestsBiblioMate.dll" adapterTypeName="executor://xunit/VsTestRunner2/netcoreapp" className="UnitTestsBiblioMate.Services.Infrastructure.Security.EncryptionServiceTest" name="Decrypt_ShouldReturnEmpty_ForNullOrEmpty" />
    </UnitTest>
    <UnitTest name="UnitTestsBiblioMate.Controllers.AuthorsControllerTest.DeleteAuthor_ShouldReturnNotFoundWhenNotExists" storage="/src/unittestsbibliomate/bin/release/net9.0/unittestsbibliomate.dll" id="5536734d-a539-44fc-91cc-f04d6a436074">
      <Execution id="b9408e31-1d80-43b7-bc6f-41a17893c922" />
      <TestMethod codeBase="/src/UnitTestsBiblioMate/bin/Release/net9.0/UnitTestsBiblioMate.dll" adapterTypeName="executor://xunit/VsTestRunner2/netcoreapp" className="UnitTestsBiblioMate.Controllers.AuthorsControllerTest" name="DeleteAuthor_ShouldReturnNotFoundWhenNotExists" />
    </UnitTest>
    <UnitTest name="UnitTestsBiblioMate.Services.Catalog.StockServiceTest.Decrease_ShouldSubtractOneAndReflectAvailability(initialQty: 1, expectedQty: 0, expectedAvailable: False)" storage="/src/unittestsbibliomate/bin/release/net9.0/unittestsbibliomate.dll" id="108592ea-cbd5-c8b5-9c53-8ed05205b08b">
      <Execution id="4eacf5e7-c0dc-4be7-8eef-c5a46c44d521" />
      <TestMethod codeBase="/src/UnitTestsBiblioMate/bin/Release/net9.0/UnitTestsBiblioMate.dll" adapterTypeName="executor://xunit/VsTestRunner2/netcoreapp" className="UnitTestsBiblioMate.Services.Catalog.StockServiceTest" name="Decrease_ShouldSubtractOneAndReflectAvailability" />
    </UnitTest>
    <UnitTest name="UnitTestsBiblioMate.Services.Loans.LoanServiceTests.GetByIdAsync_ShouldReturnLoan_WhenFound" storage="/src/unittestsbibliomate/bin/release/net9.0/unittestsbibliomate.dll" id="16741afe-e8a7-22b1-043d-d1fb6504d52b">
      <Execution id="99f21bff-3197-43c2-ad27-55f3c47331f8" />
      <TestMethod codeBase="/src/UnitTestsBiblioMate/bin/Release/net9.0/UnitTestsBiblioMate.dll" adapterTypeName="executor://xunit/VsTestRunner2/netcoreapp" className="UnitTestsBiblioMate.Services.Loans.LoanServiceTests" name="GetByIdAsync_ShouldReturnLoan_WhenFound" />
    </UnitTest>
    <UnitTest name="UnitTestsBiblioMate.Services.Catalog.GenreServiceTest.UpdateAsync_ShouldReturnFalse_WhenNotExists" storage="/src/unittestsbibliomate/bin/release/net9.0/unittestsbibliomate.dll" id="8acfa112-9129-6273-4be8-681adbbc7216">
      <Execution id="0b3cf28e-d692-491d-a960-557b278a97f4" />
      <TestMethod codeBase="/src/UnitTestsBiblioMate/bin/Release/net9.0/UnitTestsBiblioMate.dll" adapterTypeName="executor://xunit/VsTestRunner2/netcoreapp" className="UnitTestsBiblioMate.Services.Catalog.GenreServiceTest" name="UpdateAsync_ShouldReturnFalse_WhenNotExists" />
    </UnitTest>
    <UnitTest name="UnitTestsBiblioMate.Controllers.ShelfLevelsControllerTest.UpdateShelfLevel_IdMismatch_ReturnsBadRequest" storage="/src/unittestsbibliomate/bin/release/net9.0/unittestsbibliomate.dll" id="31823d1a-6c4f-a08b-44cb-030cd445946e">
      <Execution id="b2693a76-9f43-4ec3-9520-7ae3f6800b76" />
      <TestMethod codeBase="/src/UnitTestsBiblioMate/bin/Release/net9.0/UnitTestsBiblioMate.dll" adapterTypeName="executor://xunit/VsTestRunner2/netcoreapp" className="UnitTestsBiblioMate.Controllers.ShelfLevelsControllerTest" name="UpdateShelfLevel_IdMismatch_ReturnsBadRequest" />
    </UnitTest>
    <UnitTest name="UnitTestsBiblioMate.Services.Catalog.EditorServiceTest.GetByIdAsync_ShouldReturnError_WhenNotExists" storage="/src/unittestsbibliomate/bin/release/net9.0/unittestsbibliomate.dll" id="2c604a14-0913-4aef-c24e-765248a2deaf">
      <Execution id="e00858e6-9228-4975-bd69-4403df9480e0" />
      <TestMethod codeBase="/src/UnitTestsBiblioMate/bin/Release/net9.0/UnitTestsBiblioMate.dll" adapterTypeName="executor://xunit/VsTestRunner2/netcoreapp" className="UnitTestsBiblioMate.Services.Catalog.EditorServiceTest" name="GetByIdAsync_ShouldReturnError_WhenNotExists" />
    </UnitTest>
    <UnitTest name="UnitTestsBiblioMate.Controllers.AuthorsControllerTest.EnsureAuthor_ShouldReturnCreatedWhenNew" storage="/src/unittestsbibliomate/bin/release/net9.0/unittestsbibliomate.dll" id="b33bfbca-005f-a796-3ec1-f34e6cc92417">
      <Execution id="b1f9cd2d-808f-4eeb-a990-152249afc158" />
      <TestMethod codeBase="/src/UnitTestsBiblioMate/bin/Release/net9.0/UnitTestsBiblioMate.dll" adapterTypeName="executor://xunit/VsTestRunner2/netcoreapp" className="UnitTestsBiblioMate.Controllers.AuthorsControllerTest" name="EnsureAuthor_ShouldReturnCreatedWhenNew" />
    </UnitTest>
    <UnitTest name="UnitTestsBiblioMate.Services.Infrastructure.Security.EncryptionServiceTest.Encrypt_ShouldReturnEmpty_ForNullOrEmpty(input: &quot;&quot;)" storage="/src/unittestsbibliomate/bin/release/net9.0/unittestsbibliomate.dll" id="1ab00d01-2306-4bd4-bfd6-fd9c5b1ed316">
      <Execution id="98236a7e-2f83-4d40-b1d1-e2344e7fd23a" />
      <TestMethod codeBase="/src/UnitTestsBiblioMate/bin/Release/net9.0/UnitTestsBiblioMate.dll" adapterTypeName="executor://xunit/VsTestRunner2/netcoreapp" className="UnitTestsBiblioMate.Services.Infrastructure.Security.EncryptionServiceTest" name="Encrypt_ShouldReturnEmpty_ForNullOrEmpty" />
    </UnitTest>
    <UnitTest name="UnitTestsBiblioMate.Controllers.GenresControllerTest.Ensure_ShouldReturnCreatedWhenNew" storage="/src/unittestsbibliomate/bin/release/net9.0/unittestsbibliomate.dll" id="deeb48d6-4ff6-51f9-31b8-046638a0d0e3">
      <Execution id="23da95b2-5792-4a4b-a097-af11d4b0f075" />
      <TestMethod codeBase="/src/UnitTestsBiblioMate/bin/Release/net9.0/UnitTestsBiblioMate.dll" adapterTypeName="executor://xunit/VsTestRunner2/netcoreapp" className="UnitTestsBiblioMate.Controllers.GenresControllerTest" name="Ensure_ShouldReturnCreatedWhenNew" />
    </UnitTest>
    <UnitTest name="UnitTestsBiblioMate.Controllers.BooksControllerTest.UpdateBook_ShouldReturnExpectedResult(serviceResult: True, expected: typeof(Microsoft.AspNetCore.Mvc.NoContentResult))" storage="/src/unittestsbibliomate/bin/release/net9.0/unittestsbibliomate.dll" id="d4197eb6-3f2a-5968-f3d0-2ee798e8ea5a">
      <Execution id="f257d26a-49f6-4cbf-9946-400c54ae2a4d" />
      <TestMethod codeBase="/src/UnitTestsBiblioMate/bin/Release/net9.0/UnitTestsBiblioMate.dll" adapterTypeName="executor://xunit/VsTestRunner2/netcoreapp" className="UnitTestsBiblioMate.Controllers.BooksControllerTest" name="UpdateBook_ShouldReturnExpectedResult" />
    </UnitTest>
    <UnitTest name="UnitTestsBiblioMate.Controllers.TagsControllerTest.UpdateTag_IdMismatch_ReturnsBadRequest" storage="/src/unittestsbibliomate/bin/release/net9.0/unittestsbibliomate.dll" id="7d33d7b2-e277-cb8c-0cbc-ab4b64acd555">
      <Execution id="0a7bfeb4-8446-401c-a4c4-8699f16e98e0" />
      <TestMethod codeBase="/src/UnitTestsBiblioMate/bin/Release/net9.0/UnitTestsBiblioMate.dll" adapterTypeName="executor://xunit/VsTestRunner2/netcoreapp" className="UnitTestsBiblioMate.Controllers.TagsControllerTest" name="UpdateTag_IdMismatch_ReturnsBadRequest" />
    </UnitTest>
  </TestDefinitions>
  <TestEntries>
    <TestEntry testId="55c7a3e5-1f51-623b-af41-92add2b6ff9b" executionId="1f5b3689-9df2-4624-a059-8c6906545f80" testListId="8c84fa94-04c1-424b-9868-57a2d4851a1d" />
    <TestEntry testId="f4d0ebdb-56cb-84c8-1a9f-53cf588610e1" executionId="4acee2af-f79c-4918-b508-aae653aa7372" testListId="8c84fa94-04c1-424b-9868-57a2d4851a1d" />
    <TestEntry testId="fda2b82f-a89c-5b6f-e3c0-4a742ec8ca83" executionId="2faa0bb2-3192-44ca-be3a-945e1d84ccf2" testListId="8c84fa94-04c1-424b-9868-57a2d4851a1d" />
    <TestEntry testId="6e65aad1-c30c-7e02-9dc8-9e26f745388c" executionId="3f4849c9-2aa7-4039-9b3f-d6bbab288b58" testListId="8c84fa94-04c1-424b-9868-57a2d4851a1d" />
    <TestEntry testId="dfab44d7-5fee-7a8b-a351-768e20dad56a" executionId="bd794b40-044a-4b9d-a0de-1e7f604b9a58" testListId="8c84fa94-04c1-424b-9868-57a2d4851a1d" />
    <TestEntry testId="665b2538-f512-7223-e24a-e5a6f2ab9bd1" executionId="58efff76-6240-48a8-bebf-48d3c5e6cc67" testListId="8c84fa94-04c1-424b-9868-57a2d4851a1d" />
    <TestEntry testId="4cd59f32-f665-3967-3d2b-5ec65c03cc78" executionId="f4143b0f-bd6f-4449-86d1-5828965b4eaf" testListId="8c84fa94-04c1-424b-9868-57a2d4851a1d" />
    <TestEntry testId="a4f2787b-79d9-dedb-1a43-6acdb53bb197" executionId="441d1d44-17e8-4003-9f71-f6c9095b1829" testListId="8c84fa94-04c1-424b-9868-57a2d4851a1d" />
    <TestEntry testId="8f96e113-5807-df8e-7328-2aa0ccfcc9cc" executionId="6f2e758f-bede-4f0a-b3f9-632d5bac4ef4" testListId="8c84fa94-04c1-424b-9868-57a2d4851a1d" />
    <TestEntry testId="30906e2c-be75-76d5-66fd-787a454695df" executionId="1af1fad0-934e-4b3c-9288-07f64441c15d" testListId="8c84fa94-04c1-424b-9868-57a2d4851a1d" />
    <TestEntry testId="1c6dfb33-eb78-60c6-1655-63611c345bb4" executionId="e3666235-99ff-45a2-8b90-04af18fec8dd" testListId="8c84fa94-04c1-424b-9868-57a2d4851a1d" />
    <TestEntry testId="860ce2f8-eb95-cef3-001f-f9f4126887a3" executionId="92c39d61-04d7-4e83-bdd9-ca1b08e917fc" testListId="8c84fa94-04c1-424b-9868-57a2d4851a1d" />
    <TestEntry testId="689e7c7f-9884-6be4-7611-d14dac08646e" executionId="2ed47ca0-4f6e-48a2-aa6c-9bb67508c878" testListId="8c84fa94-04c1-424b-9868-57a2d4851a1d" />
    <TestEntry testId="bc927ed2-34ec-8ffe-3a85-e76d86ae5062" executionId="2befbc9c-1534-4a27-9df6-5043536e227e" testListId="8c84fa94-04c1-424b-9868-57a2d4851a1d" />
    <TestEntry testId="28fc8ccc-11bf-2b8c-2c13-b92e1c105021" executionId="e30364e9-df6a-42b9-be76-2f3fa16f4602" testListId="8c84fa94-04c1-424b-9868-57a2d4851a1d" />
    <TestEntry testId="d1d9dc3d-a6fc-954a-809b-66f4774e8450" executionId="f49d0bbc-e9f7-451d-b0d5-7f0e20c62173" testListId="8c84fa94-04c1-424b-9868-57a2d4851a1d" />
    <TestEntry testId="08724b36-dd09-5fae-89c4-915819f7d78a" executionId="b4db90ce-4ad1-458f-a9e8-8ba9c429008f" testListId="8c84fa94-04c1-424b-9868-57a2d4851a1d" />
    <TestEntry testId="2770969b-ddb0-5265-6269-f79cea634ef2" executionId="147f9f35-c5e4-40e9-b30b-ecebaf4322f9" testListId="8c84fa94-04c1-424b-9868-57a2d4851a1d" />
    <TestEntry testId="045b3016-eb7b-6e8c-ee8e-f85dc5391457" executionId="a1c99c7b-6b61-41d9-85c3-30cba7521b3b" testListId="8c84fa94-04c1-424b-9868-57a2d4851a1d" />
    <TestEntry testId="fcf5a9fb-30ef-3069-4d04-687745715fdd" executionId="ba94ea5f-5abf-4b97-98c8-0c9327c8fd0e" testListId="8c84fa94-04c1-424b-9868-57a2d4851a1d" />
    <TestEntry testId="eda17e24-102a-58ae-09e8-06099a6b822d" executionId="91da1d28-e253-4738-aae8-60e453a08af8" testListId="8c84fa94-04c1-424b-9868-57a2d4851a1d" />
    <TestEntry testId="160b4cfa-810f-ab96-3781-1bf56c839b2c" executionId="abdffbd8-c574-40e7-b2c2-50037e883eec" testListId="8c84fa94-04c1-424b-9868-57a2d4851a1d" />
    <TestEntry testId="77525c09-42b0-99dc-8fb2-0338adeccfdf" executionId="760dfbf1-a571-460a-a3e0-5823d3abb924" testListId="8c84fa94-04c1-424b-9868-57a2d4851a1d" />
    <TestEntry testId="e0875a3d-2c1a-657f-6cff-045bd0c211a1" executionId="6e4be02a-99ec-4cae-b094-2b205b7dd0a0" testListId="8c84fa94-04c1-424b-9868-57a2d4851a1d" />
    <TestEntry testId="092ca597-da17-0582-a92f-593c52facb3b" executionId="34601d5d-1429-44ad-b0be-e7f377fe5d26" testListId="8c84fa94-04c1-424b-9868-57a2d4851a1d" />
    <TestEntry testId="1eeef9f8-087f-54b1-3b03-3b73e606b132" executionId="98b8881d-5a6c-4738-a88b-abe53b04b91a" testListId="8c84fa94-04c1-424b-9868-57a2d4851a1d" />
    <TestEntry testId="afa822be-913c-714e-b947-eb47a0054e8c" executionId="a28922b1-110e-4601-a683-9927a5c88261" testListId="8c84fa94-04c1-424b-9868-57a2d4851a1d" />
    <TestEntry testId="d276a244-99e4-a3da-e964-b96a932201dc" executionId="1f473906-b404-47af-9213-0be7bea3b8d8" testListId="8c84fa94-04c1-424b-9868-57a2d4851a1d" />
    <TestEntry testId="0347d3e5-ef16-a390-3cd5-cc0d1102e942" executionId="b7f6126f-5b32-44c3-91e8-832c95446df5" testListId="8c84fa94-04c1-424b-9868-57a2d4851a1d" />
    <TestEntry testId="7df56062-67fd-326c-c254-69fe685d5b44" executionId="db347331-b951-4535-89bf-1c926a487969" testListId="8c84fa94-04c1-424b-9868-57a2d4851a1d" />
    <TestEntry testId="b2454350-cc80-411b-25b8-3c792505ce4e" executionId="516afd36-ce92-4820-9b52-67e6e8e67ecc" testListId="8c84fa94-04c1-424b-9868-57a2d4851a1d" />
    <TestEntry testId="dd8476f8-ab78-3d27-3362-303b9cccb2b2" executionId="4a50a0b2-2e86-4c9b-b576-986a2dc0e691" testListId="8c84fa94-04c1-424b-9868-57a2d4851a1d" />
    <TestEntry testId="3e25cc29-e0fe-04a0-37d6-4995de9cdbbe" executionId="c5f096c7-bc96-4568-868e-e2d1bd0500b4" testListId="8c84fa94-04c1-424b-9868-57a2d4851a1d" />
    <TestEntry testId="213a721f-8a18-f5e6-b562-2dfdd1161cf1" executionId="83a5224a-806b-43b2-89dd-79dd21edce10" testListId="8c84fa94-04c1-424b-9868-57a2d4851a1d" />
    <TestEntry testId="3311d254-7574-3631-497f-37568232f2f3" executionId="de7ce90a-3a7e-4ec4-aed2-95f324bfa5c7" testListId="8c84fa94-04c1-424b-9868-57a2d4851a1d" />
    <TestEntry testId="f759576a-a5e2-cc09-1a2f-32c8520c196e" executionId="a6aa5622-a457-4442-a1d0-732a48507661" testListId="8c84fa94-04c1-424b-9868-57a2d4851a1d" />
    <TestEntry testId="2b2ec8be-e9e2-9194-df6b-b1c4a2309182" executionId="5081ece6-83b6-48d5-858b-0e76fa442125" testListId="8c84fa94-04c1-424b-9868-57a2d4851a1d" />
    <TestEntry testId="cdf225f6-ff91-0abc-5755-8d17f39ccf47" executionId="5e1e72c1-f593-4261-8f6a-bfded11a1110" testListId="8c84fa94-04c1-424b-9868-57a2d4851a1d" />
    <TestEntry testId="5f9caa6a-7600-83c3-66ac-77b00ca44e92" executionId="3aa22977-c3d5-478b-ad99-4bd10de63ece" testListId="8c84fa94-04c1-424b-9868-57a2d4851a1d" />
    <TestEntry testId="8da4778b-30f9-77d1-9625-d911c04101c3" executionId="84a3291c-4b46-4467-a72e-6c5a9e36139d" testListId="8c84fa94-04c1-424b-9868-57a2d4851a1d" />
    <TestEntry testId="bec87d69-4e03-29bb-e3b6-a45728962ce1" executionId="d1eaaba5-2a2a-4305-a66e-4ae28c4c73a8" testListId="8c84fa94-04c1-424b-9868-57a2d4851a1d" />
    <TestEntry testId="f06fd372-5e95-afd9-0ea0-aa431b4dd16f" executionId="7069f47d-545e-4d6d-9de8-96df958e2fca" testListId="8c84fa94-04c1-424b-9868-57a2d4851a1d" />
    <TestEntry testId="436c5e0a-d280-00d0-994f-b8c0314801fe" executionId="69d5c9f8-d760-4b52-9567-b08136a50aa6" testListId="8c84fa94-04c1-424b-9868-57a2d4851a1d" />
    <TestEntry testId="956af03d-fa8e-07d1-68d9-66c3500a6307" executionId="03a905cb-106d-4442-8f40-91bcbd4b9252" testListId="8c84fa94-04c1-424b-9868-57a2d4851a1d" />
    <TestEntry testId="f48fe870-a997-ebee-017f-67138bc4cf91" executionId="48e89466-c284-48f2-a3b7-864ee4720600" testListId="8c84fa94-04c1-424b-9868-57a2d4851a1d" />
    <TestEntry testId="3854d9d0-a2b2-f7c7-c1b2-ed47843787e5" executionId="8cf5eec0-d77c-4957-b87f-409c54ac342b" testListId="8c84fa94-04c1-424b-9868-57a2d4851a1d" />
    <TestEntry testId="e1eb5431-eca9-54da-f36a-04751842eeb8" executionId="89fdc891-768f-4c31-b2a6-7ef429975477" testListId="8c84fa94-04c1-424b-9868-57a2d4851a1d" />
    <TestEntry testId="6600797e-824b-04e8-0096-83674ad4612c" executionId="0360a3a5-ca2d-4003-b2ab-513897179aed" testListId="8c84fa94-04c1-424b-9868-57a2d4851a1d" />
    <TestEntry testId="13489c39-cbb3-aeff-60cc-b06b8fbb1546" executionId="ba76fc14-41b3-4ae1-9323-792207c2dbe9" testListId="8c84fa94-04c1-424b-9868-57a2d4851a1d" />
    <TestEntry testId="a1c0e6c0-31f5-80a2-27b5-5ad13777f66a" executionId="2db26e69-e8b3-491d-8688-8c1afae27104" testListId="8c84fa94-04c1-424b-9868-57a2d4851a1d" />
    <TestEntry testId="a6d9487f-9732-f9e7-674c-29f4897a8383" executionId="7a837634-245e-40f4-b76f-f4af99c123ae" testListId="8c84fa94-04c1-424b-9868-57a2d4851a1d" />
    <TestEntry testId="8a327e1f-5c71-a8f0-8e0f-ac4967bd19dd" executionId="220481ca-fff0-4f92-9874-a76bfd12ccf4" testListId="8c84fa94-04c1-424b-9868-57a2d4851a1d" />
    <TestEntry testId="b433873b-858d-53f6-fc41-a10063eaa76f" executionId="95d8b56f-eac3-4379-9f62-aec1852b9dd9" testListId="8c84fa94-04c1-424b-9868-57a2d4851a1d" />
    <TestEntry testId="093b3192-cb40-98ba-b808-350cc3941bcd" executionId="9e2dfd26-e2be-4131-92a3-03c87a0d1d06" testListId="8c84fa94-04c1-424b-9868-57a2d4851a1d" />
    <TestEntry testId="e8a91137-eeb4-74a9-84a3-9ce6803682e3" executionId="5288ef0e-8ea9-45bf-8f7c-5a775f66e0eb" testListId="8c84fa94-04c1-424b-9868-57a2d4851a1d" />
    <TestEntry testId="f67ae3d1-0cdb-acc7-0938-902634e0ce87" executionId="0bdc866c-42c4-4c41-8a7d-439c564f6e13" testListId="8c84fa94-04c1-424b-9868-57a2d4851a1d" />
    <TestEntry testId="fe73573e-b508-a88a-6bef-d23ec01ac542" executionId="d26ea66b-e914-4c77-b1d8-fed6236d7c8a" testListId="8c84fa94-04c1-424b-9868-57a2d4851a1d" />
    <TestEntry testId="23e0a976-ad27-7b14-1cc3-3ff0b2e3e976" executionId="c30a3c8d-87d1-4a86-b57b-2b5badaff63a" testListId="8c84fa94-04c1-424b-9868-57a2d4851a1d" />
    <TestEntry testId="b26f47a3-dde7-4d3a-3c86-9644b275c7e9" executionId="3ac2d93a-9914-44ec-9e08-2076a22f3d14" testListId="8c84fa94-04c1-424b-9868-57a2d4851a1d" />
    <TestEntry testId="e95fabff-fa56-5d18-763d-d345c9da6d1d" executionId="d49108ae-64fc-45b3-b359-99331fd182b9" testListId="8c84fa94-04c1-424b-9868-57a2d4851a1d" />
    <TestEntry testId="cbb755c6-4bf2-4aa6-5eae-760cbc594db1" executionId="caf7cbcc-af85-49d7-b9fc-942cdc37fae3" testListId="8c84fa94-04c1-424b-9868-57a2d4851a1d" />
    <TestEntry testId="90946cea-cf3c-3aeb-d04f-853ea2fdcee6" executionId="a348972e-3c35-4905-91af-cec683264e2a" testListId="8c84fa94-04c1-424b-9868-57a2d4851a1d" />
    <TestEntry testId="151b931b-a3fc-4d74-1f14-ac398dab4731" executionId="3b17f2cc-11e9-42bf-81e1-ac9c06d516a6" testListId="8c84fa94-04c1-424b-9868-57a2d4851a1d" />
    <TestEntry testId="caa3d046-7097-1055-0910-1708111ac16d" executionId="11bb96c4-52a8-4d7f-80fc-75b816ca5c52" testListId="8c84fa94-04c1-424b-9868-57a2d4851a1d" />
    <TestEntry testId="7b50df33-f9ea-df0e-5baa-1efa4191fff0" executionId="60a90c41-5448-4eb6-8abb-b584b05a9afe" testListId="8c84fa94-04c1-424b-9868-57a2d4851a1d" />
    <TestEntry testId="ed19ca08-583d-e8d4-bb66-5b9b2642f021" executionId="61dd6d61-96ae-4bcd-a3e9-46d95f249174" testListId="8c84fa94-04c1-424b-9868-57a2d4851a1d" />
    <TestEntry testId="be39a583-ded4-ffd9-9535-135a91598c2f" executionId="58b64bc9-9333-420c-8b9b-7ecaf38ae514" testListId="8c84fa94-04c1-424b-9868-57a2d4851a1d" />
    <TestEntry testId="3a3971d1-7e0b-55ff-6ff8-e671e9ab7f8f" executionId="79899afb-dbe4-432f-a0e8-9787d93c56c3" testListId="8c84fa94-04c1-424b-9868-57a2d4851a1d" />
    <TestEntry testId="54ae1cd7-2a39-488b-5e9c-935107680a0a" executionId="8b3fbe16-0dd5-4a75-8be9-589adb91b6fc" testListId="8c84fa94-04c1-424b-9868-57a2d4851a1d" />
    <TestEntry testId="11690713-c1d8-f9dd-76cd-e0d1e2453c92" executionId="f118d4cd-df50-47e7-b4c7-3246d8b6219e" testListId="8c84fa94-04c1-424b-9868-57a2d4851a1d" />
    <TestEntry testId="6374c99b-f386-9a5d-71dc-b90c9c29c39d" executionId="24c0239c-830b-40ae-8b59-f1cae0453976" testListId="8c84fa94-04c1-424b-9868-57a2d4851a1d" />
    <TestEntry testId="377c00f5-f981-f137-384d-91fc47de7c4e" executionId="8731e339-7a32-4aa6-ba01-550d6e63b371" testListId="8c84fa94-04c1-424b-9868-57a2d4851a1d" />
    <TestEntry testId="ea86374e-5138-b4e2-1e50-e21dbab79100" executionId="405f2d1d-a98d-40c7-b9cc-f02b9b6799ed" testListId="8c84fa94-04c1-424b-9868-57a2d4851a1d" />
    <TestEntry testId="426eacad-6124-ca68-d6ba-7e3221fa3111" executionId="7e05a9ad-75de-48b6-be8c-8ee64d3c01be" testListId="8c84fa94-04c1-424b-9868-57a2d4851a1d" />
    <TestEntry testId="bb20653e-f3d7-0986-9285-4d173256b8db" executionId="a41ba71a-2f4e-4bdc-bffc-e31b6b45d80a" testListId="8c84fa94-04c1-424b-9868-57a2d4851a1d" />
    <TestEntry testId="6ff54358-193d-9e59-831c-c5747f10b357" executionId="a5712cae-f795-4a23-9d37-ba2e51bfbbe9" testListId="8c84fa94-04c1-424b-9868-57a2d4851a1d" />
    <TestEntry testId="6a298063-1a44-3628-3c48-d4e21ce2e456" executionId="39f3373d-de4b-478f-a163-f50342250c97" testListId="8c84fa94-04c1-424b-9868-57a2d4851a1d" />
    <TestEntry testId="664669c9-b47d-adaa-f0ba-aeb8c3feef9c" executionId="6f1e280c-35c9-4148-bf26-f236d07c2d88" testListId="8c84fa94-04c1-424b-9868-57a2d4851a1d" />
    <TestEntry testId="3ebd0df3-af0a-c340-0bac-b19a7a8a5ada" executionId="6f882c8d-4397-4fc7-8492-3fdb09007c07" testListId="8c84fa94-04c1-424b-9868-57a2d4851a1d" />
    <TestEntry testId="98c9c640-4cb0-d43b-859f-cc7c09ff25a4" executionId="e7b06228-9bbf-407b-a3d7-061c0d8b2686" testListId="8c84fa94-04c1-424b-9868-57a2d4851a1d" />
    <TestEntry testId="54ccfb17-7395-5757-63db-974eb3826298" executionId="71849b7d-8b3d-40c7-a66c-4ac6ae47cda1" testListId="8c84fa94-04c1-424b-9868-57a2d4851a1d" />
    <TestEntry testId="e616e76c-51c0-bae8-b169-6c37c8046f88" executionId="3d8f7a0f-8f06-4c4d-bf2b-cb69bb3e1d63" testListId="8c84fa94-04c1-424b-9868-57a2d4851a1d" />
    <TestEntry testId="7538d070-e4f6-0f07-da98-995ad7ad5f7b" executionId="2ad9a880-2acc-4919-99e6-e8fca15024fd" testListId="8c84fa94-04c1-424b-9868-57a2d4851a1d" />
    <TestEntry testId="911da651-8ecc-8713-f317-65525d88efc8" executionId="9978ce4e-3076-45fb-a766-68d9b3dff3c4" testListId="8c84fa94-04c1-424b-9868-57a2d4851a1d" />
    <TestEntry testId="592ff86c-fef5-108c-d091-426056e0fdbf" executionId="70687b37-c896-45bf-a634-5d587658bbf2" testListId="8c84fa94-04c1-424b-9868-57a2d4851a1d" />
    <TestEntry testId="94fed4b4-7cf8-8ad5-03b4-bf40edc82cdc" executionId="97ae683d-e5f1-423d-8281-fa10d15aedb0" testListId="8c84fa94-04c1-424b-9868-57a2d4851a1d" />
    <TestEntry testId="3ef662cc-6884-eaf7-fa76-83655ae1f53b" executionId="71840a86-3686-401d-adff-4b102ff6b0df" testListId="8c84fa94-04c1-424b-9868-57a2d4851a1d" />
    <TestEntry testId="35db66ad-a91c-ea88-37ff-c0f36f8fe1c7" executionId="4052ad11-a347-4077-830a-2f8dac4360b8" testListId="8c84fa94-04c1-424b-9868-57a2d4851a1d" />
    <TestEntry testId="8686141b-83b8-b1d5-e9eb-bb2972b4b749" executionId="4ad553d5-eefa-4476-8abd-e437f389272a" testListId="8c84fa94-04c1-424b-9868-57a2d4851a1d" />
    <TestEntry testId="7d33d7b2-e277-cb8c-0cbc-ab4b64acd555" executionId="0a7bfeb4-8446-401c-a4c4-8699f16e98e0" testListId="8c84fa94-04c1-424b-9868-57a2d4851a1d" />
    <TestEntry testId="9d3a3f72-fc74-2b09-77ae-e37fe9cd6d7e" executionId="8d2df514-1b40-4100-915e-d2073f106a84" testListId="8c84fa94-04c1-424b-9868-57a2d4851a1d" />
    <TestEntry testId="29708004-f38b-d04c-cedd-0c33e757ab66" executionId="b238102f-5700-470e-8658-4cca0dca87d4" testListId="8c84fa94-04c1-424b-9868-57a2d4851a1d" />
    <TestEntry testId="f02370c8-eacc-3a43-f8e7-4d1422a861d5" executionId="29a4eb52-d503-46a5-9512-79a2e6f1ad87" testListId="8c84fa94-04c1-424b-9868-57a2d4851a1d" />
    <TestEntry testId="c122ad88-a978-5760-d739-4929394d155f" executionId="07174536-226e-49e5-b9aa-f28336ef2f82" testListId="8c84fa94-04c1-424b-9868-57a2d4851a1d" />
    <TestEntry testId="447e17de-f3a2-6db7-2e72-a4d5623a203d" executionId="5da7e5af-9ca7-4c1c-a554-3e413872e0b4" testListId="8c84fa94-04c1-424b-9868-57a2d4851a1d" />
    <TestEntry testId="b906ce26-ed25-c8de-9f87-8b53d336e55d" executionId="1a2cc167-65bf-4114-b322-cd16c3a6a953" testListId="8c84fa94-04c1-424b-9868-57a2d4851a1d" />
    <TestEntry testId="14eaf407-5879-a13a-b90b-8a3983a823a7" executionId="e1fc6d44-80d0-4e31-bc97-c84f3b517217" testListId="8c84fa94-04c1-424b-9868-57a2d4851a1d" />
    <TestEntry testId="3259dd0b-0136-4100-5684-d26e7d815d92" executionId="19af39a4-62ed-4907-82ea-6d2d64c6bcad" testListId="8c84fa94-04c1-424b-9868-57a2d4851a1d" />
    <TestEntry testId="a2ad81b9-a89f-cd70-ac3c-1023b056d86e" executionId="67ab4ca2-c08a-42a6-8d54-01457620ed66" testListId="8c84fa94-04c1-424b-9868-57a2d4851a1d" />
    <TestEntry testId="f04e9a90-88b2-ced5-7d69-5c4ba9eb7168" executionId="b564edf5-bc28-4633-81fc-1a0ba258aa3f" testListId="8c84fa94-04c1-424b-9868-57a2d4851a1d" />
    <TestEntry testId="caa634ff-905f-8e0f-9839-72cce6759d12" executionId="6c31ff01-8763-49c8-8920-7f17a4f17006" testListId="8c84fa94-04c1-424b-9868-57a2d4851a1d" />
    <TestEntry testId="2378a6e5-a656-6660-d63c-8f6e33871649" executionId="04ec20b9-d79c-4450-b922-acdd20d8c549" testListId="8c84fa94-04c1-424b-9868-57a2d4851a1d" />
    <TestEntry testId="6e476339-5cb5-3322-a9ed-c2fe4bdbd5a9" executionId="2804a09f-53c8-4927-aba2-bad21713da8c" testListId="8c84fa94-04c1-424b-9868-57a2d4851a1d" />
    <TestEntry testId="fe498020-9c82-9155-348d-c021ada3b94e" executionId="699f3100-c735-409e-99f3-8d268cb009b5" testListId="8c84fa94-04c1-424b-9868-57a2d4851a1d" />
    <TestEntry testId="09835a22-8289-18e2-506c-c22239cd6174" executionId="e4129cab-3ad1-44bd-aff8-2a058937d9f9" testListId="8c84fa94-04c1-424b-9868-57a2d4851a1d" />
    <TestEntry testId="048862e4-5e07-466a-78b6-adc4e0ad6b96" executionId="3b44f897-aa4c-4eb4-bea0-89e40a93486d" testListId="8c84fa94-04c1-424b-9868-57a2d4851a1d" />
    <TestEntry testId="64493132-5583-6d62-3163-8d076c22b4fb" executionId="178c9057-ae3c-48be-8c99-ca2df8eacc27" testListId="8c84fa94-04c1-424b-9868-57a2d4851a1d" />
    <TestEntry testId="d9325be5-57f6-60b3-d4c6-1efcb193d1ff" executionId="04a46889-d0c8-4bcb-9a5c-2055140e13f9" testListId="8c84fa94-04c1-424b-9868-57a2d4851a1d" />
    <TestEntry testId="6ed484fd-23b0-8de3-93f4-2994e69a8356" executionId="f4815b9c-94f8-4892-bc9c-78b76bce9e08" testListId="8c84fa94-04c1-424b-9868-57a2d4851a1d" />
    <TestEntry testId="b47cdc3e-049c-cd5c-c2c7-31cde378a497" executionId="ba76ac98-8645-48db-ae0e-e7a78497f6e2" testListId="8c84fa94-04c1-424b-9868-57a2d4851a1d" />
    <TestEntry testId="85107d46-fb2b-2d25-08f4-1bb1728036b3" executionId="10e6886d-d636-4788-8374-6365736cf093" testListId="8c84fa94-04c1-424b-9868-57a2d4851a1d" />
    <TestEntry testId="39f048c9-7e2d-efec-b9d9-d75c385753c3" executionId="d29b9e72-f773-4181-a092-1e559148c437" testListId="8c84fa94-04c1-424b-9868-57a2d4851a1d" />
    <TestEntry testId="63bd5a7d-f0f5-655e-dada-410c7c4e4210" executionId="cfe867c5-4122-4666-b154-a0cf6e2ba7f5" testListId="8c84fa94-04c1-424b-9868-57a2d4851a1d" />
    <TestEntry testId="f583ac8a-6e80-7543-3848-0d8e129c0466" executionId="8d93ccd0-2f67-4152-9591-778d59849467" testListId="8c84fa94-04c1-424b-9868-57a2d4851a1d" />
    <TestEntry testId="ad556fa6-be3b-2fd9-3842-247407f62908" executionId="98d391a4-ec79-4f86-abf3-b25a55e2a4d6" testListId="8c84fa94-04c1-424b-9868-57a2d4851a1d" />
    <TestEntry testId="3b76c26d-19fa-be9a-0838-d59a98851d60" executionId="97eecbbf-2f9b-4a79-959e-cbcf033d225f" testListId="8c84fa94-04c1-424b-9868-57a2d4851a1d" />
    <TestEntry testId="596d67de-32af-58f6-0a72-83002f11cdb3" executionId="ea3820f9-c974-4361-9145-4a8e714c1589" testListId="8c84fa94-04c1-424b-9868-57a2d4851a1d" />
    <TestEntry testId="c7d8863a-c917-0288-6c73-44b79198ed9f" executionId="021cb771-d682-497c-af3f-ea28e31e9fa6" testListId="8c84fa94-04c1-424b-9868-57a2d4851a1d" />
    <TestEntry testId="09004056-0c9e-e768-3adc-f191843269f6" executionId="5a6d32b9-319b-49ef-b9e7-e4db341f4368" testListId="8c84fa94-04c1-424b-9868-57a2d4851a1d" />
    <TestEntry testId="f6d666f0-08e6-159e-e716-2cef9bc86a91" executionId="e8e51f86-baec-4eef-99ad-bac76d28b804" testListId="8c84fa94-04c1-424b-9868-57a2d4851a1d" />
    <TestEntry testId="17da5238-4eaa-170d-4240-4070670f5890" executionId="805ecb1c-7831-4764-a02e-35f84f4ca19d" testListId="8c84fa94-04c1-424b-9868-57a2d4851a1d" />
    <TestEntry testId="d7b96586-8779-d2ec-9ac9-b94ab77205d6" executionId="d63df9ce-fef9-4aa6-823a-546b8ab243f1" testListId="8c84fa94-04c1-424b-9868-57a2d4851a1d" />
    <TestEntry testId="0f41d15f-dee9-6d9d-a89a-fade550c7f45" executionId="886b4669-855b-420d-8784-7c7b35c053d5" testListId="8c84fa94-04c1-424b-9868-57a2d4851a1d" />
    <TestEntry testId="fed6e063-ef18-7960-eaa5-1623b9431779" executionId="0a540009-14a0-4438-96ae-9ae5c4cf86a1" testListId="8c84fa94-04c1-424b-9868-57a2d4851a1d" />
    <TestEntry testId="8daf6457-39cc-3ade-27fa-797e779e918f" executionId="a376f741-5cb3-4164-a532-4a73bbfef975" testListId="8c84fa94-04c1-424b-9868-57a2d4851a1d" />
    <TestEntry testId="5358c26d-0580-68de-5bd7-9823ce192502" executionId="dc370494-4344-43ea-bec9-465742640bec" testListId="8c84fa94-04c1-424b-9868-57a2d4851a1d" />
    <TestEntry testId="7cce3fce-70cd-4a79-a1f0-c7205c454c6a" executionId="3a087f04-bdd0-4517-abbb-a88d912d8b26" testListId="8c84fa94-04c1-424b-9868-57a2d4851a1d" />
    <TestEntry testId="2ac1d93a-842c-4c94-de53-449a41f91da2" executionId="6dae1612-975d-4472-bf73-254cacffc72d" testListId="8c84fa94-04c1-424b-9868-57a2d4851a1d" />
    <TestEntry testId="a5545432-3c78-0651-1f2d-d21157061201" executionId="2198b7ed-db24-48f8-9811-fac269800fc5" testListId="8c84fa94-04c1-424b-9868-57a2d4851a1d" />
    <TestEntry testId="471c3d96-55e9-af24-cd4f-1556eb9e816f" executionId="9e126517-3a5f-4a78-98c8-e2ae2a33b865" testListId="8c84fa94-04c1-424b-9868-57a2d4851a1d" />
    <TestEntry testId="bb61efaa-3a9e-0e85-e6f2-eec9388f1cbe" executionId="9f13c3e6-3c13-4b59-aed4-ac84c60fe2b8" testListId="8c84fa94-04c1-424b-9868-57a2d4851a1d" />
    <TestEntry testId="ad69ce10-824a-af09-c8b0-ddacbb84000b" executionId="a6e27ad1-3a86-408f-8bf8-ddea3b8172e1" testListId="8c84fa94-04c1-424b-9868-57a2d4851a1d" />
    <TestEntry testId="175b396a-128f-02f6-c512-d3f8aaeb922e" executionId="d4e646d7-ec18-472c-9fa9-748137299777" testListId="8c84fa94-04c1-424b-9868-57a2d4851a1d" />
    <TestEntry testId="6576e265-8a26-5f2f-8e48-bbdea7ff7295" executionId="d5843bcb-0664-45f7-ae95-798b43a7db4b" testListId="8c84fa94-04c1-424b-9868-57a2d4851a1d" />
    <TestEntry testId="16a70cd6-81c3-fbf5-757d-c43c45bf7cf0" executionId="cb1f52c3-5211-4875-94a2-8c0afe78295e" testListId="8c84fa94-04c1-424b-9868-57a2d4851a1d" />
    <TestEntry testId="026b2b80-fab9-3afb-dabb-09e9ae4db8e2" executionId="d4155ace-92dd-4be6-99a7-829a895a6091" testListId="8c84fa94-04c1-424b-9868-57a2d4851a1d" />
    <TestEntry testId="1544607d-f5b5-63ff-02eb-d47b3c99bca8" executionId="4a6218cd-93fa-429a-a238-7ac663323fea" testListId="8c84fa94-04c1-424b-9868-57a2d4851a1d" />
    <TestEntry testId="c9698918-aeaf-7890-1ae0-9dd3b2019262" executionId="350e1374-97cc-46dc-976d-39b8b4f1a173" testListId="8c84fa94-04c1-424b-9868-57a2d4851a1d" />
    <TestEntry testId="aa3ab553-6858-d8b8-516a-d515f3b67ec7" executionId="2dfe9ce4-3b7a-4ecb-ab18-63e46f637a3c" testListId="8c84fa94-04c1-424b-9868-57a2d4851a1d" />
    <TestEntry testId="25294366-57d5-e232-01fe-9df6f0b2e71c" executionId="de45bd69-ded3-4c4b-a620-e18653d3a6e6" testListId="8c84fa94-04c1-424b-9868-57a2d4851a1d" />
    <TestEntry testId="8116bcf2-1195-6e70-b1b2-01d6da93a638" executionId="9ab7b735-0a00-475a-914d-df61ba99fd18" testListId="8c84fa94-04c1-424b-9868-57a2d4851a1d" />
    <TestEntry testId="482df463-526b-a11d-cda8-68edc19ddbf2" executionId="5a13f278-193b-4f86-8304-c38c02eec04b" testListId="8c84fa94-04c1-424b-9868-57a2d4851a1d" />
    <TestEntry testId="1bd7296b-b1ff-29bb-53fd-3cf03b28a772" executionId="bb192e02-eb90-4fcf-8325-d3deef8499c5" testListId="8c84fa94-04c1-424b-9868-57a2d4851a1d" />
    <TestEntry testId="79207d79-bdf3-6096-3119-e45cf7966a71" executionId="1606c947-f654-44f7-9577-b0a31812ed8f" testListId="8c84fa94-04c1-424b-9868-57a2d4851a1d" />
    <TestEntry testId="42a2ae64-325f-b6be-261e-2a5079b0f1f8" executionId="2c88598d-14c5-4160-8d36-cdfd29376f19" testListId="8c84fa94-04c1-424b-9868-57a2d4851a1d" />
    <TestEntry testId="9868c1e9-4e2a-fbbb-43db-481272245b79" executionId="f62c3b0e-1ca4-451f-b118-f2a5515fa8c1" testListId="8c84fa94-04c1-424b-9868-57a2d4851a1d" />
    <TestEntry testId="73a39717-431a-847b-8ebc-7fc7ada6d3bc" executionId="69de264a-2eea-4557-8fe8-7bd2d0e2ad9c" testListId="8c84fa94-04c1-424b-9868-57a2d4851a1d" />
    <TestEntry testId="e7d09179-032e-df4a-40ce-3a62078c6262" executionId="0c5c6ea3-468d-4420-96b2-b7c59acecc49" testListId="8c84fa94-04c1-424b-9868-57a2d4851a1d" />
    <TestEntry testId="28978c49-1ccb-3d87-e051-771916154ffc" executionId="040354ba-1a14-41bc-9ce0-13ce50a82c8c" testListId="8c84fa94-04c1-424b-9868-57a2d4851a1d" />
    <TestEntry testId="1d06ff54-515f-750d-6fdc-1719f0268543" executionId="531a3703-a55f-4005-ac22-30f76d280e8c" testListId="8c84fa94-04c1-424b-9868-57a2d4851a1d" />
    <TestEntry testId="f993e51c-0e45-fec1-9415-43a4371880aa" executionId="e05de9ec-fc18-45b8-9256-501226b25b9e" testListId="8c84fa94-04c1-424b-9868-57a2d4851a1d" />
    <TestEntry testId="5536734d-a539-44fc-91cc-f04d6a436074" executionId="b9408e31-1d80-43b7-bc6f-41a17893c922" testListId="8c84fa94-04c1-424b-9868-57a2d4851a1d" />
    <TestEntry testId="2466378d-bc51-8ab5-3ca8-7f1973cca127" executionId="c44f952e-43a5-491a-bab9-c35106220672" testListId="8c84fa94-04c1-424b-9868-57a2d4851a1d" />
    <TestEntry testId="6b731fec-ade7-0ac8-ca12-36e28c69ebd0" executionId="24bec307-7b2d-47fb-bd14-70a7c2dcd646" testListId="8c84fa94-04c1-424b-9868-57a2d4851a1d" />
    <TestEntry testId="7bcb1def-3ef0-5767-0316-7d9c28a4f651" executionId="140b17a2-4053-420b-bea3-2c8017bc618a" testListId="8c84fa94-04c1-424b-9868-57a2d4851a1d" />
    <TestEntry testId="31823d1a-6c4f-a08b-44cb-030cd445946e" executionId="b2693a76-9f43-4ec3-9520-7ae3f6800b76" testListId="8c84fa94-04c1-424b-9868-57a2d4851a1d" />
    <TestEntry testId="c1c4c265-2b17-52e4-67cd-c3bbc4031a5d" executionId="6172d682-2544-479b-9004-f83155e75425" testListId="8c84fa94-04c1-424b-9868-57a2d4851a1d" />
    <TestEntry testId="86338d3a-21b3-b740-6d48-65dc83cf1336" executionId="0dbdc49e-9d69-4a95-97f7-2475748d11dc" testListId="8c84fa94-04c1-424b-9868-57a2d4851a1d" />
    <TestEntry testId="96a57f62-cb31-fe28-d1d6-07662a13be9c" executionId="02ce842c-30e0-43c9-80f6-20bdfe71ebbb" testListId="8c84fa94-04c1-424b-9868-57a2d4851a1d" />
    <TestEntry testId="d4197eb6-3f2a-5968-f3d0-2ee798e8ea5a" executionId="f257d26a-49f6-4cbf-9946-400c54ae2a4d" testListId="8c84fa94-04c1-424b-9868-57a2d4851a1d" />
    <TestEntry testId="36609032-ed9c-708a-12a6-daad8748a0b0" executionId="fa4fabfe-7f1a-4ff4-ae4a-63a34f919ee4" testListId="8c84fa94-04c1-424b-9868-57a2d4851a1d" />
    <TestEntry testId="bd2acd27-36b1-2702-3bd6-a32956f1f1aa" executionId="d1c13f97-4fba-4eee-8b8a-0f0bfb29ddfd" testListId="8c84fa94-04c1-424b-9868-57a2d4851a1d" />
    <TestEntry testId="da56d109-0a49-b6f1-deb0-36bd28e8e654" executionId="db070f30-9454-4b4c-981f-bd30c9fce4fa" testListId="8c84fa94-04c1-424b-9868-57a2d4851a1d" />
    <TestEntry testId="0055b807-349c-f5e1-67db-a1b0ab9c4f61" executionId="c953f94d-afed-4886-84ba-d5541cd128e9" testListId="8c84fa94-04c1-424b-9868-57a2d4851a1d" />
    <TestEntry testId="a0de8d69-5950-bfda-abde-1cf2e409e02f" executionId="2cd7243b-6f8e-4ab8-93be-39b7d848089b" testListId="8c84fa94-04c1-424b-9868-57a2d4851a1d" />
    <TestEntry testId="16741afe-e8a7-22b1-043d-d1fb6504d52b" executionId="99f21bff-3197-43c2-ad27-55f3c47331f8" testListId="8c84fa94-04c1-424b-9868-57a2d4851a1d" />
    <TestEntry testId="2c604a14-0913-4aef-c24e-765248a2deaf" executionId="e00858e6-9228-4975-bd69-4403df9480e0" testListId="8c84fa94-04c1-424b-9868-57a2d4851a1d" />
    <TestEntry testId="32813ac7-3f96-9dab-9053-1499573e3764" executionId="3e1e010e-314f-48ce-9d92-e10044b4b106" testListId="8c84fa94-04c1-424b-9868-57a2d4851a1d" />
    <TestEntry testId="88e167b3-106d-6bb3-b58b-7a4577ba15e2" executionId="ea14811d-654e-44cf-b0a8-102bfc4d4959" testListId="8c84fa94-04c1-424b-9868-57a2d4851a1d" />
    <TestEntry testId="45fa6ab0-0def-827a-8ff7-09a60fbaf759" executionId="4bf1f6c9-c9e1-46eb-afa3-6101e0d40699" testListId="8c84fa94-04c1-424b-9868-57a2d4851a1d" />
    <TestEntry testId="d5511e1d-1a15-abc8-03f9-36e36a13935b" executionId="694de61b-4ce5-4005-859f-8e511822605d" testListId="8c84fa94-04c1-424b-9868-57a2d4851a1d" />
    <TestEntry testId="8bb51434-7ac3-0446-b4d6-f57eda9d3fa9" executionId="61a8d524-2927-4654-bc5b-a947a78a306d" testListId="8c84fa94-04c1-424b-9868-57a2d4851a1d" />
    <TestEntry testId="bab8418d-76a3-f97e-07fa-552348be1861" executionId="26ad3777-57dd-4473-8830-37ddaec23537" testListId="8c84fa94-04c1-424b-9868-57a2d4851a1d" />
    <TestEntry testId="a0bc616e-6be4-c331-549e-6074f34cc4e3" executionId="900fbcfd-fc56-497c-83fb-c22b09ff8666" testListId="8c84fa94-04c1-424b-9868-57a2d4851a1d" />
    <TestEntry testId="a57f8fdd-3dd2-e2ca-b019-fec10cd76bf1" executionId="5a82f377-f1c4-4736-9c57-49e182836a81" testListId="8c84fa94-04c1-424b-9868-57a2d4851a1d" />
    <TestEntry testId="28d82dd6-6a0d-8f78-d697-4cf7bb03aa92" executionId="0c169cdb-98c4-4da8-a6c1-42790d768181" testListId="8c84fa94-04c1-424b-9868-57a2d4851a1d" />
    <TestEntry testId="a6a5d601-ff64-4f7b-131b-012677348bb7" executionId="5a4437be-2041-41aa-b64e-257454f04a8a" testListId="8c84fa94-04c1-424b-9868-57a2d4851a1d" />
    <TestEntry testId="8e41b35a-3ec8-ae0c-d290-6ca9761bbcff" executionId="b0b29569-d170-4e9d-a584-2c79b361e7f8" testListId="8c84fa94-04c1-424b-9868-57a2d4851a1d" />
    <TestEntry testId="7fc148eb-c442-b9c0-5627-bd4c2df9d151" executionId="b9be8726-f757-4c58-9242-7646a6e3ebcb" testListId="8c84fa94-04c1-424b-9868-57a2d4851a1d" />
    <TestEntry testId="3959040a-558e-1fb1-4b62-db78200eeb19" executionId="304a4ee4-7859-4512-82b4-008821ada68e" testListId="8c84fa94-04c1-424b-9868-57a2d4851a1d" />
    <TestEntry testId="b74f3c13-839c-1de3-f4f8-8e0257b211dc" executionId="3b9b57f0-e5af-4b16-837b-7c742bfd6d3e" testListId="8c84fa94-04c1-424b-9868-57a2d4851a1d" />
    <TestEntry testId="cbded241-c44d-6ce4-8caa-2590df7456b7" executionId="a8aa086a-333a-4bc7-b81e-f65c4949b84b" testListId="8c84fa94-04c1-424b-9868-57a2d4851a1d" />
    <TestEntry testId="e01a47ba-3d64-5bf9-0048-2ad722af0114" executionId="7ee4e11c-6121-499e-b63f-2a64eceac055" testListId="8c84fa94-04c1-424b-9868-57a2d4851a1d" />
    <TestEntry testId="bc4dc118-6145-d9b6-bbb7-59c85b5fd5cb" executionId="5008bb5c-1f41-4064-ada9-46d4bc542b62" testListId="8c84fa94-04c1-424b-9868-57a2d4851a1d" />
    <TestEntry testId="a1d3f3fb-e34c-6ba9-0281-06cc60374178" executionId="ff477e20-9724-4e74-9398-21b0798d763f" testListId="8c84fa94-04c1-424b-9868-57a2d4851a1d" />
    <TestEntry testId="8e6994e3-9911-9f34-5be6-a4edb38761ab" executionId="50055f0f-75be-4e17-aaca-edaf016bc396" testListId="8c84fa94-04c1-424b-9868-57a2d4851a1d" />
    <TestEntry testId="d0892791-eee6-1e4a-9b66-135b14f505e6" executionId="ca7efe94-7499-4216-adaf-39e739b86769" testListId="8c84fa94-04c1-424b-9868-57a2d4851a1d" />
    <TestEntry testId="25e80a42-1b3f-6af8-9f04-b9b23e967286" executionId="50749e07-5bcb-423c-b5c3-6079cb3e4511" testListId="8c84fa94-04c1-424b-9868-57a2d4851a1d" />
    <TestEntry testId="79a09cb6-5867-35db-8756-9e5f1755526a" executionId="32ab7232-05b1-4af8-9d16-5ef7f285b3e3" testListId="8c84fa94-04c1-424b-9868-57a2d4851a1d" />
    <TestEntry testId="696cf3ca-1e0e-cfe7-4f39-0392a31de63d" executionId="fa9e0224-28be-4583-9dbc-812fd2d97fa3" testListId="8c84fa94-04c1-424b-9868-57a2d4851a1d" />
    <TestEntry testId="e957d115-7eca-b8a4-35c1-0ebe87f830be" executionId="bbd82354-8b6a-43e4-9696-bdb39f90e2f4" testListId="8c84fa94-04c1-424b-9868-57a2d4851a1d" />
    <TestEntry testId="8902c355-0bd4-d89b-9ff5-0a8aa307abe7" executionId="8a01d06b-837d-48df-abdf-c0b1cfef9581" testListId="8c84fa94-04c1-424b-9868-57a2d4851a1d" />
    <TestEntry testId="224058e6-254f-6bc7-9fa7-083097cda0df" executionId="e92150d3-acb0-415c-9a3a-3c9add911960" testListId="8c84fa94-04c1-424b-9868-57a2d4851a1d" />
    <TestEntry testId="c01aeb4c-364a-335c-825f-7ecf96ee3642" executionId="4edf8dc1-9d1b-4cf2-ae96-2c6ef7038d39" testListId="8c84fa94-04c1-424b-9868-57a2d4851a1d" />
    <TestEntry testId="71646e2f-f827-b40f-0fc9-5ea3a32c89e6" executionId="54f2a3d5-0bc1-4ab1-baa9-1f947d9a5caf" testListId="8c84fa94-04c1-424b-9868-57a2d4851a1d" />
    <TestEntry testId="5c06aeee-7728-e8f0-5616-f5cbe24431af" executionId="3bda503a-562b-4ba4-9709-c8ca0250bb87" testListId="8c84fa94-04c1-424b-9868-57a2d4851a1d" />
    <TestEntry testId="bd23ea2d-c446-2dee-4a8f-ecf6f98852de" executionId="c24b2970-ee1c-40ae-be36-873d3c427034" testListId="8c84fa94-04c1-424b-9868-57a2d4851a1d" />
    <TestEntry testId="54d19a12-fa8f-d905-6c3f-15218139ae67" executionId="9b8d94d3-9187-4ba7-bfe2-fbee0591f235" testListId="8c84fa94-04c1-424b-9868-57a2d4851a1d" />
    <TestEntry testId="eda0f3f4-fcbf-bcdd-5b6a-b5f8df70f781" executionId="b9fbb4ec-99df-4dc1-b921-45b1e58ff04a" testListId="8c84fa94-04c1-424b-9868-57a2d4851a1d" />
    <TestEntry testId="8df42748-a4fa-e2be-576d-09b7ed282ffd" executionId="8a2e2adb-1ac5-4ae7-9ee2-45f837c75f8d" testListId="8c84fa94-04c1-424b-9868-57a2d4851a1d" />
    <TestEntry testId="74336762-0c75-7f90-90f7-b0aa0d540297" executionId="e7abe691-3cea-418e-bde5-fefecd1785be" testListId="8c84fa94-04c1-424b-9868-57a2d4851a1d" />
    <TestEntry testId="cf6e2181-a90e-9e00-cf3a-86524b7f2b19" executionId="6e666d57-e1ae-4c4a-864f-3b81ac586077" testListId="8c84fa94-04c1-424b-9868-57a2d4851a1d" />
    <TestEntry testId="a642237a-545d-4d4b-f2a8-58611c667e2e" executionId="715f6f94-0a08-408f-ad94-a821b60dfee3" testListId="8c84fa94-04c1-424b-9868-57a2d4851a1d" />
    <TestEntry testId="63159009-ce85-97e5-2e35-37e8db0cab9d" executionId="bdc63a63-5145-43a6-8695-c81804928d6a" testListId="8c84fa94-04c1-424b-9868-57a2d4851a1d" />
    <TestEntry testId="0052a6bb-d12a-206f-8b5a-f2ae9964093b" executionId="12fddf0c-930a-405f-9956-07fc5ded706e" testListId="8c84fa94-04c1-424b-9868-57a2d4851a1d" />
    <TestEntry testId="d9953a55-fd45-32eb-24b5-3a8863ba74e1" executionId="7224ba0b-4d2f-4899-a5ea-601fabf79271" testListId="8c84fa94-04c1-424b-9868-57a2d4851a1d" />
    <TestEntry testId="23415afc-7f6d-975b-5632-f098a4cac009" executionId="bd9ebe06-1d2c-4a28-908b-742bb9d39d92" testListId="8c84fa94-04c1-424b-9868-57a2d4851a1d" />
    <TestEntry testId="aa7cc8cf-d777-2355-e392-ea65774c3d14" executionId="4187c259-ba59-459a-8d94-c43157cc076a" testListId="8c84fa94-04c1-424b-9868-57a2d4851a1d" />
    <TestEntry testId="1dfeebe7-8691-bf15-e3af-2b610e6264b2" executionId="2d29ba37-79e3-42a2-9d67-1f2ab963761e" testListId="8c84fa94-04c1-424b-9868-57a2d4851a1d" />
    <TestEntry testId="4fde8d4f-eb2d-5b9f-6e2a-8e0b3c3ed1ed" executionId="a6ea09a0-09e8-49df-bc96-72e51ad5bef6" testListId="8c84fa94-04c1-424b-9868-57a2d4851a1d" />
    <TestEntry testId="0937e7b8-cff3-4ed8-5b3e-0d1c82a8f834" executionId="5d9ca76d-42da-4b3e-99ab-bbc13d3252cb" testListId="8c84fa94-04c1-424b-9868-57a2d4851a1d" />
    <TestEntry testId="9905d683-52b9-0716-1304-d7029775ecb5" executionId="32279e2a-97e5-4f39-af6c-ed8600a9a689" testListId="8c84fa94-04c1-424b-9868-57a2d4851a1d" />
    <TestEntry testId="3565a929-4ae0-6fac-5d39-df418e416cca" executionId="3ca08d0e-258e-49de-9592-81095241a6c4" testListId="8c84fa94-04c1-424b-9868-57a2d4851a1d" />
    <TestEntry testId="5c9ba572-b6f5-cd64-d0ed-9a6e28c02978" executionId="1a1e388c-e5f7-4f97-ba0e-5e55cdbafd70" testListId="8c84fa94-04c1-424b-9868-57a2d4851a1d" />
    <TestEntry testId="deeb48d6-4ff6-51f9-31b8-046638a0d0e3" executionId="23da95b2-5792-4a4b-a097-af11d4b0f075" testListId="8c84fa94-04c1-424b-9868-57a2d4851a1d" />
    <TestEntry testId="7027f3cc-3718-fd31-0b84-aca079eec10d" executionId="702f533b-88cd-4791-885d-35807eeb3747" testListId="8c84fa94-04c1-424b-9868-57a2d4851a1d" />
    <TestEntry testId="6f003654-0850-63d6-e1de-79c309aa9fd0" executionId="06f07472-81ea-4b54-9fcc-ed978eefe9e7" testListId="8c84fa94-04c1-424b-9868-57a2d4851a1d" />
    <TestEntry testId="b6bbd876-9e59-c336-8016-4e7a3f5f20fb" executionId="d37a8b3f-2950-4f16-ab8c-b77be422c952" testListId="8c84fa94-04c1-424b-9868-57a2d4851a1d" />
    <TestEntry testId="4b4c7f4d-ca3b-32b7-9914-97589f78deb6" executionId="e409eabf-b9e0-48b0-b7be-544d8c241c2e" testListId="8c84fa94-04c1-424b-9868-57a2d4851a1d" />
    <TestEntry testId="9b78c9b9-80c8-a39b-d363-88174dec18c9" executionId="f65cd9d4-adf9-4d7b-a24e-dbb6fc49de69" testListId="8c84fa94-04c1-424b-9868-57a2d4851a1d" />
    <TestEntry testId="09a5ccab-d765-6747-ff70-72a4e8ec5a85" executionId="b0246d8a-dd87-4ca6-a0a6-6adce6ad35b2" testListId="8c84fa94-04c1-424b-9868-57a2d4851a1d" />
    <TestEntry testId="99abcbed-c980-7857-7e97-988c5ffdb5bd" executionId="03ef7efa-17ae-4b9d-a71d-24b3dbd043cf" testListId="8c84fa94-04c1-424b-9868-57a2d4851a1d" />
    <TestEntry testId="a66001a0-c4ec-36c0-5d06-83a92efd5b40" executionId="9befaafc-bbf8-4fa9-9945-1a9fa6406797" testListId="8c84fa94-04c1-424b-9868-57a2d4851a1d" />
    <TestEntry testId="c286ab53-bfd4-d10c-c922-e82b8ccd857f" executionId="9a56f987-27f1-4bc8-9321-73706af181a5" testListId="8c84fa94-04c1-424b-9868-57a2d4851a1d" />
    <TestEntry testId="9046d5d2-261d-b816-f1e7-b0c8e14bb9e6" executionId="d3cd78e4-6030-436a-98d3-a8f977b9eaa7" testListId="8c84fa94-04c1-424b-9868-57a2d4851a1d" />
    <TestEntry testId="51506895-cad2-6f85-2389-060f067f14b7" executionId="28813542-b5dd-4a24-a81b-14b6b5a4378b" testListId="8c84fa94-04c1-424b-9868-57a2d4851a1d" />
    <TestEntry testId="df7cb914-5000-b32b-c6f0-7fcef6a462b5" executionId="dd957bad-9cb4-4119-b7e2-c1f98e5cc623" testListId="8c84fa94-04c1-424b-9868-57a2d4851a1d" />
    <TestEntry testId="4270611d-23fc-a93c-5dd8-fb997a9a0681" executionId="eed92071-6d3b-4be8-b339-9f8ebcfcb5e4" testListId="8c84fa94-04c1-424b-9868-57a2d4851a1d" />
    <TestEntry testId="84e1a9f9-0710-15eb-e46f-b26a5a5269ed" executionId="c95c941c-bcd2-472f-8e6d-1a9e184a88f5" testListId="8c84fa94-04c1-424b-9868-57a2d4851a1d" />
    <TestEntry testId="5e7d3db5-a62c-11c0-2c77-38a9a07fea69" executionId="fd2800c3-56e1-4da7-bea0-e1cb9364b4b8" testListId="8c84fa94-04c1-424b-9868-57a2d4851a1d" />
    <TestEntry testId="a8c3529d-2b12-ce2c-2f3e-5ae63394092e" executionId="94a05263-4589-4122-9a82-37bcc18d0896" testListId="8c84fa94-04c1-424b-9868-57a2d4851a1d" />
    <TestEntry testId="44d87701-f998-2d61-4362-b3997aee69a2" executionId="ca0c5fad-a696-4285-a925-85024886f390" testListId="8c84fa94-04c1-424b-9868-57a2d4851a1d" />
    <TestEntry testId="bdf7f953-e824-c6c3-1c8c-c8b8f27bcf97" executionId="c5b6d651-5759-4b9c-9fc8-f8580e55ac42" testListId="8c84fa94-04c1-424b-9868-57a2d4851a1d" />
    <TestEntry testId="880e8343-327e-786b-fef8-556cbd81b07b" executionId="dcb7c727-a228-4bd7-8ec2-f05c968f403b" testListId="8c84fa94-04c1-424b-9868-57a2d4851a1d" />
    <TestEntry testId="2b9787ff-9053-0408-af66-9af4d931f0dc" executionId="f6298004-3975-47d5-9d6a-4b2d9a9af469" testListId="8c84fa94-04c1-424b-9868-57a2d4851a1d" />
    <TestEntry testId="b93f54c9-6701-f021-0a4a-5c4c45e54e96" executionId="ed739361-4d3a-480b-a41b-8d10e69c62d2" testListId="8c84fa94-04c1-424b-9868-57a2d4851a1d" />
    <TestEntry testId="2c2b927c-6d94-9439-71a6-6212f811ddb5" executionId="e9f6886a-0432-4c0b-899f-1b8e7f514f70" testListId="8c84fa94-04c1-424b-9868-57a2d4851a1d" />
    <TestEntry testId="54d1533e-47d1-ed7a-c7ca-794e8cdd73e0" executionId="15e2e2bc-c2bf-4000-ad38-8eff034d16ad" testListId="8c84fa94-04c1-424b-9868-57a2d4851a1d" />
    <TestEntry testId="045e8e83-e293-b622-5e26-dc42500edf07" executionId="8d310b52-7e59-4e94-a4eb-c025ee560ebe" testListId="8c84fa94-04c1-424b-9868-57a2d4851a1d" />
    <TestEntry testId="973dec3c-5715-da06-dccb-e79e882a0775" executionId="2995445b-eafb-44fc-a08b-d7b2697af7ea" testListId="8c84fa94-04c1-424b-9868-57a2d4851a1d" />
    <TestEntry testId="cee97a5a-7d64-4587-4a47-734e4afdf1bc" executionId="67527f30-6120-4a93-a747-e0d3e6aa43dc" testListId="8c84fa94-04c1-424b-9868-57a2d4851a1d" />
    <TestEntry testId="e6719ca7-28b5-fd81-12a8-76eb1858c875" executionId="0eefbbbe-d863-4c3c-a6e6-40548706e32a" testListId="8c84fa94-04c1-424b-9868-57a2d4851a1d" />
    <TestEntry testId="56b0fcd3-b153-3675-ebe9-c10bd54b246d" executionId="08b0c8a7-a8f3-41f1-9342-e5fc67fc95f2" testListId="8c84fa94-04c1-424b-9868-57a2d4851a1d" />
    <TestEntry testId="51c7f220-59cc-1ee8-dabb-23ebb97b87bc" executionId="d3a37bc9-a05a-4570-8313-5872bcd869d6" testListId="8c84fa94-04c1-424b-9868-57a2d4851a1d" />
    <TestEntry testId="714ffb3d-59bf-e39e-9870-baf6a782f56f" executionId="0294485f-8173-4379-a88c-a50791dc7fcc" testListId="8c84fa94-04c1-424b-9868-57a2d4851a1d" />
    <TestEntry testId="bd7febd5-c5c4-3da6-86d0-2e3da6a31e25" executionId="faefa5c4-30f6-401c-b0a7-bd2278b7b91b" testListId="8c84fa94-04c1-424b-9868-57a2d4851a1d" />
    <TestEntry testId="cec9a231-4875-d6f1-d412-c9d4c70af147" executionId="e061c60d-cc3b-4cb0-97f2-b3b5e2e7e2fe" testListId="8c84fa94-04c1-424b-9868-57a2d4851a1d" />
    <TestEntry testId="b010f81e-2735-c3fe-c696-2574cc0024f2" executionId="67bc9842-fed6-468b-9dbe-93ae2f36247c" testListId="8c84fa94-04c1-424b-9868-57a2d4851a1d" />
    <TestEntry testId="0af5de94-5596-e87f-4379-f25538a09122" executionId="fff8b529-656a-4296-97aa-7f1407686259" testListId="8c84fa94-04c1-424b-9868-57a2d4851a1d" />
    <TestEntry testId="a8ade29d-ea61-7298-cc5d-6f7333715882" executionId="c6ebcd52-386d-4a09-b461-4c692a638613" testListId="8c84fa94-04c1-424b-9868-57a2d4851a1d" />
    <TestEntry testId="39a5efdb-aea4-b275-af6d-66cb4607fd3f" executionId="bcbb9a15-66d8-4e94-81ac-f9f64b995d91" testListId="8c84fa94-04c1-424b-9868-57a2d4851a1d" />
    <TestEntry testId="630e4a80-884f-dc37-4d7c-498e61bd0a60" executionId="bb115db5-5d31-47e8-8fed-0b58b6078f51" testListId="8c84fa94-04c1-424b-9868-57a2d4851a1d" />
    <TestEntry testId="1ae3ac0d-4fa8-776c-562b-3a411691f5ef" executionId="9966162e-e0e8-4d0a-989d-f7c5413c0313" testListId="8c84fa94-04c1-424b-9868-57a2d4851a1d" />
    <TestEntry testId="120c794c-8657-c6ce-e7e5-982a9fe0d1a1" executionId="5a7f456f-be62-494a-9324-c753ded83092" testListId="8c84fa94-04c1-424b-9868-57a2d4851a1d" />
    <TestEntry testId="7abce175-04c2-7b58-df54-bb764fbcb581" executionId="f81f5bb8-09d9-4bb3-a76d-f2017918468a" testListId="8c84fa94-04c1-424b-9868-57a2d4851a1d" />
    <TestEntry testId="0b14d8df-4c33-479b-4b63-209db963451d" executionId="e4f31fba-2fce-4563-9b4f-44badd46f95b" testListId="8c84fa94-04c1-424b-9868-57a2d4851a1d" />
    <TestEntry testId="6cf064c2-9aff-ca54-4253-9a4d7047fc18" executionId="9646da40-aae3-4fab-92fa-3cd2a1cfec29" testListId="8c84fa94-04c1-424b-9868-57a2d4851a1d" />
    <TestEntry testId="66a00ecb-b6c8-3b63-457f-0d99b0414157" executionId="95c000ea-60c2-445c-a1a3-f88c8d082195" testListId="8c84fa94-04c1-424b-9868-57a2d4851a1d" />
    <TestEntry testId="1bf17e0b-e180-e3f1-a7eb-78eebb0e23a0" executionId="9bd3cbef-5d3b-471e-820b-350bb1694ef9" testListId="8c84fa94-04c1-424b-9868-57a2d4851a1d" />
    <TestEntry testId="ab9085d4-e2c4-e5e8-6975-f7fa2f7419f5" executionId="547918a9-b0d2-4e8a-b839-d15f4d3dc47b" testListId="8c84fa94-04c1-424b-9868-57a2d4851a1d" />
    <TestEntry testId="f0626e85-f199-8572-b818-688b91db41d6" executionId="e3a34af2-2945-462f-8fee-22351441a37b" testListId="8c84fa94-04c1-424b-9868-57a2d4851a1d" />
    <TestEntry testId="5d9e7611-b1a5-6306-ac29-fef0b775ceb2" executionId="de8ee21c-b5a8-4415-87a9-e6707999519a" testListId="8c84fa94-04c1-424b-9868-57a2d4851a1d" />
    <TestEntry testId="8e495007-73fd-7131-f361-7188df43de74" executionId="8440f8db-a771-4ac7-89f1-4d836615ee23" testListId="8c84fa94-04c1-424b-9868-57a2d4851a1d" />
    <TestEntry testId="5b5cc0b8-8e9f-d55f-e571-59ae36ba2f13" executionId="4d78cec7-2169-4f7f-8b43-742dbf0fb5db" testListId="8c84fa94-04c1-424b-9868-57a2d4851a1d" />
    <TestEntry testId="5d2aec3d-99ab-3fcd-f21d-093108de1f24" executionId="fe76409a-1144-4339-b26a-559ae8e8ef9c" testListId="8c84fa94-04c1-424b-9868-57a2d4851a1d" />
    <TestEntry testId="89f2a897-7c1d-507f-3452-53ebf9f27921" executionId="eabd8997-d869-408f-a4b7-0b8b5e9644b0" testListId="8c84fa94-04c1-424b-9868-57a2d4851a1d" />
    <TestEntry testId="24f5b551-577d-e958-5067-2a44e6087f7a" executionId="e5d0a5fa-6145-45d0-8b4e-73a1b6a0a15a" testListId="8c84fa94-04c1-424b-9868-57a2d4851a1d" />
    <TestEntry testId="6926821c-ff3c-0ae6-679a-aebb638724fb" executionId="738c1923-ceba-409e-bc74-b9bf2f985599" testListId="8c84fa94-04c1-424b-9868-57a2d4851a1d" />
    <TestEntry testId="afaeea04-d99a-74d1-e610-b497175f5f28" executionId="c188889e-be98-4814-8976-d6f48080ac3b" testListId="8c84fa94-04c1-424b-9868-57a2d4851a1d" />
    <TestEntry testId="606be9ea-7461-24c0-b6ec-6dc7d3d50e2d" executionId="9792378b-fb8f-40b6-837e-3fd666babbba" testListId="8c84fa94-04c1-424b-9868-57a2d4851a1d" />
    <TestEntry testId="81168e57-e9e5-0a01-16d3-a55c0c406890" executionId="b8200945-80ad-49d2-852e-633057929998" testListId="8c84fa94-04c1-424b-9868-57a2d4851a1d" />
    <TestEntry testId="5492b8f7-5c8e-98d2-4a53-92c918e0b6fa" executionId="54490681-0761-461a-9cb1-cdef4d52cff1" testListId="8c84fa94-04c1-424b-9868-57a2d4851a1d" />
    <TestEntry testId="153d5bc0-e636-6392-9ca7-1391460806fd" executionId="7f8c22c3-e840-41bd-98ac-c1c910e90370" testListId="8c84fa94-04c1-424b-9868-57a2d4851a1d" />
    <TestEntry testId="923b171d-50f0-df3b-fd80-513110c820c5" executionId="73e82195-a31a-4ffe-8c31-c73543b26c89" testListId="8c84fa94-04c1-424b-9868-57a2d4851a1d" />
    <TestEntry testId="6677857a-2c9f-6045-d67c-678556e745ad" executionId="b57db0e8-42e4-40c7-8fe1-ef8d9870569b" testListId="8c84fa94-04c1-424b-9868-57a2d4851a1d" />
    <TestEntry testId="87674813-5dc3-fe17-dbb1-e61f0be2a1a5" executionId="ac3952a4-c32f-47ce-a8f8-c8d604504a08" testListId="8c84fa94-04c1-424b-9868-57a2d4851a1d" />
    <TestEntry testId="55248e31-0634-d8c8-338c-d24ff0e0d420" executionId="5e8cd236-fffc-41a9-bd96-8aa45d23492b" testListId="8c84fa94-04c1-424b-9868-57a2d4851a1d" />
    <TestEntry testId="500c9707-8cd0-7304-ca5a-9858698a3b99" executionId="c5fd32c2-c9f4-4ad0-9521-308e4cf9f5ba" testListId="8c84fa94-04c1-424b-9868-57a2d4851a1d" />
    <TestEntry testId="e91a41b5-b42e-63a4-72f2-4263ad7f697c" executionId="bbf69fb4-7b61-485e-8d35-2c811b50db4b" testListId="8c84fa94-04c1-424b-9868-57a2d4851a1d" />
    <TestEntry testId="14453490-bb14-5f23-f9ac-29e7a5a7381f" executionId="3c8ace84-2a84-4b52-bcdd-8c2bc1d6a72d" testListId="8c84fa94-04c1-424b-9868-57a2d4851a1d" />
    <TestEntry testId="72aa14a9-3c40-78ff-aabb-ec700163073a" executionId="83b16712-3241-44bf-a704-ff027865f6a7" testListId="8c84fa94-04c1-424b-9868-57a2d4851a1d" />
    <TestEntry testId="e365cd53-02b3-e5f3-2786-f2ac323598b2" executionId="9362238f-d87d-45bb-ab0d-aeeeebfcf99d" testListId="8c84fa94-04c1-424b-9868-57a2d4851a1d" />
    <TestEntry testId="43f4d59c-2352-c426-02fb-2f6c5cfabec6" executionId="0fae1217-4f7e-44d2-a641-c6a42aa8ffbe" testListId="8c84fa94-04c1-424b-9868-57a2d4851a1d" />
    <TestEntry testId="0d1cc918-a1d4-b750-6336-f851404d5d5f" executionId="d5a072d6-d646-4582-ad18-dbfe1c9b6e2e" testListId="8c84fa94-04c1-424b-9868-57a2d4851a1d" />
    <TestEntry testId="72120d5f-3485-95f9-15bf-e646ddb5a462" executionId="b2e56984-c706-4f5e-9a50-5ef841187966" testListId="8c84fa94-04c1-424b-9868-57a2d4851a1d" />
    <TestEntry testId="4bea2948-4695-7869-b70d-a9b4600eb7ea" executionId="8e9dfd72-7491-4149-82e5-c245b01f698e" testListId="8c84fa94-04c1-424b-9868-57a2d4851a1d" />
    <TestEntry testId="b33bfbca-005f-a796-3ec1-f34e6cc92417" executionId="b1f9cd2d-808f-4eeb-a990-152249afc158" testListId="8c84fa94-04c1-424b-9868-57a2d4851a1d" />
    <TestEntry testId="b8832dfa-b4f0-9464-db9a-b4504d326b53" executionId="e006dd18-1326-4f82-a765-739cfc820469" testListId="8c84fa94-04c1-424b-9868-57a2d4851a1d" />
    <TestEntry testId="623790ef-aa3b-00ba-e706-8efb6929e602" executionId="4029e620-f912-4c32-8fc4-b59b58076972" testListId="8c84fa94-04c1-424b-9868-57a2d4851a1d" />
    <TestEntry testId="43a9a439-4235-e8d0-9434-2f57b3d5c59d" executionId="b6ceaa9e-4e73-4631-ae3d-36d3d5444a0b" testListId="8c84fa94-04c1-424b-9868-57a2d4851a1d" />
    <TestEntry testId="9df218cd-7642-54cf-3b16-5f44ce71139e" executionId="2b1bbfbf-e5da-4eaa-a9b7-8adb2c2d901f" testListId="8c84fa94-04c1-424b-9868-57a2d4851a1d" />
    <TestEntry testId="cc19d276-e8cd-8331-501a-30857e4d2ded" executionId="3e749714-4e89-4641-9a16-10b916cde2c1" testListId="8c84fa94-04c1-424b-9868-57a2d4851a1d" />
    <TestEntry testId="f336ca43-da20-8ecd-1bee-2bd2a708c2fd" executionId="406d120c-47fb-4a99-9578-ce9bb6c9c62b" testListId="8c84fa94-04c1-424b-9868-57a2d4851a1d" />
    <TestEntry testId="8acfa112-9129-6273-4be8-681adbbc7216" executionId="0b3cf28e-d692-491d-a960-557b278a97f4" testListId="8c84fa94-04c1-424b-9868-57a2d4851a1d" />
    <TestEntry testId="2d0f2c2d-67a2-9ebf-f7c7-b17e2c930ce8" executionId="603c29c5-a154-4bef-8cec-0103e7189757" testListId="8c84fa94-04c1-424b-9868-57a2d4851a1d" />
    <TestEntry testId="f5991be7-997c-0c58-1fcb-244c748a599d" executionId="d38f0d2a-43f6-4c19-9244-c173235d339c" testListId="8c84fa94-04c1-424b-9868-57a2d4851a1d" />
    <TestEntry testId="3e15049f-11bf-69f1-40ee-0e4ba6de69c3" executionId="7f111b97-9c9e-4d3f-82a5-75b4154bc385" testListId="8c84fa94-04c1-424b-9868-57a2d4851a1d" />
    <TestEntry testId="1c63b2dd-bf02-f6d0-4094-3dd0022b1948" executionId="0d5d3ff2-fab9-48b7-850c-9a046cee3ffe" testListId="8c84fa94-04c1-424b-9868-57a2d4851a1d" />
    <TestEntry testId="b3512a68-ca79-0664-cf66-babca336ba18" executionId="f6c45ba9-3ace-4862-8643-42ad7c0dbe6c" testListId="8c84fa94-04c1-424b-9868-57a2d4851a1d" />
    <TestEntry testId="5458d49f-4af0-39c2-10f2-62cf97b0ac65" executionId="961a7a12-acb1-4ca4-b0a4-12886b02b8fb" testListId="8c84fa94-04c1-424b-9868-57a2d4851a1d" />
    <TestEntry testId="ae82fee3-b605-0918-81f7-e34d2846c5da" executionId="b852f859-2c50-46e0-9a69-861ab966b58f" testListId="8c84fa94-04c1-424b-9868-57a2d4851a1d" />
    <TestEntry testId="af642250-9548-d717-a4ed-0903d633f956" executionId="cf05a1ac-c6e2-4606-9136-e94b99c38809" testListId="8c84fa94-04c1-424b-9868-57a2d4851a1d" />
    <TestEntry testId="7b9dc9d3-3c77-bb90-9f5d-19cc444fa20c" executionId="f519cad6-eb80-4734-a677-7762db618455" testListId="8c84fa94-04c1-424b-9868-57a2d4851a1d" />
    <TestEntry testId="53b3fadc-4987-f2b0-2f69-b27b3dd84624" executionId="5e5dfae9-b654-4cbf-8807-95717cd0fb89" testListId="8c84fa94-04c1-424b-9868-57a2d4851a1d" />
    <TestEntry testId="46461ac9-45e6-bd55-f5b7-c4c8b88626ae" executionId="364ada82-62b7-4b5e-8a30-f79df6a93041" testListId="8c84fa94-04c1-424b-9868-57a2d4851a1d" />
    <TestEntry testId="129a291b-465d-750e-c7fd-a637fb54aeec" executionId="be6e4579-4990-4ad9-8b42-58d444350297" testListId="8c84fa94-04c1-424b-9868-57a2d4851a1d" />
    <TestEntry testId="718575dd-3c49-634b-0b7d-c855ffca3814" executionId="43631b4f-5f46-4f68-b9cc-a1c79797c5b5" testListId="8c84fa94-04c1-424b-9868-57a2d4851a1d" />
    <TestEntry testId="920dd7e9-d5ea-f5e8-22ab-5c7908b6e2b1" executionId="0fe14914-1c18-49e0-8085-eedaf1813264" testListId="8c84fa94-04c1-424b-9868-57a2d4851a1d" />
    <TestEntry testId="14ec89d4-429a-f1fc-2a97-da62ec567ebb" executionId="e7859d4f-9d88-4b43-8b14-29ac635c99b0" testListId="8c84fa94-04c1-424b-9868-57a2d4851a1d" />
    <TestEntry testId="6acaff37-be0c-8419-d7d0-8bb5e83545b6" executionId="ffddc128-bfd7-43d0-b57d-06735f918710" testListId="8c84fa94-04c1-424b-9868-57a2d4851a1d" />
    <TestEntry testId="e3cd0309-82d4-eb3a-4c53-c5ab2f6fe421" executionId="ca2cad16-ee84-468c-ab55-3c6e673bcb4f" testListId="8c84fa94-04c1-424b-9868-57a2d4851a1d" />
    <TestEntry testId="ebc12f3d-2e8b-f318-5ee2-96998f2ed99a" executionId="70960513-84f8-4f62-97d8-1346e1282e20" testListId="8c84fa94-04c1-424b-9868-57a2d4851a1d" />
    <TestEntry testId="c6d27de4-08b0-449b-7052-ac420adfd569" executionId="b7f8407d-15a9-412a-81a6-34250bb26122" testListId="8c84fa94-04c1-424b-9868-57a2d4851a1d" />
    <TestEntry testId="dc762c1f-bd5b-4835-280d-32d8169513b1" executionId="a779e37d-e56a-484e-9798-c9a02b933c7d" testListId="8c84fa94-04c1-424b-9868-57a2d4851a1d" />
    <TestEntry testId="6de24456-08f4-c6fe-1fce-d81ab3cce170" executionId="b026869b-e24d-4344-ad41-4b4536cee617" testListId="8c84fa94-04c1-424b-9868-57a2d4851a1d" />
    <TestEntry testId="7f116010-0c34-b7a3-598b-b641d920876b" executionId="760a721a-fce2-4b7f-8883-36f6ec541478" testListId="8c84fa94-04c1-424b-9868-57a2d4851a1d" />
    <TestEntry testId="6d550664-614f-b552-2121-2fd45002e80b" executionId="9f27bb9c-fe1e-44dc-9633-eaed3aa5989f" testListId="8c84fa94-04c1-424b-9868-57a2d4851a1d" />
    <TestEntry testId="6299cf0b-90ba-cb08-c4eb-4d113d066223" executionId="1c983e16-0681-439e-af72-c3f3c5e6e56b" testListId="8c84fa94-04c1-424b-9868-57a2d4851a1d" />
    <TestEntry testId="14b85bfd-2089-ff50-f34f-7bd7eb7fb5c6" executionId="b0233ad3-f9b9-4711-8390-cf047f10d15b" testListId="8c84fa94-04c1-424b-9868-57a2d4851a1d" />
    <TestEntry testId="da619934-aff0-7ca9-cb05-15511907c510" executionId="1392ba4f-5d67-464c-bea2-a24f3d929600" testListId="8c84fa94-04c1-424b-9868-57a2d4851a1d" />
    <TestEntry testId="a9d864b1-4657-5024-0fff-54f9da18eb66" executionId="d412c35f-83b0-4eaa-99f0-410cd58557ff" testListId="8c84fa94-04c1-424b-9868-57a2d4851a1d" />
    <TestEntry testId="f0fa3579-f461-a413-44a5-5d76889a8be7" executionId="be5480a7-b887-4ea7-8cbe-2ed530a2a929" testListId="8c84fa94-04c1-424b-9868-57a2d4851a1d" />
    <TestEntry testId="991a84c8-f255-70f2-8fc1-36351edb67d8" executionId="a9ebd52b-cde6-4615-8238-a614e70bd728" testListId="8c84fa94-04c1-424b-9868-57a2d4851a1d" />
    <TestEntry testId="03b8e700-45ea-85d4-eda9-465ce3013627" executionId="bd149e07-58d3-479e-83c5-902d7a1bf20d" testListId="8c84fa94-04c1-424b-9868-57a2d4851a1d" />
    <TestEntry testId="55a0656b-17ed-7bb3-880e-671e5380bd48" executionId="bbb2e6a4-26b4-4c40-8623-32aa2f755da0" testListId="8c84fa94-04c1-424b-9868-57a2d4851a1d" />
    <TestEntry testId="8092ef74-e455-4d85-62af-18ee98f7a3af" executionId="734216b1-6697-415c-9022-ed3abcabcbf2" testListId="8c84fa94-04c1-424b-9868-57a2d4851a1d" />
    <TestEntry testId="3cc96931-b930-5043-760c-a9070e9bd0f3" executionId="458ffaef-1311-4ccc-8e1e-ae86e323b2c1" testListId="8c84fa94-04c1-424b-9868-57a2d4851a1d" />
    <TestEntry testId="7560d0d5-0c32-c836-592d-6842be7e9654" executionId="3fdffcbb-1824-4a7b-90f3-0c268832507b" testListId="8c84fa94-04c1-424b-9868-57a2d4851a1d" />
    <TestEntry testId="058c9896-adcf-5ff2-8be6-64665775177d" executionId="53fba16b-aa00-4f38-9407-b9553a302be8" testListId="8c84fa94-04c1-424b-9868-57a2d4851a1d" />
    <TestEntry testId="5fffbd0c-7b88-e2eb-efaf-d16dd896642e" executionId="70aa8d67-0fc6-42e5-a4c6-21e90ceb53c8" testListId="8c84fa94-04c1-424b-9868-57a2d4851a1d" />
    <TestEntry testId="6495e8fe-0f9c-11f7-bae9-25cc6d1bc160" executionId="6e5b90e2-4049-4ddb-acab-eeb9105017d6" testListId="8c84fa94-04c1-424b-9868-57a2d4851a1d" />
    <TestEntry testId="9782ed97-3150-f282-0b09-4ea654495e36" executionId="1891e0bd-2e97-4052-ae0a-178dac825ab4" testListId="8c84fa94-04c1-424b-9868-57a2d4851a1d" />
    <TestEntry testId="520757a3-4d69-e8dd-4dd0-5f6323fed1a6" executionId="05c8cd93-8d6f-4640-ad71-fb8090f010a2" testListId="8c84fa94-04c1-424b-9868-57a2d4851a1d" />
    <TestEntry testId="6bf5dc94-1c9e-55f5-9e6a-117cbbeeff0d" executionId="9b743c9b-2176-45c8-92bc-331f3642608e" testListId="8c84fa94-04c1-424b-9868-57a2d4851a1d" />
    <TestEntry testId="ed6cc4ca-e1e5-1490-ecfb-0efac58e164b" executionId="37861f0b-7d87-4cfe-9e8a-79249800d2dc" testListId="8c84fa94-04c1-424b-9868-57a2d4851a1d" />
    <TestEntry testId="d56c719a-d9fc-7362-eee2-f0ecb2883b8c" executionId="92e6307e-987b-4c8f-b317-579acd392fdc" testListId="8c84fa94-04c1-424b-9868-57a2d4851a1d" />
    <TestEntry testId="02da84d2-5b27-4e1b-9fa2-b7a58d22d9fa" executionId="b0c692a0-e4a8-419f-bb4c-ee1901a06461" testListId="8c84fa94-04c1-424b-9868-57a2d4851a1d" />
    <TestEntry testId="1066eae5-4d6c-9f8d-a7d4-461ec8dd8766" executionId="cd7e7b6c-eea2-46b7-a760-ac269766c61f" testListId="8c84fa94-04c1-424b-9868-57a2d4851a1d" />
    <TestEntry testId="5bd04e80-61ad-550f-35a7-28efd85a7c13" executionId="7bfd69ec-88e1-41e6-b19d-5b0ab43941fd" testListId="8c84fa94-04c1-424b-9868-57a2d4851a1d" />
    <TestEntry testId="92ce3f98-3fa1-fb39-b389-0f31984fe497" executionId="bf5ae2be-7602-4505-a893-92b7559ccf6a" testListId="8c84fa94-04c1-424b-9868-57a2d4851a1d" />
    <TestEntry testId="ca387944-1de5-c2fd-62ab-5510dbff29f1" executionId="8699424f-d614-4da7-81b0-9a570277dfb9" testListId="8c84fa94-04c1-424b-9868-57a2d4851a1d" />
    <TestEntry testId="e4a4ac97-023d-26dd-91ef-3fa821623f37" executionId="1982e420-9715-452b-8d2f-6dd2bb6072ba" testListId="8c84fa94-04c1-424b-9868-57a2d4851a1d" />
    <TestEntry testId="0549d529-f6e2-499b-6d16-3250d52ff9a2" executionId="f6daa03c-80e4-4ca9-b63f-83f419405acd" testListId="8c84fa94-04c1-424b-9868-57a2d4851a1d" />
    <TestEntry testId="01f36744-877e-12e6-bbb5-72ac2f5ca729" executionId="dba656c2-f187-4a48-be0c-d474a2f82fc0" testListId="8c84fa94-04c1-424b-9868-57a2d4851a1d" />
    <TestEntry testId="f5ee9c33-28c5-696b-802e-7511f0137f01" executionId="f30bfe1e-dedc-4245-b57e-8769d533d297" testListId="8c84fa94-04c1-424b-9868-57a2d4851a1d" />
    <TestEntry testId="33f52e02-ac78-0991-5fef-c8bdc94fe102" executionId="d90b07ab-d93e-4b90-9f47-6df315dfbc0e" testListId="8c84fa94-04c1-424b-9868-57a2d4851a1d" />
    <TestEntry testId="8f1fb100-34a7-c9e4-a630-f1d075bbbfde" executionId="47e8b9bd-2c15-4f1e-98cf-081d8db20ad6" testListId="8c84fa94-04c1-424b-9868-57a2d4851a1d" />
    <TestEntry testId="86c41ba9-3e98-5040-4238-1c1ecb0159d9" executionId="3b515b66-e1b9-4264-925f-35a8eba909d7" testListId="8c84fa94-04c1-424b-9868-57a2d4851a1d" />
    <TestEntry testId="1a21afc1-5196-ff87-ebf1-e8fb46b13695" executionId="7a173281-cd37-49ea-8e1b-1108dd8f98d5" testListId="8c84fa94-04c1-424b-9868-57a2d4851a1d" />
    <TestEntry testId="0f40a3b0-65ab-924b-f503-cad67db71c8b" executionId="79353125-9e3f-4ec6-9a9c-7e0079020be6" testListId="8c84fa94-04c1-424b-9868-57a2d4851a1d" />
    <TestEntry testId="790640e2-f264-96d2-4054-e9b96ad6c5e0" executionId="4aa2c203-9c91-4630-84a1-e2f0a17951c5" testListId="8c84fa94-04c1-424b-9868-57a2d4851a1d" />
    <TestEntry testId="5b680dbb-836e-6abd-76ca-496bc70eee65" executionId="6393a859-847e-4354-9f28-8a84276e2bc9" testListId="8c84fa94-04c1-424b-9868-57a2d4851a1d" />
    <TestEntry testId="bd96a726-d540-2a5f-2bfd-0575db8f15c9" executionId="3ae5f3c2-ccc4-4d80-ae85-45c4c54829cf" testListId="8c84fa94-04c1-424b-9868-57a2d4851a1d" />
    <TestEntry testId="6e7cd010-d82a-e454-81fb-2aa513f04674" executionId="62b9d620-9f8e-47a3-b2a2-1f9ae6eec46b" testListId="8c84fa94-04c1-424b-9868-57a2d4851a1d" />
    <TestEntry testId="f6512f54-5b03-da71-1644-0f2c5c6ff693" executionId="7e163dd3-7101-4404-b59c-70aa1d0581c6" testListId="8c84fa94-04c1-424b-9868-57a2d4851a1d" />
    <TestEntry testId="63af5839-9117-ff3c-435b-cacbf8d224ee" executionId="87a146f1-e57c-4c16-ba8b-b4fafe94749b" testListId="8c84fa94-04c1-424b-9868-57a2d4851a1d" />
    <TestEntry testId="8df68290-eaa6-1c7d-65b7-606537990b70" executionId="5c4e0704-dca9-469f-ae11-d97382603e86" testListId="8c84fa94-04c1-424b-9868-57a2d4851a1d" />
    <TestEntry testId="ce2fb550-62c2-9996-379d-2ad9d8c6f9a4" executionId="ab0a0289-2f3e-42e4-9058-106bc594b40b" testListId="8c84fa94-04c1-424b-9868-57a2d4851a1d" />
    <TestEntry testId="fa5d53e2-0ed0-04e9-72ff-e7e9f0ff0679" executionId="96ce2647-2878-4313-9f3f-039a43dcc1a8" testListId="8c84fa94-04c1-424b-9868-57a2d4851a1d" />
    <TestEntry testId="7ab6c2aa-a489-307c-a717-2f479d70845d" executionId="e9499955-c5da-4d9a-9d7f-94107c0288fa" testListId="8c84fa94-04c1-424b-9868-57a2d4851a1d" />
    <TestEntry testId="f7912e5b-934b-2cfc-3e6d-37302bb96035" executionId="ae53dbfc-3e60-40ec-846a-cfbcca5a9476" testListId="8c84fa94-04c1-424b-9868-57a2d4851a1d" />
    <TestEntry testId="7a22a28a-6109-cc9c-213d-f2b06b70642b" executionId="3118d4da-3149-451f-985a-865cccca56cf" testListId="8c84fa94-04c1-424b-9868-57a2d4851a1d" />
    <TestEntry testId="61f931f0-c9da-f3ae-57e3-3200a9c6089d" executionId="349271d8-ea0e-4e3f-b634-c8ba17dd3323" testListId="8c84fa94-04c1-424b-9868-57a2d4851a1d" />
    <TestEntry testId="8222a15c-377e-7507-eb66-2c0ab0127995" executionId="ccead1b7-bc60-4c4c-a8d0-3698ce7d7b48" testListId="8c84fa94-04c1-424b-9868-57a2d4851a1d" />
    <TestEntry testId="248e3b0b-012f-83c1-d260-d23ab0437982" executionId="9c31e48a-0acf-4ffa-bc9b-dc10465b5a2a" testListId="8c84fa94-04c1-424b-9868-57a2d4851a1d" />
    <TestEntry testId="2bd1a842-04a5-930d-2a23-38124912e759" executionId="0a1812b8-8609-4547-9a2d-464c4d96c77c" testListId="8c84fa94-04c1-424b-9868-57a2d4851a1d" />
    <TestEntry testId="a5d458e0-c90c-4413-d344-469817752706" executionId="a5c83e2c-f772-4972-a6a9-405c5b7c0c47" testListId="8c84fa94-04c1-424b-9868-57a2d4851a1d" />
    <TestEntry testId="e946a31d-2ab6-b6cf-a01b-184d3f6d59d5" executionId="62789004-f770-4e61-afaa-78c38df79dfb" testListId="8c84fa94-04c1-424b-9868-57a2d4851a1d" />
    <TestEntry testId="94d23bfb-7394-4068-f47e-8262e121777e" executionId="ba416fac-2dfb-4c84-a745-dfd2dad12360" testListId="8c84fa94-04c1-424b-9868-57a2d4851a1d" />
    <TestEntry testId="baadc0c4-87ac-0933-e32d-bc807b18fea3" executionId="cff250ae-052a-4240-a0e5-e3f428bab3f6" testListId="8c84fa94-04c1-424b-9868-57a2d4851a1d" />
    <TestEntry testId="2753c128-551c-b341-90de-876cfc88540c" executionId="87b4b2cb-a6fb-4832-8d47-d120093829ba" testListId="8c84fa94-04c1-424b-9868-57a2d4851a1d" />
    <TestEntry testId="c9bb0342-a462-afed-42c6-0b7764ff9036" executionId="7c4c2a59-7a98-419a-a2d5-8a1d2d80a337" testListId="8c84fa94-04c1-424b-9868-57a2d4851a1d" />
    <TestEntry testId="8d57cc79-2aae-8579-7623-77eedb493a39" executionId="883d4203-d670-4803-b250-f73ae8454dc5" testListId="8c84fa94-04c1-424b-9868-57a2d4851a1d" />
    <TestEntry testId="6394373a-9b26-3e6e-01d6-eb58ff45a745" executionId="92ceb27d-f934-4d66-aa5d-fca307795d1d" testListId="8c84fa94-04c1-424b-9868-57a2d4851a1d" />
    <TestEntry testId="da9c8eb7-99ac-5c61-ef72-f65c570cb6d5" executionId="fffc749e-5bc6-451f-9b01-ba16f1674c6c" testListId="8c84fa94-04c1-424b-9868-57a2d4851a1d" />
    <TestEntry testId="11110689-a65e-d59f-26ef-5bfc55045ddc" executionId="534b9481-5642-4e32-8345-dbfc0a2e69ed" testListId="8c84fa94-04c1-424b-9868-57a2d4851a1d" />
    <TestEntry testId="48da6daf-fee1-f540-385b-66a57feac08d" executionId="0b7dc1a3-c898-42b4-9d02-371afa7afb57" testListId="8c84fa94-04c1-424b-9868-57a2d4851a1d" />
    <TestEntry testId="0e372be4-eca4-e001-4456-dba3fad08bd2" executionId="31160745-e886-4a09-8b76-d76298e433d0" testListId="8c84fa94-04c1-424b-9868-57a2d4851a1d" />
    <TestEntry testId="bdd64f0d-082e-a7a5-192f-f0057863bbf8" executionId="985f2682-f0fc-457c-8f17-0e637b4ecb89" testListId="8c84fa94-04c1-424b-9868-57a2d4851a1d" />
    <TestEntry testId="fb787b00-fddd-fd66-206a-8f39ad76c8d6" executionId="e327ab7b-685e-44de-a5ee-f05986b9434a" testListId="8c84fa94-04c1-424b-9868-57a2d4851a1d" />
    <TestEntry testId="99dc2222-09bf-c930-9673-db296a3f8664" executionId="70d89bea-c54e-47f3-a460-1e9fd297820b" testListId="8c84fa94-04c1-424b-9868-57a2d4851a1d" />
    <TestEntry testId="282256d2-2b00-c604-045d-41ccc9868f5e" executionId="30f1c18c-77c2-4345-8bf5-8841f156192f" testListId="8c84fa94-04c1-424b-9868-57a2d4851a1d" />
    <TestEntry testId="1ab00d01-2306-4bd4-bfd6-fd9c5b1ed316" executionId="98236a7e-2f83-4d40-b1d1-e2344e7fd23a" testListId="8c84fa94-04c1-424b-9868-57a2d4851a1d" />
    <TestEntry testId="ca94a419-2a27-9e88-db49-68344a8261f5" executionId="cf510251-3007-466c-bffb-4bbd34b5c32e" testListId="8c84fa94-04c1-424b-9868-57a2d4851a1d" />
    <TestEntry testId="7c8861a7-8fca-b1d4-60b3-198a96287b09" executionId="7b9f267e-9f86-4a10-9e83-566f9265ab39" testListId="8c84fa94-04c1-424b-9868-57a2d4851a1d" />
    <TestEntry testId="dd7303a4-ebbf-77c9-792d-39b3d40f9e62" executionId="8dcec8e8-7ef4-4c53-83bc-fdf901ddea3c" testListId="8c84fa94-04c1-424b-9868-57a2d4851a1d" />
    <TestEntry testId="77aa9e76-d53e-25cb-1f23-55c3987a1234" executionId="95e7155d-fa74-4a29-b7b3-1386b1242cdb" testListId="8c84fa94-04c1-424b-9868-57a2d4851a1d" />
    <TestEntry testId="a4fb20c7-4a31-a793-a9e2-545167865d67" executionId="10dab07c-c23b-4977-83d8-45b2c921af99" testListId="8c84fa94-04c1-424b-9868-57a2d4851a1d" />
    <TestEntry testId="a9285e88-c1bc-dbb0-3ef5-0969187ec14d" executionId="ee4ca7fe-80f4-4570-8b0c-6baf800bcfea" testListId="8c84fa94-04c1-424b-9868-57a2d4851a1d" />
    <TestEntry testId="f53f6983-1a7b-735c-d72c-f21947dbb99e" executionId="f3a9750e-0015-4c54-bd66-e8321c2a5cb5" testListId="8c84fa94-04c1-424b-9868-57a2d4851a1d" />
    <TestEntry testId="51d8b7bc-6eaf-d72e-4c25-c068cb3ca08e" executionId="6ebcb256-c47d-460d-a670-9019055fc9ea" testListId="8c84fa94-04c1-424b-9868-57a2d4851a1d" />
    <TestEntry testId="de16dfe3-f75b-90cb-53c2-e0080beb4c12" executionId="2e8162f9-90b0-4f46-9ac9-bffc421b6ebb" testListId="8c84fa94-04c1-424b-9868-57a2d4851a1d" />
    <TestEntry testId="86c6754d-006c-9768-3aa2-fdbe21cc3c36" executionId="e0f51f4d-a5ef-48c6-b6fb-0f93012883de" testListId="8c84fa94-04c1-424b-9868-57a2d4851a1d" />
    <TestEntry testId="303aaaa3-a7ae-30b2-2473-65f7d22f1d7e" executionId="a0d45706-4bb6-4662-bbc5-4756b051d24a" testListId="8c84fa94-04c1-424b-9868-57a2d4851a1d" />
    <TestEntry testId="fc200208-871b-b5f6-3178-2a9e5fce4116" executionId="11c5e328-b517-4859-adc8-2ccaf56fdc75" testListId="8c84fa94-04c1-424b-9868-57a2d4851a1d" />
    <TestEntry testId="d74dcaff-5c21-2ec1-116c-8a156c503495" executionId="1d9056e4-c4ca-4528-bbd0-0f172b402302" testListId="8c84fa94-04c1-424b-9868-57a2d4851a1d" />
    <TestEntry testId="e07d04d1-372e-5553-b93f-f712afb02b0e" executionId="6c4b7f60-79d5-423c-85cd-c62254766a31" testListId="8c84fa94-04c1-424b-9868-57a2d4851a1d" />
    <TestEntry testId="9b91f781-bc6e-afcc-6a71-5274fcc0b9fd" executionId="bf1f33c7-4351-464c-a336-1f3cfbef4102" testListId="8c84fa94-04c1-424b-9868-57a2d4851a1d" />
    <TestEntry testId="b889a3fd-3524-8c70-b901-da5905decdd5" executionId="0dfed895-a02c-4da0-834f-a009d295bbac" testListId="8c84fa94-04c1-424b-9868-57a2d4851a1d" />
    <TestEntry testId="b7f97835-e832-c68d-3da8-37360c55d6bd" executionId="44db29b3-5d9a-453b-afd2-7e8db7245abc" testListId="8c84fa94-04c1-424b-9868-57a2d4851a1d" />
    <TestEntry testId="c8334a57-7d71-1af6-5bb1-f61ad76a7401" executionId="b007f804-9515-41e9-a962-10ae77517050" testListId="8c84fa94-04c1-424b-9868-57a2d4851a1d" />
    <TestEntry testId="db5c7ea7-4593-48c6-fdde-3179cd7ebc37" executionId="5addaab5-7eb3-4879-93f6-4f3264a3b752" testListId="8c84fa94-04c1-424b-9868-57a2d4851a1d" />
    <TestEntry testId="dbc38ad2-3526-826b-a66c-aab9b7da7c9e" executionId="61a51801-b8e3-4465-99c8-482d7518b8df" testListId="8c84fa94-04c1-424b-9868-57a2d4851a1d" />
    <TestEntry testId="d5d205fc-37fe-b23e-292f-b9453bd3b51b" executionId="65f5b2a0-c8b4-4a2d-8ac5-ac5920bd84f7" testListId="8c84fa94-04c1-424b-9868-57a2d4851a1d" />
    <TestEntry testId="89a64fa0-8708-0732-2c46-1c7659a0d60f" executionId="e5c6b934-b0c0-40b3-a24e-df98771f28d4" testListId="8c84fa94-04c1-424b-9868-57a2d4851a1d" />
    <TestEntry testId="027760f8-b435-7e12-465b-e668a6274c94" executionId="e35ee7a2-5739-45e7-969a-9bcf25f96ffe" testListId="8c84fa94-04c1-424b-9868-57a2d4851a1d" />
    <TestEntry testId="108592ea-cbd5-c8b5-9c53-8ed05205b08b" executionId="4eacf5e7-c0dc-4be7-8eef-c5a46c44d521" testListId="8c84fa94-04c1-424b-9868-57a2d4851a1d" />
    <TestEntry testId="f3c313dc-e49e-eb37-0bb0-3c2f1956bd93" executionId="ae8389de-270c-4789-8bc8-bc797e1755eb" testListId="8c84fa94-04c1-424b-9868-57a2d4851a1d" />
    <TestEntry testId="f3b85395-91d3-fb45-44ff-8d82d92e3850" executionId="95c0c0c4-4f40-4333-b090-12cd8fd86f08" testListId="8c84fa94-04c1-424b-9868-57a2d4851a1d" />
    <TestEntry testId="84688de4-2756-2704-9f16-7ff147c97956" executionId="b4030a28-900d-4723-a8f0-c49c7454ebb8" testListId="8c84fa94-04c1-424b-9868-57a2d4851a1d" />
    <TestEntry testId="b1366b9b-9fe9-d007-81f9-f20058dd0f98" executionId="043e2e70-dff6-4876-aec5-082fd74c6083" testListId="8c84fa94-04c1-424b-9868-57a2d4851a1d" />
  </TestEntries>
  <TestLists>
    <TestList name="Results Not in a List" id="8c84fa94-04c1-424b-9868-57a2d4851a1d" />
    <TestList name="All Loaded Results" id="19431567-8539-422a-85d7-44ee4e166bda" />
  </TestLists>
  <ResultSummary outcome="Completed">
    <Counters total="411" executed="411" passed="411" failed="0" error="0" timeout="0" aborted="0" inconclusive="0" passedButRunAborted="0" notRunnable="0" notExecuted="0" disconnected="0" warning="0" completed="0" inProgress="0" pending="0" />
    <Output>
      <StdOut>[xUnit.net 00:00:00.00] xUnit.net VSTest Adapter v2.8.2+699d445a1a (64-bit .NET 9.0.4)
[xUnit.net 00:00:00.08]   Discovering: UnitTestsBiblioMate
[xUnit.net 00:00:00.16]   Discovered:  UnitTestsBiblioMate
[xUnit.net 00:00:00.16]   Starting:    UnitTestsBiblioMate
[xUnit.net 00:00:02.58]   Finished:    UnitTestsBiblioMate
</StdOut>
    </Output>
    <CollectorDataEntries>
      <Collector agentName="0fc890f1414e" uri="datacollector://microsoft/CoverletCodeCoverage/1.0" collectorDisplayName="XPlat code coverage">
        <UriAttachments>
          <UriAttachment>
            <A href="0fc890f1414e/coverage.cobertura.xml"></A>
          </UriAttachment>
        </UriAttachments>
      </Collector>
    </CollectorDataEntries>
  </ResultSummary>
</TestRun>